[    70.168] _XSERVTransSocketUNIXCreateListener: ...SocketCreateListener() failed
[    70.168] _XSERVTransMakeAllCOTSServerListeners: server already running
[    70.168] (--) Log file renamed from "/home/alan1/.local/share/xorg/Xorg.pid-1848.log" to "/home/alan1/.local/share/xorg/Xorg.1.log"
[    70.169] 
X.Org X Server 1.21.1.3
X Protocol Version 11, Revision 0
[    70.169] Current Operating System: Linux pop-os 6.0.12-76060006-generic #202212290932~1671652965~22.04~452ea9d SMP PREEMPT_DYNAMIC Wed D x86_64
[    70.169] Kernel command line: BOOT_IMAGE=/boot/vmlinuz-6.0.12-76060006-generic root=UUID=be2839ce-8537-46e7-9e41-729ca909bf71 ro quiet splash vt.handoff=7
[    70.169] xorg-server 2:21.1.3-2ubuntu2.5 (For technical support please see http://www.ubuntu.com/support) 
[    70.169] Current version of pixman: 0.40.0
[    70.169] 	Before reporting problems, check http://wiki.x.org
	to make sure that you have the latest version.
[    70.169] Markers: (--) probed, (**) from config file, (==) default setting,
	(++) from command line, (!!) notice, (II) informational,
	(WW) warning, (EE) error, (NI) not implemented, (??) unknown.
[    70.169] (==) Log file: "/home/alan1/.local/share/xorg/Xorg.1.log", Time: Tue Jan  3 19:02:52 2023
[    70.169] (==) Using system config directory "/usr/share/X11/xorg.conf.d"
[    70.169] (==) No Layout section.  Using the first Screen section.
[    70.169] (==) No screen section available. Using defaults.
[    70.169] (**) |-->Screen "Default Screen Section" (0)
[    70.169] (**) |   |-->Monitor "<default monitor>"
[    70.169] (==) No monitor specified for screen "Default Screen Section".
	Using a default monitor configuration.
[    70.169] (**) Option "BlankTime" "0"
[    70.169] (**) Option "StandbyTime" "0"
[    70.169] (**) Option "SuspendTime" "0"
[    70.169] (**) Option "OffTime" "0"
[    70.169] (==) Automatically adding devices
[    70.169] (==) Automatically enabling devices
[    70.169] (==) Automatically adding GPU devices
[    70.169] (==) Automatically binding GPU devices
[    70.169] (==) Max clients allowed: 256, resource mask: 0x1fffff
[    70.169] (WW) The directory "/usr/share/fonts/X11/cyrillic" does not exist.
[    70.169] 	Entry deleted from font path.
[    70.169] (WW) The directory "/usr/share/fonts/X11/100dpi/" does not exist.
[    70.169] 	Entry deleted from font path.
[    70.169] (WW) The directory "/usr/share/fonts/X11/75dpi/" does not exist.
[    70.169] 	Entry deleted from font path.
[    70.169] (WW) The directory "/usr/share/fonts/X11/100dpi" does not exist.
[    70.169] 	Entry deleted from font path.
[    70.169] (WW) The directory "/usr/share/fonts/X11/75dpi" does not exist.
[    70.169] 	Entry deleted from font path.
[    70.169] (==) FontPath set to:
	/usr/share/fonts/X11/misc,
	/usr/share/fonts/X11/Type1,
	built-ins
[    70.169] (==) ModulePath set to "/usr/lib/xorg/modules"
[    70.170] (II) The server relies on udev to provide the list of input devices.
	If no devices become available, reconfigure udev or disable AutoAddDevices.
[    70.170] (II) Loader magic: 0x56467e272020
[    70.170] (II) Module ABI versions:
[    70.170] 	X.Org ANSI C Emulation: 0.4
[    70.170] 	X.Org Video Driver: 25.2
[    70.170] 	X.Org XInput driver : 24.4
[    70.170] 	X.Org Server Extension : 10.0
[    70.170] (++) using VT number 2

[    70.171] (II) systemd-logind: took control of session /org/freedesktop/login1/session/_32
[    70.171] (II) xfree86: Adding drm device (/dev/dri/card0)
[    70.171] (II) Platform probe for /sys/devices/pci0000:00/0000:00:02.0/drm/card0
[    70.172] (II) systemd-logind: got fd for /dev/dri/card0 226:0 fd 15 paused 0
[    70.174] (--) PCI:*(0@0:2:0) 1234:1111:1af4:1100 rev 2, Mem @ 0xfc000000/16777216, 0xfea50000/4096, BIOS @ 0x????????/131072
[    70.174] (II) LoadModule: "glx"
[    70.174] (II) Loading /usr/lib/xorg/modules/extensions/libglx.so
[    70.174] (II) Module glx: vendor="X.Org Foundation"
[    70.174] 	compiled for 1.21.1.3, module version = 1.0.0
[    70.174] 	ABI class: X.Org Server Extension, version 10.0
[    70.174] (==) Matched modesetting as autoconfigured driver 0
[    70.174] (==) Matched fbdev as autoconfigured driver 1
[    70.174] (==) Matched vesa as autoconfigured driver 2
[    70.174] (==) Assigned the driver to the xf86ConfigLayout
[    70.175] (II) LoadModule: "modesetting"
[    70.175] (II) Loading /usr/lib/xorg/modules/drivers/modesetting_drv.so
[    70.175] (II) Module modesetting: vendor="X.Org Foundation"
[    70.175] 	compiled for 1.21.1.3, module version = 1.21.1
[    70.175] 	Module class: X.Org Video Driver
[    70.175] 	ABI class: X.Org Video Driver, version 25.2
[    70.175] (II) LoadModule: "fbdev"
[    70.175] (II) Loading /usr/lib/xorg/modules/drivers/fbdev_drv.so
[    70.175] (II) Module fbdev: vendor="X.Org Foundation"
[    70.175] 	compiled for 1.21.1.3, module version = 0.5.0
[    70.175] 	Module class: X.Org Video Driver
[    70.175] 	ABI class: X.Org Video Driver, version 25.2
[    70.175] (II) LoadModule: "vesa"
[    70.175] (II) Loading /usr/lib/xorg/modules/drivers/vesa_drv.so
[    70.175] (II) Module vesa: vendor="X.Org Foundation"
[    70.175] 	compiled for 1.21.1.3, module version = 2.5.0
[    70.175] 	Module class: X.Org Video Driver
[    70.175] 	ABI class: X.Org Video Driver, version 25.2
[    70.175] (II) modesetting: Driver for Modesetting Kernel Drivers: kms
[    70.175] (II) FBDEV: driver for framebuffer: fbdev
[    70.175] (II) VESA: driver for VESA chipsets: vesa
[    70.175] xf86EnableIO: failed to enable I/O ports 0000-03ff (Operation not permitted)
[    70.175] (II) modeset(0): using drv /dev/dri/card0
[    70.175] (WW) Falling back to old probe method for fbdev
[    70.175] (II) Loading sub module "fbdevhw"
[    70.175] (II) LoadModule: "fbdevhw"
[    70.175] (II) Loading /usr/lib/xorg/modules/libfbdevhw.so
[    70.175] (II) Module fbdevhw: vendor="X.Org Foundation"
[    70.175] 	compiled for 1.21.1.3, module version = 0.0.2
[    70.175] 	ABI class: X.Org Video Driver, version 25.2
[    70.175] (EE) open /dev/fb0: Permission denied
[    70.175] (WW) VGA arbiter: cannot open kernel arbiter, no multi-card support
[    70.175] (II) modeset(0): Creating default Display subsection in Screen section
	"Default Screen Section" for depth/fbbpp 24/32
[    70.175] (==) modeset(0): Depth 24, (==) framebuffer bpp 32
[    70.175] (==) modeset(0): RGB weight 888
[    70.175] (==) modeset(0): Default visual is TrueColor
[    70.175] (II) Loading sub module "glamoregl"
[    70.175] (II) LoadModule: "glamoregl"
[    70.175] (II) Loading /usr/lib/xorg/modules/libglamoregl.so
[    70.177] (II) Module glamoregl: vendor="X.Org Foundation"
[    70.177] 	compiled for 1.21.1.3, module version = 1.0.1
[    70.177] 	ABI class: X.Org ANSI C Emulation, version 0.4
[    70.205] (II) modeset(0): Refusing to try glamor on llvmpipe
[    70.205] (II) modeset(0): glamor initialization failed
[    70.205] (II) modeset(0): ShadowFB: preferred NO, enabled NO
[    70.205] (II) modeset(0): Output Virtual-1 has no monitor section
[    70.206] (II) modeset(0): EDID for output Virtual-1
[    70.206] (II) modeset(0): Manufacturer: RHT  Model: 1234  Serial#: 0
[    70.206] (II) modeset(0): Year: 2014  Week: 42
[    70.206] (II) modeset(0): EDID Version: 1.4
[    70.206] (II) modeset(0): Digital Display Input
[    70.206] (II) modeset(0): 8 bits per channel
[    70.206] (II) modeset(0): Digital interface is DisplayPort
[    70.206] (II) modeset(0): Max Image Size [cm]: horiz.: 32  vert.: 20
[    70.206] (II) modeset(0): Gamma: 2.20
[    70.206] (II) modeset(0): No DPMS capabilities specified
[    70.206] (II) modeset(0): Supported color encodings: RGB 4:4:4 
[    70.206] (II) modeset(0): Default color space is primary color space
[    70.206] (II) modeset(0): First detailed timing is preferred mode
[    70.206] (II) modeset(0): Preferred mode is native pixel format and refresh rate
[    70.206] (II) modeset(0): redX: 0.640 redY: 0.330   greenX: 0.300 greenY: 0.600
[    70.206] (II) modeset(0): blueX: 0.150 blueY: 0.060   whiteX: 0.312 whiteY: 0.329
[    70.206] (II) modeset(0): Supported established timings:
[    70.206] (II) modeset(0): 640x480@60Hz
[    70.206] (II) modeset(0): 800x600@60Hz
[    70.206] (II) modeset(0): 1024x768@60Hz
[    70.206] (II) modeset(0): Manufacturer's mask: 0
[    70.206] (II) modeset(0): Supported standard timings:
[    70.206] (II) modeset(0): #0: hsize: 2048  vsize 1152  refresh: 60  vid: 49377
[    70.206] (II) modeset(0): #1: hsize: 1920  vsize 1080  refresh: 60  vid: 49361
[    70.206] (II) modeset(0): #2: hsize: 1920  vsize 1200  refresh: 60  vid: 209
[    70.206] (II) modeset(0): #3: hsize: 1600  vsize 1200  refresh: 60  vid: 16553
[    70.206] (II) modeset(0): #4: hsize: 1680  vsize 1050  refresh: 60  vid: 179
[    70.206] (II) modeset(0): #5: hsize: 1440  vsize 900  refresh: 60  vid: 149
[    70.206] (II) modeset(0): #6: hsize: 1280  vsize 1024  refresh: 60  vid: 32897
[    70.206] (II) modeset(0): #7: hsize: 1280  vsize 960  refresh: 60  vid: 16513
[    70.206] (II) modeset(0): Supported detailed timing:
[    70.206] (II) modeset(0): clock: 107.3 MHz   Image Size:  325 x 203 mm
[    70.206] (II) modeset(0): h_active: 1280  h_sync: 1600  h_sync_end 1638 h_blank_end 1728 h_border: 0
[    70.206] (II) modeset(0): v_active: 800  v_sync: 804  v_sync_end 808 v_blanking: 828 v_border: 0
[    70.206] (II) modeset(0): Established timings III: (not decoded)
[    70.206] (II) modeset(0): Ranges: V min: 50 V max: 125 Hz, H min: 30 H max: 160 kHz,
[    70.206] (II) modeset(0): Monitor name: QEMU Monitor
[    70.206] (II) modeset(0): Number of EDID sections to follow: 1
[    70.206] (II) modeset(0): EDID (in hex):
[    70.206] (II) modeset(0): 	00ffffffffffff004914341200000000
[    70.206] (II) modeset(0): 	2a180104a520147806ee91a3544c9926
[    70.206] (II) modeset(0): 	0f5054210800e1c0d1c0d100a940b300
[    70.206] (II) modeset(0): 	950081808140ea2900c051201c304026
[    70.206] (II) modeset(0): 	444045cb10000018000000f7000a0040
[    70.206] (II) modeset(0): 	82002820000000000000000000fd0032
[    70.206] (II) modeset(0): 	7d1ea0ff010a202020202020000000fc
[    70.206] (II) modeset(0): 	0051454d55204d6f6e69746f720a013a
[    70.206] (II) modeset(0): 	02030b00467d6560591f610000001000
[    70.206] (II) modeset(0): 	00000000000000000000000000000000
[    70.206] (II) modeset(0): 	10000000000000000000000000000000
[    70.206] (II) modeset(0): 	00001000000000000000000000000000
[    70.206] (II) modeset(0): 	00000000100000000000000000000000
[    70.206] (II) modeset(0): 	00000000000010000000000000000000
[    70.206] (II) modeset(0): 	00000000000000001000000000000000
[    70.206] (II) modeset(0): 	0000000000000000000000000000002f
[    70.206] (II) modeset(0): Printing probed modes for output Virtual-1
[    70.206] (II) modeset(0): Modeline "1280x800"x75.0  107.30  1280 1600 1638 1728  800 804 808 828 -hsync -vsync (62.1 kHz eP)
[    70.206] (II) modeset(0): Modeline "1920x1080"x60.0  148.50  1920 2008 2052 2200  1080 1084 1089 1125 -hsync -vsync (67.5 kHz e)
[    70.206] (II) modeset(0): Modeline "1920x1080"x50.0  148.50  1920 2448 2492 2640  1080 1084 1089 1125 +hsync +vsync (56.2 kHz e)
[    70.206] (II) modeset(0): Modeline "1600x1200"x60.0  162.00  1600 1664 1856 2160  1200 1201 1204 1250 +hsync +vsync (75.0 kHz e)
[    70.206] (II) modeset(0): Modeline "1680x1050"x60.0  146.25  1680 1784 1960 2240  1050 1053 1059 1089 -hsync +vsync (65.3 kHz e)
[    70.206] (II) modeset(0): Modeline "1400x1050"x60.0  121.75  1400 1488 1632 1864  1050 1053 1057 1089 -hsync +vsync (65.3 kHz e)
[    70.206] (II) modeset(0): Modeline "1280x1024"x60.0  108.00  1280 1328 1440 1688  1024 1025 1028 1066 +hsync +vsync (64.0 kHz e)
[    70.206] (II) modeset(0): Modeline "1440x900"x59.9  106.50  1440 1520 1672 1904  900 903 909 934 -hsync +vsync (55.9 kHz e)
[    70.206] (II) modeset(0): Modeline "1280x960"x60.0  108.00  1280 1376 1488 1800  960 961 964 1000 +hsync +vsync (60.0 kHz e)
[    70.206] (II) modeset(0): Modeline "1360x768"x60.0   85.50  1360 1424 1536 1792  768 771 777 795 +hsync +vsync (47.7 kHz e)
[    70.206] (II) modeset(0): Modeline "1280x768"x59.9   79.50  1280 1344 1472 1664  768 771 778 798 -hsync +vsync (47.8 kHz e)
[    70.206] (II) modeset(0): Modeline "1024x768"x60.0   65.00  1024 1048 1184 1344  768 771 777 806 -hsync -vsync (48.4 kHz e)
[    70.206] (II) modeset(0): Modeline "800x600"x60.3   40.00  800 840 968 1056  600 601 605 628 +hsync +vsync (37.9 kHz e)
[    70.206] (II) modeset(0): Modeline "640x480"x60.0   25.20  640 656 752 800  480 490 492 525 -hsync -vsync (31.5 kHz e)
[    70.206] (II) modeset(0): Modeline "640x480"x59.9   25.18  640 656 752 800  480 490 492 525 -hsync -vsync (31.5 kHz e)
[    70.206] (II) modeset(0): Output Virtual-1 connected
[    70.206] (II) modeset(0): Using exact sizes for initial modes
[    70.206] (II) modeset(0): Output Virtual-1 using initial mode 1280x800 +0+0
[    70.206] (==) modeset(0): Using gamma correction (1.0, 1.0, 1.0)
[    70.206] (==) modeset(0): DPI set to (96, 96)
[    70.206] (II) Loading sub module "fb"
[    70.206] (II) LoadModule: "fb"
[    70.206] (II) Module "fb" already built-in
[    70.206] (II) UnloadModule: "fbdev"
[    70.206] (II) Unloading fbdev
[    70.206] (II) UnloadSubModule: "fbdevhw"
[    70.206] (II) Unloading fbdevhw
[    70.207] (II) UnloadModule: "vesa"
[    70.207] (II) Unloading vesa
[    70.207] (==) modeset(0): Backing store enabled
[    70.207] (==) modeset(0): Silken mouse enabled
[    70.207] (II) modeset(0): Initializing kms color map for depth 24, 8 bpc.
[    70.207] (==) modeset(0): DPMS enabled
[    70.207] (II) Initializing extension Generic Event Extension
[    70.207] (II) Initializing extension SHAPE
[    70.207] (II) Initializing extension MIT-SHM
[    70.207] (II) Initializing extension XInputExtension
[    70.207] (II) Initializing extension XTEST
[    70.207] (II) Initializing extension BIG-REQUESTS
[    70.207] (II) Initializing extension SYNC
[    70.207] (II) Initializing extension XKEYBOARD
[    70.207] (II) Initializing extension XC-MISC
[    70.207] (II) Initializing extension SECURITY
[    70.208] (II) Initializing extension XFIXES
[    70.208] (II) Initializing extension RENDER
[    70.208] (II) Initializing extension RANDR
[    70.208] (II) Initializing extension COMPOSITE
[    70.208] (II) Initializing extension DAMAGE
[    70.208] (II) Initializing extension MIT-SCREEN-SAVER
[    70.208] (II) Initializing extension DOUBLE-BUFFER
[    70.208] (II) Initializing extension RECORD
[    70.208] (II) Initializing extension DPMS
[    70.208] (II) Initializing extension Present
[    70.208] (II) Initializing extension DRI3
[    70.208] (II) Initializing extension X-Resource
[    70.208] (II) Initializing extension XVideo
[    70.208] (II) Initializing extension XVideo-MotionCompensation
[    70.208] (II) Initializing extension SELinux
[    70.208] (II) SELinux: Disabled on system
[    70.208] (II) Initializing extension GLX
[    70.209] (II) AIGLX: Screen 0 is not DRI2 capable
[    70.211] (II) IGLX: Loaded and initialized swrast
[    70.211] (II) GLX: Initialized DRISWRAST GL provider for screen 0
[    70.211] (II) Initializing extension XFree86-VidModeExtension
[    70.211] (II) Initializing extension XFree86-DGA
[    70.211] (II) Initializing extension XFree86-DRI
[    70.211] (II) Initializing extension DRI2
[    70.211] (II) modeset(0): Damage tracking initialized
[    70.211] (II) modeset(0): Setting screen physical size to 338 x 211
[    70.239] (II) config/udev: Adding input device Power Button (/dev/input/event0)
[    70.239] (**) Power Button: Applying InputClass "libinput keyboard catchall"
[    70.239] (II) LoadModule: "libinput"
[    70.240] (II) Loading /usr/lib/xorg/modules/input/libinput_drv.so
[    70.241] (II) Module libinput: vendor="X.Org Foundation"
[    70.241] 	compiled for 1.20.14, module version = 1.2.1
[    70.241] 	Module class: X.Org XInput Driver
[    70.241] 	ABI class: X.Org XInput driver, version 24.1
[    70.241] (II) Using input driver 'libinput' for 'Power Button'
[    70.241] (II) systemd-logind: got fd for /dev/input/event0 13:64 fd 23 paused 0
[    70.241] (**) Power Button: always reports core events
[    70.241] (**) Option "Device" "/dev/input/event0"
[    70.243] (II) event0  - Power Button: is tagged by udev as: Keyboard
[    70.243] (II) event0  - Power Button: device is a keyboard
[    70.243] (II) event0  - Power Button: device removed
[    70.243] (**) Option "config_info" "udev:/sys/devices/LNXSYSTM:00/LNXPWRBN:00/input/input0/event0"
[    70.243] (II) XINPUT: Adding extended input device "Power Button" (type: KEYBOARD, id 6)
[    70.243] (**) Option "xkb_layout" "gb"
[    70.255] (II) event0  - Power Button: is tagged by udev as: Keyboard
[    70.255] (II) event0  - Power Button: device is a keyboard
[    70.256] (II) config/udev: Adding input device QEMU QEMU USB Tablet (/dev/input/event4)
[    70.256] (**) QEMU QEMU USB Tablet: Applying InputClass "libinput pointer catchall"
[    70.256] (II) Using input driver 'libinput' for 'QEMU QEMU USB Tablet'
[    70.257] (II) systemd-logind: got fd for /dev/input/event4 13:68 fd 26 paused 0
[    70.257] (**) QEMU QEMU USB Tablet: always reports core events
[    70.257] (**) Option "Device" "/dev/input/event4"
[    70.258] (II) event4  - QEMU QEMU USB Tablet: is tagged by udev as: Mouse
[    70.258] (II) event4  - QEMU QEMU USB Tablet: device is a pointer
[    70.258] (II) event4  - QEMU QEMU USB Tablet: device removed
[    70.258] (**) Option "config_info" "udev:/sys/devices/pci0000:00/0000:00:01.2/usb1/1-1/1-1:1.0/0003:0627:0001.0001/input/input5/event4"
[    70.258] (II) XINPUT: Adding extended input device "QEMU QEMU USB Tablet" (type: MOUSE, id 7)
[    70.258] (**) Option "AccelerationScheme" "none"
[    70.258] (**) QEMU QEMU USB Tablet: (accel) selected scheme none/0
[    70.258] (**) QEMU QEMU USB Tablet: (accel) acceleration factor: 2.000
[    70.258] (**) QEMU QEMU USB Tablet: (accel) acceleration threshold: 4
[    70.259] (II) event4  - QEMU QEMU USB Tablet: is tagged by udev as: Mouse
[    70.259] (II) event4  - QEMU QEMU USB Tablet: device is a pointer
[    70.260] (II) config/udev: Adding input device QEMU QEMU USB Tablet (/dev/input/mouse2)
[    70.260] (II) No input driver specified, ignoring this device.
[    70.260] (II) This device may have been added with another device file.
[    70.260] (II) config/udev: Adding input device AT Translated Set 2 keyboard (/dev/input/event1)
[    70.260] (**) AT Translated Set 2 keyboard: Applying InputClass "libinput keyboard catchall"
[    70.260] (II) Using input driver 'libinput' for 'AT Translated Set 2 keyboard'
[    70.261] (II) systemd-logind: got fd for /dev/input/event1 13:65 fd 27 paused 0
[    70.261] (**) AT Translated Set 2 keyboard: always reports core events
[    70.261] (**) Option "Device" "/dev/input/event1"
[    70.261] (II) event1  - AT Translated Set 2 keyboard: is tagged by udev as: Keyboard
[    70.262] (II) event1  - AT Translated Set 2 keyboard: device is a keyboard
[    70.262] (II) event1  - AT Translated Set 2 keyboard: device removed
[    70.262] (**) Option "config_info" "udev:/sys/devices/platform/i8042/serio0/input/input1/event1"
[    70.262] (II) XINPUT: Adding extended input device "AT Translated Set 2 keyboard" (type: KEYBOARD, id 8)
[    70.262] (**) Option "xkb_layout" "gb"
[    70.263] (II) event1  - AT Translated Set 2 keyboard: is tagged by udev as: Keyboard
[    70.263] (II) event1  - AT Translated Set 2 keyboard: device is a keyboard
[    70.263] (II) config/udev: Adding input device VirtualPS/2 VMware VMMouse (/dev/input/event3)
[    70.263] (**) VirtualPS/2 VMware VMMouse: Applying InputClass "libinput pointer catchall"
[    70.263] (II) Using input driver 'libinput' for 'VirtualPS/2 VMware VMMouse'
[    70.264] (II) systemd-logind: got fd for /dev/input/event3 13:67 fd 28 paused 0
[    70.264] (**) VirtualPS/2 VMware VMMouse: always reports core events
[    70.264] (**) Option "Device" "/dev/input/event3"
[    70.264] (II) event3  - VirtualPS/2 VMware VMMouse: is tagged by udev as: Mouse
[    70.264] (II) event3  - VirtualPS/2 VMware VMMouse: device is a pointer
[    70.265] (II) event3  - VirtualPS/2 VMware VMMouse: device removed
[    70.265] (**) Option "config_info" "udev:/sys/devices/platform/i8042/serio1/input/input3/event3"
[    70.265] (II) XINPUT: Adding extended input device "VirtualPS/2 VMware VMMouse" (type: MOUSE, id 9)
[    70.265] (**) Option "AccelerationScheme" "none"
[    70.265] (**) VirtualPS/2 VMware VMMouse: (accel) selected scheme none/0
[    70.265] (**) VirtualPS/2 VMware VMMouse: (accel) acceleration factor: 2.000
[    70.265] (**) VirtualPS/2 VMware VMMouse: (accel) acceleration threshold: 4
[    70.265] (II) event3  - VirtualPS/2 VMware VMMouse: is tagged by udev as: Mouse
[    70.265] (II) event3  - VirtualPS/2 VMware VMMouse: device is a pointer
[    70.266] (II) config/udev: Adding input device VirtualPS/2 VMware VMMouse (/dev/input/mouse1)
[    70.266] (II) No input driver specified, ignoring this device.
[    70.266] (II) This device may have been added with another device file.
[    70.266] (II) config/udev: Adding input device VirtualPS/2 VMware VMMouse (/dev/input/event2)
[    70.266] (**) VirtualPS/2 VMware VMMouse: Applying InputClass "libinput pointer catchall"
[    70.266] (II) Using input driver 'libinput' for 'VirtualPS/2 VMware VMMouse'
[    70.267] (II) systemd-logind: got fd for /dev/input/event2 13:66 fd 29 paused 0
[    70.267] (**) VirtualPS/2 VMware VMMouse: always reports core events
[    70.267] (**) Option "Device" "/dev/input/event2"
[    70.267] (II) event2  - VirtualPS/2 VMware VMMouse: is tagged by udev as: Mouse
[    70.268] (II) event2  - VirtualPS/2 VMware VMMouse: device is a pointer
[    70.268] (II) event2  - VirtualPS/2 VMware VMMouse: device removed
[    70.268] (**) Option "config_info" "udev:/sys/devices/platform/i8042/serio1/input/input4/event2"
[    70.268] (II) XINPUT: Adding extended input device "VirtualPS/2 VMware VMMouse" (type: MOUSE, id 10)
[    70.268] (**) Option "AccelerationScheme" "none"
[    70.268] (**) VirtualPS/2 VMware VMMouse: (accel) selected scheme none/0
[    70.268] (**) VirtualPS/2 VMware VMMouse: (accel) acceleration factor: 2.000
[    70.268] (**) VirtualPS/2 VMware VMMouse: (accel) acceleration threshold: 4
[    70.269] (II) event2  - VirtualPS/2 VMware VMMouse: is tagged by udev as: Mouse
[    70.269] (II) event2  - VirtualPS/2 VMware VMMouse: device is a pointer
[    70.270] (II) config/udev: Adding input device VirtualPS/2 VMware VMMouse (/dev/input/mouse0)
[    70.270] (II) No input driver specified, ignoring this device.
[    70.270] (II) This device may have been added with another device file.
[    79.020] (II) modeset(0): EDID vendor "RHT", prod id 4660
[    79.020] (II) modeset(0): Using EDID range info for horizontal sync
[    79.020] (II) modeset(0): Using EDID range info for vertical refresh
[    79.020] (II) modeset(0): Printing DDC gathered Modelines:
[    79.020] (II) modeset(0): Modeline "1280x800"x0.0  107.30  1280 1600 1638 1728  800 804 808 828 -hsync -vsync (62.1 kHz eP)
[    79.020] (II) modeset(0): Modeline "1280x768"x0.0   79.50  1280 1344 1472 1664  768 771 778 798 -hsync +vsync (47.8 kHz e)
[    79.020] (II) modeset(0): Modeline "1360x768"x0.0   85.50  1360 1424 1536 1792  768 771 777 795 +hsync +vsync (47.7 kHz e)
[    79.020] (II) modeset(0): Modeline "1400x1050"x0.0  121.75  1400 1488 1632 1864  1050 1053 1057 1089 -hsync +vsync (65.3 kHz e)
[    79.020] (II) modeset(0): Modeline "1792x1344"x0.0  204.75  1792 1920 2120 2448  1344 1345 1348 1394 -hsync +vsync (83.6 kHz e)
[    79.020] (II) modeset(0): Modeline "1856x1392"x0.0  218.25  1856 1952 2176 2528  1392 1393 1396 1439 -hsync +vsync (86.3 kHz e)
[    79.020] (II) modeset(0): Modeline "1920x1440"x0.0  234.00  1920 2048 2256 2600  1440 1441 1444 1500 -hsync +vsync (90.0 kHz e)
[    79.020] (II) modeset(0): Modeline "1920x1080"x0.0  148.50  1920 2448 2492 2640  1080 1084 1089 1125 +hsync +vsync (56.2 kHz e)
[    79.020] (II) modeset(0): Modeline "800x600"x0.0   40.00  800 840 968 1056  600 601 605 628 +hsync +vsync (37.9 kHz e)
[    79.020] (II) modeset(0): Modeline "640x480"x0.0   25.18  640 656 752 800  480 490 492 525 -hsync -vsync (31.5 kHz e)
[    79.020] (II) modeset(0): Modeline "1024x768"x0.0   65.00  1024 1048 1184 1344  768 771 777 806 -hsync -vsync (48.4 kHz e)
[    79.020] (II) modeset(0): Modeline "2048x1152"x60.0  197.97  2048 2184 2408 2768  1152 1153 1156 1192 -hsync +vsync (71.5 kHz e)
[    79.020] (II) modeset(0): Modeline "1920x1080"x60.0  172.80  1920 2040 2248 2576  1080 1081 1084 1118 -hsync +vsync (67.1 kHz e)
[    79.020] (II) modeset(0): Modeline "1920x1200"x0.0  193.25  1920 2056 2256 2592  1200 1203 1209 1245 -hsync +vsync (74.6 kHz e)
[    79.020] (II) modeset(0): Modeline "1600x1200"x0.0  162.00  1600 1664 1856 2160  1200 1201 1204 1250 +hsync +vsync (75.0 kHz e)
[    79.020] (II) modeset(0): Modeline "1680x1050"x0.0  146.25  1680 1784 1960 2240  1050 1053 1059 1089 -hsync +vsync (65.3 kHz e)
[    79.020] (II) modeset(0): Modeline "1440x900"x0.0  106.50  1440 1520 1672 1904  900 903 909 934 -hsync +vsync (55.9 kHz e)
[    79.020] (II) modeset(0): Modeline "1280x1024"x0.0  108.00  1280 1328 1440 1688  1024 1025 1028 1066 +hsync +vsync (64.0 kHz e)
[    79.020] (II) modeset(0): Modeline "1280x960"x0.0  108.00  1280 1376 1488 1800  960 961 964 1000 +hsync +vsync (60.0 kHz e)
[    79.179] (II) modeset(0): Disabling kernel dirty updates, not required.
[    95.877] (II) modeset(0): EDID vendor "RHT", prod id 4660
[    95.877] (II) modeset(0): Using hsync ranges from config file
[    95.877] (II) modeset(0): Using vrefresh ranges from config file
[    95.877] (II) modeset(0): Printing DDC gathered Modelines:
[    95.877] (II) modeset(0): Modeline "1280x800"x0.0  107.30  1280 1600 1638 1728  800 804 808 828 -hsync -vsync (62.1 kHz eP)
[    95.877] (II) modeset(0): Modeline "1280x768"x0.0   79.50  1280 1344 1472 1664  768 771 778 798 -hsync +vsync (47.8 kHz e)
[    95.877] (II) modeset(0): Modeline "1360x768"x0.0   85.50  1360 1424 1536 1792  768 771 777 795 +hsync +vsync (47.7 kHz e)
[    95.877] (II) modeset(0): Modeline "1400x1050"x0.0  121.75  1400 1488 1632 1864  1050 1053 1057 1089 -hsync +vsync (65.3 kHz e)
[    95.877] (II) modeset(0): Modeline "1792x1344"x0.0  204.75  1792 1920 2120 2448  1344 1345 1348 1394 -hsync +vsync (83.6 kHz e)
[    95.877] (II) modeset(0): Modeline "1856x1392"x0.0  218.25  1856 1952 2176 2528  1392 1393 1396 1439 -hsync +vsync (86.3 kHz e)
[    95.877] (II) modeset(0): Modeline "1920x1440"x0.0  234.00  1920 2048 2256 2600  1440 1441 1444 1500 -hsync +vsync (90.0 kHz e)
[    95.877] (II) modeset(0): Modeline "1920x1080"x0.0  148.50  1920 2448 2492 2640  1080 1084 1089 1125 +hsync +vsync (56.2 kHz e)
[    95.877] (II) modeset(0): Modeline "800x600"x0.0   40.00  800 840 968 1056  600 601 605 628 +hsync +vsync (37.9 kHz e)
[    95.877] (II) modeset(0): Modeline "640x480"x0.0   25.18  640 656 752 800  480 490 492 525 -hsync -vsync (31.5 kHz e)
[    95.877] (II) modeset(0): Modeline "1024x768"x0.0   65.00  1024 1048 1184 1344  768 771 777 806 -hsync -vsync (48.4 kHz e)
[    95.877] (II) modeset(0): Modeline "2048x1152"x60.0  197.97  2048 2184 2408 2768  1152 1153 1156 1192 -hsync +vsync (71.5 kHz e)
[    95.877] (II) modeset(0): Modeline "1920x1080"x60.0  172.80  1920 2040 2248 2576  1080 1081 1084 1118 -hsync +vsync (67.1 kHz e)
[    95.877] (II) modeset(0): Modeline "1920x1200"x0.0  193.25  1920 2056 2256 2592  1200 1203 1209 1245 -hsync +vsync (74.6 kHz e)
[    95.877] (II) modeset(0): Modeline "1600x1200"x0.0  162.00  1600 1664 1856 2160  1200 1201 1204 1250 +hsync +vsync (75.0 kHz e)
[    95.877] (II) modeset(0): Modeline "1680x1050"x0.0  146.25  1680 1784 1960 2240  1050 1053 1059 1089 -hsync +vsync (65.3 kHz e)
[    95.877] (II) modeset(0): Modeline "1440x900"x0.0  106.50  1440 1520 1672 1904  900 903 909 934 -hsync +vsync (55.9 kHz e)
[    95.877] (II) modeset(0): Modeline "1280x1024"x0.0  108.00  1280 1328 1440 1688  1024 1025 1028 1066 +hsync +vsync (64.0 kHz e)
[    95.877] (II) modeset(0): Modeline "1280x960"x0.0  108.00  1280 1376 1488 1800  960 961 964 1000 +hsync +vsync (60.0 kHz e)
[    95.879] (II) modeset(0): EDID vendor "RHT", prod id 4660
[    95.879] (II) modeset(0): Using hsync ranges from config file
[    95.879] (II) modeset(0): Using vrefresh ranges from config file
[    95.879] (II) modeset(0): Printing DDC gathered Modelines:
[    95.879] (II) modeset(0): Modeline "1280x800"x0.0  107.30  1280 1600 1638 1728  800 804 808 828 -hsync -vsync (62.1 kHz eP)
[    95.879] (II) modeset(0): Modeline "1280x768"x0.0   79.50  1280 1344 1472 1664  768 771 778 798 -hsync +vsync (47.8 kHz e)
[    95.879] (II) modeset(0): Modeline "1360x768"x0.0   85.50  1360 1424 1536 1792  768 771 777 795 +hsync +vsync (47.7 kHz e)
[    95.879] (II) modeset(0): Modeline "1400x1050"x0.0  121.75  1400 1488 1632 1864  1050 1053 1057 1089 -hsync +vsync (65.3 kHz e)
[    95.879] (II) modeset(0): Modeline "1792x1344"x0.0  204.75  1792 1920 2120 2448  1344 1345 1348 1394 -hsync +vsync (83.6 kHz e)
[    95.879] (II) modeset(0): Modeline "1856x1392"x0.0  218.25  1856 1952 2176 2528  1392 1393 1396 1439 -hsync +vsync (86.3 kHz e)
[    95.879] (II) modeset(0): Modeline "1920x1440"x0.0  234.00  1920 2048 2256 2600  1440 1441 1444 1500 -hsync +vsync (90.0 kHz e)
[    95.879] (II) modeset(0): Modeline "1920x1080"x0.0  148.50  1920 2448 2492 2640  1080 1084 1089 1125 +hsync +vsync (56.2 kHz e)
[    95.879] (II) modeset(0): Modeline "800x600"x0.0   40.00  800 840 968 1056  600 601 605 628 +hsync +vsync (37.9 kHz e)
[    95.879] (II) modeset(0): Modeline "640x480"x0.0   25.18  640 656 752 800  480 490 492 525 -hsync -vsync (31.5 kHz e)
[    95.879] (II) modeset(0): Modeline "1024x768"x0.0   65.00  1024 1048 1184 1344  768 771 777 806 -hsync -vsync (48.4 kHz e)
[    95.879] (II) modeset(0): Modeline "2048x1152"x60.0  197.97  2048 2184 2408 2768  1152 1153 1156 1192 -hsync +vsync (71.5 kHz e)
[    95.879] (II) modeset(0): Modeline "1920x1080"x60.0  172.80  1920 2040 2248 2576  1080 1081 1084 1118 -hsync +vsync (67.1 kHz e)
[    95.879] (II) modeset(0): Modeline "1920x1200"x0.0  193.25  1920 2056 2256 2592  1200 1203 1209 1245 -hsync +vsync (74.6 kHz e)
[    95.879] (II) modeset(0): Modeline "1600x1200"x0.0  162.00  1600 1664 1856 2160  1200 1201 1204 1250 +hsync +vsync (75.0 kHz e)
[    95.879] (II) modeset(0): Modeline "1680x1050"x0.0  146.25  1680 1784 1960 2240  1050 1053 1059 1089 -hsync +vsync (65.3 kHz e)
[    95.879] (II) modeset(0): Modeline "1440x900"x0.0  106.50  1440 1520 1672 1904  900 903 909 934 -hsync +vsync (55.9 kHz e)
[    95.879] (II) modeset(0): Modeline "1280x1024"x0.0  108.00  1280 1328 1440 1688  1024 1025 1028 1066 +hsync +vsync (64.0 kHz e)
[    95.879] (II) modeset(0): Modeline "1280x960"x0.0  108.00  1280 1376 1488 1800  960 961 964 1000 +hsync +vsync (60.0 kHz e)
[    95.882] (II) modeset(0): EDID vendor "RHT", prod id 4660
[    95.882] (II) modeset(0): Using hsync ranges from config file
[    95.882] (II) modeset(0): Using vrefresh ranges from config file
[    95.882] (II) modeset(0): Printing DDC gathered Modelines:
[    95.882] (II) modeset(0): Modeline "1280x800"x0.0  107.30  1280 1600 1638 1728  800 804 808 828 -hsync -vsync (62.1 kHz eP)
[    95.882] (II) modeset(0): Modeline "1280x768"x0.0   79.50  1280 1344 1472 1664  768 771 778 798 -hsync +vsync (47.8 kHz e)
[    95.882] (II) modeset(0): Modeline "1360x768"x0.0   85.50  1360 1424 1536 1792  768 771 777 795 +hsync +vsync (47.7 kHz e)
[    95.882] (II) modeset(0): Modeline "1400x1050"x0.0  121.75  1400 1488 1632 1864  1050 1053 1057 1089 -hsync +vsync (65.3 kHz e)
[    95.882] (II) modeset(0): Modeline "1792x1344"x0.0  204.75  1792 1920 2120 2448  1344 1345 1348 1394 -hsync +vsync (83.6 kHz e)
[    95.882] (II) modeset(0): Modeline "1856x1392"x0.0  218.25  1856 1952 2176 2528  1392 1393 1396 1439 -hsync +vsync (86.3 kHz e)
[    95.882] (II) modeset(0): Modeline "1920x1440"x0.0  234.00  1920 2048 2256 2600  1440 1441 1444 1500 -hsync +vsync (90.0 kHz e)
[    95.882] (II) modeset(0): Modeline "1920x1080"x0.0  148.50  1920 2448 2492 2640  1080 1084 1089 1125 +hsync +vsync (56.2 kHz e)
[    95.882] (II) modeset(0): Modeline "800x600"x0.0   40.00  800 840 968 1056  600 601 605 628 +hsync +vsync (37.9 kHz e)
[    95.882] (II) modeset(0): Modeline "640x480"x0.0   25.18  640 656 752 800  480 490 492 525 -hsync -vsync (31.5 kHz e)
[    95.882] (II) modeset(0): Modeline "1024x768"x0.0   65.00  1024 1048 1184 1344  768 771 777 806 -hsync -vsync (48.4 kHz e)
[    95.882] (II) modeset(0): Modeline "2048x1152"x60.0  197.97  2048 2184 2408 2768  1152 1153 1156 1192 -hsync +vsync (71.5 kHz e)
[    95.882] (II) modeset(0): Modeline "1920x1080"x60.0  172.80  1920 2040 2248 2576  1080 1081 1084 1118 -hsync +vsync (67.1 kHz e)
[    95.882] (II) modeset(0): Modeline "1920x1200"x0.0  193.25  1920 2056 2256 2592  1200 1203 1209 1245 -hsync +vsync (74.6 kHz e)
[    95.882] (II) modeset(0): Modeline "1600x1200"x0.0  162.00  1600 1664 1856 2160  1200 1201 1204 1250 +hsync +vsync (75.0 kHz e)
[    95.882] (II) modeset(0): Modeline "1680x1050"x0.0  146.25  1680 1784 1960 2240  1050 1053 1059 1089 -hsync +vsync (65.3 kHz e)
[    95.882] (II) modeset(0): Modeline "1440x900"x0.0  106.50  1440 1520 1672 1904  900 903 909 934 -hsync +vsync (55.9 kHz e)
[    95.882] (II) modeset(0): Modeline "1280x1024"x0.0  108.00  1280 1328 1440 1688  1024 1025 1028 1066 +hsync +vsync (64.0 kHz e)
[    95.882] (II) modeset(0): Modeline "1280x960"x0.0  108.00  1280 1376 1488 1800  960 961 964 1000 +hsync +vsync (60.0 kHz e)
[    95.988] (II) modeset(0): EDID vendor "RHT", prod id 4660
[    95.988] (II) modeset(0): Using hsync ranges from config file
[    95.988] (II) modeset(0): Using vrefresh ranges from config file
[    95.988] (II) modeset(0): Printing DDC gathered Modelines:
[    95.988] (II) modeset(0): Modeline "1280x800"x0.0  107.30  1280 1600 1638 1728  800 804 808 828 -hsync -vsync (62.1 kHz eP)
[    95.988] (II) modeset(0): Modeline "1280x768"x0.0   79.50  1280 1344 1472 1664  768 771 778 798 -hsync +vsync (47.8 kHz e)
[    95.988] (II) modeset(0): Modeline "1360x768"x0.0   85.50  1360 1424 1536 1792  768 771 777 795 +hsync +vsync (47.7 kHz e)
[    95.988] (II) modeset(0): Modeline "1400x1050"x0.0  121.75  1400 1488 1632 1864  1050 1053 1057 1089 -hsync +vsync (65.3 kHz e)
[    95.988] (II) modeset(0): Modeline "1792x1344"x0.0  204.75  1792 1920 2120 2448  1344 1345 1348 1394 -hsync +vsync (83.6 kHz e)
[    95.988] (II) modeset(0): Modeline "1856x1392"x0.0  218.25  1856 1952 2176 2528  1392 1393 1396 1439 -hsync +vsync (86.3 kHz e)
[    95.988] (II) modeset(0): Modeline "1920x1440"x0.0  234.00  1920 2048 2256 2600  1440 1441 1444 1500 -hsync +vsync (90.0 kHz e)
[    95.988] (II) modeset(0): Modeline "1920x1080"x0.0  148.50  1920 2448 2492 2640  1080 1084 1089 1125 +hsync +vsync (56.2 kHz e)
[    95.988] (II) modeset(0): Modeline "800x600"x0.0   40.00  800 840 968 1056  600 601 605 628 +hsync +vsync (37.9 kHz e)
[    95.988] (II) modeset(0): Modeline "640x480"x0.0   25.18  640 656 752 800  480 490 492 525 -hsync -vsync (31.5 kHz e)
[    95.988] (II) modeset(0): Modeline "1024x768"x0.0   65.00  1024 1048 1184 1344  768 771 777 806 -hsync -vsync (48.4 kHz e)
[    95.988] (II) modeset(0): Modeline "2048x1152"x60.0  197.97  2048 2184 2408 2768  1152 1153 1156 1192 -hsync +vsync (71.5 kHz e)
[    95.988] (II) modeset(0): Modeline "1920x1080"x60.0  172.80  1920 2040 2248 2576  1080 1081 1084 1118 -hsync +vsync (67.1 kHz e)
[    95.988] (II) modeset(0): Modeline "1920x1200"x0.0  193.25  1920 2056 2256 2592  1200 1203 1209 1245 -hsync +vsync (74.6 kHz e)
[    95.988] (II) modeset(0): Modeline "1600x1200"x0.0  162.00  1600 1664 1856 2160  1200 1201 1204 1250 +hsync +vsync (75.0 kHz e)
[    95.988] (II) modeset(0): Modeline "1680x1050"x0.0  146.25  1680 1784 1960 2240  1050 1053 1059 1089 -hsync +vsync (65.3 kHz e)
[    95.988] (II) modeset(0): Modeline "1440x900"x0.0  106.50  1440 1520 1672 1904  900 903 909 934 -hsync +vsync (55.9 kHz e)
[    95.988] (II) modeset(0): Modeline "1280x1024"x0.0  108.00  1280 1328 1440 1688  1024 1025 1028 1066 +hsync +vsync (64.0 kHz e)
[    95.988] (II) modeset(0): Modeline "1280x960"x0.0  108.00  1280 1376 1488 1800  960 961 964 1000 +hsync +vsync (60.0 kHz e)
[    96.648] (II) modeset(0): EDID vendor "RHT", prod id 4660
[    96.648] (II) modeset(0): Using hsync ranges from config file
[    96.648] (II) modeset(0): Using vrefresh ranges from config file
[    96.648] (II) modeset(0): Printing DDC gathered Modelines:
[    96.648] (II) modeset(0): Modeline "1280x800"x0.0  107.30  1280 1600 1638 1728  800 804 808 828 -hsync -vsync (62.1 kHz eP)
[    96.648] (II) modeset(0): Modeline "1280x768"x0.0   79.50  1280 1344 1472 1664  768 771 778 798 -hsync +vsync (47.8 kHz e)
[    96.648] (II) modeset(0): Modeline "1360x768"x0.0   85.50  1360 1424 1536 1792  768 771 777 795 +hsync +vsync (47.7 kHz e)
[    96.648] (II) modeset(0): Modeline "1400x1050"x0.0  121.75  1400 1488 1632 1864  1050 1053 1057 1089 -hsync +vsync (65.3 kHz e)
[    96.648] (II) modeset(0): Modeline "1792x1344"x0.0  204.75  1792 1920 2120 2448  1344 1345 1348 1394 -hsync +vsync (83.6 kHz e)
[    96.648] (II) modeset(0): Modeline "1856x1392"x0.0  218.25  1856 1952 2176 2528  1392 1393 1396 1439 -hsync +vsync (86.3 kHz e)
[    96.648] (II) modeset(0): Modeline "1920x1440"x0.0  234.00  1920 2048 2256 2600  1440 1441 1444 1500 -hsync +vsync (90.0 kHz e)
[    96.648] (II) modeset(0): Modeline "1920x1080"x0.0  148.50  1920 2448 2492 2640  1080 1084 1089 1125 +hsync +vsync (56.2 kHz e)
[    96.648] (II) modeset(0): Modeline "800x600"x0.0   40.00  800 840 968 1056  600 601 605 628 +hsync +vsync (37.9 kHz e)
[    96.648] (II) modeset(0): Modeline "640x480"x0.0   25.18  640 656 752 800  480 490 492 525 -hsync -vsync (31.5 kHz e)
[    96.648] (II) modeset(0): Modeline "1024x768"x0.0   65.00  1024 1048 1184 1344  768 771 777 806 -hsync -vsync (48.4 kHz e)
[    96.648] (II) modeset(0): Modeline "2048x1152"x60.0  197.97  2048 2184 2408 2768  1152 1153 1156 1192 -hsync +vsync (71.5 kHz e)
[    96.648] (II) modeset(0): Modeline "1920x1080"x60.0  172.80  1920 2040 2248 2576  1080 1081 1084 1118 -hsync +vsync (67.1 kHz e)
[    96.648] (II) modeset(0): Modeline "1920x1200"x0.0  193.25  1920 2056 2256 2592  1200 1203 1209 1245 -hsync +vsync (74.6 kHz e)
[    96.648] (II) modeset(0): Modeline "1600x1200"x0.0  162.00  1600 1664 1856 2160  1200 1201 1204 1250 +hsync +vsync (75.0 kHz e)
[    96.648] (II) modeset(0): Modeline "1680x1050"x0.0  146.25  1680 1784 1960 2240  1050 1053 1059 1089 -hsync +vsync (65.3 kHz e)
[    96.648] (II) modeset(0): Modeline "1440x900"x0.0  106.50  1440 1520 1672 1904  900 903 909 934 -hsync +vsync (55.9 kHz e)
[    96.648] (II) modeset(0): Modeline "1280x1024"x0.0  108.00  1280 1328 1440 1688  1024 1025 1028 1066 +hsync +vsync (64.0 kHz e)
[    96.648] (II) modeset(0): Modeline "1280x960"x0.0  108.00  1280 1376 1488 1800  960 961 964 1000 +hsync +vsync (60.0 kHz e)
[  2234.951] (II) modeset(0): EDID vendor "RHT", prod id 4660
[  2234.951] (II) modeset(0): Using hsync ranges from config file
[  2234.951] (II) modeset(0): Using vrefresh ranges from config file
[  2234.951] (II) modeset(0): Printing DDC gathered Modelines:
[  2234.951] (II) modeset(0): Modeline "1280x800"x0.0  107.30  1280 1600 1638 1728  800 804 808 828 -hsync -vsync (62.1 kHz eP)
[  2234.951] (II) modeset(0): Modeline "1280x768"x0.0   79.50  1280 1344 1472 1664  768 771 778 798 -hsync +vsync (47.8 kHz e)
[  2234.951] (II) modeset(0): Modeline "1360x768"x0.0   85.50  1360 1424 1536 1792  768 771 777 795 +hsync +vsync (47.7 kHz e)
[  2234.951] (II) modeset(0): Modeline "1400x1050"x0.0  121.75  1400 1488 1632 1864  1050 1053 1057 1089 -hsync +vsync (65.3 kHz e)
[  2234.951] (II) modeset(0): Modeline "1792x1344"x0.0  204.75  1792 1920 2120 2448  1344 1345 1348 1394 -hsync +vsync (83.6 kHz e)
[  2234.951] (II) modeset(0): Modeline "1856x1392"x0.0  218.25  1856 1952 2176 2528  1392 1393 1396 1439 -hsync +vsync (86.3 kHz e)
[  2234.951] (II) modeset(0): Modeline "1920x1440"x0.0  234.00  1920 2048 2256 2600  1440 1441 1444 1500 -hsync +vsync (90.0 kHz e)
[  2234.951] (II) modeset(0): Modeline "1920x1080"x0.0  148.50  1920 2448 2492 2640  1080 1084 1089 1125 +hsync +vsync (56.2 kHz e)
[  2234.951] (II) modeset(0): Modeline "800x600"x0.0   40.00  800 840 968 1056  600 601 605 628 +hsync +vsync (37.9 kHz e)
[  2234.951] (II) modeset(0): Modeline "640x480"x0.0   25.18  640 656 752 800  480 490 492 525 -hsync -vsync (31.5 kHz e)
[  2234.951] (II) modeset(0): Modeline "1024x768"x0.0   65.00  1024 1048 1184 1344  768 771 777 806 -hsync -vsync (48.4 kHz e)
[  2234.951] (II) modeset(0): Modeline "2048x1152"x60.0  197.97  2048 2184 2408 2768  1152 1153 1156 1192 -hsync +vsync (71.5 kHz e)
[  2234.951] (II) modeset(0): Modeline "1920x1080"x60.0  172.80  1920 2040 2248 2576  1080 1081 1084 1118 -hsync +vsync (67.1 kHz e)
[  2234.951] (II) modeset(0): Modeline "1920x1200"x0.0  193.25  1920 2056 2256 2592  1200 1203 1209 1245 -hsync +vsync (74.6 kHz e)
[  2234.951] (II) modeset(0): Modeline "1600x1200"x0.0  162.00  1600 1664 1856 2160  1200 1201 1204 1250 +hsync +vsync (75.0 kHz e)
[  2234.951] (II) modeset(0): Modeline "1680x1050"x0.0  146.25  1680 1784 1960 2240  1050 1053 1059 1089 -hsync +vsync (65.3 kHz e)
[  2234.951] (II) modeset(0): Modeline "1440x900"x0.0  106.50  1440 1520 1672 1904  900 903 909 934 -hsync +vsync (55.9 kHz e)
[  2234.951] (II) modeset(0): Modeline "1280x1024"x0.0  108.00  1280 1328 1440 1688  1024 1025 1028 1066 +hsync +vsync (64.0 kHz e)
[  2234.951] (II) modeset(0): Modeline "1280x960"x0.0  108.00  1280 1376 1488 1800  960 961 964 1000 +hsync +vsync (60.0 kHz e)
[ 92109.802] (**) Option "fd" "23"
[ 92109.802] (II) event0  - Power Button: device removed
[ 92109.802] (**) Option "fd" "26"
[ 92109.802] (II) event4  - QEMU QEMU USB Tablet: device removed
[ 92109.802] (**) Option "fd" "27"
[ 92109.802] (II) event1  - AT Translated Set 2 keyboard: device removed
[ 92109.802] (**) Option "fd" "28"
[ 92109.802] (II) event3  - VirtualPS/2 VMware VMMouse: device removed
[ 92109.802] (**) Option "fd" "29"
[ 92109.802] (II) event2  - VirtualPS/2 VMware VMMouse: device removed
[ 92109.852] (II) UnloadModule: "libinput"
[ 92109.852] (II) systemd-logind: releasing fd for 13:66
[ 92110.161] (II) UnloadModule: "libinput"
[ 92110.161] (II) systemd-logind: releasing fd for 13:67
[ 92110.294] (II) UnloadModule: "libinput"
[ 92110.294] (II) systemd-logind: releasing fd for 13:65
[ 92110.314] (II) UnloadModule: "libinput"
[ 92110.314] (II) systemd-logind: releasing fd for 13:68
[ 92110.314] (II) UnloadModule: "libinput"
[ 92110.314] (II) systemd-logind: releasing fd for 13:64
[ 92110.340] (WW) xf86CloseConsole: KDSETMODE failed: Input/output error
[ 92110.340] (WW) xf86CloseConsole: VT_GETMODE failed: Input/output error
[ 92110.341] (II) Server terminated successfully (0). Closing log file.
