0 verbose cli /snap/node/7065/bin/node /usr/local/bin/npm
1 info using npm@9.2.0
2 info using node@v18.13.0
3 timing npm:load:whichnode Completed in 0ms
4 timing config:load:defaults Completed in 1ms
5 timing config:load:file:/usr/local/lib/node_modules/npm/npmrc Completed in 4ms
6 timing config:load:builtin Completed in 4ms
7 timing config:load:cli Completed in 4ms
8 timing config:load:env Completed in 1ms
9 timing config:load:file:/home/alan1/.config/coc/extensions/node_modules/coc-tsserver-c5f61c4f-4cd2-4662-823c-ef7029ea01df/.npmrc Completed in 1ms
10 timing config:load:project Completed in 4ms
11 timing config:load:file:/home/alan1/.npmrc Completed in 0ms
12 timing config:load:user Completed in 0ms
13 timing config:load:file:/snap/node/7065/etc/npmrc Completed in 1ms
14 timing config:load:global Completed in 1ms
15 timing config:load:setEnvs Completed in 1ms
16 timing config:load Completed in 16ms
17 timing npm:load:configload Completed in 16ms
18 timing npm:load:mkdirpcache Completed in 0ms
19 timing npm:load:mkdirplogs Completed in 0ms
20 verbose title npm install
21 verbose argv "install" "--ignore-scripts" "--no-lockfile" "--omit" "dev" "--legacy-peer-deps" "--no-global"
22 timing npm:load:setTitle Completed in 1ms
23 timing config:load:flatten Completed in 2ms
24 timing npm:load:display Completed in 2ms
25 verbose logfile logs-max:10 dir:/home/alan1/.npm/_logs/2023-01-21T20_24_35_036Z-
26 verbose logfile /home/alan1/.npm/_logs/2023-01-21T20_24_35_036Z-debug-0.log
27 timing npm:load:logFile Completed in 4ms
28 timing npm:load:timers Completed in 0ms
29 timing npm:load:configScope Completed in 0ms
30 timing npm:load Completed in 25ms
31 silly logfile start cleaning logs, removing 1 files
32 timing config:load:flatten Completed in 0ms
33 timing arborist:ctor Completed in 0ms
34 silly logfile done cleaning log files
35 timing arborist:ctor Completed in 0ms
36 timing idealTree:init Completed in 10ms
37 timing idealTree:userRequests Completed in 0ms
38 silly idealTree buildDeps
39 silly fetch manifest typescript@^4.9.3
40 http fetch GET 200 https://registry.npmjs.org/typescript 24ms (cache hit)
41 silly fetch manifest @types/node@^14.14
42 http fetch GET 200 https://registry.npmjs.org/@types%2fnode 9ms (cache hit)
43 silly fetch manifest coc.nvim@^0.0.83-next.11
44 http fetch GET 200 https://registry.npmjs.org/coc.nvim 3ms (cache hit)
45 silly fetch manifest esbuild@^0.15.7
46 http fetch GET 200 https://registry.npmjs.org/esbuild 5ms (cache hit)
47 silly fetch manifest semver@^7.3.7
48 http fetch GET 200 https://registry.npmjs.org/semver 3ms (cache hit)
49 silly fetch manifest vscode-languageserver-protocol@^3.17.2
50 http fetch GET 200 https://registry.npmjs.org/vscode-languageserver-protocol 3ms (cache hit)
51 silly fetch manifest strip-ansi@^7.0.1
52 http fetch GET 200 https://registry.npmjs.org/strip-ansi 2ms (cache hit)
53 silly fetch manifest which@^2.0.2
54 http fetch GET 200 https://registry.npmjs.org/which 3ms (cache hit)
55 silly placeDep ROOT @types/node@14.18.36 OK for: coc-tsserver@2.1.0 want: ^14.14
56 silly placeDep ROOT coc.nvim@0.0.83-next.15 OK for: coc-tsserver@2.1.0 want: ^0.0.83-next.11
57 silly placeDep ROOT esbuild@0.15.18 OK for: coc-tsserver@2.1.0 want: ^0.15.7
58 silly placeDep ROOT semver@7.3.8 OK for: coc-tsserver@2.1.0 want: ^7.3.7
59 silly placeDep ROOT strip-ansi@7.0.1 OK for: coc-tsserver@2.1.0 want: ^7.0.1
60 silly placeDep ROOT typescript@4.9.4 OK for: coc-tsserver@2.1.0 want: ^4.9.3
61 silly placeDep ROOT vscode-languageserver-protocol@3.17.2 OK for: coc-tsserver@2.1.0 want: ^3.17.2
62 silly placeDep ROOT which@2.0.2 OK for: coc-tsserver@2.1.0 want: ^2.0.2
63 silly fetch manifest @esbuild/android-arm@0.15.18
64 silly fetch manifest @esbuild/linux-loong64@0.15.18
65 silly fetch manifest esbuild-android-64@0.15.18
66 silly fetch manifest esbuild-android-arm64@0.15.18
67 silly fetch manifest esbuild-darwin-64@0.15.18
68 silly fetch manifest esbuild-darwin-arm64@0.15.18
69 silly fetch manifest esbuild-freebsd-64@0.15.18
70 silly fetch manifest esbuild-freebsd-arm64@0.15.18
71 silly fetch manifest esbuild-linux-32@0.15.18
72 silly fetch manifest esbuild-linux-64@0.15.18
73 silly fetch manifest esbuild-linux-arm@0.15.18
74 silly fetch manifest esbuild-linux-arm64@0.15.18
75 silly fetch manifest esbuild-linux-mips64le@0.15.18
76 silly fetch manifest esbuild-linux-ppc64le@0.15.18
77 silly fetch manifest esbuild-linux-riscv64@0.15.18
78 silly fetch manifest esbuild-linux-s390x@0.15.18
79 silly fetch manifest esbuild-netbsd-64@0.15.18
80 silly fetch manifest esbuild-openbsd-64@0.15.18
81 silly fetch manifest esbuild-sunos-64@0.15.18
82 silly fetch manifest esbuild-windows-32@0.15.18
83 silly fetch manifest esbuild-windows-64@0.15.18
84 silly fetch manifest esbuild-windows-arm64@0.15.18
85 silly fetch manifest lru-cache@^6.0.0
86 silly fetch manifest ansi-regex@^6.0.1
87 silly fetch manifest vscode-jsonrpc@8.0.2
88 silly fetch manifest vscode-languageserver-types@3.17.2
89 silly fetch manifest isexe@^2.0.0
90 http fetch GET 200 https://registry.npmjs.org/@esbuild%2flinux-loong64 58ms (cache hit)
91 http fetch GET 200 https://registry.npmjs.org/esbuild-android-arm64 58ms (cache hit)
92 http fetch GET 200 https://registry.npmjs.org/esbuild-android-64 60ms (cache hit)
93 http fetch GET 200 https://registry.npmjs.org/@esbuild%2fandroid-arm 62ms (cache hit)
94 http fetch GET 200 https://registry.npmjs.org/esbuild-darwin-arm64 61ms (cache hit)
95 http fetch GET 200 https://registry.npmjs.org/esbuild-darwin-64 63ms (cache hit)
96 http fetch GET 200 https://registry.npmjs.org/esbuild-linux-32 66ms (cache hit)
97 http fetch GET 200 https://registry.npmjs.org/esbuild-freebsd-64 70ms (cache hit)
98 http fetch GET 200 https://registry.npmjs.org/esbuild-linux-arm 70ms (cache hit)
99 http fetch GET 200 https://registry.npmjs.org/esbuild-freebsd-arm64 74ms (cache hit)
100 http fetch GET 200 https://registry.npmjs.org/esbuild-linux-s390x 72ms (cache hit)
101 http fetch GET 200 https://registry.npmjs.org/esbuild-netbsd-64 78ms (cache hit)
102 http fetch GET 200 https://registry.npmjs.org/esbuild-linux-riscv64 81ms (cache hit)
103 http fetch GET 200 https://registry.npmjs.org/esbuild-sunos-64 79ms (cache hit)
104 http fetch GET 200 https://registry.npmjs.org/esbuild-linux-ppc64le 84ms (cache hit)
105 http fetch GET 200 https://registry.npmjs.org/esbuild-linux-arm64 88ms (cache hit)
106 http fetch GET 200 https://registry.npmjs.org/esbuild-openbsd-64 86ms (cache hit)
107 http fetch GET 200 https://registry.npmjs.org/lru-cache 83ms (cache hit)
108 http fetch GET 200 https://registry.npmjs.org/esbuild-windows-arm64 86ms (cache hit)
109 http fetch GET 200 https://registry.npmjs.org/esbuild-linux-mips64le 94ms (cache hit)
110 http fetch GET 200 https://registry.npmjs.org/esbuild-linux-64 97ms (cache hit)
111 http fetch GET 200 https://registry.npmjs.org/vscode-languageserver-types 88ms (cache hit)
112 http fetch GET 200 https://registry.npmjs.org/esbuild-windows-32 94ms (cache hit)
113 http fetch GET 200 https://registry.npmjs.org/esbuild-windows-64 96ms (cache hit)
114 http fetch GET 200 https://registry.npmjs.org/ansi-regex 103ms (cache hit)
115 http fetch GET 200 https://registry.npmjs.org/vscode-jsonrpc 105ms (cache hit)
116 http fetch GET 200 https://registry.npmjs.org/isexe 105ms (cache hit)
117 timing idealTree:#root Completed in 264ms
118 timing idealTree:node_modules/@types/node Completed in 0ms
119 timing idealTree:node_modules/coc.nvim Completed in 0ms
120 silly placeDep ROOT @esbuild/android-arm@0.15.18 OK for: esbuild@0.15.18 want: 0.15.18
121 silly placeDep ROOT @esbuild/linux-loong64@0.15.18 OK for: esbuild@0.15.18 want: 0.15.18
122 silly placeDep ROOT esbuild-android-64@0.15.18 OK for: esbuild@0.15.18 want: 0.15.18
123 silly placeDep ROOT esbuild-android-arm64@0.15.18 OK for: esbuild@0.15.18 want: 0.15.18
124 silly placeDep ROOT esbuild-darwin-64@0.15.18 OK for: esbuild@0.15.18 want: 0.15.18
125 silly placeDep ROOT esbuild-darwin-arm64@0.15.18 OK for: esbuild@0.15.18 want: 0.15.18
126 silly placeDep ROOT esbuild-freebsd-64@0.15.18 OK for: esbuild@0.15.18 want: 0.15.18
127 silly placeDep ROOT esbuild-freebsd-arm64@0.15.18 OK for: esbuild@0.15.18 want: 0.15.18
128 silly placeDep ROOT esbuild-linux-32@0.15.18 OK for: esbuild@0.15.18 want: 0.15.18
129 silly placeDep ROOT esbuild-linux-64@0.15.18 OK for: esbuild@0.15.18 want: 0.15.18
130 silly placeDep ROOT esbuild-linux-arm@0.15.18 OK for: esbuild@0.15.18 want: 0.15.18
131 silly placeDep ROOT esbuild-linux-arm64@0.15.18 OK for: esbuild@0.15.18 want: 0.15.18
132 silly placeDep ROOT esbuild-linux-mips64le@0.15.18 OK for: esbuild@0.15.18 want: 0.15.18
133 silly placeDep ROOT esbuild-linux-ppc64le@0.15.18 OK for: esbuild@0.15.18 want: 0.15.18
134 silly placeDep ROOT esbuild-linux-riscv64@0.15.18 OK for: esbuild@0.15.18 want: 0.15.18
135 silly placeDep ROOT esbuild-linux-s390x@0.15.18 OK for: esbuild@0.15.18 want: 0.15.18
136 silly placeDep ROOT esbuild-netbsd-64@0.15.18 OK for: esbuild@0.15.18 want: 0.15.18
137 silly placeDep ROOT esbuild-openbsd-64@0.15.18 OK for: esbuild@0.15.18 want: 0.15.18
138 silly placeDep ROOT esbuild-sunos-64@0.15.18 OK for: esbuild@0.15.18 want: 0.15.18
139 silly placeDep ROOT esbuild-windows-32@0.15.18 OK for: esbuild@0.15.18 want: 0.15.18
140 silly placeDep ROOT esbuild-windows-64@0.15.18 OK for: esbuild@0.15.18 want: 0.15.18
141 silly placeDep ROOT esbuild-windows-arm64@0.15.18 OK for: esbuild@0.15.18 want: 0.15.18
142 timing idealTree:node_modules/esbuild Completed in 23ms
143 timing idealTree:node_modules/@esbuild/android-arm Completed in 0ms
144 timing idealTree:node_modules/@esbuild/linux-loong64 Completed in 0ms
145 timing idealTree:node_modules/esbuild-android-64 Completed in 0ms
146 timing idealTree:node_modules/esbuild-android-arm64 Completed in 0ms
147 timing idealTree:node_modules/esbuild-darwin-64 Completed in 0ms
148 timing idealTree:node_modules/esbuild-darwin-arm64 Completed in 0ms
149 timing idealTree:node_modules/esbuild-freebsd-64 Completed in 0ms
150 timing idealTree:node_modules/esbuild-freebsd-arm64 Completed in 0ms
151 timing idealTree:node_modules/esbuild-linux-32 Completed in 0ms
152 timing idealTree:node_modules/esbuild-linux-64 Completed in 0ms
153 timing idealTree:node_modules/esbuild-linux-arm Completed in 0ms
154 timing idealTree:node_modules/esbuild-linux-arm64 Completed in 0ms
155 timing idealTree:node_modules/esbuild-linux-mips64le Completed in 0ms
156 timing idealTree:node_modules/esbuild-linux-ppc64le Completed in 0ms
157 timing idealTree:node_modules/esbuild-linux-riscv64 Completed in 0ms
158 timing idealTree:node_modules/esbuild-linux-s390x Completed in 0ms
159 timing idealTree:node_modules/esbuild-netbsd-64 Completed in 0ms
160 timing idealTree:node_modules/esbuild-openbsd-64 Completed in 0ms
161 timing idealTree:node_modules/esbuild-sunos-64 Completed in 0ms
162 timing idealTree:node_modules/esbuild-windows-32 Completed in 0ms
163 timing idealTree:node_modules/esbuild-windows-64 Completed in 0ms
164 timing idealTree:node_modules/esbuild-windows-arm64 Completed in 0ms
165 silly placeDep ROOT lru-cache@6.0.0 OK for: semver@7.3.8 want: ^6.0.0
166 silly fetch manifest yallist@^4.0.0
167 http fetch GET 200 https://registry.npmjs.org/yallist 7ms (cache hit)
168 timing idealTree:node_modules/semver Completed in 9ms
169 silly placeDep ROOT yallist@4.0.0 OK for: lru-cache@6.0.0 want: ^4.0.0
170 timing idealTree:node_modules/lru-cache Completed in 1ms
171 silly placeDep ROOT ansi-regex@6.0.1 OK for: strip-ansi@7.0.1 want: ^6.0.1
172 timing idealTree:node_modules/strip-ansi Completed in 1ms
173 timing idealTree:node_modules/ansi-regex Completed in 0ms
174 timing idealTree:node_modules/typescript Completed in 0ms
175 silly placeDep ROOT vscode-jsonrpc@8.0.2 OK for: vscode-languageserver-protocol@3.17.2 want: 8.0.2
176 silly placeDep ROOT vscode-languageserver-types@3.17.2 OK for: vscode-languageserver-protocol@3.17.2 want: 3.17.2
177 timing idealTree:node_modules/vscode-languageserver-protocol Completed in 2ms
178 timing idealTree:node_modules/vscode-jsonrpc Completed in 0ms
179 timing idealTree:node_modules/vscode-languageserver-types Completed in 0ms
180 silly placeDep ROOT isexe@2.0.0 OK for: which@2.0.2 want: ^2.0.0
181 timing idealTree:node_modules/which Completed in 1ms
182 timing idealTree:node_modules/isexe Completed in 0ms
183 timing idealTree:node_modules/yallist Completed in 0ms
184 timing idealTree:buildDeps Completed in 303ms
185 timing idealTree:fixDepFlags Completed in 0ms
186 timing idealTree Completed in 316ms
187 timing reify:loadTrees Completed in 316ms
188 timing reify:diffTrees Completed in 1ms
189 silly reify moves {}
190 timing reify:retireShallow Completed in 1ms
191 timing reify:createSparse Completed in 3ms
192 silly reify mark deleted [
192 silly reify   '/home/alan1/.config/coc/extensions/node_modules/coc-tsserver-c5f61c4f-4cd2-4662-823c-ef7029ea01df/node_modules/@types/node'
192 silly reify ]
193 silly reify mark deleted [
193 silly reify   '/home/alan1/.config/coc/extensions/node_modules/coc-tsserver-c5f61c4f-4cd2-4662-823c-ef7029ea01df/node_modules/coc.nvim'
193 silly reify ]
194 silly reify mark deleted [
194 silly reify   '/home/alan1/.config/coc/extensions/node_modules/coc-tsserver-c5f61c4f-4cd2-4662-823c-ef7029ea01df/node_modules/esbuild',
194 silly reify   '/home/alan1/.config/coc/extensions/node_modules/coc-tsserver-c5f61c4f-4cd2-4662-823c-ef7029ea01df/node_modules/.bin/esbuild'
194 silly reify ]
195 silly reify mark deleted [
195 silly reify   '/home/alan1/.config/coc/extensions/node_modules/coc-tsserver-c5f61c4f-4cd2-4662-823c-ef7029ea01df/node_modules/semver',
195 silly reify   '/home/alan1/.config/coc/extensions/node_modules/coc-tsserver-c5f61c4f-4cd2-4662-823c-ef7029ea01df/node_modules/.bin/semver'
195 silly reify ]
196 silly reify mark deleted [
196 silly reify   '/home/alan1/.config/coc/extensions/node_modules/coc-tsserver-c5f61c4f-4cd2-4662-823c-ef7029ea01df/node_modules/strip-ansi'
196 silly reify ]
197 silly reify mark deleted [
197 silly reify   '/home/alan1/.config/coc/extensions/node_modules/coc-tsserver-c5f61c4f-4cd2-4662-823c-ef7029ea01df/node_modules/vscode-languageserver-protocol'
197 silly reify ]
198 silly reify mark deleted [
198 silly reify   '/home/alan1/.config/coc/extensions/node_modules/coc-tsserver-c5f61c4f-4cd2-4662-823c-ef7029ea01df/node_modules/which',
198 silly reify   '/home/alan1/.config/coc/extensions/node_modules/coc-tsserver-c5f61c4f-4cd2-4662-823c-ef7029ea01df/node_modules/.bin/node-which'
198 silly reify ]
199 silly reify mark deleted [
199 silly reify   '/home/alan1/.config/coc/extensions/node_modules/coc-tsserver-c5f61c4f-4cd2-4662-823c-ef7029ea01df/node_modules/@esbuild/android-arm'
199 silly reify ]
200 silly reify mark deleted [
200 silly reify   '/home/alan1/.config/coc/extensions/node_modules/coc-tsserver-c5f61c4f-4cd2-4662-823c-ef7029ea01df/node_modules/@esbuild/linux-loong64'
200 silly reify ]
201 silly reify mark deleted [
201 silly reify   '/home/alan1/.config/coc/extensions/node_modules/coc-tsserver-c5f61c4f-4cd2-4662-823c-ef7029ea01df/node_modules/esbuild-android-64'
201 silly reify ]
202 silly reify mark deleted [
202 silly reify   '/home/alan1/.config/coc/extensions/node_modules/coc-tsserver-c5f61c4f-4cd2-4662-823c-ef7029ea01df/node_modules/esbuild-android-arm64'
202 silly reify ]
203 silly reify mark deleted [
203 silly reify   '/home/alan1/.config/coc/extensions/node_modules/coc-tsserver-c5f61c4f-4cd2-4662-823c-ef7029ea01df/node_modules/esbuild-darwin-64'
203 silly reify ]
204 silly reify mark deleted [
204 silly reify   '/home/alan1/.config/coc/extensions/node_modules/coc-tsserver-c5f61c4f-4cd2-4662-823c-ef7029ea01df/node_modules/esbuild-darwin-arm64'
204 silly reify ]
205 silly reify mark deleted [
205 silly reify   '/home/alan1/.config/coc/extensions/node_modules/coc-tsserver-c5f61c4f-4cd2-4662-823c-ef7029ea01df/node_modules/esbuild-freebsd-64'
205 silly reify ]
206 silly reify mark deleted [
206 silly reify   '/home/alan1/.config/coc/extensions/node_modules/coc-tsserver-c5f61c4f-4cd2-4662-823c-ef7029ea01df/node_modules/esbuild-freebsd-arm64'
206 silly reify ]
207 silly reify mark deleted [
207 silly reify   '/home/alan1/.config/coc/extensions/node_modules/coc-tsserver-c5f61c4f-4cd2-4662-823c-ef7029ea01df/node_modules/esbuild-linux-32'
207 silly reify ]
208 silly reify mark deleted [
208 silly reify   '/home/alan1/.config/coc/extensions/node_modules/coc-tsserver-c5f61c4f-4cd2-4662-823c-ef7029ea01df/node_modules/esbuild-linux-64'
208 silly reify ]
209 silly reify mark deleted [
209 silly reify   '/home/alan1/.config/coc/extensions/node_modules/coc-tsserver-c5f61c4f-4cd2-4662-823c-ef7029ea01df/node_modules/esbuild-linux-arm'
209 silly reify ]
210 silly reify mark deleted [
210 silly reify   '/home/alan1/.config/coc/extensions/node_modules/coc-tsserver-c5f61c4f-4cd2-4662-823c-ef7029ea01df/node_modules/esbuild-linux-arm64'
210 silly reify ]
211 silly reify mark deleted [
211 silly reify   '/home/alan1/.config/coc/extensions/node_modules/coc-tsserver-c5f61c4f-4cd2-4662-823c-ef7029ea01df/node_modules/esbuild-linux-mips64le'
211 silly reify ]
212 silly reify mark deleted [
212 silly reify   '/home/alan1/.config/coc/extensions/node_modules/coc-tsserver-c5f61c4f-4cd2-4662-823c-ef7029ea01df/node_modules/esbuild-linux-ppc64le'
212 silly reify ]
213 silly reify mark deleted [
213 silly reify   '/home/alan1/.config/coc/extensions/node_modules/coc-tsserver-c5f61c4f-4cd2-4662-823c-ef7029ea01df/node_modules/esbuild-linux-riscv64'
213 silly reify ]
214 silly reify mark deleted [
214 silly reify   '/home/alan1/.config/coc/extensions/node_modules/coc-tsserver-c5f61c4f-4cd2-4662-823c-ef7029ea01df/node_modules/esbuild-linux-s390x'
214 silly reify ]
215 silly reify mark deleted [
215 silly reify   '/home/alan1/.config/coc/extensions/node_modules/coc-tsserver-c5f61c4f-4cd2-4662-823c-ef7029ea01df/node_modules/esbuild-netbsd-64'
215 silly reify ]
216 silly reify mark deleted [
216 silly reify   '/home/alan1/.config/coc/extensions/node_modules/coc-tsserver-c5f61c4f-4cd2-4662-823c-ef7029ea01df/node_modules/esbuild-openbsd-64'
216 silly reify ]
217 silly reify mark deleted [
217 silly reify   '/home/alan1/.config/coc/extensions/node_modules/coc-tsserver-c5f61c4f-4cd2-4662-823c-ef7029ea01df/node_modules/esbuild-sunos-64'
217 silly reify ]
218 silly reify mark deleted [
218 silly reify   '/home/alan1/.config/coc/extensions/node_modules/coc-tsserver-c5f61c4f-4cd2-4662-823c-ef7029ea01df/node_modules/esbuild-windows-32'
218 silly reify ]
219 silly reify mark deleted [
219 silly reify   '/home/alan1/.config/coc/extensions/node_modules/coc-tsserver-c5f61c4f-4cd2-4662-823c-ef7029ea01df/node_modules/esbuild-windows-64'
219 silly reify ]
220 silly reify mark deleted [
220 silly reify   '/home/alan1/.config/coc/extensions/node_modules/coc-tsserver-c5f61c4f-4cd2-4662-823c-ef7029ea01df/node_modules/esbuild-windows-arm64'
220 silly reify ]
221 silly reify mark deleted [
221 silly reify   '/home/alan1/.config/coc/extensions/node_modules/coc-tsserver-c5f61c4f-4cd2-4662-823c-ef7029ea01df/node_modules/lru-cache'
221 silly reify ]
222 silly reify mark deleted [
222 silly reify   '/home/alan1/.config/coc/extensions/node_modules/coc-tsserver-c5f61c4f-4cd2-4662-823c-ef7029ea01df/node_modules/yallist'
222 silly reify ]
223 silly reify mark deleted [
223 silly reify   '/home/alan1/.config/coc/extensions/node_modules/coc-tsserver-c5f61c4f-4cd2-4662-823c-ef7029ea01df/node_modules/ansi-regex'
223 silly reify ]
224 silly reify mark deleted [
224 silly reify   '/home/alan1/.config/coc/extensions/node_modules/coc-tsserver-c5f61c4f-4cd2-4662-823c-ef7029ea01df/node_modules/vscode-jsonrpc'
224 silly reify ]
225 silly reify mark deleted [
225 silly reify   '/home/alan1/.config/coc/extensions/node_modules/coc-tsserver-c5f61c4f-4cd2-4662-823c-ef7029ea01df/node_modules/vscode-languageserver-types'
225 silly reify ]
226 silly reify mark deleted [
226 silly reify   '/home/alan1/.config/coc/extensions/node_modules/coc-tsserver-c5f61c4f-4cd2-4662-823c-ef7029ea01df/node_modules/isexe'
226 silly reify ]
227 timing reify:trashOmits Completed in 4ms
228 timing reify:loadBundles Completed in 0ms
229 silly audit bulk request { typescript: [ '4.9.4' ] }
230 silly tarball no local data for typescript@https://registry.npmjs.org/typescript/-/typescript-4.9.4.tgz. Extracting by manifest.
231 http fetch POST 200 https://registry.npmjs.org/-/npm/v1/security/advisories/bulk 349ms
232 timing auditReport:getReport Completed in 349ms
233 silly audit report {}
234 timing auditReport:init Completed in 0ms
235 timing reify:audit Completed in 349ms
236 http fetch GET 200 https://registry.npmjs.org/typescript/-/typescript-4.9.4.tgz 812ms (cache miss)
237 timing reifyNode:node_modules/typescript Completed in 846ms
238 timing reify:unpack Completed in 846ms
239 timing reify:unretire Completed in 0ms
240 timing build:queue Completed in 1ms
241 timing build:link:node_modules/typescript Completed in 1ms
242 timing build:link Completed in 1ms
243 timing build:deps Completed in 3ms
244 timing build Completed in 3ms
245 timing reify:build Completed in 4ms
246 timing reify:trash Completed in 3ms
247 timing reify:save Completed in 7ms
248 timing reify Completed in 1192ms
249 silly ADD
250 silly ADD
251 silly ADD
252 silly ADD
253 silly ADD
254 silly ADD
255 silly ADD
256 silly ADD
257 silly ADD
258 silly ADD
259 silly ADD
260 silly ADD
261 silly ADD
262 silly ADD
263 silly ADD
264 silly ADD
265 silly ADD
266 silly ADD
267 silly ADD
268 silly ADD
269 silly ADD
270 silly ADD
271 silly ADD
272 silly ADD
273 silly ADD
274 silly ADD
275 silly ADD
276 silly ADD
277 silly ADD
278 silly ADD
279 silly ADD node_modules/typescript
280 silly ADD
281 silly ADD
282 silly ADD
283 silly ADD
284 silly ADD
285 timing command:install Completed in 1196ms
286 verbose exit 0
287 timing npm Completed in 1232ms
288 info ok
