0 verbose cli /snap/node/6905/bin/node /usr/local/bin/npm
1 info using npm@9.2.0
2 info using node@v18.12.1
3 timing npm:load:whichnode Completed in 0ms
4 timing config:load:defaults Completed in 1ms
5 timing config:load:file:/usr/local/lib/node_modules/npm/npmrc Completed in 0ms
6 timing config:load:builtin Completed in 1ms
7 timing config:load:cli Completed in 1ms
8 timing config:load:env Completed in 0ms
9 timing config:load:file:/home/alan1/myapp/.npmrc Completed in 0ms
10 timing config:load:project Completed in 7ms
11 timing config:load:file:/home/alan1/.npmrc Completed in 1ms
12 timing config:load:user Completed in 1ms
13 timing config:load:file:/snap/node/6905/etc/npmrc Completed in 1ms
14 timing config:load:global Completed in 1ms
15 timing config:load:setEnvs Completed in 0ms
16 timing config:load Completed in 12ms
17 timing npm:load:configload Completed in 12ms
18 timing npm:load:mkdirpcache Completed in 1ms
19 timing npm:load:mkdirplogs Completed in 0ms
20 verbose title npm install nodemon
21 verbose argv "install" "--save-dev" "nodemon"
22 timing npm:load:setTitle Completed in 1ms
23 timing config:load:flatten Completed in 2ms
24 timing npm:load:display Completed in 2ms
25 verbose logfile logs-max:10 dir:/home/alan1/.npm/_logs/2023-01-05T18_08_49_923Z-
26 verbose logfile /home/alan1/.npm/_logs/2023-01-05T18_08_49_923Z-debug-0.log
27 timing npm:load:logFile Completed in 4ms
28 timing npm:load:timers Completed in 0ms
29 timing npm:load:configScope Completed in 0ms
30 timing npm:load Completed in 21ms
31 silly logfile start cleaning logs, removing 1 files
32 timing config:load:flatten Completed in 0ms
33 timing arborist:ctor Completed in 0ms
34 silly logfile done cleaning log files
35 timing idealTree:init Completed in 69ms
36 timing idealTree:userRequests Completed in 2ms
37 silly idealTree buildDeps
38 silly fetch manifest nodemon@*
39 timing arborist:ctor Completed in 0ms
40 http fetch GET 200 https://registry.npmjs.org/nodemon 282ms (cache miss)
41 silly placeDep ROOT nodemon@2.0.20 OK for: myapp@0.0.0 want: *
42 silly fetch manifest chokidar@^3.5.2
43 silly fetch manifest debug@^3.2.7
44 silly fetch manifest ignore-by-default@^1.0.1
45 silly fetch manifest minimatch@^3.1.2
46 silly fetch manifest pstree.remy@^1.1.8
47 silly fetch manifest semver@^5.7.1
48 silly fetch manifest simple-update-notifier@^1.0.7
49 silly fetch manifest supports-color@^5.5.0
50 silly fetch manifest touch@^3.1.0
51 silly fetch manifest undefsafe@^2.0.5
52 http fetch GET 200 https://registry.npmjs.org/debug 24ms (cache hit)
53 http fetch GET 200 https://registry.npmjs.org/chokidar 68ms (cache miss)
54 http fetch GET 200 https://registry.npmjs.org/pstree.remy 136ms (cache miss)
55 http fetch GET 200 https://registry.npmjs.org/simple-update-notifier 137ms (cache miss)
56 http fetch GET 200 https://registry.npmjs.org/supports-color 148ms (cache miss)
57 http fetch GET 200 https://registry.npmjs.org/ignore-by-default 151ms (cache miss)
58 http fetch GET 200 https://registry.npmjs.org/touch 153ms (cache miss)
59 http fetch GET 200 https://registry.npmjs.org/undefsafe 773ms (cache miss)
60 http fetch GET 200 https://registry.npmjs.org/semver 780ms (cache miss)
61 http fetch GET 200 https://registry.npmjs.org/minimatch 1098ms (cache miss)
62 timing idealTree:#root Completed in 1390ms
63 silly placeDep ROOT chokidar@3.5.3 OK for: nodemon@2.0.20 want: ^3.5.2
64 silly placeDep node_modules/nodemon debug@3.2.7 OK for: nodemon@2.0.20 want: ^3.2.7
65 silly placeDep ROOT ignore-by-default@1.0.1 OK for: nodemon@2.0.20 want: ^1.0.1
66 silly placeDep ROOT minimatch@3.1.2 OK for: nodemon@2.0.20 want: ^3.1.2
67 silly placeDep ROOT pstree.remy@1.1.8 OK for: nodemon@2.0.20 want: ^1.1.8
68 silly placeDep ROOT semver@5.7.1 OK for: nodemon@2.0.20 want: ^5.7.1
69 silly placeDep ROOT simple-update-notifier@1.1.0 OK for: nodemon@2.0.20 want: ^1.0.7
70 silly placeDep ROOT supports-color@5.5.0 OK for: nodemon@2.0.20 want: ^5.5.0
71 silly placeDep ROOT touch@3.1.0 OK for: nodemon@2.0.20 want: ^3.1.0
72 silly placeDep ROOT undefsafe@2.0.5 OK for: nodemon@2.0.20 want: ^2.0.5
73 silly fetch manifest anymatch@~3.1.2
74 silly fetch manifest braces@~3.0.2
75 silly fetch manifest glob-parent@~5.1.2
76 silly fetch manifest is-binary-path@~2.1.0
77 silly fetch manifest is-glob@~4.0.1
78 silly fetch manifest normalize-path@~3.0.0
79 silly fetch manifest readdirp@~3.6.0
80 silly fetch manifest fsevents@~2.3.2
81 silly fetch manifest ms@^2.1.1
82 silly fetch manifest brace-expansion@^1.1.7
83 silly fetch manifest semver@~7.0.0
84 silly fetch manifest has-flag@^3.0.0
85 silly fetch manifest nopt@~1.0.10
86 http fetch GET 200 https://registry.npmjs.org/ms 15ms (cache hit)
87 http fetch GET 200 https://registry.npmjs.org/brace-expansion 62ms (cache miss)
88 http fetch GET 200 https://registry.npmjs.org/is-binary-path 67ms (cache miss)
89 http fetch GET 200 https://registry.npmjs.org/anymatch 75ms (cache miss)
90 http fetch GET 200 https://registry.npmjs.org/glob-parent 78ms (cache miss)
91 http fetch GET 200 https://registry.npmjs.org/is-glob 77ms (cache miss)
92 http fetch GET 200 https://registry.npmjs.org/fsevents 80ms (cache miss)
93 http fetch GET 200 https://registry.npmjs.org/normalize-path 92ms (cache miss)
94 http fetch GET 200 https://registry.npmjs.org/braces 116ms (cache miss)
95 http fetch GET 200 https://registry.npmjs.org/readdirp 117ms (cache miss)
96 http fetch GET 200 https://registry.npmjs.org/nopt 128ms (cache miss)
97 http fetch GET 200 https://registry.npmjs.org/has-flag 434ms (cache miss)
98 timing idealTree:node_modules/nodemon Completed in 448ms
99 silly placeDep ROOT anymatch@3.1.3 OK for: chokidar@3.5.3 want: ~3.1.2
100 silly placeDep ROOT braces@3.0.2 OK for: chokidar@3.5.3 want: ~3.0.2
101 silly placeDep ROOT fsevents@2.3.2 OK for: chokidar@3.5.3 want: ~2.3.2
102 silly placeDep ROOT glob-parent@5.1.2 OK for: chokidar@3.5.3 want: ~5.1.2
103 silly placeDep ROOT is-binary-path@2.1.0 OK for: chokidar@3.5.3 want: ~2.1.0
104 silly placeDep ROOT is-glob@4.0.3 OK for: chokidar@3.5.3 want: ~4.0.1
105 silly placeDep ROOT normalize-path@3.0.0 OK for: chokidar@3.5.3 want: ~3.0.0
106 silly placeDep ROOT readdirp@3.6.0 OK for: chokidar@3.5.3 want: ~3.6.0
107 silly fetch manifest picomatch@^2.0.4
108 silly fetch manifest fill-range@^7.0.1
109 silly fetch manifest binary-extensions@^2.0.0
110 silly fetch manifest is-extglob@^2.1.1
111 silly fetch manifest picomatch@^2.2.1
112 http fetch GET 200 https://registry.npmjs.org/is-extglob 50ms (cache miss)
113 http fetch GET 200 https://registry.npmjs.org/fill-range 62ms (cache miss)
114 http fetch GET 200 https://registry.npmjs.org/picomatch 60ms (cache miss)
115 http fetch GET 200 https://registry.npmjs.org/binary-extensions 72ms (cache miss)
116 http fetch GET 200 https://registry.npmjs.org/picomatch 709ms (cache miss)
117 timing idealTree:node_modules/chokidar Completed in 717ms
118 silly placeDep ROOT picomatch@2.3.1 OK for: anymatch@3.1.3 want: ^2.0.4
119 timing idealTree:node_modules/anymatch Completed in 1ms
120 silly placeDep ROOT fill-range@7.0.1 OK for: braces@3.0.2 want: ^7.0.1
121 silly fetch manifest to-regex-range@^5.0.1
122 http fetch GET 200 https://registry.npmjs.org/to-regex-range 254ms (cache miss)
123 timing idealTree:node_modules/braces Completed in 256ms
124 silly placeDep ROOT to-regex-range@5.0.1 OK for: fill-range@7.0.1 want: ^5.0.1
125 silly fetch manifest is-number@^7.0.0
126 http fetch GET 200 https://registry.npmjs.org/is-number 72ms (cache miss)
127 timing idealTree:node_modules/fill-range Completed in 75ms
128 timing idealTree:node_modules/fsevents Completed in 0ms
129 timing idealTree:node_modules/glob-parent Completed in 0ms
130 timing idealTree:node_modules/ignore-by-default Completed in 0ms
131 silly placeDep ROOT binary-extensions@2.2.0 OK for: is-binary-path@2.1.0 want: ^2.0.0
132 timing idealTree:node_modules/is-binary-path Completed in 1ms
133 timing idealTree:node_modules/binary-extensions Completed in 0ms
134 silly placeDep ROOT is-extglob@2.1.1 OK for: is-glob@4.0.3 want: ^2.1.1
135 timing idealTree:node_modules/is-glob Completed in 1ms
136 timing idealTree:node_modules/is-extglob Completed in 1ms
137 silly placeDep ROOT brace-expansion@1.1.11 OK for: minimatch@3.1.2 want: ^1.1.7
138 silly fetch manifest balanced-match@^1.0.0
139 silly fetch manifest concat-map@0.0.1
140 http fetch GET 200 https://registry.npmjs.org/concat-map 52ms (cache miss)
141 http fetch GET 200 https://registry.npmjs.org/balanced-match 740ms (cache miss)
142 timing idealTree:node_modules/minimatch Completed in 742ms
143 silly placeDep ROOT balanced-match@1.0.2 OK for: brace-expansion@1.1.11 want: ^1.0.0
144 silly placeDep ROOT concat-map@0.0.1 OK for: brace-expansion@1.1.11 want: 0.0.1
145 timing idealTree:node_modules/brace-expansion Completed in 2ms
146 timing idealTree:node_modules/balanced-match Completed in 0ms
147 timing idealTree:node_modules/concat-map Completed in 0ms
148 timing idealTree:node_modules/normalize-path Completed in 0ms
149 timing idealTree:node_modules/picomatch Completed in 0ms
150 timing idealTree:node_modules/pstree.remy Completed in 0ms
151 timing idealTree:node_modules/readdirp Completed in 0ms
152 timing idealTree:node_modules/semver Completed in 0ms
153 silly placeDep node_modules/simple-update-notifier semver@7.0.0 OK for: simple-update-notifier@1.1.0 want: ~7.0.0
154 timing idealTree:node_modules/simple-update-notifier Completed in 1ms
155 silly placeDep ROOT has-flag@3.0.0 OK for: supports-color@5.5.0 want: ^3.0.0
156 timing idealTree:node_modules/supports-color Completed in 1ms
157 timing idealTree:node_modules/has-flag Completed in 0ms
158 silly placeDep ROOT is-number@7.0.0 OK for: to-regex-range@5.0.1 want: ^7.0.0
159 timing idealTree:node_modules/to-regex-range Completed in 1ms
160 timing idealTree:node_modules/is-number Completed in 0ms
161 silly placeDep ROOT nopt@1.0.10 OK for: touch@3.1.0 want: ~1.0.10
162 silly fetch manifest abbrev@1
163 http fetch GET 200 https://registry.npmjs.org/abbrev 70ms (cache miss)
164 timing idealTree:node_modules/touch Completed in 72ms
165 silly placeDep ROOT abbrev@1.1.1 OK for: nopt@1.0.10 want: 1
166 timing idealTree:node_modules/nopt Completed in 0ms
167 timing idealTree:node_modules/abbrev Completed in 0ms
168 timing idealTree:node_modules/undefsafe Completed in 0ms
169 silly placeDep node_modules/nodemon ms@2.1.3 OK for: debug@3.2.7 want: ^2.1.1
170 timing idealTree:node_modules/nodemon/node_modules/debug Completed in 0ms
171 timing idealTree:node_modules/nodemon/node_modules/ms Completed in 0ms
172 timing idealTree:node_modules/simple-update-notifier/node_modules/semver Completed in 0ms
173 timing idealTree:buildDeps Completed in 3715ms
174 timing idealTree:fixDepFlags Completed in 1ms
175 timing idealTree Completed in 3789ms
176 timing reify:loadTrees Completed in 3789ms
177 timing reify:diffTrees Completed in 3ms
178 silly reify moves {}
179 timing reify:retireShallow Completed in 1ms
180 timing reify:createSparse Completed in 2ms
181 timing reify:loadBundles Completed in 0ms
182 silly audit bulk request {
182 silly audit   '@babel/helper-string-parser': [ '7.19.4' ],
182 silly audit   '@babel/helper-validator-identifier': [ '7.19.1' ],
182 silly audit   '@babel/parser': [ '7.20.7' ],
182 silly audit   '@babel/types': [ '7.20.7' ],
182 silly audit   accepts: [ '1.3.8' ],
182 silly audit   acorn: [ '7.4.1' ],
182 silly audit   'array-flatten': [ '1.1.1' ],
182 silly audit   asap: [ '2.0.6' ],
182 silly audit   'assert-never': [ '1.2.1' ],
182 silly audit   'babel-walk': [ '3.0.0-canary-5' ],
182 silly audit   'basic-auth': [ '2.0.1' ],
182 silly audit   'body-parser': [ '1.20.1' ],
182 silly audit   depd: [ '2.0.0', '1.1.2' ],
182 silly audit   'http-errors': [ '2.0.0', '1.6.3' ],
182 silly audit   inherits: [ '2.0.4', '2.0.3' ],
182 silly audit   'on-finished': [ '2.4.1', '2.3.0' ],
182 silly audit   setprototypeof: [ '1.2.0', '1.1.0' ],
182 silly audit   statuses: [ '2.0.1', '1.4.0' ],
182 silly audit   bytes: [ '3.1.2' ],
182 silly audit   'call-bind': [ '1.0.2' ],
182 silly audit   'character-parser': [ '2.2.0' ],
182 silly audit   constantinople: [ '4.0.1' ],
182 silly audit   'content-disposition': [ '0.5.4' ],
182 silly audit   'safe-buffer': [ '5.2.1', '5.1.2' ],
182 silly audit   'content-type': [ '1.0.4' ],
182 silly audit   cookie: [ '0.4.1', '0.5.0' ],
182 silly audit   'cookie-parser': [ '1.4.6' ],
182 silly audit   'cookie-signature': [ '1.0.6' ],
182 silly audit   debug: [ '2.6.9', '3.2.7' ],
182 silly audit   destroy: [ '1.2.0' ],
182 silly audit   doctypes: [ '1.1.0' ],
182 silly audit   'ee-first': [ '1.1.1' ],
182 silly audit   encodeurl: [ '1.0.2' ],
182 silly audit   'escape-html': [ '1.0.3' ],
182 silly audit   etag: [ '1.8.1' ],
182 silly audit   express: [ '4.18.2' ],
182 silly audit   finalhandler: [ '1.2.0' ],
182 silly audit   forwarded: [ '0.2.0' ],
182 silly audit   fresh: [ '0.5.2' ],
182 silly audit   'function-bind': [ '1.1.1' ],
182 silly audit   'get-intrinsic': [ '1.1.3' ],
182 silly audit   has: [ '1.0.3' ],
182 silly audit   'has-symbols': [ '1.0.3' ],
182 silly audit   'has-tostringtag': [ '1.0.0' ],
182 silly audit   'iconv-lite': [ '0.4.24' ],
182 silly audit   'ipaddr.js': [ '1.9.1' ],
182 silly audit   'is-core-module': [ '2.11.0' ],
182 silly audit   'is-expression': [ '4.0.0' ],
182 silly audit   'is-promise': [ '2.2.2' ],
182 silly audit   'is-regex': [ '1.1.4' ],
182 silly audit   'js-stringify': [ '1.0.2' ],
182 silly audit   jstransformer: [ '1.0.0' ],
182 silly audit   'media-typer': [ '0.3.0' ],
182 silly audit   'merge-descriptors': [ '1.0.1' ],
182 silly audit   methods: [ '1.1.2' ],
182 silly audit   mime: [ '1.6.0' ],
182 silly audit   'mime-db': [ '1.52.0' ],
182 silly audit   'mime-types': [ '2.1.35' ],
182 silly audit   morgan: [ '1.9.1' ],
182 silly audit   ms: [ '2.0.0', '2.1.3' ],
182 silly audit   negotiator: [ '0.6.3' ],
182 silly audit   'object-assign': [ '4.1.1' ],
182 silly audit   'object-inspect': [ '1.12.2' ],
182 silly audit   'on-headers': [ '1.0.2' ],
182 silly audit   parseurl: [ '1.3.3' ],
182 silly audit   'path-parse': [ '1.0.7' ],
182 silly audit   'path-to-regexp': [ '0.1.7' ],
182 silly audit   promise: [ '7.3.1' ],
182 silly audit   'proxy-addr': [ '2.0.7' ],
182 silly audit   pug: [ '3.0.2' ],
182 silly audit   'pug-attrs': [ '3.0.0' ],
182 silly audit   'pug-code-gen': [ '3.0.2' ],
182 silly audit   'pug-error': [ '2.0.0' ],
182 silly audit   'pug-filters': [ '4.0.0' ],
182 silly audit   'pug-lexer': [ '5.0.1' ],
182 silly audit   'pug-linker': [ '4.0.0' ],
182 silly audit   'pug-load': [ '3.0.0' ],
182 silly audit   'pug-parser': [ '6.0.0' ],
182 silly audit   'pug-runtime': [ '3.0.1' ],
182 silly audit   'pug-strip-comments': [ '2.0.0' ],
182 silly audit   'pug-walk': [ '2.0.0' ],
182 silly audit   qs: [ '6.11.0' ],
182 silly audit   'range-parser': [ '1.2.1' ],
182 silly audit   'raw-body': [ '2.5.1' ],
182 silly audit   resolve: [ '1.22.1' ],
182 silly audit   'safer-buffer': [ '2.1.2' ],
182 silly audit   send: [ '0.18.0' ],
182 silly audit   'serve-static': [ '1.15.0' ],
182 silly audit   'side-channel': [ '1.0.4' ],
182 silly audit   'supports-preserve-symlinks-flag': [ '1.0.0' ],
182 silly audit   'to-fast-properties': [ '2.0.0' ],
182 silly audit   toidentifier: [ '1.0.1' ],
182 silly audit   'token-stream': [ '1.0.0' ],
182 silly audit   'type-is': [ '1.6.18' ],
182 silly audit   unpipe: [ '1.0.0' ],
182 silly audit   'utils-merge': [ '1.0.1' ],
182 silly audit   vary: [ '1.1.2' ],
182 silly audit   'void-elements': [ '3.1.0' ],
182 silly audit   with: [ '7.0.2' ],
182 silly audit   nodemon: [ '2.0.20' ],
182 silly audit   chokidar: [ '3.5.3' ],
182 silly audit   'ignore-by-default': [ '1.0.1' ],
182 silly audit   minimatch: [ '3.1.2' ],
182 silly audit   'pstree.remy': [ '1.1.8' ],
182 silly audit   semver: [ '5.7.1', '7.0.0' ],
182 silly audit   'simple-update-notifier': [ '1.1.0' ],
182 silly audit   'supports-color': [ '5.5.0' ],
182 silly audit   touch: [ '3.1.0' ],
182 silly audit   undefsafe: [ '2.0.5' ],
182 silly audit   anymatch: [ '3.1.3' ],
182 silly audit   braces: [ '3.0.2' ],
182 silly audit   fsevents: [ '2.3.2' ],
182 silly audit   'glob-parent': [ '5.1.2' ],
182 silly audit   'is-binary-path': [ '2.1.0' ],
182 silly audit   'is-glob': [ '4.0.3' ],
182 silly audit   'normalize-path': [ '3.0.0' ],
182 silly audit   readdirp: [ '3.6.0' ],
182 silly audit   picomatch: [ '2.3.1' ],
182 silly audit   'fill-range': [ '7.0.1' ],
182 silly audit   'to-regex-range': [ '5.0.1' ],
182 silly audit   'binary-extensions': [ '2.2.0' ],
182 silly audit   'is-extglob': [ '2.1.1' ],
182 silly audit   'brace-expansion': [ '1.1.11' ],
182 silly audit   'balanced-match': [ '1.0.2' ],
182 silly audit   'concat-map': [ '0.0.1' ],
182 silly audit   'has-flag': [ '3.0.0' ],
182 silly audit   'is-number': [ '7.0.0' ],
182 silly audit   nopt: [ '1.0.10' ],
182 silly audit   abbrev: [ '1.1.1' ]
182 silly audit }
183 verbose reify failed optional dependency /home/alan1/myapp/node_modules/fsevents
184 silly reify mark deleted [ '/home/alan1/myapp/node_modules/fsevents' ]
185 timing reifyNode:node_modules/fsevents Completed in 10ms
186 silly tarball no local data for abbrev@https://registry.npmjs.org/abbrev/-/abbrev-1.1.1.tgz. Extracting by manifest.
187 silly tarball no local data for nopt@https://registry.npmjs.org/nopt/-/nopt-1.0.10.tgz. Extracting by manifest.
188 silly tarball no local data for concat-map@https://registry.npmjs.org/concat-map/-/concat-map-0.0.1.tgz. Extracting by manifest.
189 silly tarball no local data for balanced-match@https://registry.npmjs.org/balanced-match/-/balanced-match-1.0.2.tgz. Extracting by manifest.
190 silly tarball no local data for is-number@https://registry.npmjs.org/is-number/-/is-number-7.0.0.tgz. Extracting by manifest.
191 silly tarball no local data for has-flag@https://registry.npmjs.org/has-flag/-/has-flag-3.0.0.tgz. Extracting by manifest.
192 silly tarball no local data for brace-expansion@https://registry.npmjs.org/brace-expansion/-/brace-expansion-1.1.11.tgz. Extracting by manifest.
193 silly tarball no local data for is-extglob@https://registry.npmjs.org/is-extglob/-/is-extglob-2.1.1.tgz. Extracting by manifest.
194 silly tarball no local data for fill-range@https://registry.npmjs.org/fill-range/-/fill-range-7.0.1.tgz. Extracting by manifest.
195 silly tarball no local data for picomatch@https://registry.npmjs.org/picomatch/-/picomatch-2.3.1.tgz. Extracting by manifest.
196 silly tarball no local data for readdirp@https://registry.npmjs.org/readdirp/-/readdirp-3.6.0.tgz. Extracting by manifest.
197 silly tarball no local data for normalize-path@https://registry.npmjs.org/normalize-path/-/normalize-path-3.0.0.tgz. Extracting by manifest.
198 silly tarball no local data for binary-extensions@https://registry.npmjs.org/binary-extensions/-/binary-extensions-2.2.0.tgz. Extracting by manifest.
199 silly tarball no local data for is-glob@https://registry.npmjs.org/is-glob/-/is-glob-4.0.3.tgz. Extracting by manifest.
200 silly tarball no local data for is-binary-path@https://registry.npmjs.org/is-binary-path/-/is-binary-path-2.1.0.tgz. Extracting by manifest.
201 silly tarball no local data for glob-parent@https://registry.npmjs.org/glob-parent/-/glob-parent-5.1.2.tgz. Extracting by manifest.
202 silly tarball no local data for braces@https://registry.npmjs.org/braces/-/braces-3.0.2.tgz. Extracting by manifest.
203 silly tarball no local data for anymatch@https://registry.npmjs.org/anymatch/-/anymatch-3.1.3.tgz. Extracting by manifest.
204 silly tarball no local data for undefsafe@https://registry.npmjs.org/undefsafe/-/undefsafe-2.0.5.tgz. Extracting by manifest.
205 silly tarball no local data for touch@https://registry.npmjs.org/touch/-/touch-3.1.0.tgz. Extracting by manifest.
206 silly tarball no local data for supports-color@https://registry.npmjs.org/supports-color/-/supports-color-5.5.0.tgz. Extracting by manifest.
207 silly tarball no local data for simple-update-notifier@https://registry.npmjs.org/simple-update-notifier/-/simple-update-notifier-1.1.0.tgz. Extracting by manifest.
208 silly tarball no local data for pstree.remy@https://registry.npmjs.org/pstree.remy/-/pstree.remy-1.1.8.tgz. Extracting by manifest.
209 silly tarball no local data for semver@https://registry.npmjs.org/semver/-/semver-5.7.1.tgz. Extracting by manifest.
210 silly tarball no local data for ignore-by-default@https://registry.npmjs.org/ignore-by-default/-/ignore-by-default-1.0.1.tgz. Extracting by manifest.
211 silly tarball no local data for minimatch@https://registry.npmjs.org/minimatch/-/minimatch-3.1.2.tgz. Extracting by manifest.
212 silly tarball no local data for chokidar@https://registry.npmjs.org/chokidar/-/chokidar-3.5.3.tgz. Extracting by manifest.
213 silly tarball no local data for nodemon@https://registry.npmjs.org/nodemon/-/nodemon-2.0.20.tgz. Extracting by manifest.
214 silly tarball no local data for semver@https://registry.npmjs.org/semver/-/semver-7.0.0.tgz. Extracting by manifest.
215 silly tarball no local data for debug@https://registry.npmjs.org/debug/-/debug-3.2.7.tgz. Extracting by manifest.
216 silly tarball no local data for to-regex-range@https://registry.npmjs.org/to-regex-range/-/to-regex-range-5.0.1.tgz. Extracting by manifest.
217 timing reifyNode:node_modules/nodemon/node_modules/ms Completed in 72ms
218 http fetch GET 200 https://registry.npmjs.org/nopt/-/nopt-1.0.10.tgz 107ms (cache miss)
219 timing reifyNode:node_modules/nopt Completed in 138ms
220 http fetch GET 200 https://registry.npmjs.org/balanced-match/-/balanced-match-1.0.2.tgz 115ms (cache miss)
221 timing reifyNode:node_modules/balanced-match Completed in 139ms
222 http fetch GET 200 https://registry.npmjs.org/abbrev/-/abbrev-1.1.1.tgz 124ms (cache miss)
223 timing reifyNode:node_modules/abbrev Completed in 144ms
224 http fetch GET 200 https://registry.npmjs.org/is-extglob/-/is-extglob-2.1.1.tgz 113ms (cache miss)
225 timing reifyNode:node_modules/is-extglob Completed in 144ms
226 http fetch GET 200 https://registry.npmjs.org/fill-range/-/fill-range-7.0.1.tgz 115ms (cache miss)
227 timing reifyNode:node_modules/fill-range Completed in 147ms
228 http fetch GET 200 https://registry.npmjs.org/has-flag/-/has-flag-3.0.0.tgz 122ms (cache miss)
229 timing reifyNode:node_modules/has-flag Completed in 148ms
230 http fetch GET 200 https://registry.npmjs.org/is-number/-/is-number-7.0.0.tgz 124ms (cache miss)
231 timing reifyNode:node_modules/is-number Completed in 149ms
232 http fetch GET 200 https://registry.npmjs.org/concat-map/-/concat-map-0.0.1.tgz 128ms (cache miss)
233 http fetch GET 200 https://registry.npmjs.org/brace-expansion/-/brace-expansion-1.1.11.tgz 119ms (cache miss)
234 timing reifyNode:node_modules/brace-expansion Completed in 150ms
235 timing reifyNode:node_modules/concat-map Completed in 151ms
236 http fetch GET 200 https://registry.npmjs.org/picomatch/-/picomatch-2.3.1.tgz 124ms (cache miss)
237 timing reifyNode:node_modules/picomatch Completed in 157ms
238 http fetch GET 200 https://registry.npmjs.org/is-binary-path/-/is-binary-path-2.1.0.tgz 147ms (cache miss)
239 timing reifyNode:node_modules/is-binary-path Completed in 184ms
240 http fetch GET 200 https://registry.npmjs.org/glob-parent/-/glob-parent-5.1.2.tgz 149ms (cache miss)
241 timing reifyNode:node_modules/glob-parent Completed in 186ms
242 http fetch GET 200 https://registry.npmjs.org/anymatch/-/anymatch-3.1.3.tgz 153ms (cache miss)
243 timing reifyNode:node_modules/anymatch Completed in 192ms
244 http fetch GET 200 https://registry.npmjs.org/braces/-/braces-3.0.2.tgz 159ms (cache miss)
245 http fetch GET 200 https://registry.npmjs.org/is-glob/-/is-glob-4.0.3.tgz 161ms (cache miss)
246 timing reifyNode:node_modules/is-glob Completed in 197ms
247 timing reifyNode:node_modules/braces Completed in 203ms
248 http fetch GET 200 https://registry.npmjs.org/readdirp/-/readdirp-3.6.0.tgz 175ms (cache miss)
249 timing reifyNode:node_modules/readdirp Completed in 208ms
250 http fetch GET 200 https://registry.npmjs.org/touch/-/touch-3.1.0.tgz 168ms (cache miss)
251 timing reifyNode:node_modules/touch Completed in 207ms
252 http fetch GET 200 https://registry.npmjs.org/undefsafe/-/undefsafe-2.0.5.tgz 171ms (cache miss)
253 http fetch GET 200 https://registry.npmjs.org/normalize-path/-/normalize-path-3.0.0.tgz 176ms (cache miss)
254 timing reifyNode:node_modules/normalize-path Completed in 211ms
255 http fetch GET 200 https://registry.npmjs.org/supports-color/-/supports-color-5.5.0.tgz 171ms (cache miss)
256 timing reifyNode:node_modules/supports-color Completed in 211ms
257 timing reifyNode:node_modules/undefsafe Completed in 211ms
258 http fetch GET 200 https://registry.npmjs.org/pstree.remy/-/pstree.remy-1.1.8.tgz 173ms (cache miss)
259 http fetch GET 200 https://registry.npmjs.org/minimatch/-/minimatch-3.1.2.tgz 171ms (cache miss)
260 timing reifyNode:node_modules/minimatch Completed in 215ms
261 timing reifyNode:node_modules/pstree.remy Completed in 216ms
262 http fetch GET 200 https://registry.npmjs.org/simple-update-notifier/-/simple-update-notifier-1.1.0.tgz 175ms (cache miss)
263 timing reifyNode:node_modules/simple-update-notifier Completed in 218ms
264 http fetch GET 200 https://registry.npmjs.org/ignore-by-default/-/ignore-by-default-1.0.1.tgz 175ms (cache miss)
265 timing reifyNode:node_modules/ignore-by-default Completed in 219ms
266 http fetch GET 200 https://registry.npmjs.org/binary-extensions/-/binary-extensions-2.2.0.tgz 204ms (cache miss)
267 timing reifyNode:node_modules/binary-extensions Completed in 240ms
268 http fetch GET 200 https://registry.npmjs.org/chokidar/-/chokidar-3.5.3.tgz 203ms (cache miss)
269 timing reifyNode:node_modules/chokidar Completed in 248ms
270 http fetch GET 200 https://registry.npmjs.org/to-regex-range/-/to-regex-range-5.0.1.tgz 196ms (cache miss)
271 timing reifyNode:node_modules/to-regex-range Completed in 251ms
272 http fetch GET 200 https://registry.npmjs.org/semver/-/semver-5.7.1.tgz 216ms (cache miss)
273 timing reifyNode:node_modules/semver Completed in 258ms
274 http fetch GET 200 https://registry.npmjs.org/debug/-/debug-3.2.7.tgz 210ms (cache miss)
275 timing reifyNode:node_modules/nodemon/node_modules/debug Completed in 259ms
276 http fetch GET 200 https://registry.npmjs.org/semver/-/semver-7.0.0.tgz 223ms (cache miss)
277 timing reifyNode:node_modules/simple-update-notifier/node_modules/semver Completed in 269ms
278 http fetch GET 200 https://registry.npmjs.org/nodemon/-/nodemon-2.0.20.tgz 228ms (cache miss)
279 timing reifyNode:node_modules/nodemon Completed in 273ms
280 timing reify:unpack Completed in 275ms
281 timing reify:unretire Completed in 0ms
282 timing build:queue Completed in 2ms
283 timing build:link:node_modules/nodemon Completed in 2ms
284 timing build:link:node_modules/nopt Completed in 2ms
285 timing build:link:node_modules/semver Completed in 2ms
286 timing build:link:node_modules/touch Completed in 2ms
287 timing build:link:node_modules/simple-update-notifier/node_modules/semver Completed in 2ms
288 timing build:link Completed in 3ms
289 timing build:deps Completed in 5ms
290 timing build Completed in 5ms
291 timing reify:build Completed in 6ms
292 timing reify:trash Completed in 1ms
293 timing reify:save Completed in 26ms
294 http fetch POST 200 https://registry.npmjs.org/-/npm/v1/security/advisories/bulk 3530ms
295 timing auditReport:getReport Completed in 3533ms
296 silly audit report {}
297 timing auditReport:init Completed in 0ms
298 timing reify:audit Completed in 3534ms
299 timing reify Completed in 7331ms
300 silly ADD node_modules/abbrev
301 silly ADD node_modules/nopt
302 silly ADD node_modules/is-number
303 silly ADD node_modules/has-flag
304 silly ADD node_modules/concat-map
305 silly ADD node_modules/balanced-match
306 silly ADD node_modules/brace-expansion
307 silly ADD node_modules/is-extglob
308 silly ADD node_modules/binary-extensions
309 silly ADD node_modules/to-regex-range
310 silly ADD node_modules/fill-range
311 silly ADD node_modules/picomatch
312 silly ADD node_modules/readdirp
313 silly ADD node_modules/normalize-path
314 silly ADD node_modules/is-glob
315 silly ADD node_modules/is-binary-path
316 silly ADD node_modules/glob-parent
317 silly ADD
318 silly ADD node_modules/braces
319 silly ADD node_modules/anymatch
320 silly ADD node_modules/undefsafe
321 silly ADD node_modules/touch
322 silly ADD node_modules/supports-color
323 silly ADD node_modules/simple-update-notifier
324 silly ADD node_modules/simple-update-notifier/node_modules/semver
325 silly ADD node_modules/semver
326 silly ADD node_modules/pstree.remy
327 silly ADD node_modules/minimatch
328 silly ADD node_modules/ignore-by-default
329 silly ADD node_modules/chokidar
330 silly ADD node_modules/nodemon
331 silly ADD node_modules/nodemon/node_modules/ms
332 silly ADD node_modules/nodemon/node_modules/debug
333 timing command:install Completed in 7338ms
334 verbose exit 0
335 timing npm Completed in 7368ms
336 info ok
