0 verbose cli /snap/node/6905/bin/node /usr/local/bin/npm
1 info using npm@9.2.0
2 info using node@v18.12.1
3 timing npm:load:whichnode Completed in 0ms
4 timing config:load:defaults Completed in 1ms
5 timing config:load:file:/usr/local/lib/node_modules/npm/npmrc Completed in 1ms
6 timing config:load:builtin Completed in 1ms
7 timing config:load:cli Completed in 1ms
8 timing config:load:env Completed in 1ms
9 timing config:load:file:/home/alan1/myapp/.npmrc Completed in 0ms
10 timing config:load:project Completed in 7ms
11 timing config:load:file:/home/alan1/.npmrc Completed in 0ms
12 timing config:load:user Completed in 1ms
13 timing config:load:file:/snap/node/6905/etc/npmrc Completed in 1ms
14 timing config:load:global Completed in 1ms
15 timing config:load:setEnvs Completed in 0ms
16 timing config:load Completed in 13ms
17 timing npm:load:configload Completed in 13ms
18 timing npm:load:mkdirpcache Completed in 1ms
19 timing npm:load:mkdirplogs Completed in 0ms
20 verbose title npm audit fix
21 verbose argv "audit" "fix" "--force"
22 timing npm:load:setTitle Completed in 1ms
23 timing config:load:flatten Completed in 2ms
24 timing npm:load:display Completed in 2ms
25 verbose logfile logs-max:10 dir:/home/alan1/.npm/_logs/2023-01-05T18_07_14_473Z-
26 verbose logfile /home/alan1/.npm/_logs/2023-01-05T18_07_14_473Z-debug-0.log
27 timing npm:load:logFile Completed in 3ms
28 timing npm:load:timers Completed in 0ms
29 timing npm:load:configScope Completed in 0ms
30 warn using --force Recommended protections disabled.
31 timing npm:load Completed in 21ms
32 silly logfile start cleaning logs, removing 1 files
33 timing config:load:flatten Completed in 0ms
34 timing arborist:ctor Completed in 0ms
35 silly logfile done cleaning log files
36 silly audit bulk request {
36 silly audit   '@types/babel-types': [ '7.0.11' ],
36 silly audit   '@types/babylon': [ '6.16.6' ],
36 silly audit   accepts: [ '1.3.8' ],
36 silly audit   acorn: [ '4.0.13', '3.3.0' ],
36 silly audit   'acorn-globals': [ '3.1.0' ],
36 silly audit   'align-text': [ '0.1.4' ],
36 silly audit   'array-flatten': [ '1.1.1' ],
36 silly audit   asap: [ '2.0.6' ],
36 silly audit   'babel-runtime': [ '6.26.0' ],
36 silly audit   'babel-types': [ '6.26.0' ],
36 silly audit   babylon: [ '6.18.0' ],
36 silly audit   'basic-auth': [ '2.0.1' ],
36 silly audit   'body-parser': [ '1.20.1' ],
36 silly audit   depd: [ '2.0.0', '1.1.2' ],
36 silly audit   'http-errors': [ '2.0.0', '1.6.3' ],
36 silly audit   inherits: [ '2.0.4', '2.0.3' ],
36 silly audit   'on-finished': [ '2.4.1', '2.3.0' ],
36 silly audit   setprototypeof: [ '1.2.0', '1.1.0' ],
36 silly audit   statuses: [ '2.0.1', '1.4.0' ],
36 silly audit   bytes: [ '3.1.2' ],
36 silly audit   'call-bind': [ '1.0.2' ],
36 silly audit   camelcase: [ '1.2.1' ],
36 silly audit   'center-align': [ '0.1.3' ],
36 silly audit   'character-parser': [ '2.2.0' ],
36 silly audit   'clean-css': [ '4.2.4' ],
36 silly audit   cliui: [ '2.1.0' ],
36 silly audit   constantinople: [ '3.1.2' ],
36 silly audit   'content-disposition': [ '0.5.4' ],
36 silly audit   'safe-buffer': [ '5.2.1', '5.1.2' ],
36 silly audit   'content-type': [ '1.0.4' ],
36 silly audit   cookie: [ '0.4.1', '0.5.0' ],
36 silly audit   'cookie-parser': [ '1.4.6' ],
36 silly audit   'cookie-signature': [ '1.0.6' ],
36 silly audit   'core-js': [ '2.6.12' ],
36 silly audit   debug: [ '2.6.9' ],
36 silly audit   decamelize: [ '1.2.0' ],
36 silly audit   destroy: [ '1.2.0' ],
36 silly audit   doctypes: [ '1.1.0' ],
36 silly audit   'ee-first': [ '1.1.1' ],
36 silly audit   encodeurl: [ '1.0.2' ],
36 silly audit   'escape-html': [ '1.0.3' ],
36 silly audit   esutils: [ '2.0.3' ],
36 silly audit   etag: [ '1.8.1' ],
36 silly audit   express: [ '4.18.2' ],
36 silly audit   finalhandler: [ '1.2.0' ],
36 silly audit   forwarded: [ '0.2.0' ],
36 silly audit   fresh: [ '0.5.2' ],
36 silly audit   'function-bind': [ '1.1.1' ],
36 silly audit   'get-intrinsic': [ '1.1.3' ],
36 silly audit   has: [ '1.0.3' ],
36 silly audit   'has-symbols': [ '1.0.3' ],
36 silly audit   'has-tostringtag': [ '1.0.0' ],
36 silly audit   'iconv-lite': [ '0.4.24' ],
36 silly audit   'ipaddr.js': [ '1.9.1' ],
36 silly audit   'is-buffer': [ '1.1.6' ],
36 silly audit   'is-core-module': [ '2.11.0' ],
36 silly audit   'is-expression': [ '3.0.0' ],
36 silly audit   'is-promise': [ '2.2.2' ],
36 silly audit   'is-regex': [ '1.1.4' ],
36 silly audit   'js-stringify': [ '1.0.2' ],
36 silly audit   jstransformer: [ '1.0.0' ],
36 silly audit   'kind-of': [ '3.2.2' ],
36 silly audit   'lazy-cache': [ '1.0.4' ],
36 silly audit   lodash: [ '4.17.21' ],
36 silly audit   longest: [ '1.0.1' ],
36 silly audit   'media-typer': [ '0.3.0' ],
36 silly audit   'merge-descriptors': [ '1.0.1' ],
36 silly audit   methods: [ '1.1.2' ],
36 silly audit   mime: [ '1.6.0' ],
36 silly audit   'mime-db': [ '1.52.0' ],
36 silly audit   'mime-types': [ '2.1.35' ],
36 silly audit   morgan: [ '1.9.1' ],
36 silly audit   ms: [ '2.0.0', '2.1.3' ],
36 silly audit   negotiator: [ '0.6.3' ],
36 silly audit   'object-assign': [ '4.1.1' ],
36 silly audit   'object-inspect': [ '1.12.2' ],
36 silly audit   'on-headers': [ '1.0.2' ],
36 silly audit   parseurl: [ '1.3.3' ],
36 silly audit   'path-parse': [ '1.0.7' ],
36 silly audit   'path-to-regexp': [ '0.1.7' ],
36 silly audit   promise: [ '7.3.1' ],
36 silly audit   'proxy-addr': [ '2.0.7' ],
36 silly audit   pug: [ '2.0.4' ],
36 silly audit   'pug-attrs': [ '2.0.4' ],
36 silly audit   'pug-code-gen': [ '2.0.3' ],
36 silly audit   'pug-error': [ '1.3.3' ],
36 silly audit   'pug-filters': [ '3.1.1' ],
36 silly audit   'pug-lexer': [ '4.1.0' ],
36 silly audit   'pug-linker': [ '3.0.6' ],
36 silly audit   'pug-load': [ '2.0.12' ],
36 silly audit   'pug-parser': [ '5.0.1' ],
36 silly audit   'pug-runtime': [ '2.0.5' ],
36 silly audit   'pug-strip-comments': [ '1.0.4' ],
36 silly audit   'pug-walk': [ '1.1.8' ],
36 silly audit   qs: [ '6.11.0' ],
36 silly audit   'range-parser': [ '1.2.1' ],
36 silly audit   'raw-body': [ '2.5.1' ],
36 silly audit   'regenerator-runtime': [ '0.11.1' ],
36 silly audit   'repeat-string': [ '1.6.1' ],
36 silly audit   resolve: [ '1.22.1' ],
36 silly audit   'right-align': [ '0.1.3' ],
36 silly audit   'safer-buffer': [ '2.1.2' ],
36 silly audit   send: [ '0.18.0' ],
36 silly audit   'serve-static': [ '1.15.0' ],
36 silly audit   'side-channel': [ '1.0.4' ],
36 silly audit   'source-map': [ '0.6.1', '0.5.7' ],
36 silly audit   'supports-preserve-symlinks-flag': [ '1.0.0' ],
36 silly audit   'to-fast-properties': [ '1.0.3' ],
36 silly audit   toidentifier: [ '1.0.1' ],
36 silly audit   'token-stream': [ '0.0.1' ],
36 silly audit   'type-is': [ '1.6.18' ],
36 silly audit   'uglify-js': [ '2.8.29' ],
36 silly audit   'uglify-to-browserify': [ '1.0.2' ],
36 silly audit   unpipe: [ '1.0.0' ],
36 silly audit   'utils-merge': [ '1.0.1' ],
36 silly audit   vary: [ '1.1.2' ],
36 silly audit   'void-elements': [ '2.0.1' ],
36 silly audit   'window-size': [ '0.1.0' ],
36 silly audit   with: [ '5.1.1' ],
36 silly audit   wordwrap: [ '0.0.2' ],
36 silly audit   yargs: [ '3.10.0' ]
36 silly audit }
37 http fetch POST 200 https://registry.npmjs.org/-/npm/v1/security/advisories/bulk 312ms
38 timing auditReport:getReport Completed in 317ms
39 silly audit report {
39 silly audit report   pug: [
39 silly audit report     {
39 silly audit report       id: 1082383,
39 silly audit report       url: 'https://github.com/advisories/GHSA-p493-635q-r6gr',
39 silly audit report       title: 'Remote code execution via the `pretty` option.',
39 silly audit report       severity: 'high',
39 silly audit report       vulnerable_versions: '<3.0.1',
39 silly audit report       cwe: [Array],
39 silly audit report       cvss: [Object]
39 silly audit report     }
39 silly audit report   ]
39 silly audit report }
40 timing metavuln:cache:get:security-advisory:pug:RaVP9DUJp+Z2pYLTTv/8EjaOFB3h6XRRv44cD7Bmm1nV1/v7/OCHqgW6Zt/fw0xPqzQtMLJun9DoC6WsHkGQPA== Completed in 5ms
41 http fetch GET 200 https://registry.npmjs.org/pug 10ms (cache hit)
42 timing metavuln:packument:pug Completed in 11ms
43 timing metavuln:load:security-advisory:pug:1082383 Completed in 1ms
44 timing metavuln:calculate:security-advisory:pug:1082383 Completed in 13ms
45 timing auditReport:init Completed in 15ms
46 timing audit Completed in 406ms
47 timing idealTree:init Completed in 2ms
48 warn audit Updating pug to 3.0.2, which is a SemVer major change.
49 timing idealTree:userRequests Completed in 3ms
50 silly idealTree buildDeps
51 silly fetch manifest pug@3.0.2
52 silly placeDep ROOT pug@3.0.2 REPLACE for: myapp@0.0.0 want: 3.0.2
53 silly fetch manifest pug-code-gen@^3.0.2
54 silly fetch manifest pug-filters@^4.0.0
55 silly fetch manifest pug-lexer@^5.0.1
56 silly fetch manifest pug-linker@^4.0.0
57 silly fetch manifest pug-load@^3.0.0
58 silly fetch manifest pug-parser@^6.0.0
59 silly fetch manifest pug-runtime@^3.0.1
60 silly fetch manifest pug-strip-comments@^2.0.0
61 timing arborist:ctor Completed in 0ms
62 http fetch GET 200 https://registry.npmjs.org/pug-lexer 64ms (cache hit)
63 http fetch GET 200 https://registry.npmjs.org/pug-code-gen 64ms (cache hit)
64 http fetch GET 200 https://registry.npmjs.org/pug-load 64ms (cache hit)
65 http fetch GET 200 https://registry.npmjs.org/pug-linker 65ms (cache hit)
66 http fetch GET 200 https://registry.npmjs.org/pug-parser 65ms (cache hit)
67 http fetch GET 200 https://registry.npmjs.org/pug-filters 67ms (cache hit)
68 http fetch GET 200 https://registry.npmjs.org/pug-runtime 66ms (cache hit)
69 http fetch GET 200 https://registry.npmjs.org/pug-strip-comments 67ms (cache hit)
70 timing idealTree:#root Completed in 75ms
71 silly placeDep ROOT pug-code-gen@3.0.2 OK for: pug@3.0.2 want: ^3.0.2
72 silly placeDep ROOT pug-filters@4.0.0 OK for: pug@3.0.2 want: ^4.0.0
73 silly placeDep ROOT pug-lexer@5.0.1 OK for: pug@3.0.2 want: ^5.0.1
74 silly placeDep ROOT pug-linker@4.0.0 OK for: pug@3.0.2 want: ^4.0.0
75 silly placeDep ROOT pug-load@3.0.0 OK for: pug@3.0.2 want: ^3.0.0
76 silly placeDep ROOT pug-parser@6.0.0 OK for: pug@3.0.2 want: ^6.0.0
77 silly placeDep ROOT pug-runtime@3.0.1 OK for: pug@3.0.2 want: ^3.0.1
78 silly placeDep ROOT pug-strip-comments@2.0.0 OK for: pug@3.0.2 want: ^2.0.0
79 silly fetch manifest constantinople@^4.0.1
80 silly fetch manifest doctypes@^1.1.0
81 silly fetch manifest js-stringify@^1.0.2
82 silly fetch manifest pug-attrs@^3.0.0
83 silly fetch manifest pug-error@^2.0.0
84 silly fetch manifest void-elements@^3.1.0
85 silly fetch manifest with@^7.0.0
86 silly fetch manifest jstransformer@1.0.0
87 silly fetch manifest pug-walk@^2.0.0
88 silly fetch manifest resolve@^1.15.1
89 silly fetch manifest character-parser@^2.2.0
90 silly fetch manifest is-expression@^4.0.0
91 silly fetch manifest object-assign@^4.1.1
92 silly fetch manifest token-stream@1.0.0
93 http fetch GET 200 https://registry.npmjs.org/doctypes 23ms (cache hit)
94 http fetch GET 200 https://registry.npmjs.org/js-stringify 23ms (cache hit)
95 http fetch GET 200 https://registry.npmjs.org/constantinople 25ms (cache hit)
96 http fetch GET 200 https://registry.npmjs.org/pug-attrs 24ms (cache hit)
97 http fetch GET 200 https://registry.npmjs.org/with 24ms (cache hit)
98 http fetch GET 200 https://registry.npmjs.org/jstransformer 24ms (cache hit)
99 http fetch GET 200 https://registry.npmjs.org/character-parser 24ms (cache hit)
100 http fetch GET 200 https://registry.npmjs.org/pug-walk 25ms (cache hit)
101 http fetch GET 200 https://registry.npmjs.org/pug-error 27ms (cache hit)
102 http fetch GET 200 https://registry.npmjs.org/void-elements 26ms (cache hit)
103 http fetch GET 200 https://registry.npmjs.org/token-stream 23ms (cache hit)
104 http fetch GET 200 https://registry.npmjs.org/is-expression 25ms (cache hit)
105 http fetch GET 200 https://registry.npmjs.org/resolve 26ms (cache hit)
106 http fetch GET 200 https://registry.npmjs.org/object-assign 25ms (cache hit)
107 timing idealTree:node_modules/pug Completed in 37ms
108 silly placeDep ROOT constantinople@4.0.1 OK for: pug-code-gen@3.0.2 want: ^4.0.1
109 silly placeDep ROOT doctypes@1.1.0 OK for: pug-code-gen@3.0.2 want: ^1.1.0
110 silly placeDep ROOT js-stringify@1.0.2 OK for: pug-code-gen@3.0.2 want: ^1.0.2
111 silly placeDep ROOT pug-attrs@3.0.0 OK for: pug-code-gen@3.0.2 want: ^3.0.0
112 silly placeDep ROOT pug-error@2.0.0 OK for: pug-code-gen@3.0.2 want: ^2.0.0
113 silly placeDep ROOT void-elements@3.1.0 OK for: pug-code-gen@3.0.2 want: ^3.1.0
114 silly placeDep ROOT with@7.0.2 OK for: pug-code-gen@3.0.2 want: ^7.0.0
115 silly fetch manifest @babel/parser@^7.6.0
116 silly fetch manifest @babel/types@^7.6.1
117 silly fetch manifest @babel/parser@^7.9.6
118 silly fetch manifest @babel/types@^7.9.6
119 silly fetch manifest assert-never@^1.2.1
120 silly fetch manifest babel-walk@3.0.0-canary-5
121 http fetch GET 200 https://registry.npmjs.org/@babel%2fparser 122ms (cache miss)
122 http fetch GET 200 https://registry.npmjs.org/@babel%2ftypes 177ms (cache miss)
123 http fetch GET 200 https://registry.npmjs.org/@babel%2ftypes 260ms (cache miss)
124 http fetch GET 200 https://registry.npmjs.org/@babel%2fparser 269ms (cache miss)
125 http fetch GET 200 https://registry.npmjs.org/babel-walk 727ms (cache miss)
126 http fetch GET 200 https://registry.npmjs.org/assert-never 754ms (cache miss)
127 timing idealTree:node_modules/pug-code-gen Completed in 764ms
128 silly placeDep ROOT @babel/parser@7.20.7 OK for: constantinople@4.0.1 want: ^7.6.0
129 silly placeDep ROOT @babel/types@7.20.7 OK for: constantinople@4.0.1 want: ^7.6.1
130 silly fetch manifest @babel/helper-string-parser@^7.19.4
131 silly fetch manifest @babel/helper-validator-identifier@^7.19.1
132 silly fetch manifest to-fast-properties@^2.0.0
133 http fetch GET 200 https://registry.npmjs.org/to-fast-properties 5ms (cache hit)
134 http fetch GET 200 https://registry.npmjs.org/@babel%2fhelper-validator-identifier 84ms (cache miss)
135 http fetch GET 200 https://registry.npmjs.org/@babel%2fhelper-string-parser 148ms (cache miss)
136 timing idealTree:node_modules/constantinople Completed in 150ms
137 timing idealTree:node_modules/@babel/parser Completed in 0ms
138 silly placeDep ROOT @babel/helper-string-parser@7.19.4 OK for: @babel/types@7.20.7 want: ^7.19.4
139 silly placeDep ROOT @babel/helper-validator-identifier@7.19.1 OK for: @babel/types@7.20.7 want: ^7.19.1
140 silly placeDep ROOT to-fast-properties@2.0.0 OK for: @babel/types@7.20.7 want: ^2.0.0
141 timing idealTree:node_modules/@babel/types Completed in 3ms
142 timing idealTree:node_modules/@babel/helper-string-parser Completed in 0ms
143 timing idealTree:node_modules/@babel/helper-validator-identifier Completed in 0ms
144 timing idealTree:node_modules/doctypes Completed in 0ms
145 timing idealTree:node_modules/js-stringify Completed in 0ms
146 timing idealTree:node_modules/pug-attrs Completed in 0ms
147 timing idealTree:node_modules/pug-error Completed in 0ms
148 silly placeDep ROOT jstransformer@1.0.0 OK for: pug-filters@4.0.0 want: 1.0.0
149 silly placeDep ROOT pug-walk@2.0.0 OK for: pug-filters@4.0.0 want: ^2.0.0
150 silly placeDep ROOT resolve@1.22.1 OK for: pug-filters@4.0.0 want: ^1.15.1
151 silly fetch manifest is-promise@^2.0.0
152 silly fetch manifest promise@^7.0.1
153 silly fetch manifest is-core-module@^2.9.0
154 silly fetch manifest path-parse@^1.0.7
155 silly fetch manifest supports-preserve-symlinks-flag@^1.0.0
156 http fetch GET 200 https://registry.npmjs.org/promise 14ms (cache hit)
157 http fetch GET 200 https://registry.npmjs.org/path-parse 13ms (cache hit)
158 http fetch GET 200 https://registry.npmjs.org/is-core-module 15ms (cache hit)
159 http fetch GET 200 https://registry.npmjs.org/is-promise 16ms (cache hit)
160 http fetch GET 200 https://registry.npmjs.org/supports-preserve-symlinks-flag 15ms (cache hit)
161 timing idealTree:node_modules/pug-filters Completed in 21ms
162 silly placeDep ROOT is-promise@2.2.2 OK for: jstransformer@1.0.0 want: ^2.0.0
163 silly placeDep ROOT promise@7.3.1 OK for: jstransformer@1.0.0 want: ^7.0.1
164 silly fetch manifest asap@~2.0.3
165 http fetch GET 200 https://registry.npmjs.org/asap 2ms (cache hit)
166 timing idealTree:node_modules/jstransformer Completed in 4ms
167 timing idealTree:node_modules/is-promise Completed in 0ms
168 silly placeDep ROOT asap@2.0.6 OK for: promise@7.3.1 want: ~2.0.3
169 timing idealTree:node_modules/promise Completed in 1ms
170 timing idealTree:node_modules/asap Completed in 0ms
171 silly placeDep ROOT character-parser@2.2.0 OK for: pug-lexer@5.0.1 want: ^2.2.0
172 silly placeDep ROOT is-expression@4.0.0 OK for: pug-lexer@5.0.1 want: ^4.0.0
173 silly fetch manifest is-regex@^1.0.3
174 silly fetch manifest acorn@^7.1.1
175 http fetch GET 200 https://registry.npmjs.org/is-regex 5ms (cache hit)
176 http fetch GET 200 https://registry.npmjs.org/acorn 5ms (cache hit)
177 timing idealTree:node_modules/pug-lexer Completed in 10ms
178 silly placeDep ROOT is-regex@1.1.4 OK for: character-parser@2.2.0 want: ^1.0.3
179 silly fetch manifest has-tostringtag@^1.0.0
180 http fetch GET 200 https://registry.npmjs.org/has-tostringtag 3ms (cache hit)
181 timing idealTree:node_modules/character-parser Completed in 5ms
182 silly placeDep ROOT acorn@7.4.1 OK for: is-expression@4.0.0 want: ^7.1.1
183 silly placeDep ROOT object-assign@4.1.1 OK for: is-expression@4.0.0 want: ^4.1.1
184 timing idealTree:node_modules/is-expression Completed in 3ms
185 timing idealTree:node_modules/acorn Completed in 0ms
186 silly placeDep ROOT has-tostringtag@1.0.0 OK for: is-regex@1.1.4 want: ^1.0.0
187 timing idealTree:node_modules/is-regex Completed in 1ms
188 timing idealTree:node_modules/has-tostringtag Completed in 0ms
189 timing idealTree:node_modules/object-assign Completed in 0ms
190 timing idealTree:node_modules/pug-linker Completed in 0ms
191 timing idealTree:node_modules/pug-load Completed in 0ms
192 silly placeDep ROOT token-stream@1.0.0 OK for: pug-parser@6.0.0 want: 1.0.0
193 timing idealTree:node_modules/pug-parser Completed in 1ms
194 timing idealTree:node_modules/pug-runtime Completed in 0ms
195 timing idealTree:node_modules/pug-strip-comments Completed in 0ms
196 timing idealTree:node_modules/pug-walk Completed in 0ms
197 silly placeDep ROOT is-core-module@2.11.0 OK for: resolve@1.22.1 want: ^2.9.0
198 silly placeDep ROOT path-parse@1.0.7 OK for: resolve@1.22.1 want: ^1.0.7
199 silly placeDep ROOT supports-preserve-symlinks-flag@1.0.0 OK for: resolve@1.22.1 want: ^1.0.0
200 timing idealTree:node_modules/resolve Completed in 3ms
201 timing idealTree:node_modules/is-core-module Completed in 0ms
202 timing idealTree:node_modules/path-parse Completed in 0ms
203 timing idealTree:node_modules/supports-preserve-symlinks-flag Completed in 0ms
204 timing idealTree:node_modules/to-fast-properties Completed in 0ms
205 timing idealTree:node_modules/token-stream Completed in 0ms
206 timing idealTree:node_modules/void-elements Completed in 0ms
207 silly placeDep ROOT assert-never@1.2.1 OK for: with@7.0.2 want: ^1.2.1
208 silly placeDep ROOT babel-walk@3.0.0-canary-5 OK for: with@7.0.2 want: 3.0.0-canary-5
209 timing idealTree:node_modules/with Completed in 1ms
210 timing idealTree:node_modules/assert-never Completed in 0ms
211 timing idealTree:node_modules/babel-walk Completed in 0ms
212 timing idealTree:buildDeps Completed in 1082ms
213 timing idealTree:fixDepFlags Completed in 2ms
214 timing idealTree Completed in 1089ms
215 timing reify:loadTrees Completed in 1089ms
216 timing reify:diffTrees Completed in 4ms
217 silly reify mark retired [ '/home/alan1/myapp/node_modules/@types/babel-types' ]
218 silly reify mark retired [ '/home/alan1/myapp/node_modules/@types/babylon' ]
219 silly reify mark retired [
219 silly reify   '/home/alan1/myapp/node_modules/acorn',
219 silly reify   '/home/alan1/myapp/node_modules/.bin/acorn'
219 silly reify ]
220 silly reify mark retired [ '/home/alan1/myapp/node_modules/acorn-globals' ]
221 silly reify mark retired [ '/home/alan1/myapp/node_modules/align-text' ]
222 silly reify mark retired [ '/home/alan1/myapp/node_modules/babel-runtime' ]
223 silly reify mark retired [ '/home/alan1/myapp/node_modules/babel-types' ]
224 silly reify mark retired [
224 silly reify   '/home/alan1/myapp/node_modules/babylon',
224 silly reify   '/home/alan1/myapp/node_modules/.bin/babylon'
224 silly reify ]
225 silly reify mark retired [ '/home/alan1/myapp/node_modules/camelcase' ]
226 silly reify mark retired [ '/home/alan1/myapp/node_modules/center-align' ]
227 silly reify mark retired [ '/home/alan1/myapp/node_modules/clean-css' ]
228 silly reify mark retired [ '/home/alan1/myapp/node_modules/cliui' ]
229 silly reify mark retired [ '/home/alan1/myapp/node_modules/constantinople' ]
230 silly reify mark retired [ '/home/alan1/myapp/node_modules/core-js' ]
231 silly reify mark retired [ '/home/alan1/myapp/node_modules/decamelize' ]
232 silly reify mark retired [ '/home/alan1/myapp/node_modules/esutils' ]
233 silly reify mark retired [ '/home/alan1/myapp/node_modules/is-buffer' ]
234 silly reify mark retired [ '/home/alan1/myapp/node_modules/is-expression' ]
235 silly reify mark retired [ '/home/alan1/myapp/node_modules/kind-of' ]
236 silly reify mark retired [ '/home/alan1/myapp/node_modules/lazy-cache' ]
237 silly reify mark retired [ '/home/alan1/myapp/node_modules/lodash' ]
238 silly reify mark retired [ '/home/alan1/myapp/node_modules/longest' ]
239 silly reify mark retired [ '/home/alan1/myapp/node_modules/pug' ]
240 silly reify mark retired [ '/home/alan1/myapp/node_modules/pug-attrs' ]
241 silly reify mark retired [ '/home/alan1/myapp/node_modules/pug-code-gen' ]
242 silly reify mark retired [ '/home/alan1/myapp/node_modules/pug-error' ]
243 silly reify mark retired [ '/home/alan1/myapp/node_modules/pug-filters' ]
244 silly reify mark retired [ '/home/alan1/myapp/node_modules/pug-lexer' ]
245 silly reify mark retired [ '/home/alan1/myapp/node_modules/pug-linker' ]
246 silly reify mark retired [ '/home/alan1/myapp/node_modules/pug-load' ]
247 silly reify mark retired [ '/home/alan1/myapp/node_modules/pug-parser' ]
248 silly reify mark retired [ '/home/alan1/myapp/node_modules/pug-runtime' ]
249 silly reify mark retired [ '/home/alan1/myapp/node_modules/pug-strip-comments' ]
250 silly reify mark retired [ '/home/alan1/myapp/node_modules/pug-walk' ]
251 silly reify mark retired [ '/home/alan1/myapp/node_modules/regenerator-runtime' ]
252 silly reify mark retired [ '/home/alan1/myapp/node_modules/repeat-string' ]
253 silly reify mark retired [ '/home/alan1/myapp/node_modules/right-align' ]
254 silly reify mark retired [ '/home/alan1/myapp/node_modules/source-map' ]
255 silly reify mark retired [ '/home/alan1/myapp/node_modules/to-fast-properties' ]
256 silly reify mark retired [ '/home/alan1/myapp/node_modules/token-stream' ]
257 silly reify mark retired [
257 silly reify   '/home/alan1/myapp/node_modules/uglify-js',
257 silly reify   '/home/alan1/myapp/node_modules/.bin/uglifyjs'
257 silly reify ]
258 silly reify mark retired [ '/home/alan1/myapp/node_modules/uglify-to-browserify' ]
259 silly reify mark retired [ '/home/alan1/myapp/node_modules/void-elements' ]
260 silly reify mark retired [ '/home/alan1/myapp/node_modules/window-size' ]
261 silly reify mark retired [ '/home/alan1/myapp/node_modules/with' ]
262 silly reify mark retired [ '/home/alan1/myapp/node_modules/wordwrap' ]
263 silly reify mark retired [ '/home/alan1/myapp/node_modules/yargs' ]
264 silly reify moves {
264 silly reify   '/home/alan1/myapp/node_modules/@types/babel-types': '/home/alan1/myapp/node_modules/@types/.babel-types-nZC0bWfi',
264 silly reify   '/home/alan1/myapp/node_modules/@types/babylon': '/home/alan1/myapp/node_modules/@types/.babylon-PZ8VCPOQ',
264 silly reify   '/home/alan1/myapp/node_modules/acorn': '/home/alan1/myapp/node_modules/.acorn-vWKYpbOM',
264 silly reify   '/home/alan1/myapp/node_modules/.bin/acorn': '/home/alan1/myapp/node_modules/.bin/.acorn-CEJsAraH',
264 silly reify   '/home/alan1/myapp/node_modules/acorn-globals': '/home/alan1/myapp/node_modules/.acorn-globals-EdVAjejm',
264 silly reify   '/home/alan1/myapp/node_modules/align-text': '/home/alan1/myapp/node_modules/.align-text-r5UVzxTj',
264 silly reify   '/home/alan1/myapp/node_modules/babel-runtime': '/home/alan1/myapp/node_modules/.babel-runtime-urepGRHm',
264 silly reify   '/home/alan1/myapp/node_modules/babel-types': '/home/alan1/myapp/node_modules/.babel-types-CgSgFkBK',
264 silly reify   '/home/alan1/myapp/node_modules/babylon': '/home/alan1/myapp/node_modules/.babylon-k4Iv2R5R',
264 silly reify   '/home/alan1/myapp/node_modules/.bin/babylon': '/home/alan1/myapp/node_modules/.bin/.babylon-EmkUGa05',
264 silly reify   '/home/alan1/myapp/node_modules/camelcase': '/home/alan1/myapp/node_modules/.camelcase-BF0ELvKu',
264 silly reify   '/home/alan1/myapp/node_modules/center-align': '/home/alan1/myapp/node_modules/.center-align-th9Vws6Y',
264 silly reify   '/home/alan1/myapp/node_modules/clean-css': '/home/alan1/myapp/node_modules/.clean-css-WrV5EqrI',
264 silly reify   '/home/alan1/myapp/node_modules/cliui': '/home/alan1/myapp/node_modules/.cliui-qvtfv1ls',
264 silly reify   '/home/alan1/myapp/node_modules/constantinople': '/home/alan1/myapp/node_modules/.constantinople-a7NC6xGZ',
264 silly reify   '/home/alan1/myapp/node_modules/core-js': '/home/alan1/myapp/node_modules/.core-js-gVIf0rvA',
264 silly reify   '/home/alan1/myapp/node_modules/decamelize': '/home/alan1/myapp/node_modules/.decamelize-PVfebdww',
264 silly reify   '/home/alan1/myapp/node_modules/esutils': '/home/alan1/myapp/node_modules/.esutils-SLps5Mtk',
264 silly reify   '/home/alan1/myapp/node_modules/is-buffer': '/home/alan1/myapp/node_modules/.is-buffer-YVUPAYby',
264 silly reify   '/home/alan1/myapp/node_modules/is-expression': '/home/alan1/myapp/node_modules/.is-expression-KXhmzcW0',
264 silly reify   '/home/alan1/myapp/node_modules/kind-of': '/home/alan1/myapp/node_modules/.kind-of-J69U1qeH',
264 silly reify   '/home/alan1/myapp/node_modules/lazy-cache': '/home/alan1/myapp/node_modules/.lazy-cache-EtI2GTxL',
264 silly reify   '/home/alan1/myapp/node_modules/lodash': '/home/alan1/myapp/node_modules/.lodash-8bLzas7B',
264 silly reify   '/home/alan1/myapp/node_modules/longest': '/home/alan1/myapp/node_modules/.longest-4ic3tmEA',
264 silly reify   '/home/alan1/myapp/node_modules/pug': '/home/alan1/myapp/node_modules/.pug-WgciZJjB',
264 silly reify   '/home/alan1/myapp/node_modules/pug-attrs': '/home/alan1/myapp/node_modules/.pug-attrs-4J7zyHHV',
264 silly reify   '/home/alan1/myapp/node_modules/pug-code-gen': '/home/alan1/myapp/node_modules/.pug-code-gen-RvVd1rVU',
264 silly reify   '/home/alan1/myapp/node_modules/pug-error': '/home/alan1/myapp/node_modules/.pug-error-a4TxDDLQ',
264 silly reify   '/home/alan1/myapp/node_modules/pug-filters': '/home/alan1/myapp/node_modules/.pug-filters-ufkYRD8Z',
264 silly reify   '/home/alan1/myapp/node_modules/pug-lexer': '/home/alan1/myapp/node_modules/.pug-lexer-NL3oekBJ',
264 silly reify   '/home/alan1/myapp/node_modules/pug-linker': '/home/alan1/myapp/node_modules/.pug-linker-vhaBeQUe',
264 silly reify   '/home/alan1/myapp/node_modules/pug-load': '/home/alan1/myapp/node_modules/.pug-load-WpAdaYDD',
264 silly reify   '/home/alan1/myapp/node_modules/pug-parser': '/home/alan1/myapp/node_modules/.pug-parser-sTdsCxA7',
264 silly reify   '/home/alan1/myapp/node_modules/pug-runtime': '/home/alan1/myapp/node_modules/.pug-runtime-12qm4xyC',
264 silly reify   '/home/alan1/myapp/node_modules/pug-strip-comments': '/home/alan1/myapp/node_modules/.pug-strip-comments-aIjXJ2a9',
264 silly reify   '/home/alan1/myapp/node_modules/pug-walk': '/home/alan1/myapp/node_modules/.pug-walk-ZNfOhhKi',
264 silly reify   '/home/alan1/myapp/node_modules/regenerator-runtime': '/home/alan1/myapp/node_modules/.regenerator-runtime-YNwj1OL6',
264 silly reify   '/home/alan1/myapp/node_modules/repeat-string': '/home/alan1/myapp/node_modules/.repeat-string-p3k9Jvj6',
264 silly reify   '/home/alan1/myapp/node_modules/right-align': '/home/alan1/myapp/node_modules/.right-align-EB0wmswX',
264 silly reify   '/home/alan1/myapp/node_modules/source-map': '/home/alan1/myapp/node_modules/.source-map-6EWN4b4L',
264 silly reify   '/home/alan1/myapp/node_modules/to-fast-properties': '/home/alan1/myapp/node_modules/.to-fast-properties-ASrouTQj',
264 silly reify   '/home/alan1/myapp/node_modules/token-stream': '/home/alan1/myapp/node_modules/.token-stream-w6cPrMLa',
264 silly reify   '/home/alan1/myapp/node_modules/uglify-js': '/home/alan1/myapp/node_modules/.uglify-js-P5qMBoRL',
264 silly reify   '/home/alan1/myapp/node_modules/.bin/uglifyjs': '/home/alan1/myapp/node_modules/.bin/.uglifyjs-PSAKCtF7',
264 silly reify   '/home/alan1/myapp/node_modules/uglify-to-browserify': '/home/alan1/myapp/node_modules/.uglify-to-browserify-eqFUBx35',
264 silly reify   '/home/alan1/myapp/node_modules/void-elements': '/home/alan1/myapp/node_modules/.void-elements-LSWG7Dbt',
264 silly reify   '/home/alan1/myapp/node_modules/window-size': '/home/alan1/myapp/node_modules/.window-size-JioKScFa',
264 silly reify   '/home/alan1/myapp/node_modules/with': '/home/alan1/myapp/node_modules/.with-CcjU7r0r',
264 silly reify   '/home/alan1/myapp/node_modules/wordwrap': '/home/alan1/myapp/node_modules/.wordwrap-vtip6pqD',
264 silly reify   '/home/alan1/myapp/node_modules/yargs': '/home/alan1/myapp/node_modules/.yargs-e7vCxdYr'
264 silly reify }
265 timing reify:retireShallow Completed in 11ms
266 timing reify:createSparse Completed in 2ms
267 timing reify:loadBundles Completed in 0ms
268 silly audit bulk request {
268 silly audit   accepts: [ '1.3.8' ],
268 silly audit   'array-flatten': [ '1.1.1' ],
268 silly audit   'basic-auth': [ '2.0.1' ],
268 silly audit   'body-parser': [ '1.20.1' ],
268 silly audit   depd: [ '2.0.0', '1.1.2' ],
268 silly audit   'http-errors': [ '2.0.0', '1.6.3' ],
268 silly audit   inherits: [ '2.0.4', '2.0.3' ],
268 silly audit   'on-finished': [ '2.4.1', '2.3.0' ],
268 silly audit   setprototypeof: [ '1.2.0', '1.1.0' ],
268 silly audit   statuses: [ '2.0.1', '1.4.0' ],
268 silly audit   bytes: [ '3.1.2' ],
268 silly audit   'call-bind': [ '1.0.2' ],
268 silly audit   'content-disposition': [ '0.5.4' ],
268 silly audit   'safe-buffer': [ '5.2.1', '5.1.2' ],
268 silly audit   'content-type': [ '1.0.4' ],
268 silly audit   cookie: [ '0.4.1', '0.5.0' ],
268 silly audit   'cookie-parser': [ '1.4.6' ],
268 silly audit   'cookie-signature': [ '1.0.6' ],
268 silly audit   debug: [ '2.6.9' ],
268 silly audit   destroy: [ '1.2.0' ],
268 silly audit   'ee-first': [ '1.1.1' ],
268 silly audit   encodeurl: [ '1.0.2' ],
268 silly audit   'escape-html': [ '1.0.3' ],
268 silly audit   etag: [ '1.8.1' ],
268 silly audit   express: [ '4.18.2' ],
268 silly audit   finalhandler: [ '1.2.0' ],
268 silly audit   forwarded: [ '0.2.0' ],
268 silly audit   fresh: [ '0.5.2' ],
268 silly audit   'function-bind': [ '1.1.1' ],
268 silly audit   'get-intrinsic': [ '1.1.3' ],
268 silly audit   has: [ '1.0.3' ],
268 silly audit   'has-symbols': [ '1.0.3' ],
268 silly audit   'iconv-lite': [ '0.4.24' ],
268 silly audit   'ipaddr.js': [ '1.9.1' ],
268 silly audit   'media-typer': [ '0.3.0' ],
268 silly audit   'merge-descriptors': [ '1.0.1' ],
268 silly audit   methods: [ '1.1.2' ],
268 silly audit   mime: [ '1.6.0' ],
268 silly audit   'mime-db': [ '1.52.0' ],
268 silly audit   'mime-types': [ '2.1.35' ],
268 silly audit   morgan: [ '1.9.1' ],
268 silly audit   ms: [ '2.0.0', '2.1.3' ],
268 silly audit   negotiator: [ '0.6.3' ],
268 silly audit   'object-inspect': [ '1.12.2' ],
268 silly audit   'on-headers': [ '1.0.2' ],
268 silly audit   parseurl: [ '1.3.3' ],
268 silly audit   'path-to-regexp': [ '0.1.7' ],
268 silly audit   'proxy-addr': [ '2.0.7' ],
268 silly audit   qs: [ '6.11.0' ],
268 silly audit   'range-parser': [ '1.2.1' ],
268 silly audit   'raw-body': [ '2.5.1' ],
268 silly audit   'safer-buffer': [ '2.1.2' ],
268 silly audit   send: [ '0.18.0' ],
268 silly audit   'serve-static': [ '1.15.0' ],
268 silly audit   'side-channel': [ '1.0.4' ],
268 silly audit   toidentifier: [ '1.0.1' ],
268 silly audit   'type-is': [ '1.6.18' ],
268 silly audit   unpipe: [ '1.0.0' ],
268 silly audit   'utils-merge': [ '1.0.1' ],
268 silly audit   vary: [ '1.1.2' ],
268 silly audit   pug: [ '3.0.2' ],
268 silly audit   'pug-code-gen': [ '3.0.2' ],
268 silly audit   'pug-filters': [ '4.0.0' ],
268 silly audit   'pug-lexer': [ '5.0.1' ],
268 silly audit   'pug-linker': [ '4.0.0' ],
268 silly audit   'pug-load': [ '3.0.0' ],
268 silly audit   'pug-parser': [ '6.0.0' ],
268 silly audit   'pug-runtime': [ '3.0.1' ],
268 silly audit   'pug-strip-comments': [ '2.0.0' ],
268 silly audit   constantinople: [ '4.0.1' ],
268 silly audit   doctypes: [ '1.1.0' ],
268 silly audit   'js-stringify': [ '1.0.2' ],
268 silly audit   'pug-attrs': [ '3.0.0' ],
268 silly audit   'pug-error': [ '2.0.0' ],
268 silly audit   'void-elements': [ '3.1.0' ],
268 silly audit   with: [ '7.0.2' ],
268 silly audit   '@babel/parser': [ '7.20.7' ],
268 silly audit   '@babel/types': [ '7.20.7' ],
268 silly audit   '@babel/helper-string-parser': [ '7.19.4' ],
268 silly audit   '@babel/helper-validator-identifier': [ '7.19.1' ],
268 silly audit   'to-fast-properties': [ '2.0.0' ],
268 silly audit   jstransformer: [ '1.0.0' ],
268 silly audit   'pug-walk': [ '2.0.0' ],
268 silly audit   resolve: [ '1.22.1' ],
268 silly audit   'is-promise': [ '2.2.2' ],
268 silly audit   promise: [ '7.3.1' ],
268 silly audit   asap: [ '2.0.6' ],
268 silly audit   'character-parser': [ '2.2.0' ],
268 silly audit   'is-expression': [ '4.0.0' ],
268 silly audit   'is-regex': [ '1.1.4' ],
268 silly audit   acorn: [ '7.4.1' ],
268 silly audit   'object-assign': [ '4.1.1' ],
268 silly audit   'has-tostringtag': [ '1.0.0' ],
268 silly audit   'token-stream': [ '1.0.0' ],
268 silly audit   'is-core-module': [ '2.11.0' ],
268 silly audit   'path-parse': [ '1.0.7' ],
268 silly audit   'supports-preserve-symlinks-flag': [ '1.0.0' ],
268 silly audit   'assert-never': [ '1.2.1' ],
268 silly audit   'babel-walk': [ '3.0.0-canary-5' ]
268 silly audit }
269 silly tarball no local data for with@https://registry.npmjs.org/with/-/with-7.0.2.tgz. Extracting by manifest.
270 silly tarball no local data for babel-walk@https://registry.npmjs.org/babel-walk/-/babel-walk-3.0.0-canary-5.tgz. Extracting by manifest.
271 silly tarball no local data for assert-never@https://registry.npmjs.org/assert-never/-/assert-never-1.2.1.tgz. Extracting by manifest.
272 silly tarball no local data for @babel/helper-string-parser@https://registry.npmjs.org/@babel/helper-string-parser/-/helper-string-parser-7.19.4.tgz. Extracting by manifest.
273 silly tarball no local data for @babel/helper-validator-identifier@https://registry.npmjs.org/@babel/helper-validator-identifier/-/helper-validator-identifier-7.19.1.tgz. Extracting by manifest.
274 silly tarball no local data for @babel/types@https://registry.npmjs.org/@babel/types/-/types-7.20.7.tgz. Extracting by manifest.
275 silly tarball no local data for @babel/parser@https://registry.npmjs.org/@babel/parser/-/parser-7.20.7.tgz. Extracting by manifest.
276 silly tarball no local data for void-elements@https://registry.npmjs.org/void-elements/-/void-elements-3.1.0.tgz. Extracting by manifest.
277 silly tarball no local data for token-stream@https://registry.npmjs.org/token-stream/-/token-stream-1.0.0.tgz. Extracting by manifest.
278 silly tarball no local data for to-fast-properties@https://registry.npmjs.org/to-fast-properties/-/to-fast-properties-2.0.0.tgz. Extracting by manifest.
279 silly tarball no local data for pug-walk@https://registry.npmjs.org/pug-walk/-/pug-walk-2.0.0.tgz. Extracting by manifest.
280 silly tarball no local data for pug-runtime@https://registry.npmjs.org/pug-runtime/-/pug-runtime-3.0.1.tgz. Extracting by manifest.
281 silly tarball no local data for pug-parser@https://registry.npmjs.org/pug-parser/-/pug-parser-6.0.0.tgz. Extracting by manifest.
282 silly tarball no local data for pug-strip-comments@https://registry.npmjs.org/pug-strip-comments/-/pug-strip-comments-2.0.0.tgz. Extracting by manifest.
283 silly tarball no local data for pug-load@https://registry.npmjs.org/pug-load/-/pug-load-3.0.0.tgz. Extracting by manifest.
284 silly tarball no local data for pug-linker@https://registry.npmjs.org/pug-linker/-/pug-linker-4.0.0.tgz. Extracting by manifest.
285 silly tarball no local data for pug-lexer@https://registry.npmjs.org/pug-lexer/-/pug-lexer-5.0.1.tgz. Extracting by manifest.
286 silly tarball no local data for pug-filters@https://registry.npmjs.org/pug-filters/-/pug-filters-4.0.0.tgz. Extracting by manifest.
287 silly tarball no local data for pug-error@https://registry.npmjs.org/pug-error/-/pug-error-2.0.0.tgz. Extracting by manifest.
288 silly tarball no local data for pug-code-gen@https://registry.npmjs.org/pug-code-gen/-/pug-code-gen-3.0.2.tgz. Extracting by manifest.
289 silly tarball no local data for pug-attrs@https://registry.npmjs.org/pug-attrs/-/pug-attrs-3.0.0.tgz. Extracting by manifest.
290 silly tarball no local data for is-expression@https://registry.npmjs.org/is-expression/-/is-expression-4.0.0.tgz. Extracting by manifest.
291 silly tarball no local data for pug@https://registry.npmjs.org/pug/-/pug-3.0.2.tgz. Extracting by manifest.
292 silly tarball no local data for constantinople@https://registry.npmjs.org/constantinople/-/constantinople-4.0.1.tgz. Extracting by manifest.
293 silly tarball no local data for acorn@https://registry.npmjs.org/acorn/-/acorn-7.4.1.tgz. Extracting by manifest.
294 http fetch GET 200 https://registry.npmjs.org/with/-/with-7.0.2.tgz 73ms (cache miss)
295 timing reifyNode:node_modules/with Completed in 85ms
296 http fetch GET 200 https://registry.npmjs.org/babel-walk/-/babel-walk-3.0.0-canary-5.tgz 82ms (cache miss)
297 http fetch GET 200 https://registry.npmjs.org/assert-never/-/assert-never-1.2.1.tgz 82ms (cache miss)
298 timing reifyNode:node_modules/assert-never Completed in 96ms
299 timing reifyNode:node_modules/babel-walk Completed in 98ms
300 http fetch GET 200 https://registry.npmjs.org/@babel/helper-validator-identifier/-/helper-validator-identifier-7.19.1.tgz 92ms (cache miss)
301 timing reifyNode:node_modules/@babel/helper-validator-identifier Completed in 109ms
302 http fetch GET 200 https://registry.npmjs.org/@babel/helper-string-parser/-/helper-string-parser-7.19.4.tgz 101ms (cache miss)
303 timing reifyNode:node_modules/@babel/helper-string-parser Completed in 116ms
304 http fetch GET 200 https://registry.npmjs.org/pug-load/-/pug-load-3.0.0.tgz 100ms (cache miss)
305 timing reifyNode:node_modules/pug-load Completed in 124ms
306 http fetch GET 200 https://registry.npmjs.org/pug-lexer/-/pug-lexer-5.0.1.tgz 114ms (cache miss)
307 timing reifyNode:node_modules/pug-lexer Completed in 140ms
308 http fetch GET 200 https://registry.npmjs.org/pug-filters/-/pug-filters-4.0.0.tgz 130ms (cache miss)
309 timing reifyNode:node_modules/pug-filters Completed in 157ms
310 http fetch GET 200 https://registry.npmjs.org/pug-linker/-/pug-linker-4.0.0.tgz 132ms (cache miss)
311 timing reifyNode:node_modules/pug-linker Completed in 157ms
312 http fetch GET 200 https://registry.npmjs.org/to-fast-properties/-/to-fast-properties-2.0.0.tgz 138ms (cache miss)
313 timing reifyNode:node_modules/to-fast-properties Completed in 159ms
314 http fetch GET 200 https://registry.npmjs.org/void-elements/-/void-elements-3.1.0.tgz 157ms (cache miss)
315 timing reifyNode:node_modules/void-elements Completed in 175ms
316 http fetch GET 200 https://registry.npmjs.org/token-stream/-/token-stream-1.0.0.tgz 156ms (cache miss)
317 timing reifyNode:node_modules/token-stream Completed in 184ms
318 http fetch GET 200 https://registry.npmjs.org/pug-walk/-/pug-walk-2.0.0.tgz 177ms (cache miss)
319 timing reifyNode:node_modules/pug-walk Completed in 198ms
320 http fetch GET 200 https://registry.npmjs.org/pug-attrs/-/pug-attrs-3.0.0.tgz 181ms (cache miss)
321 timing reifyNode:node_modules/pug-attrs Completed in 215ms
322 http fetch GET 200 https://registry.npmjs.org/pug-error/-/pug-error-2.0.0.tgz 187ms (cache miss)
323 timing reifyNode:node_modules/pug-error Completed in 216ms
324 http fetch GET 200 https://registry.npmjs.org/is-expression/-/is-expression-4.0.0.tgz 183ms (cache miss)
325 timing reifyNode:node_modules/is-expression Completed in 218ms
326 http fetch GET 200 https://registry.npmjs.org/pug-code-gen/-/pug-code-gen-3.0.2.tgz 186ms (cache miss)
327 timing reifyNode:node_modules/pug-code-gen Completed in 219ms
328 http fetch GET 200 https://registry.npmjs.org/pug-parser/-/pug-parser-6.0.0.tgz 198ms (cache miss)
329 timing reifyNode:node_modules/pug-parser Completed in 220ms
330 http fetch GET 200 https://registry.npmjs.org/pug-runtime/-/pug-runtime-3.0.1.tgz 202ms (cache miss)
331 timing reifyNode:node_modules/pug-runtime Completed in 224ms
332 http fetch GET 200 https://registry.npmjs.org/constantinople/-/constantinople-4.0.1.tgz 192ms (cache miss)
333 timing reifyNode:node_modules/constantinople Completed in 229ms
334 http fetch POST 200 https://registry.npmjs.org/-/npm/v1/security/advisories/bulk 241ms
335 timing auditReport:getReport Completed in 242ms
336 silly audit report {}
337 timing auditReport:init Completed in 0ms
338 timing reify:audit Completed in 242ms
339 http fetch GET 200 https://registry.npmjs.org/pug-strip-comments/-/pug-strip-comments-2.0.0.tgz 219ms (cache miss)
340 timing reifyNode:node_modules/pug-strip-comments Completed in 243ms
341 http fetch GET 200 https://registry.npmjs.org/pug/-/pug-3.0.2.tgz 230ms (cache miss)
342 timing reifyNode:node_modules/pug Completed in 266ms
343 http fetch GET 200 https://registry.npmjs.org/@babel/parser/-/parser-7.20.7.tgz 287ms (cache miss)
344 timing reifyNode:node_modules/@babel/parser Completed in 304ms
345 http fetch GET 200 https://registry.npmjs.org/acorn/-/acorn-7.4.1.tgz 271ms (cache miss)
346 timing reifyNode:node_modules/acorn Completed in 309ms
347 http fetch GET 200 https://registry.npmjs.org/@babel/types/-/types-7.20.7.tgz 336ms (cache miss)
348 timing reifyNode:node_modules/@babel/types Completed in 353ms
349 timing reify:unpack Completed in 355ms
350 timing reify:unretire Completed in 0ms
351 timing build:queue Completed in 0ms
352 timing build:link:node_modules/@babel/parser Completed in 1ms
353 timing build:link:node_modules/acorn Completed in 1ms
354 timing build:link Completed in 1ms
355 timing build:deps Completed in 2ms
356 timing build Completed in 3ms
357 timing reify:build Completed in 3ms
358 timing reify:trash Completed in 77ms
359 timing reify:save Completed in 19ms
360 timing reify Completed in 1574ms
361 silly ADD node_modules/babel-walk
362 silly ADD node_modules/assert-never
363 silly ADD node_modules/@babel/helper-validator-identifier
364 silly ADD node_modules/@babel/helper-string-parser
365 silly ADD node_modules/@babel/types
366 silly ADD node_modules/@babel/parser
367 silly REMOVE node_modules/yargs
368 silly REMOVE node_modules/wordwrap
369 silly CHANGE node_modules/with
370 silly REMOVE node_modules/with/node_modules/acorn
371 silly REMOVE node_modules/window-size
372 silly CHANGE node_modules/void-elements
373 silly REMOVE node_modules/uglify-to-browserify
374 silly REMOVE node_modules/uglify-js
375 silly REMOVE node_modules/uglify-js/node_modules/source-map
376 silly CHANGE node_modules/token-stream
377 silly CHANGE node_modules/to-fast-properties
378 silly REMOVE node_modules/source-map
379 silly REMOVE node_modules/right-align
380 silly REMOVE node_modules/repeat-string
381 silly REMOVE node_modules/regenerator-runtime
382 silly CHANGE node_modules/pug-walk
383 silly CHANGE node_modules/pug-strip-comments
384 silly CHANGE node_modules/pug-runtime
385 silly CHANGE node_modules/pug-parser
386 silly CHANGE node_modules/pug-load
387 silly CHANGE node_modules/pug-linker
388 silly CHANGE node_modules/pug-lexer
389 silly CHANGE node_modules/pug-filters
390 silly CHANGE node_modules/pug-error
391 silly CHANGE node_modules/pug-code-gen
392 silly CHANGE node_modules/pug-attrs
393 silly CHANGE node_modules/pug
394 silly REMOVE node_modules/longest
395 silly REMOVE node_modules/lodash
396 silly REMOVE node_modules/lazy-cache
397 silly REMOVE node_modules/kind-of
398 silly CHANGE node_modules/is-expression
399 silly REMOVE node_modules/is-buffer
400 silly REMOVE node_modules/esutils
401 silly REMOVE node_modules/decamelize
402 silly REMOVE node_modules/core-js
403 silly CHANGE node_modules/constantinople
404 silly REMOVE node_modules/cliui
405 silly REMOVE node_modules/clean-css
406 silly REMOVE node_modules/center-align
407 silly REMOVE node_modules/camelcase
408 silly REMOVE node_modules/babylon
409 silly REMOVE node_modules/babel-types
410 silly REMOVE node_modules/babel-runtime
411 silly REMOVE node_modules/align-text
412 silly REMOVE node_modules/acorn-globals
413 silly CHANGE node_modules/acorn
414 silly REMOVE node_modules/@types/babylon
415 silly REMOVE node_modules/@types/babel-types
416 timing command:audit Completed in 1987ms
417 verbose exit 0
418 timing npm Completed in 2018ms
419 info ok
