0 verbose cli /snap/node/6905/bin/node /usr/local/bin/npm
1 info using npm@9.2.0
2 info using node@v18.12.1
3 timing npm:load:whichnode Completed in 0ms
4 timing config:load:defaults Completed in 1ms
5 timing config:load:file:/usr/local/lib/node_modules/npm/npmrc Completed in 1ms
6 timing config:load:builtin Completed in 1ms
7 timing config:load:cli Completed in 1ms
8 timing config:load:env Completed in 1ms
9 timing config:load:file:/home/alan1/myapp/.npmrc Completed in 0ms
10 timing config:load:project Completed in 5ms
11 timing config:load:file:/home/alan1/.npmrc Completed in 0ms
12 timing config:load:user Completed in 0ms
13 timing config:load:file:/snap/node/6905/etc/npmrc Completed in 1ms
14 timing config:load:global Completed in 1ms
15 timing config:load:setEnvs Completed in 1ms
16 timing config:load Completed in 11ms
17 timing npm:load:configload Completed in 11ms
18 timing npm:load:mkdirpcache Completed in 0ms
19 timing npm:load:mkdirplogs Completed in 0ms
20 verbose title npm audit fix
21 verbose argv "audit" "fix"
22 timing npm:load:setTitle Completed in 1ms
23 timing config:load:flatten Completed in 2ms
24 timing npm:load:display Completed in 3ms
25 verbose logfile logs-max:10 dir:/home/alan1/.npm/_logs/2023-01-05T18_06_51_698Z-
26 verbose logfile /home/alan1/.npm/_logs/2023-01-05T18_06_51_698Z-debug-0.log
27 timing npm:load:logFile Completed in 3ms
28 timing npm:load:timers Completed in 0ms
29 timing npm:load:configScope Completed in 0ms
30 timing npm:load Completed in 18ms
31 silly logfile done cleaning log files
32 timing config:load:flatten Completed in 1ms
33 timing arborist:ctor Completed in 1ms
34 silly audit bulk request {
34 silly audit   '@types/babel-types': [ '7.0.11' ],
34 silly audit   '@types/babylon': [ '6.16.6' ],
34 silly audit   accepts: [ '1.3.8' ],
34 silly audit   acorn: [ '4.0.13', '3.3.0' ],
34 silly audit   'acorn-globals': [ '3.1.0' ],
34 silly audit   'align-text': [ '0.1.4' ],
34 silly audit   amdefine: [ '1.0.1' ],
34 silly audit   'array-flatten': [ '1.1.1' ],
34 silly audit   asap: [ '2.0.6' ],
34 silly audit   'babel-runtime': [ '6.26.0' ],
34 silly audit   'babel-types': [ '6.26.0' ],
34 silly audit   babylon: [ '6.18.0' ],
34 silly audit   'basic-auth': [ '2.0.1' ],
34 silly audit   'body-parser': [ '1.18.3' ],
34 silly audit   bytes: [ '3.0.0' ],
34 silly audit   'call-bind': [ '1.0.2' ],
34 silly audit   camelcase: [ '1.2.1' ],
34 silly audit   'center-align': [ '0.1.3' ],
34 silly audit   'character-parser': [ '2.2.0' ],
34 silly audit   'clean-css': [ '3.4.28' ],
34 silly audit   cliui: [ '2.1.0' ],
34 silly audit   commander: [ '2.8.1' ],
34 silly audit   constantinople: [ '3.1.2' ],
34 silly audit   'content-disposition': [ '0.5.2' ],
34 silly audit   'content-type': [ '1.0.4' ],
34 silly audit   cookie: [ '0.4.1', '0.3.1' ],
34 silly audit   'cookie-parser': [ '1.4.6' ],
34 silly audit   'cookie-signature': [ '1.0.6' ],
34 silly audit   'core-js': [ '2.6.12' ],
34 silly audit   debug: [ '2.6.9' ],
34 silly audit   decamelize: [ '1.2.0' ],
34 silly audit   depd: [ '1.1.2' ],
34 silly audit   destroy: [ '1.0.4' ],
34 silly audit   doctypes: [ '1.1.0' ],
34 silly audit   'ee-first': [ '1.1.1' ],
34 silly audit   encodeurl: [ '1.0.2' ],
34 silly audit   'escape-html': [ '1.0.3' ],
34 silly audit   esutils: [ '2.0.3' ],
34 silly audit   etag: [ '1.8.1' ],
34 silly audit   express: [ '4.16.4' ],
34 silly audit   finalhandler: [ '1.1.1' ],
34 silly audit   forwarded: [ '0.2.0' ],
34 silly audit   fresh: [ '0.5.2' ],
34 silly audit   'function-bind': [ '1.1.1' ],
34 silly audit   'get-intrinsic': [ '1.1.3' ],
34 silly audit   'graceful-readlink': [ '1.0.1' ],
34 silly audit   has: [ '1.0.3' ],
34 silly audit   'has-symbols': [ '1.0.3' ],
34 silly audit   'has-tostringtag': [ '1.0.0' ],
34 silly audit   'http-errors': [ '1.6.3' ],
34 silly audit   'iconv-lite': [ '0.4.23' ],
34 silly audit   inherits: [ '2.0.3' ],
34 silly audit   'ipaddr.js': [ '1.9.1' ],
34 silly audit   'is-buffer': [ '1.1.6' ],
34 silly audit   'is-core-module': [ '2.11.0' ],
34 silly audit   'is-expression': [ '3.0.0' ],
34 silly audit   'is-promise': [ '2.2.2' ],
34 silly audit   'is-regex': [ '1.1.4' ],
34 silly audit   'js-stringify': [ '1.0.2' ],
34 silly audit   jstransformer: [ '1.0.0' ],
34 silly audit   'kind-of': [ '3.2.2' ],
34 silly audit   'lazy-cache': [ '1.0.4' ],
34 silly audit   lodash: [ '4.17.21' ],
34 silly audit   longest: [ '1.0.1' ],
34 silly audit   'media-typer': [ '0.3.0' ],
34 silly audit   'merge-descriptors': [ '1.0.1' ],
34 silly audit   methods: [ '1.1.2' ],
34 silly audit   mime: [ '1.4.1' ],
34 silly audit   'mime-db': [ '1.52.0' ],
34 silly audit   'mime-types': [ '2.1.35' ],
34 silly audit   morgan: [ '1.9.1' ],
34 silly audit   ms: [ '2.0.0' ],
34 silly audit   negotiator: [ '0.6.3' ],
34 silly audit   'object-assign': [ '4.1.1' ],
34 silly audit   'on-finished': [ '2.3.0' ],
34 silly audit   'on-headers': [ '1.0.2' ],
34 silly audit   parseurl: [ '1.3.3' ],
34 silly audit   'path-parse': [ '1.0.7' ],
34 silly audit   'path-to-regexp': [ '0.1.7' ],
34 silly audit   promise: [ '7.3.1' ],
34 silly audit   'proxy-addr': [ '2.0.7' ],
34 silly audit   pug: [ '2.0.0-beta11' ],
34 silly audit   'pug-attrs': [ '2.0.4' ],
34 silly audit   'pug-code-gen': [ '1.1.1' ],
34 silly audit   'pug-error': [ '1.3.3' ],
34 silly audit   'pug-filters': [ '2.1.5' ],
34 silly audit   'pug-lexer': [ '3.1.0' ],
34 silly audit   'pug-linker': [ '2.0.3' ],
34 silly audit   'pug-load': [ '2.0.12' ],
34 silly audit   'pug-parser': [ '2.0.2' ],
34 silly audit   'pug-runtime': [ '2.0.5' ],
34 silly audit   'pug-strip-comments': [ '1.0.4' ],
34 silly audit   'pug-walk': [ '1.1.8' ],
34 silly audit   qs: [ '6.5.2' ],
34 silly audit   'range-parser': [ '1.2.1' ],
34 silly audit   'raw-body': [ '2.3.3' ],
34 silly audit   'regenerator-runtime': [ '0.11.1' ],
34 silly audit   'repeat-string': [ '1.6.1' ],
34 silly audit   resolve: [ '1.22.1' ],
34 silly audit   'right-align': [ '0.1.3' ],
34 silly audit   'safe-buffer': [ '5.1.2' ],
34 silly audit   'safer-buffer': [ '2.1.2' ],
34 silly audit   send: [ '0.16.2' ],
34 silly audit   'serve-static': [ '1.13.2' ],
34 silly audit   setprototypeof: [ '1.1.0' ],
34 silly audit   'source-map': [ '0.4.4', '0.5.7' ],
34 silly audit   statuses: [ '1.4.0' ],
34 silly audit   'supports-preserve-symlinks-flag': [ '1.0.0' ],
34 silly audit   'to-fast-properties': [ '1.0.3' ],
34 silly audit   'token-stream': [ '0.0.1' ],
34 silly audit   'type-is': [ '1.6.18' ],
34 silly audit   'uglify-js': [ '2.8.29' ],
34 silly audit   'uglify-to-browserify': [ '1.0.2' ],
34 silly audit   unpipe: [ '1.0.0' ],
34 silly audit   'utils-merge': [ '1.0.1' ],
34 silly audit   vary: [ '1.1.2' ],
34 silly audit   'void-elements': [ '2.0.1' ],
34 silly audit   'window-size': [ '0.1.0' ],
34 silly audit   with: [ '5.1.1' ],
34 silly audit   wordwrap: [ '0.0.2' ],
34 silly audit   yargs: [ '3.10.0' ]
34 silly audit }
35 http fetch POST 200 https://registry.npmjs.org/-/npm/v1/security/advisories/bulk 344ms
36 timing auditReport:getReport Completed in 349ms
37 silly audit report {
37 silly audit report   'clean-css': [
37 silly audit report     {
37 silly audit report       id: 1070199,
37 silly audit report       url: 'https://github.com/advisories/GHSA-wxhq-pm8v-cw75',
37 silly audit report       title: 'Regular Expression Denial of Service in clean-css',
37 silly audit report       severity: 'low',
37 silly audit report       vulnerable_versions: '<4.1.11',
37 silly audit report       cwe: [],
37 silly audit report       cvss: [Object]
37 silly audit report     }
37 silly audit report   ],
37 silly audit report   express: [
37 silly audit report     {
37 silly audit report       id: 1085141,
37 silly audit report       url: 'https://github.com/advisories/GHSA-hrpp-h998-j3pp',
37 silly audit report       title: 'qs vulnerable to Prototype Pollution',
37 silly audit report       severity: 'high',
37 silly audit report       vulnerable_versions: '<4.17.3',
37 silly audit report       cwe: [Array],
37 silly audit report       cvss: [Object]
37 silly audit report     }
37 silly audit report   ],
37 silly audit report   'pug-code-gen': [
37 silly audit report     {
37 silly audit report       id: 1082382,
37 silly audit report       url: 'https://github.com/advisories/GHSA-p493-635q-r6gr',
37 silly audit report       title: 'Remote code execution via the `pretty` option.',
37 silly audit report       severity: 'high',
37 silly audit report       vulnerable_versions: '<2.0.3',
37 silly audit report       cwe: [Array],
37 silly audit report       cvss: [Object]
37 silly audit report     }
37 silly audit report   ],
37 silly audit report   qs: [
37 silly audit report     {
37 silly audit report       id: 1085135,
37 silly audit report       url: 'https://github.com/advisories/GHSA-hrpp-h998-j3pp',
37 silly audit report       title: 'qs vulnerable to Prototype Pollution',
37 silly audit report       severity: 'high',
37 silly audit report       vulnerable_versions: '>=6.5.0 <6.5.3',
37 silly audit report       cwe: [Array],
37 silly audit report       cvss: [Object]
37 silly audit report     }
37 silly audit report   ]
37 silly audit report }
38 timing metavuln:cache:get:security-advisory:clean-css:ZQBOUe9WIdgEmUB0NceeEKXeR2cjHBlLAJMzCOqbKEPkZy+azLlrow+mwHlX2wpVusxSgSSYhPD/aYeusfx6fw== Completed in 11ms
39 timing metavuln:cache:get:security-advisory:express:cu8dGVlPLmNDZacdM1VJ4SmP099XPxd9D6dH6mtHRwoG5ztKsy9vaP/sCmcnnpTDmfplL0RuhHYr75iR4HwmcA== Completed in 9ms
40 timing metavuln:cache:get:security-advisory:pug-code-gen:BWg28WdGNBhMJQwqjYQVEBDBazJRAg0/3OUd+a2We/fioWQIhMDecqmklBuFIDg3nG+eCZgKh4aP23wg+7TYFA== Completed in 9ms
41 timing metavuln:cache:get:security-advisory:qs:rWY8FV+j/NIeDGpuc35mOpnEAnjLz2h9Ou9SzojE+VEnkIJT1HjUSIlZruVRRoB4ovTTv5P7E8dPAg4Au60VPg== Completed in 9ms
42 http fetch GET 200 https://registry.npmjs.org/clean-css 23ms (cache hit)
43 timing metavuln:packument:clean-css Completed in 24ms
44 timing metavuln:load:security-advisory:clean-css:1070199 Completed in 1ms
45 timing metavuln:calculate:security-advisory:clean-css:1070199 Completed in 26ms
46 http fetch GET 200 https://registry.npmjs.org/express 25ms (cache hit)
47 timing metavuln:packument:express Completed in 28ms
48 timing metavuln:load:security-advisory:express:1085141 Completed in 2ms
49 timing metavuln:calculate:security-advisory:express:1085141 Completed in 31ms
50 http fetch GET 200 https://registry.npmjs.org/pug-code-gen 30ms (cache hit)
51 timing metavuln:packument:pug-code-gen Completed in 30ms
52 timing metavuln:load:security-advisory:pug-code-gen:1082382 Completed in 1ms
53 timing metavuln:calculate:security-advisory:pug-code-gen:1082382 Completed in 31ms
54 http fetch GET 200 https://registry.npmjs.org/qs 30ms (cache hit)
55 timing metavuln:packument:qs Completed in 31ms
56 timing metavuln:load:security-advisory:qs:1085135 Completed in 0ms
57 timing metavuln:calculate:security-advisory:qs:1085135 Completed in 32ms
58 timing metavuln:cache:get:security-advisory:pug-filters:Xo/uuSvzVmOpHMWw0mMM3XRu8DW1AeLCm8vQkbHdxESCWAImzl+5H/uOdtUCR9MlKbOx7q5OmK0/fWklh/GaQQ== Completed in 2ms
59 http fetch GET 200 https://registry.npmjs.org/pug-filters 3ms (cache hit)
60 timing metavuln:packument:pug-filters Completed in 4ms
61 timing metavuln:load:security-advisory:pug-filters:ZQBOUe9WIdgEmUB0NceeEKXeR2cjHBlLAJMzCOqbKEPkZy+azLlrow+mwHlX2wpVusxSgSSYhPD/aYeusfx6fw== Completed in 0ms
62 timing metavuln:calculate:security-advisory:pug-filters:ZQBOUe9WIdgEmUB0NceeEKXeR2cjHBlLAJMzCOqbKEPkZy+azLlrow+mwHlX2wpVusxSgSSYhPD/aYeusfx6fw== Completed in 5ms
63 timing metavuln:cache:get:security-advisory:pug:hJ4XX1jR3eoPz55RnCUu+bCChZwAc5ihHDeyJXw8n3uLUzdwAPxXL1rbG4SQCMDz60FeYcKvltiyWCzSiRCBMw== Completed in 1ms
64 http fetch GET 200 https://registry.npmjs.org/pug 3ms (cache hit)
65 timing metavuln:packument:pug Completed in 4ms
66 timing metavuln:load:security-advisory:pug:BWg28WdGNBhMJQwqjYQVEBDBazJRAg0/3OUd+a2We/fioWQIhMDecqmklBuFIDg3nG+eCZgKh4aP23wg+7TYFA== Completed in 0ms
67 timing metavuln:calculate:security-advisory:pug:BWg28WdGNBhMJQwqjYQVEBDBazJRAg0/3OUd+a2We/fioWQIhMDecqmklBuFIDg3nG+eCZgKh4aP23wg+7TYFA== Completed in 4ms
68 timing metavuln:cache:get:security-advisory:body-parser:/ToyanuGoRYRStUThZRc4yQbDqEgiD6o+Khymy3rvfv8yAIFMyKtGDtLMKQxuBMveCnOT/KVC0H0jB0nm8eOTA== Completed in 4ms
69 timing metavuln:cache:get:security-advisory:express:S7TzUoidFlsPSewIqlZasnkKifuFTNIsfjM9OFDI9ApCl3Z/noaIkXZp2APY68zRaBysx6xVKWz+44MpZ+vMCg== Completed in 4ms
70 timing metavuln:load:security-advisory:express:rWY8FV+j/NIeDGpuc35mOpnEAnjLz2h9Ou9SzojE+VEnkIJT1HjUSIlZruVRRoB4ovTTv5P7E8dPAg4Au60VPg== Completed in 1ms
71 timing metavuln:calculate:security-advisory:express:rWY8FV+j/NIeDGpuc35mOpnEAnjLz2h9Ou9SzojE+VEnkIJT1HjUSIlZruVRRoB4ovTTv5P7E8dPAg4Au60VPg== Completed in 5ms
72 http fetch GET 200 https://registry.npmjs.org/body-parser 7ms (cache hit)
73 timing metavuln:packument:body-parser Completed in 7ms
74 timing metavuln:load:security-advisory:body-parser:rWY8FV+j/NIeDGpuc35mOpnEAnjLz2h9Ou9SzojE+VEnkIJT1HjUSIlZruVRRoB4ovTTv5P7E8dPAg4Au60VPg== Completed in 0ms
75 timing metavuln:calculate:security-advisory:body-parser:rWY8FV+j/NIeDGpuc35mOpnEAnjLz2h9Ou9SzojE+VEnkIJT1HjUSIlZruVRRoB4ovTTv5P7E8dPAg4Au60VPg== Completed in 8ms
76 timing metavuln:cache:get:security-advisory:pug:R69Fcjyp2U0UqjvV+MlqrCAyXRxEqhXWvb/1MhaWKnLJ28o0gYpsif21aVwnF/Xx7xxhn0Vg+nwn3BMd+OPs8A== Completed in 1ms
77 timing metavuln:load:security-advisory:pug:Xo/uuSvzVmOpHMWw0mMM3XRu8DW1AeLCm8vQkbHdxESCWAImzl+5H/uOdtUCR9MlKbOx7q5OmK0/fWklh/GaQQ== Completed in 0ms
78 timing metavuln:calculate:security-advisory:pug:Xo/uuSvzVmOpHMWw0mMM3XRu8DW1AeLCm8vQkbHdxESCWAImzl+5H/uOdtUCR9MlKbOx7q5OmK0/fWklh/GaQQ== Completed in 1ms
79 timing metavuln:cache:get:security-advisory:express:GwiHstYz/EfovFqD5eCOUu17/J1tGnvhhrkpfPxuJ5DjffByTI2WlmYawLIZVDLd6qahtJp3Aw4qq/A6J1W0Mw== Completed in 1ms
80 timing metavuln:load:security-advisory:express:/ToyanuGoRYRStUThZRc4yQbDqEgiD6o+Khymy3rvfv8yAIFMyKtGDtLMKQxuBMveCnOT/KVC0H0jB0nm8eOTA== Completed in 1ms
81 timing metavuln:calculate:security-advisory:express:/ToyanuGoRYRStUThZRc4yQbDqEgiD6o+Khymy3rvfv8yAIFMyKtGDtLMKQxuBMveCnOT/KVC0H0jB0nm8eOTA== Completed in 2ms
82 timing auditReport:init Completed in 62ms
83 timing audit Completed in 480ms
84 timing idealTree:init Completed in 1ms
85 timing idealTree:userRequests Completed in 0ms
86 silly idealTree buildDeps
87 silly fetch manifest express@~4.16.1
88 silly fetch manifest pug@2.0.0-beta11
89 silly placeDep ROOT express@4.16.4 KEEP for: myapp@0.0.0 want: ~4.16.1
90 silly placeDep ROOT pug@2.0.0-beta11 KEEP for: myapp@0.0.0 want: 2.0.0-beta11
91 timing idealTree:#root Completed in 7ms
92 silly fetch manifest qs@6.5.2
93 silly placeDep ROOT qs@6.5.2 KEEP for: body-parser@1.18.3 want: 6.5.2
94 timing idealTree:node_modules/body-parser Completed in 2ms
95 silly fetch manifest body-parser@1.18.3
96 silly placeDep ROOT body-parser@1.18.3 KEEP for: express@4.16.4 want: 1.18.3
97 silly placeDep ROOT qs@6.5.2 KEEP for: express@4.16.4 want: 6.5.2
98 timing idealTree:node_modules/express Completed in 5ms
99 silly fetch manifest pug-code-gen@^1.1.1
100 silly fetch manifest pug-filters@^2.1.1
101 silly placeDep ROOT pug-code-gen@1.1.1 KEEP for: pug@2.0.0-beta11 want: ^1.1.1
102 silly placeDep ROOT pug-filters@2.1.5 KEEP for: pug@2.0.0-beta11 want: ^2.1.1
103 timing idealTree:node_modules/pug Completed in 3ms
104 silly fetch manifest clean-css@^3.3.0
105 silly placeDep ROOT clean-css@3.4.28 KEEP for: pug-filters@2.1.5 want: ^3.3.0
106 timing idealTree:node_modules/pug-filters Completed in 3ms
107 timing idealTree:buildDeps Completed in 21ms
108 timing idealTree:fixDepFlags Completed in 0ms
109 timing idealTree Completed in 24ms
110 timing arborist:ctor Completed in 0ms
111 timing reify:loadTrees Completed in 58ms
112 timing reify:diffTrees Completed in 2ms
113 silly reify moves {}
114 timing reify:retireShallow Completed in 0ms
115 timing reify:createSparse Completed in 0ms
116 timing reify:loadBundles Completed in 0ms
117 silly audit bulk request {
117 silly audit   '@types/babel-types': [ '7.0.11' ],
117 silly audit   '@types/babylon': [ '6.16.6' ],
117 silly audit   accepts: [ '1.3.8' ],
117 silly audit   acorn: [ '4.0.13', '3.3.0' ],
117 silly audit   'acorn-globals': [ '3.1.0' ],
117 silly audit   'align-text': [ '0.1.4' ],
117 silly audit   amdefine: [ '1.0.1' ],
117 silly audit   'array-flatten': [ '1.1.1' ],
117 silly audit   asap: [ '2.0.6' ],
117 silly audit   'babel-runtime': [ '6.26.0' ],
117 silly audit   'babel-types': [ '6.26.0' ],
117 silly audit   babylon: [ '6.18.0' ],
117 silly audit   'basic-auth': [ '2.0.1' ],
117 silly audit   'body-parser': [ '1.18.3' ],
117 silly audit   bytes: [ '3.0.0' ],
117 silly audit   'call-bind': [ '1.0.2' ],
117 silly audit   camelcase: [ '1.2.1' ],
117 silly audit   'center-align': [ '0.1.3' ],
117 silly audit   'character-parser': [ '2.2.0' ],
117 silly audit   'clean-css': [ '3.4.28' ],
117 silly audit   cliui: [ '2.1.0' ],
117 silly audit   commander: [ '2.8.1' ],
117 silly audit   constantinople: [ '3.1.2' ],
117 silly audit   'content-disposition': [ '0.5.2' ],
117 silly audit   'content-type': [ '1.0.4' ],
117 silly audit   cookie: [ '0.4.1', '0.3.1' ],
117 silly audit   'cookie-parser': [ '1.4.6' ],
117 silly audit   'cookie-signature': [ '1.0.6' ],
117 silly audit   'core-js': [ '2.6.12' ],
117 silly audit   debug: [ '2.6.9' ],
117 silly audit   decamelize: [ '1.2.0' ],
117 silly audit   depd: [ '1.1.2' ],
117 silly audit   destroy: [ '1.0.4' ],
117 silly audit   doctypes: [ '1.1.0' ],
117 silly audit   'ee-first': [ '1.1.1' ],
117 silly audit   encodeurl: [ '1.0.2' ],
117 silly audit   'escape-html': [ '1.0.3' ],
117 silly audit   esutils: [ '2.0.3' ],
117 silly audit   etag: [ '1.8.1' ],
117 silly audit   express: [ '4.16.4' ],
117 silly audit   finalhandler: [ '1.1.1' ],
117 silly audit   forwarded: [ '0.2.0' ],
117 silly audit   fresh: [ '0.5.2' ],
117 silly audit   'function-bind': [ '1.1.1' ],
117 silly audit   'get-intrinsic': [ '1.1.3' ],
117 silly audit   'graceful-readlink': [ '1.0.1' ],
117 silly audit   has: [ '1.0.3' ],
117 silly audit   'has-symbols': [ '1.0.3' ],
117 silly audit   'has-tostringtag': [ '1.0.0' ],
117 silly audit   'http-errors': [ '1.6.3' ],
117 silly audit   'iconv-lite': [ '0.4.23' ],
117 silly audit   inherits: [ '2.0.3' ],
117 silly audit   'ipaddr.js': [ '1.9.1' ],
117 silly audit   'is-buffer': [ '1.1.6' ],
117 silly audit   'is-core-module': [ '2.11.0' ],
117 silly audit   'is-expression': [ '3.0.0' ],
117 silly audit   'is-promise': [ '2.2.2' ],
117 silly audit   'is-regex': [ '1.1.4' ],
117 silly audit   'js-stringify': [ '1.0.2' ],
117 silly audit   jstransformer: [ '1.0.0' ],
117 silly audit   'kind-of': [ '3.2.2' ],
117 silly audit   'lazy-cache': [ '1.0.4' ],
117 silly audit   lodash: [ '4.17.21' ],
117 silly audit   longest: [ '1.0.1' ],
117 silly audit   'media-typer': [ '0.3.0' ],
117 silly audit   'merge-descriptors': [ '1.0.1' ],
117 silly audit   methods: [ '1.1.2' ],
117 silly audit   mime: [ '1.4.1' ],
117 silly audit   'mime-db': [ '1.52.0' ],
117 silly audit   'mime-types': [ '2.1.35' ],
117 silly audit   morgan: [ '1.9.1' ],
117 silly audit   ms: [ '2.0.0' ],
117 silly audit   negotiator: [ '0.6.3' ],
117 silly audit   'object-assign': [ '4.1.1' ],
117 silly audit   'on-finished': [ '2.3.0' ],
117 silly audit   'on-headers': [ '1.0.2' ],
117 silly audit   parseurl: [ '1.3.3' ],
117 silly audit   'path-parse': [ '1.0.7' ],
117 silly audit   'path-to-regexp': [ '0.1.7' ],
117 silly audit   promise: [ '7.3.1' ],
117 silly audit   'proxy-addr': [ '2.0.7' ],
117 silly audit   pug: [ '2.0.0-beta11' ],
117 silly audit   'pug-attrs': [ '2.0.4' ],
117 silly audit   'pug-code-gen': [ '1.1.1' ],
117 silly audit   'pug-error': [ '1.3.3' ],
117 silly audit   'pug-filters': [ '2.1.5' ],
117 silly audit   'pug-lexer': [ '3.1.0' ],
117 silly audit   'pug-linker': [ '2.0.3' ],
117 silly audit   'pug-load': [ '2.0.12' ],
117 silly audit   'pug-parser': [ '2.0.2' ],
117 silly audit   'pug-runtime': [ '2.0.5' ],
117 silly audit   'pug-strip-comments': [ '1.0.4' ],
117 silly audit   'pug-walk': [ '1.1.8' ],
117 silly audit   qs: [ '6.5.2' ],
117 silly audit   'range-parser': [ '1.2.1' ],
117 silly audit   'raw-body': [ '2.3.3' ],
117 silly audit   'regenerator-runtime': [ '0.11.1' ],
117 silly audit   'repeat-string': [ '1.6.1' ],
117 silly audit   resolve: [ '1.22.1' ],
117 silly audit   'right-align': [ '0.1.3' ],
117 silly audit   'safe-buffer': [ '5.1.2' ],
117 silly audit   'safer-buffer': [ '2.1.2' ],
117 silly audit   send: [ '0.16.2' ],
117 silly audit   'serve-static': [ '1.13.2' ],
117 silly audit   setprototypeof: [ '1.1.0' ],
117 silly audit   'source-map': [ '0.4.4', '0.5.7' ],
117 silly audit   statuses: [ '1.4.0' ],
117 silly audit   'supports-preserve-symlinks-flag': [ '1.0.0' ],
117 silly audit   'to-fast-properties': [ '1.0.3' ],
117 silly audit   'token-stream': [ '0.0.1' ],
117 silly audit   'type-is': [ '1.6.18' ],
117 silly audit   'uglify-js': [ '2.8.29' ],
117 silly audit   'uglify-to-browserify': [ '1.0.2' ],
117 silly audit   unpipe: [ '1.0.0' ],
117 silly audit   'utils-merge': [ '1.0.1' ],
117 silly audit   vary: [ '1.1.2' ],
117 silly audit   'void-elements': [ '2.0.1' ],
117 silly audit   'window-size': [ '0.1.0' ],
117 silly audit   with: [ '5.1.1' ],
117 silly audit   wordwrap: [ '0.0.2' ],
117 silly audit   yargs: [ '3.10.0' ]
117 silly audit }
118 timing reify:unpack Completed in 0ms
119 timing reify:unretire Completed in 0ms
120 timing build:queue Completed in 0ms
121 timing build:deps Completed in 0ms
122 timing build Completed in 1ms
123 timing reify:build Completed in 1ms
124 timing reify:trash Completed in 0ms
125 timing reify:save Completed in 17ms
126 http fetch POST 200 https://registry.npmjs.org/-/npm/v1/security/advisories/bulk 4199ms
127 timing auditReport:getReport Completed in 4201ms
128 silly audit report {
128 silly audit report   'clean-css': [
128 silly audit report     {
128 silly audit report       id: 1070199,
128 silly audit report       url: 'https://github.com/advisories/GHSA-wxhq-pm8v-cw75',
128 silly audit report       title: 'Regular Expression Denial of Service in clean-css',
128 silly audit report       severity: 'low',
128 silly audit report       vulnerable_versions: '<4.1.11',
128 silly audit report       cwe: [],
128 silly audit report       cvss: [Object]
128 silly audit report     }
128 silly audit report   ],
128 silly audit report   express: [
128 silly audit report     {
128 silly audit report       id: 1085141,
128 silly audit report       url: 'https://github.com/advisories/GHSA-hrpp-h998-j3pp',
128 silly audit report       title: 'qs vulnerable to Prototype Pollution',
128 silly audit report       severity: 'high',
128 silly audit report       vulnerable_versions: '<4.17.3',
128 silly audit report       cwe: [Array],
128 silly audit report       cvss: [Object]
128 silly audit report     }
128 silly audit report   ],
128 silly audit report   'pug-code-gen': [
128 silly audit report     {
128 silly audit report       id: 1082382,
128 silly audit report       url: 'https://github.com/advisories/GHSA-p493-635q-r6gr',
128 silly audit report       title: 'Remote code execution via the `pretty` option.',
128 silly audit report       severity: 'high',
128 silly audit report       vulnerable_versions: '<2.0.3',
128 silly audit report       cwe: [Array],
128 silly audit report       cvss: [Object]
128 silly audit report     }
128 silly audit report   ],
128 silly audit report   qs: [
128 silly audit report     {
128 silly audit report       id: 1085135,
128 silly audit report       url: 'https://github.com/advisories/GHSA-hrpp-h998-j3pp',
128 silly audit report       title: 'qs vulnerable to Prototype Pollution',
128 silly audit report       severity: 'high',
128 silly audit report       vulnerable_versions: '>=6.5.0 <6.5.3',
128 silly audit report       cwe: [Array],
128 silly audit report       cvss: [Object]
128 silly audit report     }
128 silly audit report   ]
128 silly audit report }
129 timing metavuln:packument:clean-css Completed in 1ms
130 timing metavuln:packument:express Completed in 0ms
131 timing metavuln:packument:pug-code-gen Completed in 0ms
132 timing metavuln:packument:qs Completed in 0ms
133 timing metavuln:cache:get:security-advisory:clean-css:ZQBOUe9WIdgEmUB0NceeEKXeR2cjHBlLAJMzCOqbKEPkZy+azLlrow+mwHlX2wpVusxSgSSYhPD/aYeusfx6fw== Completed in 3ms
134 timing metavuln:load:security-advisory:clean-css:1070199 Completed in 0ms
135 timing metavuln:calculate:security-advisory:clean-css:1070199 Completed in 3ms
136 timing metavuln:cache:get:security-advisory:express:cu8dGVlPLmNDZacdM1VJ4SmP099XPxd9D6dH6mtHRwoG5ztKsy9vaP/sCmcnnpTDmfplL0RuhHYr75iR4HwmcA== Completed in 3ms
137 timing metavuln:load:security-advisory:express:1085141 Completed in 1ms
138 timing metavuln:calculate:security-advisory:express:1085141 Completed in 4ms
139 timing metavuln:cache:get:security-advisory:qs:rWY8FV+j/NIeDGpuc35mOpnEAnjLz2h9Ou9SzojE+VEnkIJT1HjUSIlZruVRRoB4ovTTv5P7E8dPAg4Au60VPg== Completed in 4ms
140 timing metavuln:load:security-advisory:qs:1085135 Completed in 1ms
141 timing metavuln:calculate:security-advisory:qs:1085135 Completed in 5ms
142 timing metavuln:cache:get:security-advisory:pug-code-gen:BWg28WdGNBhMJQwqjYQVEBDBazJRAg0/3OUd+a2We/fioWQIhMDecqmklBuFIDg3nG+eCZgKh4aP23wg+7TYFA== Completed in 5ms
143 timing metavuln:load:security-advisory:pug-code-gen:1082382 Completed in 0ms
144 timing metavuln:calculate:security-advisory:pug-code-gen:1082382 Completed in 5ms
145 timing metavuln:packument:pug-filters Completed in 0ms
146 timing metavuln:cache:get:security-advisory:pug-filters:Xo/uuSvzVmOpHMWw0mMM3XRu8DW1AeLCm8vQkbHdxESCWAImzl+5H/uOdtUCR9MlKbOx7q5OmK0/fWklh/GaQQ== Completed in 1ms
147 timing metavuln:load:security-advisory:pug-filters:ZQBOUe9WIdgEmUB0NceeEKXeR2cjHBlLAJMzCOqbKEPkZy+azLlrow+mwHlX2wpVusxSgSSYhPD/aYeusfx6fw== Completed in 0ms
148 timing metavuln:calculate:security-advisory:pug-filters:ZQBOUe9WIdgEmUB0NceeEKXeR2cjHBlLAJMzCOqbKEPkZy+azLlrow+mwHlX2wpVusxSgSSYhPD/aYeusfx6fw== Completed in 1ms
149 timing metavuln:packument:pug Completed in 0ms
150 timing metavuln:cache:get:security-advisory:pug:hJ4XX1jR3eoPz55RnCUu+bCChZwAc5ihHDeyJXw8n3uLUzdwAPxXL1rbG4SQCMDz60FeYcKvltiyWCzSiRCBMw== Completed in 1ms
151 timing metavuln:load:security-advisory:pug:BWg28WdGNBhMJQwqjYQVEBDBazJRAg0/3OUd+a2We/fioWQIhMDecqmklBuFIDg3nG+eCZgKh4aP23wg+7TYFA== Completed in 0ms
152 timing metavuln:calculate:security-advisory:pug:BWg28WdGNBhMJQwqjYQVEBDBazJRAg0/3OUd+a2We/fioWQIhMDecqmklBuFIDg3nG+eCZgKh4aP23wg+7TYFA== Completed in 1ms
153 timing metavuln:packument:body-parser Completed in 1ms
154 timing metavuln:cache:get:security-advisory:body-parser:/ToyanuGoRYRStUThZRc4yQbDqEgiD6o+Khymy3rvfv8yAIFMyKtGDtLMKQxuBMveCnOT/KVC0H0jB0nm8eOTA== Completed in 1ms
155 timing metavuln:load:security-advisory:body-parser:rWY8FV+j/NIeDGpuc35mOpnEAnjLz2h9Ou9SzojE+VEnkIJT1HjUSIlZruVRRoB4ovTTv5P7E8dPAg4Au60VPg== Completed in 1ms
156 timing metavuln:calculate:security-advisory:body-parser:rWY8FV+j/NIeDGpuc35mOpnEAnjLz2h9Ou9SzojE+VEnkIJT1HjUSIlZruVRRoB4ovTTv5P7E8dPAg4Au60VPg== Completed in 2ms
157 timing metavuln:cache:get:security-advisory:express:S7TzUoidFlsPSewIqlZasnkKifuFTNIsfjM9OFDI9ApCl3Z/noaIkXZp2APY68zRaBysx6xVKWz+44MpZ+vMCg== Completed in 2ms
158 timing metavuln:load:security-advisory:express:rWY8FV+j/NIeDGpuc35mOpnEAnjLz2h9Ou9SzojE+VEnkIJT1HjUSIlZruVRRoB4ovTTv5P7E8dPAg4Au60VPg== Completed in 0ms
159 timing metavuln:calculate:security-advisory:express:rWY8FV+j/NIeDGpuc35mOpnEAnjLz2h9Ou9SzojE+VEnkIJT1HjUSIlZruVRRoB4ovTTv5P7E8dPAg4Au60VPg== Completed in 2ms
160 timing metavuln:cache:get:security-advisory:pug:R69Fcjyp2U0UqjvV+MlqrCAyXRxEqhXWvb/1MhaWKnLJ28o0gYpsif21aVwnF/Xx7xxhn0Vg+nwn3BMd+OPs8A== Completed in 1ms
161 timing metavuln:load:security-advisory:pug:Xo/uuSvzVmOpHMWw0mMM3XRu8DW1AeLCm8vQkbHdxESCWAImzl+5H/uOdtUCR9MlKbOx7q5OmK0/fWklh/GaQQ== Completed in 0ms
162 timing metavuln:calculate:security-advisory:pug:Xo/uuSvzVmOpHMWw0mMM3XRu8DW1AeLCm8vQkbHdxESCWAImzl+5H/uOdtUCR9MlKbOx7q5OmK0/fWklh/GaQQ== Completed in 1ms
163 timing metavuln:cache:get:security-advisory:express:GwiHstYz/EfovFqD5eCOUu17/J1tGnvhhrkpfPxuJ5DjffByTI2WlmYawLIZVDLd6qahtJp3Aw4qq/A6J1W0Mw== Completed in 1ms
164 timing metavuln:load:security-advisory:express:/ToyanuGoRYRStUThZRc4yQbDqEgiD6o+Khymy3rvfv8yAIFMyKtGDtLMKQxuBMveCnOT/KVC0H0jB0nm8eOTA== Completed in 0ms
165 timing metavuln:calculate:security-advisory:express:/ToyanuGoRYRStUThZRc4yQbDqEgiD6o+Khymy3rvfv8yAIFMyKtGDtLMKQxuBMveCnOT/KVC0H0jB0nm8eOTA== Completed in 1ms
166 timing auditReport:init Completed in 17ms
167 timing reify:audit Completed in 4218ms
168 timing reify Completed in 4281ms
169 timing command:audit Completed in 4774ms
170 verbose exit 0
171 timing npm Completed in 4803ms
172 verbose code 1
