0 verbose cli /snap/node/6905/bin/node /usr/local/bin/npm
1 info using npm@9.2.0
2 info using node@v18.12.1
3 timing npm:load:whichnode Completed in 1ms
4 timing config:load:defaults Completed in 1ms
5 timing config:load:file:/usr/local/lib/node_modules/npm/npmrc Completed in 1ms
6 timing config:load:builtin Completed in 1ms
7 timing config:load:cli Completed in 2ms
8 timing config:load:env Completed in 0ms
9 timing config:load:file:/home/alan1/myapp/.npmrc Completed in 0ms
10 timing config:load:project Completed in 4ms
11 timing config:load:file:/home/alan1/.npmrc Completed in 1ms
12 timing config:load:user Completed in 1ms
13 timing config:load:file:/snap/node/6905/etc/npmrc Completed in 1ms
14 timing config:load:global Completed in 1ms
15 timing config:load:setEnvs Completed in 0ms
16 timing config:load Completed in 10ms
17 timing npm:load:configload Completed in 11ms
18 timing npm:load:mkdirpcache Completed in 0ms
19 timing npm:load:mkdirplogs Completed in 0ms
20 verbose title npm audit fix
21 verbose argv "audit" "fix" "--force"
22 timing npm:load:setTitle Completed in 1ms
23 timing config:load:flatten Completed in 2ms
24 timing npm:load:display Completed in 2ms
25 verbose logfile logs-max:10 dir:/home/alan1/.npm/_logs/2023-01-05T18_07_06_579Z-
26 verbose logfile /home/alan1/.npm/_logs/2023-01-05T18_07_06_579Z-debug-0.log
27 timing npm:load:logFile Completed in 4ms
28 timing npm:load:timers Completed in 0ms
29 timing npm:load:configScope Completed in 0ms
30 warn using --force Recommended protections disabled.
31 timing npm:load Completed in 20ms
32 silly logfile done cleaning log files
33 timing config:load:flatten Completed in 1ms
34 timing arborist:ctor Completed in 1ms
35 silly audit bulk request {
35 silly audit   '@types/babel-types': [ '7.0.11' ],
35 silly audit   '@types/babylon': [ '6.16.6' ],
35 silly audit   accepts: [ '1.3.8' ],
35 silly audit   acorn: [ '4.0.13', '3.3.0' ],
35 silly audit   'acorn-globals': [ '3.1.0' ],
35 silly audit   'align-text': [ '0.1.4' ],
35 silly audit   amdefine: [ '1.0.1' ],
35 silly audit   'array-flatten': [ '1.1.1' ],
35 silly audit   asap: [ '2.0.6' ],
35 silly audit   'babel-runtime': [ '6.26.0' ],
35 silly audit   'babel-types': [ '6.26.0' ],
35 silly audit   babylon: [ '6.18.0' ],
35 silly audit   'basic-auth': [ '2.0.1' ],
35 silly audit   'body-parser': [ '1.18.3' ],
35 silly audit   bytes: [ '3.0.0' ],
35 silly audit   'call-bind': [ '1.0.2' ],
35 silly audit   camelcase: [ '1.2.1' ],
35 silly audit   'center-align': [ '0.1.3' ],
35 silly audit   'character-parser': [ '2.2.0' ],
35 silly audit   'clean-css': [ '3.4.28' ],
35 silly audit   cliui: [ '2.1.0' ],
35 silly audit   commander: [ '2.8.1' ],
35 silly audit   constantinople: [ '3.1.2' ],
35 silly audit   'content-disposition': [ '0.5.2' ],
35 silly audit   'content-type': [ '1.0.4' ],
35 silly audit   cookie: [ '0.4.1', '0.3.1' ],
35 silly audit   'cookie-parser': [ '1.4.6' ],
35 silly audit   'cookie-signature': [ '1.0.6' ],
35 silly audit   'core-js': [ '2.6.12' ],
35 silly audit   debug: [ '2.6.9' ],
35 silly audit   decamelize: [ '1.2.0' ],
35 silly audit   depd: [ '1.1.2' ],
35 silly audit   destroy: [ '1.0.4' ],
35 silly audit   doctypes: [ '1.1.0' ],
35 silly audit   'ee-first': [ '1.1.1' ],
35 silly audit   encodeurl: [ '1.0.2' ],
35 silly audit   'escape-html': [ '1.0.3' ],
35 silly audit   esutils: [ '2.0.3' ],
35 silly audit   etag: [ '1.8.1' ],
35 silly audit   express: [ '4.16.4' ],
35 silly audit   finalhandler: [ '1.1.1' ],
35 silly audit   forwarded: [ '0.2.0' ],
35 silly audit   fresh: [ '0.5.2' ],
35 silly audit   'function-bind': [ '1.1.1' ],
35 silly audit   'get-intrinsic': [ '1.1.3' ],
35 silly audit   'graceful-readlink': [ '1.0.1' ],
35 silly audit   has: [ '1.0.3' ],
35 silly audit   'has-symbols': [ '1.0.3' ],
35 silly audit   'has-tostringtag': [ '1.0.0' ],
35 silly audit   'http-errors': [ '1.6.3' ],
35 silly audit   'iconv-lite': [ '0.4.23' ],
35 silly audit   inherits: [ '2.0.3' ],
35 silly audit   'ipaddr.js': [ '1.9.1' ],
35 silly audit   'is-buffer': [ '1.1.6' ],
35 silly audit   'is-core-module': [ '2.11.0' ],
35 silly audit   'is-expression': [ '3.0.0' ],
35 silly audit   'is-promise': [ '2.2.2' ],
35 silly audit   'is-regex': [ '1.1.4' ],
35 silly audit   'js-stringify': [ '1.0.2' ],
35 silly audit   jstransformer: [ '1.0.0' ],
35 silly audit   'kind-of': [ '3.2.2' ],
35 silly audit   'lazy-cache': [ '1.0.4' ],
35 silly audit   lodash: [ '4.17.21' ],
35 silly audit   longest: [ '1.0.1' ],
35 silly audit   'media-typer': [ '0.3.0' ],
35 silly audit   'merge-descriptors': [ '1.0.1' ],
35 silly audit   methods: [ '1.1.2' ],
35 silly audit   mime: [ '1.4.1' ],
35 silly audit   'mime-db': [ '1.52.0' ],
35 silly audit   'mime-types': [ '2.1.35' ],
35 silly audit   morgan: [ '1.9.1' ],
35 silly audit   ms: [ '2.0.0' ],
35 silly audit   negotiator: [ '0.6.3' ],
35 silly audit   'object-assign': [ '4.1.1' ],
35 silly audit   'on-finished': [ '2.3.0' ],
35 silly audit   'on-headers': [ '1.0.2' ],
35 silly audit   parseurl: [ '1.3.3' ],
35 silly audit   'path-parse': [ '1.0.7' ],
35 silly audit   'path-to-regexp': [ '0.1.7' ],
35 silly audit   promise: [ '7.3.1' ],
35 silly audit   'proxy-addr': [ '2.0.7' ],
35 silly audit   pug: [ '2.0.0-beta11' ],
35 silly audit   'pug-attrs': [ '2.0.4' ],
35 silly audit   'pug-code-gen': [ '1.1.1' ],
35 silly audit   'pug-error': [ '1.3.3' ],
35 silly audit   'pug-filters': [ '2.1.5' ],
35 silly audit   'pug-lexer': [ '3.1.0' ],
35 silly audit   'pug-linker': [ '2.0.3' ],
35 silly audit   'pug-load': [ '2.0.12' ],
35 silly audit   'pug-parser': [ '2.0.2' ],
35 silly audit   'pug-runtime': [ '2.0.5' ],
35 silly audit   'pug-strip-comments': [ '1.0.4' ],
35 silly audit   'pug-walk': [ '1.1.8' ],
35 silly audit   qs: [ '6.5.2' ],
35 silly audit   'range-parser': [ '1.2.1' ],
35 silly audit   'raw-body': [ '2.3.3' ],
35 silly audit   'regenerator-runtime': [ '0.11.1' ],
35 silly audit   'repeat-string': [ '1.6.1' ],
35 silly audit   resolve: [ '1.22.1' ],
35 silly audit   'right-align': [ '0.1.3' ],
35 silly audit   'safe-buffer': [ '5.1.2' ],
35 silly audit   'safer-buffer': [ '2.1.2' ],
35 silly audit   send: [ '0.16.2' ],
35 silly audit   'serve-static': [ '1.13.2' ],
35 silly audit   setprototypeof: [ '1.1.0' ],
35 silly audit   'source-map': [ '0.4.4', '0.5.7' ],
35 silly audit   statuses: [ '1.4.0' ],
35 silly audit   'supports-preserve-symlinks-flag': [ '1.0.0' ],
35 silly audit   'to-fast-properties': [ '1.0.3' ],
35 silly audit   'token-stream': [ '0.0.1' ],
35 silly audit   'type-is': [ '1.6.18' ],
35 silly audit   'uglify-js': [ '2.8.29' ],
35 silly audit   'uglify-to-browserify': [ '1.0.2' ],
35 silly audit   unpipe: [ '1.0.0' ],
35 silly audit   'utils-merge': [ '1.0.1' ],
35 silly audit   vary: [ '1.1.2' ],
35 silly audit   'void-elements': [ '2.0.1' ],
35 silly audit   'window-size': [ '0.1.0' ],
35 silly audit   with: [ '5.1.1' ],
35 silly audit   wordwrap: [ '0.0.2' ],
35 silly audit   yargs: [ '3.10.0' ]
35 silly audit }
36 http fetch POST 200 https://registry.npmjs.org/-/npm/v1/security/advisories/bulk 373ms
37 timing auditReport:getReport Completed in 378ms
38 silly audit report {
38 silly audit report   'clean-css': [
38 silly audit report     {
38 silly audit report       id: 1070199,
38 silly audit report       url: 'https://github.com/advisories/GHSA-wxhq-pm8v-cw75',
38 silly audit report       title: 'Regular Expression Denial of Service in clean-css',
38 silly audit report       severity: 'low',
38 silly audit report       vulnerable_versions: '<4.1.11',
38 silly audit report       cwe: [],
38 silly audit report       cvss: [Object]
38 silly audit report     }
38 silly audit report   ],
38 silly audit report   express: [
38 silly audit report     {
38 silly audit report       id: 1085141,
38 silly audit report       url: 'https://github.com/advisories/GHSA-hrpp-h998-j3pp',
38 silly audit report       title: 'qs vulnerable to Prototype Pollution',
38 silly audit report       severity: 'high',
38 silly audit report       vulnerable_versions: '<4.17.3',
38 silly audit report       cwe: [Array],
38 silly audit report       cvss: [Object]
38 silly audit report     }
38 silly audit report   ],
38 silly audit report   'pug-code-gen': [
38 silly audit report     {
38 silly audit report       id: 1082382,
38 silly audit report       url: 'https://github.com/advisories/GHSA-p493-635q-r6gr',
38 silly audit report       title: 'Remote code execution via the `pretty` option.',
38 silly audit report       severity: 'high',
38 silly audit report       vulnerable_versions: '<2.0.3',
38 silly audit report       cwe: [Array],
38 silly audit report       cvss: [Object]
38 silly audit report     }
38 silly audit report   ],
38 silly audit report   qs: [
38 silly audit report     {
38 silly audit report       id: 1085135,
38 silly audit report       url: 'https://github.com/advisories/GHSA-hrpp-h998-j3pp',
38 silly audit report       title: 'qs vulnerable to Prototype Pollution',
38 silly audit report       severity: 'high',
38 silly audit report       vulnerable_versions: '>=6.5.0 <6.5.3',
38 silly audit report       cwe: [Array],
38 silly audit report       cvss: [Object]
38 silly audit report     }
38 silly audit report   ]
38 silly audit report }
39 timing metavuln:cache:get:security-advisory:clean-css:ZQBOUe9WIdgEmUB0NceeEKXeR2cjHBlLAJMzCOqbKEPkZy+azLlrow+mwHlX2wpVusxSgSSYhPD/aYeusfx6fw== Completed in 9ms
40 timing metavuln:cache:get:security-advisory:express:cu8dGVlPLmNDZacdM1VJ4SmP099XPxd9D6dH6mtHRwoG5ztKsy9vaP/sCmcnnpTDmfplL0RuhHYr75iR4HwmcA== Completed in 9ms
41 timing metavuln:cache:get:security-advisory:pug-code-gen:BWg28WdGNBhMJQwqjYQVEBDBazJRAg0/3OUd+a2We/fioWQIhMDecqmklBuFIDg3nG+eCZgKh4aP23wg+7TYFA== Completed in 9ms
42 timing metavuln:cache:get:security-advisory:qs:rWY8FV+j/NIeDGpuc35mOpnEAnjLz2h9Ou9SzojE+VEnkIJT1HjUSIlZruVRRoB4ovTTv5P7E8dPAg4Au60VPg== Completed in 8ms
43 http fetch GET 200 https://registry.npmjs.org/clean-css 21ms (cache hit)
44 timing metavuln:packument:clean-css Completed in 23ms
45 timing metavuln:load:security-advisory:clean-css:1070199 Completed in 1ms
46 timing metavuln:calculate:security-advisory:clean-css:1070199 Completed in 25ms
47 http fetch GET 200 https://registry.npmjs.org/pug-code-gen 23ms (cache hit)
48 timing metavuln:packument:pug-code-gen Completed in 24ms
49 timing metavuln:load:security-advisory:pug-code-gen:1082382 Completed in 0ms
50 timing metavuln:calculate:security-advisory:pug-code-gen:1082382 Completed in 24ms
51 http fetch GET 200 https://registry.npmjs.org/qs 24ms (cache hit)
52 timing metavuln:packument:qs Completed in 24ms
53 timing metavuln:load:security-advisory:qs:1085135 Completed in 1ms
54 timing metavuln:calculate:security-advisory:qs:1085135 Completed in 25ms
55 http fetch GET 200 https://registry.npmjs.org/express 26ms (cache hit)
56 timing metavuln:packument:express Completed in 29ms
57 timing metavuln:load:security-advisory:express:1085141 Completed in 2ms
58 timing metavuln:calculate:security-advisory:express:1085141 Completed in 31ms
59 timing metavuln:cache:get:security-advisory:pug-filters:Xo/uuSvzVmOpHMWw0mMM3XRu8DW1AeLCm8vQkbHdxESCWAImzl+5H/uOdtUCR9MlKbOx7q5OmK0/fWklh/GaQQ== Completed in 2ms
60 http fetch GET 200 https://registry.npmjs.org/pug-filters 4ms (cache hit)
61 timing metavuln:packument:pug-filters Completed in 4ms
62 timing metavuln:load:security-advisory:pug-filters:ZQBOUe9WIdgEmUB0NceeEKXeR2cjHBlLAJMzCOqbKEPkZy+azLlrow+mwHlX2wpVusxSgSSYhPD/aYeusfx6fw== Completed in 0ms
63 timing metavuln:calculate:security-advisory:pug-filters:ZQBOUe9WIdgEmUB0NceeEKXeR2cjHBlLAJMzCOqbKEPkZy+azLlrow+mwHlX2wpVusxSgSSYhPD/aYeusfx6fw== Completed in 4ms
64 timing metavuln:cache:get:security-advisory:pug:hJ4XX1jR3eoPz55RnCUu+bCChZwAc5ihHDeyJXw8n3uLUzdwAPxXL1rbG4SQCMDz60FeYcKvltiyWCzSiRCBMw== Completed in 1ms
65 http fetch GET 200 https://registry.npmjs.org/pug 3ms (cache hit)
66 timing metavuln:packument:pug Completed in 3ms
67 timing metavuln:load:security-advisory:pug:BWg28WdGNBhMJQwqjYQVEBDBazJRAg0/3OUd+a2We/fioWQIhMDecqmklBuFIDg3nG+eCZgKh4aP23wg+7TYFA== Completed in 0ms
68 timing metavuln:calculate:security-advisory:pug:BWg28WdGNBhMJQwqjYQVEBDBazJRAg0/3OUd+a2We/fioWQIhMDecqmklBuFIDg3nG+eCZgKh4aP23wg+7TYFA== Completed in 3ms
69 timing metavuln:cache:get:security-advisory:body-parser:/ToyanuGoRYRStUThZRc4yQbDqEgiD6o+Khymy3rvfv8yAIFMyKtGDtLMKQxuBMveCnOT/KVC0H0jB0nm8eOTA== Completed in 3ms
70 timing metavuln:cache:get:security-advisory:express:S7TzUoidFlsPSewIqlZasnkKifuFTNIsfjM9OFDI9ApCl3Z/noaIkXZp2APY68zRaBysx6xVKWz+44MpZ+vMCg== Completed in 2ms
71 timing metavuln:load:security-advisory:express:rWY8FV+j/NIeDGpuc35mOpnEAnjLz2h9Ou9SzojE+VEnkIJT1HjUSIlZruVRRoB4ovTTv5P7E8dPAg4Au60VPg== Completed in 1ms
72 timing metavuln:calculate:security-advisory:express:rWY8FV+j/NIeDGpuc35mOpnEAnjLz2h9Ou9SzojE+VEnkIJT1HjUSIlZruVRRoB4ovTTv5P7E8dPAg4Au60VPg== Completed in 3ms
73 http fetch GET 200 https://registry.npmjs.org/body-parser 5ms (cache hit)
74 timing metavuln:packument:body-parser Completed in 6ms
75 timing metavuln:load:security-advisory:body-parser:rWY8FV+j/NIeDGpuc35mOpnEAnjLz2h9Ou9SzojE+VEnkIJT1HjUSIlZruVRRoB4ovTTv5P7E8dPAg4Au60VPg== Completed in 0ms
76 timing metavuln:calculate:security-advisory:body-parser:rWY8FV+j/NIeDGpuc35mOpnEAnjLz2h9Ou9SzojE+VEnkIJT1HjUSIlZruVRRoB4ovTTv5P7E8dPAg4Au60VPg== Completed in 6ms
77 timing metavuln:cache:get:security-advisory:pug:R69Fcjyp2U0UqjvV+MlqrCAyXRxEqhXWvb/1MhaWKnLJ28o0gYpsif21aVwnF/Xx7xxhn0Vg+nwn3BMd+OPs8A== Completed in 0ms
78 timing metavuln:load:security-advisory:pug:Xo/uuSvzVmOpHMWw0mMM3XRu8DW1AeLCm8vQkbHdxESCWAImzl+5H/uOdtUCR9MlKbOx7q5OmK0/fWklh/GaQQ== Completed in 1ms
79 timing metavuln:calculate:security-advisory:pug:Xo/uuSvzVmOpHMWw0mMM3XRu8DW1AeLCm8vQkbHdxESCWAImzl+5H/uOdtUCR9MlKbOx7q5OmK0/fWklh/GaQQ== Completed in 1ms
80 timing metavuln:cache:get:security-advisory:express:GwiHstYz/EfovFqD5eCOUu17/J1tGnvhhrkpfPxuJ5DjffByTI2WlmYawLIZVDLd6qahtJp3Aw4qq/A6J1W0Mw== Completed in 1ms
81 timing metavuln:load:security-advisory:express:/ToyanuGoRYRStUThZRc4yQbDqEgiD6o+Khymy3rvfv8yAIFMyKtGDtLMKQxuBMveCnOT/KVC0H0jB0nm8eOTA== Completed in 1ms
82 timing metavuln:calculate:security-advisory:express:/ToyanuGoRYRStUThZRc4yQbDqEgiD6o+Khymy3rvfv8yAIFMyKtGDtLMKQxuBMveCnOT/KVC0H0jB0nm8eOTA== Completed in 2ms
83 timing auditReport:init Completed in 57ms
84 timing audit Completed in 503ms
85 timing idealTree:init Completed in 1ms
86 warn audit Updating express to 4.18.2, which is outside your stated dependency range.
87 warn audit Updating pug to 2.0.4, which is outside your stated dependency range.
88 timing idealTree:userRequests Completed in 9ms
89 silly idealTree buildDeps
90 silly fetch manifest express@4.18.2
91 silly fetch manifest pug@2.0.4
92 silly placeDep ROOT express@4.18.2 REPLACE for: myapp@0.0.0 want: 4.18.2
93 silly placeDep ROOT pug@2.0.4 REPLACE for: myapp@0.0.0 want: 2.0.4
94 silly fetch manifest body-parser@1.20.1
95 silly fetch manifest content-disposition@0.5.4
96 silly fetch manifest content-type@~1.0.4
97 silly fetch manifest cookie@0.5.0
98 silly fetch manifest depd@2.0.0
99 silly fetch manifest encodeurl@~1.0.2
100 silly fetch manifest escape-html@~1.0.3
101 silly fetch manifest etag@~1.8.1
102 silly fetch manifest finalhandler@1.2.0
103 silly fetch manifest fresh@0.5.2
104 silly fetch manifest http-errors@2.0.0
105 silly fetch manifest on-finished@2.4.1
106 silly fetch manifest parseurl@~1.3.3
107 silly fetch manifest qs@6.11.0
108 silly fetch manifest range-parser@~1.2.1
109 silly fetch manifest safe-buffer@5.2.1
110 silly fetch manifest send@0.18.0
111 silly fetch manifest serve-static@1.15.0
112 silly fetch manifest setprototypeof@1.2.0
113 silly fetch manifest statuses@2.0.1
114 silly fetch manifest type-is@~1.6.18
115 silly fetch manifest pug-code-gen@^2.0.2
116 silly fetch manifest pug-filters@^3.1.1
117 silly fetch manifest pug-lexer@^4.1.0
118 silly fetch manifest pug-linker@^3.0.6
119 silly fetch manifest pug-parser@^5.0.1
120 silly fetch manifest pug-runtime@^2.0.5
121 timing arborist:ctor Completed in 0ms
122 http fetch GET 200 https://registry.npmjs.org/content-disposition 72ms (cache hit)
123 http fetch GET 200 https://registry.npmjs.org/content-type 73ms (cache hit)
124 http fetch GET 200 https://registry.npmjs.org/cookie 72ms (cache hit)
125 http fetch GET 200 https://registry.npmjs.org/finalhandler 72ms (cache hit)
126 http fetch GET 200 https://registry.npmjs.org/encodeurl 73ms (cache hit)
127 http fetch GET 200 https://registry.npmjs.org/fresh 73ms (cache hit)
128 http fetch GET 200 https://registry.npmjs.org/escape-html 74ms (cache hit)
129 http fetch GET 200 https://registry.npmjs.org/on-finished 73ms (cache hit)
130 http fetch GET 200 https://registry.npmjs.org/parseurl 73ms (cache hit)
131 http fetch GET 200 https://registry.npmjs.org/safe-buffer 72ms (cache hit)
132 http fetch GET 200 https://registry.npmjs.org/depd 76ms (cache hit)
133 http fetch GET 200 https://registry.npmjs.org/etag 76ms (cache hit)
134 http fetch GET 200 https://registry.npmjs.org/range-parser 75ms (cache hit)
135 http fetch GET 200 https://registry.npmjs.org/send 74ms (cache hit)
136 http fetch GET 200 https://registry.npmjs.org/http-errors 77ms (cache hit)
137 http fetch GET 200 https://registry.npmjs.org/setprototypeof 74ms (cache hit)
138 http fetch GET 200 https://registry.npmjs.org/statuses 75ms (cache hit)
139 http fetch GET 200 https://registry.npmjs.org/type-is 74ms (cache hit)
140 http fetch GET 200 https://registry.npmjs.org/pug-lexer 74ms (cache hit)
141 http fetch GET 200 https://registry.npmjs.org/pug-linker 75ms (cache hit)
142 http fetch GET 200 https://registry.npmjs.org/pug-parser 75ms (cache hit)
143 http fetch GET 200 https://registry.npmjs.org/pug-runtime 74ms (cache hit)
144 http fetch GET 200 https://registry.npmjs.org/serve-static 78ms (cache hit)
145 timing idealTree:#root Completed in 97ms
146 silly placeDep ROOT body-parser@1.20.1 OK for: express@4.18.2 want: 1.20.1
147 silly placeDep ROOT content-disposition@0.5.4 OK for: express@4.18.2 want: 0.5.4
148 silly placeDep ROOT content-type@1.0.4 OK for: express@4.18.2 want: ~1.0.4
149 silly placeDep node_modules/express cookie@0.5.0 OK for: express@4.18.2 want: 0.5.0
150 silly placeDep node_modules/express depd@2.0.0 OK for: express@4.18.2 want: 2.0.0
151 silly placeDep ROOT encodeurl@1.0.2 OK for: express@4.18.2 want: ~1.0.2
152 silly placeDep ROOT escape-html@1.0.3 OK for: express@4.18.2 want: ~1.0.3
153 silly placeDep ROOT etag@1.8.1 OK for: express@4.18.2 want: ~1.8.1
154 silly placeDep ROOT finalhandler@1.2.0 OK for: express@4.18.2 want: 1.2.0
155 silly placeDep ROOT fresh@0.5.2 OK for: express@4.18.2 want: 0.5.2
156 silly placeDep node_modules/express http-errors@2.0.0 OK for: express@4.18.2 want: 2.0.0
157 silly placeDep node_modules/express on-finished@2.4.1 OK for: express@4.18.2 want: 2.4.1
158 silly placeDep ROOT parseurl@1.3.3 OK for: express@4.18.2 want: ~1.3.3
159 silly placeDep ROOT qs@6.11.0 OK for: express@4.18.2 want: 6.11.0
160 silly placeDep ROOT range-parser@1.2.1 OK for: express@4.18.2 want: ~1.2.1
161 silly placeDep node_modules/express safe-buffer@5.2.1 OK for: express@4.18.2 want: 5.2.1
162 silly placeDep ROOT send@0.18.0 OK for: express@4.18.2 want: 0.18.0
163 silly placeDep ROOT serve-static@1.15.0 OK for: express@4.18.2 want: 1.15.0
164 silly placeDep node_modules/express setprototypeof@1.2.0 OK for: express@4.18.2 want: 1.2.0
165 silly placeDep node_modules/express statuses@2.0.1 OK for: express@4.18.2 want: 2.0.1
166 silly placeDep ROOT type-is@1.6.18 OK for: express@4.18.2 want: ~1.6.18
167 silly fetch manifest bytes@3.1.2
168 silly fetch manifest destroy@1.2.0
169 silly fetch manifest iconv-lite@0.4.24
170 silly fetch manifest raw-body@2.5.1
171 silly fetch manifest unpipe@1.0.0
172 silly fetch manifest unpipe@~1.0.0
173 silly fetch manifest inherits@2.0.4
174 silly fetch manifest toidentifier@1.0.1
175 silly fetch manifest side-channel@^1.0.4
176 silly fetch manifest mime@1.6.0
177 silly fetch manifest ms@2.1.3
178 silly fetch manifest media-typer@0.3.0
179 http fetch GET 200 https://registry.npmjs.org/bytes 29ms (cache hit)
180 http fetch GET 200 https://registry.npmjs.org/iconv-lite 28ms (cache hit)
181 http fetch GET 200 https://registry.npmjs.org/unpipe 27ms (cache hit)
182 http fetch GET 200 https://registry.npmjs.org/unpipe 28ms (cache hit)
183 http fetch GET 200 https://registry.npmjs.org/inherits 27ms (cache hit)
184 http fetch GET 200 https://registry.npmjs.org/ms 24ms (cache hit)
185 http fetch GET 200 https://registry.npmjs.org/destroy 31ms (cache hit)
186 http fetch GET 200 https://registry.npmjs.org/raw-body 31ms (cache hit)
187 http fetch GET 200 https://registry.npmjs.org/media-typer 25ms (cache hit)
188 http fetch GET 200 https://registry.npmjs.org/mime 26ms (cache hit)
189 http fetch GET 200 https://registry.npmjs.org/toidentifier 55ms (cache miss)
190 http fetch GET 200 https://registry.npmjs.org/side-channel 780ms (cache miss)
191 timing idealTree:node_modules/express Completed in 813ms
192 silly placeDep ROOT bytes@3.1.2 OK for: body-parser@1.20.1 want: 3.1.2
193 silly placeDep node_modules/body-parser depd@2.0.0 OK for: body-parser@1.20.1 want: 2.0.0
194 silly placeDep ROOT destroy@1.2.0 OK for: body-parser@1.20.1 want: 1.2.0
195 silly placeDep node_modules/body-parser http-errors@2.0.0 OK for: body-parser@1.20.1 want: 2.0.0
196 silly placeDep ROOT iconv-lite@0.4.24 OK for: body-parser@1.20.1 want: 0.4.24
197 silly placeDep node_modules/body-parser on-finished@2.4.1 OK for: body-parser@1.20.1 want: 2.4.1
198 silly placeDep ROOT raw-body@2.5.1 OK for: body-parser@1.20.1 want: 2.5.1
199 silly placeDep ROOT unpipe@1.0.0 OK for: body-parser@1.20.1 want: 1.0.0
200 silly fetch manifest safer-buffer@>= 2.1.2 < 3
201 http fetch GET 200 https://registry.npmjs.org/safer-buffer 7ms (cache hit)
202 timing idealTree:node_modules/body-parser Completed in 17ms
203 timing idealTree:node_modules/bytes Completed in 1ms
204 silly placeDep node_modules/content-disposition safe-buffer@5.2.1 OK for: content-disposition@0.5.4 want: 5.2.1
205 timing idealTree:node_modules/content-disposition Completed in 0ms
206 timing idealTree:node_modules/content-type Completed in 0ms
207 timing idealTree:node_modules/destroy Completed in 0ms
208 timing idealTree:node_modules/encodeurl Completed in 0ms
209 timing idealTree:node_modules/escape-html Completed in 0ms
210 timing idealTree:node_modules/etag Completed in 0ms
211 silly placeDep node_modules/finalhandler on-finished@2.4.1 OK for: finalhandler@1.2.0 want: 2.4.1
212 silly placeDep node_modules/finalhandler statuses@2.0.1 OK for: finalhandler@1.2.0 want: 2.0.1
213 timing idealTree:node_modules/finalhandler Completed in 1ms
214 timing idealTree:node_modules/fresh Completed in 0ms
215 silly placeDep ROOT safer-buffer@2.1.2 OK for: iconv-lite@0.4.24 want: >= 2.1.2 < 3
216 timing idealTree:node_modules/iconv-lite Completed in 1ms
217 timing idealTree:node_modules/parseurl Completed in 0ms
218 silly placeDep ROOT pug-code-gen@2.0.3 OK for: pug@2.0.4 want: ^2.0.2
219 silly placeDep ROOT pug-filters@3.1.1 OK for: pug@2.0.4 want: ^3.1.1
220 silly placeDep ROOT pug-lexer@4.1.0 OK for: pug@2.0.4 want: ^4.1.0
221 silly placeDep ROOT pug-linker@3.0.6 OK for: pug@2.0.4 want: ^3.0.6
222 silly placeDep ROOT pug-parser@5.0.1 OK for: pug@2.0.4 want: ^5.0.1
223 silly placeDep ROOT pug-runtime@2.0.5 OK for: pug@2.0.4 want: ^2.0.5
224 silly fetch manifest constantinople@^3.1.2
225 silly fetch manifest doctypes@^1.1.0
226 silly fetch manifest js-stringify@^1.0.1
227 silly fetch manifest pug-attrs@^2.0.4
228 silly fetch manifest void-elements@^2.0.1
229 silly fetch manifest with@^5.0.0
230 silly fetch manifest clean-css@^4.1.11
231 silly fetch manifest constantinople@^3.0.1
232 silly fetch manifest jstransformer@1.0.0
233 silly fetch manifest resolve@^1.1.6
234 silly fetch manifest uglify-js@^2.6.1
235 silly fetch manifest character-parser@^2.1.1
236 silly fetch manifest is-expression@^3.0.0
237 silly fetch manifest token-stream@0.0.1
238 http fetch GET 200 https://registry.npmjs.org/doctypes 32ms (cache hit)
239 http fetch GET 200 https://registry.npmjs.org/void-elements 30ms (cache hit)
240 http fetch GET 200 https://registry.npmjs.org/pug-attrs 31ms (cache hit)
241 http fetch GET 200 https://registry.npmjs.org/resolve 28ms (cache hit)
242 http fetch GET 200 https://registry.npmjs.org/constantinople 30ms (cache hit)
243 http fetch GET 200 https://registry.npmjs.org/js-stringify 35ms (cache hit)
244 http fetch GET 200 https://registry.npmjs.org/with 32ms (cache hit)
245 http fetch GET 200 https://registry.npmjs.org/character-parser 29ms (cache hit)
246 http fetch GET 200 https://registry.npmjs.org/is-expression 29ms (cache hit)
247 http fetch GET 200 https://registry.npmjs.org/constantinople 38ms (cache hit)
248 http fetch GET 200 https://registry.npmjs.org/jstransformer 32ms (cache hit)
249 http fetch GET 200 https://registry.npmjs.org/uglify-js 32ms (cache hit)
250 http fetch GET 200 https://registry.npmjs.org/token-stream 35ms (cache hit)
251 timing idealTree:node_modules/pug Completed in 50ms
252 silly placeDep ROOT constantinople@3.1.2 OK for: pug-code-gen@2.0.3 want: ^3.1.2
253 silly placeDep ROOT doctypes@1.1.0 OK for: pug-code-gen@2.0.3 want: ^1.1.0
254 silly placeDep ROOT js-stringify@1.0.2 OK for: pug-code-gen@2.0.3 want: ^1.0.1
255 silly placeDep ROOT pug-attrs@2.0.4 OK for: pug-code-gen@2.0.3 want: ^2.0.4
256 silly placeDep ROOT void-elements@2.0.1 OK for: pug-code-gen@2.0.3 want: ^2.0.1
257 silly placeDep ROOT with@5.1.1 OK for: pug-code-gen@2.0.3 want: ^5.0.0
258 silly fetch manifest @types/babel-types@^7.0.0
259 silly fetch manifest @types/babylon@^6.16.2
260 silly fetch manifest babel-types@^6.26.0
261 silly fetch manifest babylon@^6.18.0
262 silly fetch manifest acorn@^3.1.0
263 silly fetch manifest acorn-globals@^3.0.0
264 http fetch GET 200 https://registry.npmjs.org/@types%2fbabylon 15ms (cache hit)
265 http fetch GET 200 https://registry.npmjs.org/@types%2fbabel-types 16ms (cache hit)
266 http fetch GET 200 https://registry.npmjs.org/acorn 14ms (cache hit)
267 http fetch GET 200 https://registry.npmjs.org/babel-types 17ms (cache hit)
268 http fetch GET 200 https://registry.npmjs.org/acorn-globals 17ms (cache hit)
269 http fetch GET 200 https://registry.npmjs.org/babylon 19ms (cache hit)
270 timing idealTree:node_modules/pug-code-gen Completed in 25ms
271 silly placeDep ROOT @types/babel-types@7.0.11 OK for: constantinople@3.1.2 want: ^7.0.0
272 silly placeDep ROOT @types/babylon@6.16.6 OK for: constantinople@3.1.2 want: ^6.16.2
273 silly placeDep ROOT babel-types@6.26.0 OK for: constantinople@3.1.2 want: ^6.26.0
274 silly placeDep ROOT babylon@6.18.0 OK for: constantinople@3.1.2 want: ^6.18.0
275 silly fetch manifest babel-runtime@^6.26.0
276 silly fetch manifest esutils@^2.0.2
277 silly fetch manifest lodash@^4.17.4
278 silly fetch manifest to-fast-properties@^1.0.3
279 http fetch GET 200 https://registry.npmjs.org/esutils 6ms (cache hit)
280 http fetch GET 200 https://registry.npmjs.org/lodash 7ms (cache hit)
281 http fetch GET 200 https://registry.npmjs.org/babel-runtime 9ms (cache hit)
282 http fetch GET 200 https://registry.npmjs.org/to-fast-properties 7ms (cache hit)
283 timing idealTree:node_modules/constantinople Completed in 12ms
284 timing idealTree:node_modules/@types/babel-types Completed in 0ms
285 timing idealTree:node_modules/@types/babylon Completed in 0ms
286 silly placeDep ROOT babel-runtime@6.26.0 OK for: babel-types@6.26.0 want: ^6.26.0
287 silly placeDep ROOT esutils@2.0.3 OK for: babel-types@6.26.0 want: ^2.0.2
288 silly placeDep ROOT lodash@4.17.21 OK for: babel-types@6.26.0 want: ^4.17.4
289 silly placeDep ROOT to-fast-properties@1.0.3 OK for: babel-types@6.26.0 want: ^1.0.3
290 silly fetch manifest core-js@^2.4.0
291 silly fetch manifest regenerator-runtime@^0.11.0
292 http fetch GET 200 https://registry.npmjs.org/regenerator-runtime 3ms (cache hit)
293 http fetch GET 200 https://registry.npmjs.org/core-js 6ms (cache hit)
294 timing idealTree:node_modules/babel-types Completed in 13ms
295 silly placeDep ROOT core-js@2.6.12 OK for: babel-runtime@6.26.0 want: ^2.4.0
296 silly placeDep ROOT regenerator-runtime@0.11.1 OK for: babel-runtime@6.26.0 want: ^0.11.0
297 timing idealTree:node_modules/babel-runtime Completed in 2ms
298 timing idealTree:node_modules/babylon Completed in 0ms
299 timing idealTree:node_modules/core-js Completed in 0ms
300 timing idealTree:node_modules/doctypes Completed in 0ms
301 timing idealTree:node_modules/esutils Completed in 0ms
302 timing idealTree:node_modules/js-stringify Completed in 0ms
303 timing idealTree:node_modules/lodash Completed in 0ms
304 timing idealTree:node_modules/pug-attrs Completed in 0ms
305 silly placeDep ROOT clean-css@4.2.4 OK for: pug-filters@3.1.1 want: ^4.1.11
306 silly placeDep ROOT jstransformer@1.0.0 OK for: pug-filters@3.1.1 want: 1.0.0
307 silly placeDep ROOT resolve@1.22.1 OK for: pug-filters@3.1.1 want: ^1.1.6
308 silly placeDep ROOT uglify-js@2.8.29 OK for: pug-filters@3.1.1 want: ^2.6.1
309 silly fetch manifest source-map@~0.6.0
310 silly fetch manifest is-promise@^2.0.0
311 silly fetch manifest promise@^7.0.1
312 silly fetch manifest is-core-module@^2.9.0
313 silly fetch manifest path-parse@^1.0.7
314 silly fetch manifest supports-preserve-symlinks-flag@^1.0.0
315 silly fetch manifest source-map@~0.5.1
316 silly fetch manifest yargs@~3.10.0
317 silly fetch manifest uglify-to-browserify@~1.0.0
318 http fetch GET 200 https://registry.npmjs.org/is-promise 19ms (cache hit)
319 http fetch GET 200 https://registry.npmjs.org/path-parse 15ms (cache hit)
320 http fetch GET 200 https://registry.npmjs.org/is-core-module 19ms (cache hit)
321 http fetch GET 200 https://registry.npmjs.org/promise 20ms (cache hit)
322 http fetch GET 200 https://registry.npmjs.org/supports-preserve-symlinks-flag 16ms (cache hit)
323 http fetch GET 200 https://registry.npmjs.org/source-map 22ms (cache hit)
324 http fetch GET 200 https://registry.npmjs.org/yargs 17ms (cache hit)
325 http fetch GET 200 https://registry.npmjs.org/source-map 21ms (cache hit)
326 http fetch GET 200 https://registry.npmjs.org/uglify-to-browserify 22ms (cache hit)
327 timing idealTree:node_modules/pug-filters Completed in 34ms
328 silly placeDep ROOT source-map@0.6.1 OK for: clean-css@4.2.4 want: ~0.6.0
329 timing idealTree:node_modules/clean-css Completed in 1ms
330 silly placeDep ROOT is-promise@2.2.2 OK for: jstransformer@1.0.0 want: ^2.0.0
331 silly placeDep ROOT promise@7.3.1 OK for: jstransformer@1.0.0 want: ^7.0.1
332 silly fetch manifest asap@~2.0.3
333 http fetch GET 200 https://registry.npmjs.org/asap 14ms (cache hit)
334 timing idealTree:node_modules/jstransformer Completed in 16ms
335 timing idealTree:node_modules/is-promise Completed in 1ms
336 silly placeDep ROOT asap@2.0.6 OK for: promise@7.3.1 want: ~2.0.3
337 timing idealTree:node_modules/promise Completed in 0ms
338 timing idealTree:node_modules/asap Completed in 0ms
339 silly placeDep ROOT character-parser@2.2.0 OK for: pug-lexer@4.1.0 want: ^2.1.1
340 silly placeDep ROOT is-expression@3.0.0 OK for: pug-lexer@4.1.0 want: ^3.0.0
341 silly fetch manifest is-regex@^1.0.3
342 silly fetch manifest acorn@~4.0.2
343 http fetch GET 200 https://registry.npmjs.org/is-regex 3ms (cache hit)
344 timing idealTree:node_modules/pug-lexer Completed in 4ms
345 silly placeDep ROOT is-regex@1.1.4 OK for: character-parser@2.2.0 want: ^1.0.3
346 silly fetch manifest call-bind@^1.0.2
347 silly fetch manifest has-tostringtag@^1.0.0
348 http fetch GET 200 https://registry.npmjs.org/call-bind 3ms (cache hit)
349 http fetch GET 200 https://registry.npmjs.org/has-tostringtag 3ms (cache hit)
350 timing idealTree:node_modules/character-parser Completed in 5ms
351 silly placeDep ROOT acorn@4.0.13 OK for: is-expression@3.0.0 want: ~4.0.2
352 timing idealTree:node_modules/is-expression Completed in 1ms
353 timing idealTree:node_modules/acorn Completed in 0ms
354 silly placeDep ROOT call-bind@1.0.2 OK for: is-regex@1.1.4 want: ^1.0.2
355 silly placeDep ROOT has-tostringtag@1.0.0 OK for: is-regex@1.1.4 want: ^1.0.0
356 silly fetch manifest function-bind@^1.1.1
357 silly fetch manifest get-intrinsic@^1.0.2
358 silly fetch manifest has-symbols@^1.0.2
359 http fetch GET 200 https://registry.npmjs.org/get-intrinsic 4ms (cache hit)
360 http fetch GET 200 https://registry.npmjs.org/function-bind 6ms (cache hit)
361 http fetch GET 200 https://registry.npmjs.org/has-symbols 5ms (cache hit)
362 timing idealTree:node_modules/is-regex Completed in 7ms
363 silly placeDep ROOT function-bind@1.1.1 OK for: call-bind@1.0.2 want: ^1.1.1
364 silly placeDep ROOT get-intrinsic@1.1.3 OK for: call-bind@1.0.2 want: ^1.0.2
365 silly fetch manifest has@^1.0.3
366 silly fetch manifest has-symbols@^1.0.3
367 http fetch GET 200 https://registry.npmjs.org/has 2ms (cache hit)
368 timing idealTree:node_modules/call-bind Completed in 4ms
369 timing idealTree:node_modules/function-bind Completed in 0ms
370 silly placeDep ROOT has@1.0.3 OK for: get-intrinsic@1.1.3 want: ^1.0.3
371 silly placeDep ROOT has-symbols@1.0.3 OK for: get-intrinsic@1.1.3 want: ^1.0.3
372 timing idealTree:node_modules/get-intrinsic Completed in 1ms
373 timing idealTree:node_modules/has Completed in 0ms
374 timing idealTree:node_modules/has-symbols Completed in 0ms
375 timing idealTree:node_modules/has-tostringtag Completed in 0ms
376 timing idealTree:node_modules/pug-linker Completed in 0ms
377 silly placeDep ROOT token-stream@0.0.1 OK for: pug-parser@5.0.1 want: 0.0.1
378 timing idealTree:node_modules/pug-parser Completed in 0ms
379 timing idealTree:node_modules/pug-runtime Completed in 0ms
380 silly placeDep ROOT side-channel@1.0.4 OK for: qs@6.11.0 want: ^1.0.4
381 silly fetch manifest object-inspect@^1.9.0
382 http fetch GET 200 https://registry.npmjs.org/object-inspect 66ms (cache miss)
383 timing idealTree:node_modules/qs Completed in 68ms
384 timing idealTree:node_modules/range-parser Completed in 0ms
385 silly placeDep node_modules/raw-body http-errors@2.0.0 OK for: raw-body@2.5.1 want: 2.0.0
386 timing idealTree:node_modules/raw-body Completed in 1ms
387 timing idealTree:node_modules/regenerator-runtime Completed in 0ms
388 silly placeDep ROOT is-core-module@2.11.0 OK for: resolve@1.22.1 want: ^2.9.0
389 silly placeDep ROOT path-parse@1.0.7 OK for: resolve@1.22.1 want: ^1.0.7
390 silly placeDep ROOT supports-preserve-symlinks-flag@1.0.0 OK for: resolve@1.22.1 want: ^1.0.0
391 timing idealTree:node_modules/resolve Completed in 1ms
392 timing idealTree:node_modules/is-core-module Completed in 0ms
393 timing idealTree:node_modules/path-parse Completed in 0ms
394 timing idealTree:node_modules/safer-buffer Completed in 0ms
395 silly placeDep node_modules/send depd@2.0.0 OK for: send@0.18.0 want: 2.0.0
396 silly placeDep node_modules/send http-errors@2.0.0 OK for: send@0.18.0 want: 2.0.0
397 silly placeDep ROOT mime@1.6.0 OK for: send@0.18.0 want: 1.6.0
398 silly placeDep node_modules/send ms@2.1.3 OK for: send@0.18.0 want: 2.1.3
399 silly placeDep node_modules/send on-finished@2.4.1 OK for: send@0.18.0 want: 2.4.1
400 silly placeDep node_modules/send statuses@2.0.1 OK for: send@0.18.0 want: 2.0.1
401 timing idealTree:node_modules/send Completed in 3ms
402 timing idealTree:node_modules/mime Completed in 0ms
403 timing idealTree:node_modules/serve-static Completed in 0ms
404 silly placeDep ROOT object-inspect@1.12.2 OK for: side-channel@1.0.4 want: ^1.9.0
405 timing idealTree:node_modules/side-channel Completed in 0ms
406 timing idealTree:node_modules/object-inspect Completed in 0ms
407 timing idealTree:node_modules/source-map Completed in 0ms
408 timing idealTree:node_modules/supports-preserve-symlinks-flag Completed in 0ms
409 timing idealTree:node_modules/to-fast-properties Completed in 0ms
410 timing idealTree:node_modules/token-stream Completed in 0ms
411 silly placeDep ROOT media-typer@0.3.0 OK for: type-is@1.6.18 want: 0.3.0
412 timing idealTree:node_modules/type-is Completed in 1ms
413 timing idealTree:node_modules/media-typer Completed in 0ms
414 silly placeDep node_modules/uglify-js source-map@0.5.7 OK for: uglify-js@2.8.29 want: ~0.5.1
415 silly placeDep ROOT uglify-to-browserify@1.0.2 OK for: uglify-js@2.8.29 want: ~1.0.0
416 silly placeDep ROOT yargs@3.10.0 OK for: uglify-js@2.8.29 want: ~3.10.0
417 silly fetch manifest camelcase@^1.0.2
418 silly fetch manifest cliui@^2.1.0
419 silly fetch manifest decamelize@^1.0.0
420 silly fetch manifest window-size@0.1.0
421 http fetch GET 200 https://registry.npmjs.org/cliui 8ms (cache hit)
422 http fetch GET 200 https://registry.npmjs.org/camelcase 9ms (cache hit)
423 http fetch GET 200 https://registry.npmjs.org/window-size 7ms (cache hit)
424 http fetch GET 200 https://registry.npmjs.org/decamelize 9ms (cache hit)
425 timing idealTree:node_modules/uglify-js Completed in 12ms
426 timing idealTree:node_modules/uglify-to-browserify Completed in 0ms
427 timing idealTree:node_modules/unpipe Completed in 0ms
428 timing idealTree:node_modules/void-elements Completed in 0ms
429 silly placeDep node_modules/with acorn@3.3.0 OK for: with@5.1.1 want: ^3.1.0
430 silly placeDep ROOT acorn-globals@3.1.0 OK for: with@5.1.1 want: ^3.0.0
431 timing idealTree:node_modules/with Completed in 1ms
432 timing idealTree:node_modules/acorn-globals Completed in 1ms
433 silly placeDep ROOT camelcase@1.2.1 OK for: yargs@3.10.0 want: ^1.0.2
434 silly placeDep ROOT cliui@2.1.0 OK for: yargs@3.10.0 want: ^2.1.0
435 silly placeDep ROOT decamelize@1.2.0 OK for: yargs@3.10.0 want: ^1.0.0
436 silly placeDep ROOT window-size@0.1.0 OK for: yargs@3.10.0 want: 0.1.0
437 silly fetch manifest center-align@^0.1.1
438 silly fetch manifest right-align@^0.1.1
439 silly fetch manifest wordwrap@0.0.2
440 http fetch GET 200 https://registry.npmjs.org/center-align 5ms (cache hit)
441 http fetch GET 200 https://registry.npmjs.org/wordwrap 4ms (cache hit)
442 http fetch GET 200 https://registry.npmjs.org/right-align 6ms (cache hit)
443 timing idealTree:node_modules/yargs Completed in 8ms
444 timing idealTree:node_modules/camelcase Completed in 0ms
445 silly placeDep ROOT center-align@0.1.3 OK for: cliui@2.1.0 want: ^0.1.1
446 silly placeDep ROOT right-align@0.1.3 OK for: cliui@2.1.0 want: ^0.1.1
447 silly placeDep ROOT wordwrap@0.0.2 OK for: cliui@2.1.0 want: 0.0.2
448 silly fetch manifest align-text@^0.1.3
449 silly fetch manifest lazy-cache@^1.0.3
450 silly fetch manifest align-text@^0.1.1
451 http fetch GET 200 https://registry.npmjs.org/lazy-cache 7ms (cache hit)
452 http fetch GET 200 https://registry.npmjs.org/align-text 6ms (cache hit)
453 http fetch GET 200 https://registry.npmjs.org/align-text 8ms (cache hit)
454 timing idealTree:node_modules/cliui Completed in 10ms
455 silly placeDep ROOT align-text@0.1.4 OK for: center-align@0.1.3 want: ^0.1.3
456 silly placeDep ROOT lazy-cache@1.0.4 OK for: center-align@0.1.3 want: ^1.0.3
457 silly fetch manifest kind-of@^3.0.2
458 silly fetch manifest longest@^1.0.1
459 silly fetch manifest repeat-string@^1.5.2
460 http fetch GET 200 https://registry.npmjs.org/longest 9ms (cache hit)
461 http fetch GET 200 https://registry.npmjs.org/kind-of 9ms (cache hit)
462 http fetch GET 200 https://registry.npmjs.org/repeat-string 10ms (cache hit)
463 timing idealTree:node_modules/center-align Completed in 14ms
464 silly placeDep ROOT kind-of@3.2.2 OK for: align-text@0.1.4 want: ^3.0.2
465 silly placeDep ROOT longest@1.0.1 OK for: align-text@0.1.4 want: ^1.0.1
466 silly placeDep ROOT repeat-string@1.6.1 OK for: align-text@0.1.4 want: ^1.5.2
467 silly fetch manifest is-buffer@^1.1.5
468 http fetch GET 200 https://registry.npmjs.org/is-buffer 2ms (cache hit)
469 timing idealTree:node_modules/align-text Completed in 4ms
470 timing idealTree:node_modules/decamelize Completed in 0ms
471 silly placeDep ROOT is-buffer@1.1.6 OK for: kind-of@3.2.2 want: ^1.1.5
472 timing idealTree:node_modules/kind-of Completed in 0ms
473 timing idealTree:node_modules/is-buffer Completed in 0ms
474 timing idealTree:node_modules/lazy-cache Completed in 0ms
475 timing idealTree:node_modules/longest Completed in 0ms
476 timing idealTree:node_modules/repeat-string Completed in 0ms
477 timing idealTree:node_modules/right-align Completed in 0ms
478 timing idealTree:node_modules/window-size Completed in 0ms
479 timing idealTree:node_modules/wordwrap Completed in 0ms
480 timing idealTree:node_modules/body-parser/node_modules/depd Completed in 0ms
481 silly placeDep node_modules/body-parser inherits@2.0.4 OK for: http-errors@2.0.0 want: 2.0.4
482 silly placeDep node_modules/body-parser setprototypeof@1.2.0 OK for: http-errors@2.0.0 want: 1.2.0
483 silly placeDep node_modules/body-parser statuses@2.0.1 OK for: http-errors@2.0.0 want: 2.0.1
484 silly placeDep ROOT toidentifier@1.0.1 OK for: http-errors@2.0.0 want: 1.0.1
485 timing idealTree:node_modules/body-parser/node_modules/http-errors Completed in 2ms
486 timing idealTree:node_modules/toidentifier Completed in 0ms
487 timing idealTree:node_modules/body-parser/node_modules/inherits Completed in 0ms
488 timing idealTree:node_modules/body-parser/node_modules/on-finished Completed in 0ms
489 timing idealTree:node_modules/body-parser/node_modules/setprototypeof Completed in 0ms
490 timing idealTree:node_modules/body-parser/node_modules/statuses Completed in 0ms
491 timing idealTree:node_modules/content-disposition/node_modules/safe-buffer Completed in 0ms
492 timing idealTree:node_modules/express/node_modules/cookie Completed in 0ms
493 timing idealTree:node_modules/express/node_modules/depd Completed in 0ms
494 silly placeDep node_modules/express inherits@2.0.4 OK for: http-errors@2.0.0 want: 2.0.4
495 timing idealTree:node_modules/express/node_modules/http-errors Completed in 1ms
496 timing idealTree:node_modules/express/node_modules/inherits Completed in 0ms
497 timing idealTree:node_modules/express/node_modules/on-finished Completed in 0ms
498 timing idealTree:node_modules/express/node_modules/safe-buffer Completed in 0ms
499 timing idealTree:node_modules/express/node_modules/setprototypeof Completed in 0ms
500 timing idealTree:node_modules/express/node_modules/statuses Completed in 0ms
501 timing idealTree:node_modules/finalhandler/node_modules/on-finished Completed in 0ms
502 timing idealTree:node_modules/finalhandler/node_modules/statuses Completed in 0ms
503 silly placeDep node_modules/raw-body depd@2.0.0 OK for: http-errors@2.0.0 want: 2.0.0
504 silly placeDep node_modules/raw-body inherits@2.0.4 OK for: http-errors@2.0.0 want: 2.0.4
505 silly placeDep node_modules/raw-body setprototypeof@1.2.0 OK for: http-errors@2.0.0 want: 1.2.0
506 silly placeDep node_modules/raw-body statuses@2.0.1 OK for: http-errors@2.0.0 want: 2.0.1
507 timing idealTree:node_modules/raw-body/node_modules/http-errors Completed in 2ms
508 timing idealTree:node_modules/raw-body/node_modules/depd Completed in 1ms
509 timing idealTree:node_modules/raw-body/node_modules/inherits Completed in 0ms
510 timing idealTree:node_modules/raw-body/node_modules/setprototypeof Completed in 0ms
511 timing idealTree:node_modules/raw-body/node_modules/statuses Completed in 0ms
512 timing idealTree:node_modules/send/node_modules/depd Completed in 0ms
513 silly placeDep node_modules/send inherits@2.0.4 OK for: http-errors@2.0.0 want: 2.0.4
514 silly placeDep node_modules/send setprototypeof@1.2.0 OK for: http-errors@2.0.0 want: 1.2.0
515 timing idealTree:node_modules/send/node_modules/http-errors Completed in 1ms
516 timing idealTree:node_modules/send/node_modules/inherits Completed in 0ms
517 timing idealTree:node_modules/send/node_modules/ms Completed in 0ms
518 timing idealTree:node_modules/send/node_modules/on-finished Completed in 0ms
519 timing idealTree:node_modules/send/node_modules/setprototypeof Completed in 0ms
520 timing idealTree:node_modules/send/node_modules/statuses Completed in 0ms
521 timing idealTree:node_modules/uglify-js/node_modules/source-map Completed in 0ms
522 timing idealTree:node_modules/with/node_modules/acorn Completed in 0ms
523 timing idealTree:buildDeps Completed in 1247ms
524 timing idealTree:fixDepFlags Completed in 2ms
525 timing idealTree Completed in 1260ms
526 timing reify:loadTrees Completed in 1260ms
527 timing reify:diffTrees Completed in 3ms
528 silly reify mark retired [ '/home/alan1/myapp/node_modules/amdefine' ]
529 silly reify mark retired [ '/home/alan1/myapp/node_modules/body-parser' ]
530 silly reify mark retired [ '/home/alan1/myapp/node_modules/bytes' ]
531 silly reify mark retired [
531 silly reify   '/home/alan1/myapp/node_modules/clean-css',
531 silly reify   '/home/alan1/myapp/node_modules/.bin/cleancss'
531 silly reify ]
532 silly reify mark retired [ '/home/alan1/myapp/node_modules/commander' ]
533 silly reify mark retired [ '/home/alan1/myapp/node_modules/content-disposition' ]
534 silly reify mark retired [ '/home/alan1/myapp/node_modules/destroy' ]
535 silly reify mark retired [ '/home/alan1/myapp/node_modules/express' ]
536 silly reify mark retired [ '/home/alan1/myapp/node_modules/finalhandler' ]
537 silly reify mark retired [ '/home/alan1/myapp/node_modules/graceful-readlink' ]
538 silly reify mark retired [ '/home/alan1/myapp/node_modules/iconv-lite' ]
539 silly reify mark retired [
539 silly reify   '/home/alan1/myapp/node_modules/mime',
539 silly reify   '/home/alan1/myapp/node_modules/.bin/mime'
539 silly reify ]
540 silly reify mark retired [ '/home/alan1/myapp/node_modules/pug' ]
541 silly reify mark retired [ '/home/alan1/myapp/node_modules/pug-code-gen' ]
542 silly reify mark retired [ '/home/alan1/myapp/node_modules/pug-filters' ]
543 silly reify mark retired [ '/home/alan1/myapp/node_modules/pug-lexer' ]
544 silly reify mark retired [ '/home/alan1/myapp/node_modules/pug-linker' ]
545 silly reify mark retired [ '/home/alan1/myapp/node_modules/pug-parser' ]
546 silly reify mark retired [ '/home/alan1/myapp/node_modules/qs' ]
547 silly reify mark retired [ '/home/alan1/myapp/node_modules/raw-body' ]
548 silly reify mark retired [ '/home/alan1/myapp/node_modules/send' ]
549 silly reify mark retired [ '/home/alan1/myapp/node_modules/serve-static' ]
550 silly reify mark retired [ '/home/alan1/myapp/node_modules/source-map' ]
551 silly reify moves {
551 silly reify   '/home/alan1/myapp/node_modules/amdefine': '/home/alan1/myapp/node_modules/.amdefine-E3xXigEC',
551 silly reify   '/home/alan1/myapp/node_modules/body-parser': '/home/alan1/myapp/node_modules/.body-parser-m2Y25zR1',
551 silly reify   '/home/alan1/myapp/node_modules/bytes': '/home/alan1/myapp/node_modules/.bytes-T3JwV2x0',
551 silly reify   '/home/alan1/myapp/node_modules/clean-css': '/home/alan1/myapp/node_modules/.clean-css-WrV5EqrI',
551 silly reify   '/home/alan1/myapp/node_modules/.bin/cleancss': '/home/alan1/myapp/node_modules/.bin/.cleancss-Qz66Mk81',
551 silly reify   '/home/alan1/myapp/node_modules/commander': '/home/alan1/myapp/node_modules/.commander-YkchUT60',
551 silly reify   '/home/alan1/myapp/node_modules/content-disposition': '/home/alan1/myapp/node_modules/.content-disposition-AypQng2f',
551 silly reify   '/home/alan1/myapp/node_modules/destroy': '/home/alan1/myapp/node_modules/.destroy-vY0SOfIL',
551 silly reify   '/home/alan1/myapp/node_modules/express': '/home/alan1/myapp/node_modules/.express-8PHQJZsz',
551 silly reify   '/home/alan1/myapp/node_modules/finalhandler': '/home/alan1/myapp/node_modules/.finalhandler-PqSOkoEQ',
551 silly reify   '/home/alan1/myapp/node_modules/graceful-readlink': '/home/alan1/myapp/node_modules/.graceful-readlink-VY1x3hRR',
551 silly reify   '/home/alan1/myapp/node_modules/iconv-lite': '/home/alan1/myapp/node_modules/.iconv-lite-6U2LPrdY',
551 silly reify   '/home/alan1/myapp/node_modules/mime': '/home/alan1/myapp/node_modules/.mime-S410SsBA',
551 silly reify   '/home/alan1/myapp/node_modules/.bin/mime': '/home/alan1/myapp/node_modules/.bin/.mime-nyNzm1Rs',
551 silly reify   '/home/alan1/myapp/node_modules/pug': '/home/alan1/myapp/node_modules/.pug-WgciZJjB',
551 silly reify   '/home/alan1/myapp/node_modules/pug-code-gen': '/home/alan1/myapp/node_modules/.pug-code-gen-RvVd1rVU',
551 silly reify   '/home/alan1/myapp/node_modules/pug-filters': '/home/alan1/myapp/node_modules/.pug-filters-ufkYRD8Z',
551 silly reify   '/home/alan1/myapp/node_modules/pug-lexer': '/home/alan1/myapp/node_modules/.pug-lexer-NL3oekBJ',
551 silly reify   '/home/alan1/myapp/node_modules/pug-linker': '/home/alan1/myapp/node_modules/.pug-linker-vhaBeQUe',
551 silly reify   '/home/alan1/myapp/node_modules/pug-parser': '/home/alan1/myapp/node_modules/.pug-parser-sTdsCxA7',
551 silly reify   '/home/alan1/myapp/node_modules/qs': '/home/alan1/myapp/node_modules/.qs-P76wE9mH',
551 silly reify   '/home/alan1/myapp/node_modules/raw-body': '/home/alan1/myapp/node_modules/.raw-body-40aXxlq9',
551 silly reify   '/home/alan1/myapp/node_modules/send': '/home/alan1/myapp/node_modules/.send-FJ304DYT',
551 silly reify   '/home/alan1/myapp/node_modules/serve-static': '/home/alan1/myapp/node_modules/.serve-static-yoqIBUVf',
551 silly reify   '/home/alan1/myapp/node_modules/source-map': '/home/alan1/myapp/node_modules/.source-map-6EWN4b4L'
551 silly reify }
552 timing reify:retireShallow Completed in 5ms
553 timing reify:createSparse Completed in 5ms
554 timing reify:loadBundles Completed in 0ms
555 silly audit bulk request {
555 silly audit   accepts: [ '1.3.8' ],
555 silly audit   'array-flatten': [ '1.1.1' ],
555 silly audit   'basic-auth': [ '2.0.1' ],
555 silly audit   cookie: [ '0.4.1', '0.5.0' ],
555 silly audit   'cookie-parser': [ '1.4.6' ],
555 silly audit   'cookie-signature': [ '1.0.6' ],
555 silly audit   debug: [ '2.6.9' ],
555 silly audit   depd: [ '1.1.2', '2.0.0' ],
555 silly audit   'ee-first': [ '1.1.1' ],
555 silly audit   forwarded: [ '0.2.0' ],
555 silly audit   'http-errors': [ '1.6.3', '2.0.0' ],
555 silly audit   inherits: [ '2.0.3', '2.0.4' ],
555 silly audit   'ipaddr.js': [ '1.9.1' ],
555 silly audit   'merge-descriptors': [ '1.0.1' ],
555 silly audit   methods: [ '1.1.2' ],
555 silly audit   'mime-db': [ '1.52.0' ],
555 silly audit   'mime-types': [ '2.1.35' ],
555 silly audit   morgan: [ '1.9.1' ],
555 silly audit   ms: [ '2.0.0', '2.1.3' ],
555 silly audit   negotiator: [ '0.6.3' ],
555 silly audit   'object-assign': [ '4.1.1' ],
555 silly audit   'on-finished': [ '2.3.0', '2.4.1' ],
555 silly audit   'on-headers': [ '1.0.2' ],
555 silly audit   'path-to-regexp': [ '0.1.7' ],
555 silly audit   'proxy-addr': [ '2.0.7' ],
555 silly audit   'pug-error': [ '1.3.3' ],
555 silly audit   'pug-load': [ '2.0.12' ],
555 silly audit   'pug-strip-comments': [ '1.0.4' ],
555 silly audit   'pug-walk': [ '1.1.8' ],
555 silly audit   'safe-buffer': [ '5.1.2', '5.2.1' ],
555 silly audit   setprototypeof: [ '1.1.0', '1.2.0' ],
555 silly audit   statuses: [ '1.4.0', '2.0.1' ],
555 silly audit   'utils-merge': [ '1.0.1' ],
555 silly audit   vary: [ '1.1.2' ],
555 silly audit   express: [ '4.18.2' ],
555 silly audit   pug: [ '2.0.4' ],
555 silly audit   'body-parser': [ '1.20.1' ],
555 silly audit   'content-disposition': [ '0.5.4' ],
555 silly audit   'content-type': [ '1.0.4' ],
555 silly audit   encodeurl: [ '1.0.2' ],
555 silly audit   'escape-html': [ '1.0.3' ],
555 silly audit   etag: [ '1.8.1' ],
555 silly audit   finalhandler: [ '1.2.0' ],
555 silly audit   fresh: [ '0.5.2' ],
555 silly audit   parseurl: [ '1.3.3' ],
555 silly audit   qs: [ '6.11.0' ],
555 silly audit   'range-parser': [ '1.2.1' ],
555 silly audit   send: [ '0.18.0' ],
555 silly audit   'serve-static': [ '1.15.0' ],
555 silly audit   'type-is': [ '1.6.18' ],
555 silly audit   bytes: [ '3.1.2' ],
555 silly audit   destroy: [ '1.2.0' ],
555 silly audit   'iconv-lite': [ '0.4.24' ],
555 silly audit   'raw-body': [ '2.5.1' ],
555 silly audit   unpipe: [ '1.0.0' ],
555 silly audit   'safer-buffer': [ '2.1.2' ],
555 silly audit   'pug-code-gen': [ '2.0.3' ],
555 silly audit   'pug-filters': [ '3.1.1' ],
555 silly audit   'pug-lexer': [ '4.1.0' ],
555 silly audit   'pug-linker': [ '3.0.6' ],
555 silly audit   'pug-parser': [ '5.0.1' ],
555 silly audit   'pug-runtime': [ '2.0.5' ],
555 silly audit   constantinople: [ '3.1.2' ],
555 silly audit   doctypes: [ '1.1.0' ],
555 silly audit   'js-stringify': [ '1.0.2' ],
555 silly audit   'pug-attrs': [ '2.0.4' ],
555 silly audit   'void-elements': [ '2.0.1' ],
555 silly audit   with: [ '5.1.1' ],
555 silly audit   '@types/babel-types': [ '7.0.11' ],
555 silly audit   '@types/babylon': [ '6.16.6' ],
555 silly audit   'babel-types': [ '6.26.0' ],
555 silly audit   babylon: [ '6.18.0' ],
555 silly audit   'babel-runtime': [ '6.26.0' ],
555 silly audit   esutils: [ '2.0.3' ],
555 silly audit   lodash: [ '4.17.21' ],
555 silly audit   'to-fast-properties': [ '1.0.3' ],
555 silly audit   'core-js': [ '2.6.12' ],
555 silly audit   'regenerator-runtime': [ '0.11.1' ],
555 silly audit   'clean-css': [ '4.2.4' ],
555 silly audit   jstransformer: [ '1.0.0' ],
555 silly audit   resolve: [ '1.22.1' ],
555 silly audit   'uglify-js': [ '2.8.29' ],
555 silly audit   'source-map': [ '0.6.1', '0.5.7' ],
555 silly audit   'is-promise': [ '2.2.2' ],
555 silly audit   promise: [ '7.3.1' ],
555 silly audit   asap: [ '2.0.6' ],
555 silly audit   'character-parser': [ '2.2.0' ],
555 silly audit   'is-expression': [ '3.0.0' ],
555 silly audit   'is-regex': [ '1.1.4' ],
555 silly audit   acorn: [ '4.0.13', '3.3.0' ],
555 silly audit   'call-bind': [ '1.0.2' ],
555 silly audit   'has-tostringtag': [ '1.0.0' ],
555 silly audit   'function-bind': [ '1.1.1' ],
555 silly audit   'get-intrinsic': [ '1.1.3' ],
555 silly audit   has: [ '1.0.3' ],
555 silly audit   'has-symbols': [ '1.0.3' ],
555 silly audit   'token-stream': [ '0.0.1' ],
555 silly audit   'side-channel': [ '1.0.4' ],
555 silly audit   'is-core-module': [ '2.11.0' ],
555 silly audit   'path-parse': [ '1.0.7' ],
555 silly audit   'supports-preserve-symlinks-flag': [ '1.0.0' ],
555 silly audit   mime: [ '1.6.0' ],
555 silly audit   'object-inspect': [ '1.12.2' ],
555 silly audit   'media-typer': [ '0.3.0' ],
555 silly audit   'uglify-to-browserify': [ '1.0.2' ],
555 silly audit   yargs: [ '3.10.0' ],
555 silly audit   'acorn-globals': [ '3.1.0' ],
555 silly audit   camelcase: [ '1.2.1' ],
555 silly audit   cliui: [ '2.1.0' ],
555 silly audit   decamelize: [ '1.2.0' ],
555 silly audit   'window-size': [ '0.1.0' ],
555 silly audit   'center-align': [ '0.1.3' ],
555 silly audit   'right-align': [ '0.1.3' ],
555 silly audit   wordwrap: [ '0.0.2' ],
555 silly audit   'align-text': [ '0.1.4' ],
555 silly audit   'lazy-cache': [ '1.0.4' ],
555 silly audit   'kind-of': [ '3.2.2' ],
555 silly audit   longest: [ '1.0.1' ],
555 silly audit   'repeat-string': [ '1.6.1' ],
555 silly audit   'is-buffer': [ '1.1.6' ],
555 silly audit   toidentifier: [ '1.0.1' ]
555 silly audit }
556 silly tarball no local data for toidentifier@https://registry.npmjs.org/toidentifier/-/toidentifier-1.0.1.tgz. Extracting by manifest.
557 silly tarball no local data for side-channel@https://registry.npmjs.org/side-channel/-/side-channel-1.0.4.tgz. Extracting by manifest.
558 silly tarball no local data for object-inspect@https://registry.npmjs.org/object-inspect/-/object-inspect-1.12.2.tgz. Extracting by manifest.
559 silly tarball no local data for serve-static@https://registry.npmjs.org/serve-static/-/serve-static-1.15.0.tgz. Extracting by manifest.
560 silly tarball no local data for source-map@https://registry.npmjs.org/source-map/-/source-map-0.6.1.tgz. Extracting by manifest.
561 silly tarball no local data for setprototypeof@https://registry.npmjs.org/setprototypeof/-/setprototypeof-1.2.0.tgz. Extracting by manifest.
562 silly tarball no local data for send@https://registry.npmjs.org/send/-/send-0.18.0.tgz. Extracting by manifest.
563 silly tarball no local data for inherits@https://registry.npmjs.org/inherits/-/inherits-2.0.4.tgz. Extracting by manifest.
564 silly tarball no local data for statuses@https://registry.npmjs.org/statuses/-/statuses-2.0.1.tgz. Extracting by manifest.
565 silly tarball no local data for on-finished@https://registry.npmjs.org/on-finished/-/on-finished-2.4.1.tgz. Extracting by manifest.
566 silly tarball no local data for http-errors@https://registry.npmjs.org/http-errors/-/http-errors-2.0.0.tgz. Extracting by manifest.
567 silly tarball no local data for ms@https://registry.npmjs.org/ms/-/ms-2.1.3.tgz. Extracting by manifest.
568 silly tarball no local data for depd@https://registry.npmjs.org/depd/-/depd-2.0.0.tgz. Extracting by manifest.
569 silly tarball no local data for raw-body@https://registry.npmjs.org/raw-body/-/raw-body-2.5.1.tgz. Extracting by manifest.
570 silly tarball no local data for statuses@https://registry.npmjs.org/statuses/-/statuses-2.0.1.tgz. Extracting by manifest.
571 silly tarball no local data for inherits@https://registry.npmjs.org/inherits/-/inherits-2.0.4.tgz. Extracting by manifest.
572 silly tarball no local data for setprototypeof@https://registry.npmjs.org/setprototypeof/-/setprototypeof-1.2.0.tgz. Extracting by manifest.
573 silly tarball no local data for depd@https://registry.npmjs.org/depd/-/depd-2.0.0.tgz. Extracting by manifest.
574 silly tarball no local data for qs@https://registry.npmjs.org/qs/-/qs-6.11.0.tgz. Extracting by manifest.
575 silly tarball no local data for pug-parser@https://registry.npmjs.org/pug-parser/-/pug-parser-5.0.1.tgz. Extracting by manifest.
576 silly tarball no local data for pug-linker@https://registry.npmjs.org/pug-linker/-/pug-linker-3.0.6.tgz. Extracting by manifest.
577 silly tarball no local data for pug-lexer@https://registry.npmjs.org/pug-lexer/-/pug-lexer-4.1.0.tgz. Extracting by manifest.
578 silly tarball no local data for pug-filters@https://registry.npmjs.org/pug-filters/-/pug-filters-3.1.1.tgz. Extracting by manifest.
579 silly tarball no local data for pug-code-gen@https://registry.npmjs.org/pug-code-gen/-/pug-code-gen-2.0.3.tgz. Extracting by manifest.
580 silly tarball no local data for pug@https://registry.npmjs.org/pug/-/pug-2.0.4.tgz. Extracting by manifest.
581 silly tarball no local data for mime@https://registry.npmjs.org/mime/-/mime-1.6.0.tgz. Extracting by manifest.
582 silly tarball no local data for iconv-lite@https://registry.npmjs.org/iconv-lite/-/iconv-lite-0.4.24.tgz. Extracting by manifest.
583 silly tarball no local data for finalhandler@https://registry.npmjs.org/finalhandler/-/finalhandler-1.2.0.tgz. Extracting by manifest.
584 silly tarball no local data for http-errors@https://registry.npmjs.org/http-errors/-/http-errors-2.0.0.tgz. Extracting by manifest.
585 silly tarball no local data for statuses@https://registry.npmjs.org/statuses/-/statuses-2.0.1.tgz. Extracting by manifest.
586 silly tarball no local data for on-finished@https://registry.npmjs.org/on-finished/-/on-finished-2.4.1.tgz. Extracting by manifest.
587 silly tarball no local data for express@https://registry.npmjs.org/express/-/express-4.18.2.tgz. Extracting by manifest.
588 silly tarball no local data for inherits@https://registry.npmjs.org/inherits/-/inherits-2.0.4.tgz. Extracting by manifest.
589 silly tarball no local data for statuses@https://registry.npmjs.org/statuses/-/statuses-2.0.1.tgz. Extracting by manifest.
590 silly tarball no local data for setprototypeof@https://registry.npmjs.org/setprototypeof/-/setprototypeof-1.2.0.tgz. Extracting by manifest.
591 silly tarball no local data for http-errors@https://registry.npmjs.org/http-errors/-/http-errors-2.0.0.tgz. Extracting by manifest.
592 silly tarball no local data for on-finished@https://registry.npmjs.org/on-finished/-/on-finished-2.4.1.tgz. Extracting by manifest.
593 silly tarball no local data for safe-buffer@https://registry.npmjs.org/safe-buffer/-/safe-buffer-5.2.1.tgz. Extracting by manifest.
594 silly tarball no local data for depd@https://registry.npmjs.org/depd/-/depd-2.0.0.tgz. Extracting by manifest.
595 silly tarball no local data for cookie@https://registry.npmjs.org/cookie/-/cookie-0.5.0.tgz. Extracting by manifest.
596 silly tarball no local data for destroy@https://registry.npmjs.org/destroy/-/destroy-1.2.0.tgz. Extracting by manifest.
597 silly tarball no local data for content-disposition@https://registry.npmjs.org/content-disposition/-/content-disposition-0.5.4.tgz. Extracting by manifest.
598 silly tarball no local data for bytes@https://registry.npmjs.org/bytes/-/bytes-3.1.2.tgz. Extracting by manifest.
599 silly tarball no local data for clean-css@https://registry.npmjs.org/clean-css/-/clean-css-4.2.4.tgz. Extracting by manifest.
600 silly tarball no local data for safe-buffer@https://registry.npmjs.org/safe-buffer/-/safe-buffer-5.2.1.tgz. Extracting by manifest.
601 silly tarball no local data for body-parser@https://registry.npmjs.org/body-parser/-/body-parser-1.20.1.tgz. Extracting by manifest.
602 silly tarball no local data for statuses@https://registry.npmjs.org/statuses/-/statuses-2.0.1.tgz. Extracting by manifest.
603 silly tarball no local data for setprototypeof@https://registry.npmjs.org/setprototypeof/-/setprototypeof-1.2.0.tgz. Extracting by manifest.
604 silly tarball no local data for inherits@https://registry.npmjs.org/inherits/-/inherits-2.0.4.tgz. Extracting by manifest.
605 silly tarball no local data for on-finished@https://registry.npmjs.org/on-finished/-/on-finished-2.4.1.tgz. Extracting by manifest.
606 silly tarball no local data for http-errors@https://registry.npmjs.org/http-errors/-/http-errors-2.0.0.tgz. Extracting by manifest.
607 silly tarball no local data for depd@https://registry.npmjs.org/depd/-/depd-2.0.0.tgz. Extracting by manifest.
608 http fetch GET 200 https://registry.npmjs.org/toidentifier/-/toidentifier-1.0.1.tgz 102ms (cache miss)
609 timing reifyNode:node_modules/toidentifier Completed in 125ms
610 http fetch GET 200 https://registry.npmjs.org/statuses/-/statuses-2.0.1.tgz 144ms (cache miss)
611 timing reifyNode:node_modules/raw-body/node_modules/statuses Completed in 178ms
612 http fetch GET 200 https://registry.npmjs.org/inherits/-/inherits-2.0.4.tgz 219ms (cache miss)
613 timing reifyNode:node_modules/send/node_modules/inherits Completed in 248ms
614 http fetch GET 200 https://registry.npmjs.org/setprototypeof/-/setprototypeof-1.2.0.tgz 230ms (cache miss)
615 timing reifyNode:node_modules/send/node_modules/setprototypeof Completed in 257ms
616 http fetch GET 200 https://registry.npmjs.org/side-channel/-/side-channel-1.0.4.tgz 236ms (cache miss)
617 timing reifyNode:node_modules/side-channel Completed in 260ms
618 http fetch GET 200 https://registry.npmjs.org/on-finished/-/on-finished-2.4.1.tgz 231ms (cache miss)
619 timing reifyNode:node_modules/send/node_modules/on-finished Completed in 261ms
620 http fetch GET 200 https://registry.npmjs.org/statuses/-/statuses-2.0.1.tgz 236ms (cache miss)
621 timing reifyNode:node_modules/send/node_modules/statuses Completed in 266ms
622 http fetch GET 200 https://registry.npmjs.org/inherits/-/inherits-2.0.4.tgz 240ms (cache miss)
623 timing reifyNode:node_modules/raw-body/node_modules/inherits Completed in 275ms
624 http fetch GET 200 https://registry.npmjs.org/send/-/send-0.18.0.tgz 251ms (cache miss)
625 timing reifyNode:node_modules/send Completed in 279ms
626 http fetch GET 200 https://registry.npmjs.org/http-errors/-/http-errors-2.0.0.tgz 253ms (cache miss)
627 timing reifyNode:node_modules/send/node_modules/http-errors Completed in 284ms
628 http fetch GET 200 https://registry.npmjs.org/ms/-/ms-2.1.3.tgz 257ms (cache miss)
629 timing reifyNode:node_modules/send/node_modules/ms Completed in 289ms
630 http fetch GET 200 https://registry.npmjs.org/depd/-/depd-2.0.0.tgz 262ms (cache miss)
631 timing reifyNode:node_modules/send/node_modules/depd Completed in 295ms
632 http fetch POST 200 https://registry.npmjs.org/-/npm/v1/security/advisories/bulk 298ms
633 timing auditReport:getReport Completed in 300ms
634 silly audit report {
634 silly audit report   pug: [
634 silly audit report     {
634 silly audit report       id: 1082383,
634 silly audit report       url: 'https://github.com/advisories/GHSA-p493-635q-r6gr',
634 silly audit report       title: 'Remote code execution via the `pretty` option.',
634 silly audit report       severity: 'high',
634 silly audit report       vulnerable_versions: '<3.0.1',
634 silly audit report       cwe: [Array],
634 silly audit report       cvss: [Object]
634 silly audit report     }
634 silly audit report   ]
634 silly audit report }
635 timing metavuln:packument:pug Completed in 0ms
636 timing metavuln:cache:get:security-advisory:pug:RaVP9DUJp+Z2pYLTTv/8EjaOFB3h6XRRv44cD7Bmm1nV1/v7/OCHqgW6Zt/fw0xPqzQtMLJun9DoC6WsHkGQPA== Completed in 5ms
637 timing metavuln:load:security-advisory:pug:1082383 Completed in 1ms
638 http fetch GET 200 https://registry.npmjs.org/setprototypeof/-/setprototypeof-1.2.0.tgz 280ms (cache miss)
639 timing reifyNode:node_modules/raw-body/node_modules/setprototypeof Completed in 316ms
640 http fetch GET 200 https://registry.npmjs.org/pug-filters/-/pug-filters-3.1.1.tgz 273ms (cache miss)
641 timing reifyNode:node_modules/pug-filters Completed in 316ms
642 http fetch GET 200 https://registry.npmjs.org/serve-static/-/serve-static-1.15.0.tgz 301ms (cache miss)
643 timing reifyNode:node_modules/serve-static Completed in 328ms
644 http fetch GET 200 https://registry.npmjs.org/pug-parser/-/pug-parser-5.0.1.tgz 298ms (cache miss)
645 timing reifyNode:node_modules/pug-parser Completed in 336ms
646 http fetch GET 200 https://registry.npmjs.org/depd/-/depd-2.0.0.tgz 320ms (cache miss)
647 timing reifyNode:node_modules/raw-body/node_modules/depd Completed in 356ms
648 http fetch GET 200 https://registry.npmjs.org/pug-code-gen/-/pug-code-gen-2.0.3.tgz 324ms (cache miss)
649 timing reifyNode:node_modules/pug-code-gen Completed in 367ms
650 timing metavuln:cache:put:security-advisory:pug:RaVP9DUJp+Z2pYLTTv/8EjaOFB3h6XRRv44cD7Bmm1nV1/v7/OCHqgW6Zt/fw0xPqzQtMLJun9DoC6WsHkGQPA== Completed in 65ms
651 timing metavuln:calculate:security-advisory:pug:1082383 Completed in 71ms
652 timing auditReport:init Completed in 72ms
653 timing reify:audit Completed in 372ms
654 http fetch GET 200 https://registry.npmjs.org/statuses/-/statuses-2.0.1.tgz 323ms (cache miss)
655 timing reifyNode:node_modules/finalhandler/node_modules/statuses Completed in 371ms
656 http fetch GET 200 https://registry.npmjs.org/pug-lexer/-/pug-lexer-4.1.0.tgz 334ms (cache miss)
657 timing reifyNode:node_modules/pug-lexer Completed in 376ms
658 http fetch GET 200 https://registry.npmjs.org/finalhandler/-/finalhandler-1.2.0.tgz 331ms (cache miss)
659 timing reifyNode:node_modules/finalhandler Completed in 377ms
660 http fetch GET 200 https://registry.npmjs.org/pug-linker/-/pug-linker-3.0.6.tgz 342ms (cache miss)
661 timing reifyNode:node_modules/pug-linker Completed in 380ms
662 http fetch GET 200 https://registry.npmjs.org/on-finished/-/on-finished-2.4.1.tgz 338ms (cache miss)
663 timing reifyNode:node_modules/finalhandler/node_modules/on-finished Completed in 386ms
664 http fetch GET 200 https://registry.npmjs.org/http-errors/-/http-errors-2.0.0.tgz 348ms (cache miss)
665 timing reifyNode:node_modules/raw-body/node_modules/http-errors Completed in 396ms
666 http fetch GET 200 https://registry.npmjs.org/statuses/-/statuses-2.0.1.tgz 350ms (cache miss)
667 timing reifyNode:node_modules/express/node_modules/statuses Completed in 402ms
668 http fetch GET 200 https://registry.npmjs.org/inherits/-/inherits-2.0.4.tgz 352ms (cache miss)
669 timing reifyNode:node_modules/express/node_modules/inherits Completed in 402ms
670 http fetch GET 200 https://registry.npmjs.org/on-finished/-/on-finished-2.4.1.tgz 346ms (cache miss)
671 timing reifyNode:node_modules/express/node_modules/on-finished Completed in 402ms
672 http fetch GET 200 https://registry.npmjs.org/http-errors/-/http-errors-2.0.0.tgz 357ms (cache miss)
673 timing reifyNode:node_modules/express/node_modules/http-errors Completed in 409ms
674 http fetch GET 200 https://registry.npmjs.org/setprototypeof/-/setprototypeof-1.2.0.tgz 361ms (cache miss)
675 timing reifyNode:node_modules/express/node_modules/setprototypeof Completed in 412ms
676 http fetch GET 200 https://registry.npmjs.org/destroy/-/destroy-1.2.0.tgz 357ms (cache miss)
677 timing reifyNode:node_modules/destroy Completed in 416ms
678 http fetch GET 200 https://registry.npmjs.org/pug/-/pug-2.0.4.tgz 374ms (cache miss)
679 timing reifyNode:node_modules/pug Completed in 418ms
680 http fetch GET 200 https://registry.npmjs.org/safe-buffer/-/safe-buffer-5.2.1.tgz 362ms (cache miss)
681 timing reifyNode:node_modules/express/node_modules/safe-buffer Completed in 419ms
682 http fetch GET 200 https://registry.npmjs.org/bytes/-/bytes-3.1.2.tgz 358ms (cache miss)
683 timing reifyNode:node_modules/bytes Completed in 419ms
684 http fetch GET 200 https://registry.npmjs.org/depd/-/depd-2.0.0.tgz 363ms (cache miss)
685 timing reifyNode:node_modules/express/node_modules/depd Completed in 422ms
686 http fetch GET 200 https://registry.npmjs.org/mime/-/mime-1.6.0.tgz 379ms (cache miss)
687 timing reifyNode:node_modules/mime Completed in 424ms
688 http fetch GET 200 https://registry.npmjs.org/cookie/-/cookie-0.5.0.tgz 367ms (cache miss)
689 timing reifyNode:node_modules/express/node_modules/cookie Completed in 425ms
690 http fetch GET 200 https://registry.npmjs.org/inherits/-/inherits-2.0.4.tgz 362ms (cache miss)
691 timing reifyNode:node_modules/body-parser/node_modules/inherits Completed in 427ms
692 http fetch GET 200 https://registry.npmjs.org/content-disposition/-/content-disposition-0.5.4.tgz 367ms (cache miss)
693 timing reifyNode:node_modules/content-disposition Completed in 427ms
694 http fetch GET 200 https://registry.npmjs.org/statuses/-/statuses-2.0.1.tgz 368ms (cache miss)
695 timing reifyNode:node_modules/body-parser/node_modules/statuses Completed in 432ms
696 http fetch GET 200 https://registry.npmjs.org/setprototypeof/-/setprototypeof-1.2.0.tgz 367ms (cache miss)
697 timing reifyNode:node_modules/body-parser/node_modules/setprototypeof Completed in 433ms
698 http fetch GET 200 https://registry.npmjs.org/depd/-/depd-2.0.0.tgz 366ms (cache miss)
699 timing reifyNode:node_modules/body-parser/node_modules/depd Completed in 435ms
700 http fetch GET 200 https://registry.npmjs.org/safe-buffer/-/safe-buffer-5.2.1.tgz 375ms (cache miss)
701 timing reifyNode:node_modules/content-disposition/node_modules/safe-buffer Completed in 437ms
702 http fetch GET 200 https://registry.npmjs.org/http-errors/-/http-errors-2.0.0.tgz 371ms (cache miss)
703 timing reifyNode:node_modules/body-parser/node_modules/http-errors Completed in 437ms
704 http fetch GET 200 https://registry.npmjs.org/body-parser/-/body-parser-1.20.1.tgz 377ms (cache miss)
705 http fetch GET 200 https://registry.npmjs.org/object-inspect/-/object-inspect-1.12.2.tgz 417ms (cache miss)
706 timing reifyNode:node_modules/object-inspect Completed in 442ms
707 timing reifyNode:node_modules/body-parser Completed in 442ms
708 http fetch GET 200 https://registry.npmjs.org/qs/-/qs-6.11.0.tgz 409ms (cache miss)
709 timing reifyNode:node_modules/qs Completed in 446ms
710 http fetch GET 200 https://registry.npmjs.org/on-finished/-/on-finished-2.4.1.tgz 380ms (cache miss)
711 timing reifyNode:node_modules/body-parser/node_modules/on-finished Completed in 446ms
712 http fetch GET 200 https://registry.npmjs.org/express/-/express-4.18.2.tgz 410ms (cache miss)
713 timing reifyNode:node_modules/express Completed in 459ms
714 http fetch GET 200 https://registry.npmjs.org/source-map/-/source-map-0.6.1.tgz 448ms (cache miss)
715 timing reifyNode:node_modules/source-map Completed in 474ms
716 http fetch GET 200 https://registry.npmjs.org/iconv-lite/-/iconv-lite-0.4.24.tgz 429ms (cache miss)
717 timing reifyNode:node_modules/iconv-lite Completed in 475ms
718 http fetch GET 200 https://registry.npmjs.org/clean-css/-/clean-css-4.2.4.tgz 427ms (cache miss)
719 timing reifyNode:node_modules/clean-css Completed in 488ms
720 http fetch GET 200 https://registry.npmjs.org/raw-body/-/raw-body-2.5.1.tgz 473ms (cache miss)
721 timing reifyNode:node_modules/raw-body Completed in 506ms
722 timing reify:unpack Completed in 507ms
723 timing reify:unretire Completed in 0ms
724 timing build:queue Completed in 2ms
725 timing build:link:node_modules/mime Completed in 2ms
726 timing build:link Completed in 2ms
727 timing build:deps Completed in 4ms
728 timing build Completed in 4ms
729 timing reify:build Completed in 4ms
730 timing reify:trash Completed in 41ms
731 timing reify:save Completed in 23ms
732 timing reify Completed in 1870ms
733 silly ADD node_modules/toidentifier
734 silly ADD node_modules/object-inspect
735 silly ADD node_modules/side-channel
736 silly CHANGE node_modules/source-map
737 silly CHANGE node_modules/serve-static
738 silly CHANGE node_modules/send
739 silly ADD node_modules/send/node_modules/setprototypeof
740 silly ADD node_modules/send/node_modules/inherits
741 silly ADD node_modules/send/node_modules/statuses
742 silly ADD node_modules/send/node_modules/on-finished
743 silly ADD node_modules/send/node_modules/ms
744 silly ADD node_modules/send/node_modules/http-errors
745 silly ADD node_modules/send/node_modules/depd
746 silly CHANGE node_modules/raw-body
747 silly ADD node_modules/raw-body/node_modules/statuses
748 silly ADD node_modules/raw-body/node_modules/setprototypeof
749 silly ADD node_modules/raw-body/node_modules/inherits
750 silly ADD node_modules/raw-body/node_modules/depd
751 silly ADD node_modules/raw-body/node_modules/http-errors
752 silly CHANGE node_modules/qs
753 silly CHANGE node_modules/pug-parser
754 silly CHANGE node_modules/pug-linker
755 silly CHANGE node_modules/pug-lexer
756 silly CHANGE node_modules/pug-filters
757 silly CHANGE node_modules/pug-code-gen
758 silly CHANGE node_modules/pug
759 silly CHANGE node_modules/mime
760 silly CHANGE node_modules/iconv-lite
761 silly REMOVE node_modules/graceful-readlink
762 silly CHANGE node_modules/finalhandler
763 silly ADD node_modules/finalhandler/node_modules/statuses
764 silly ADD node_modules/finalhandler/node_modules/on-finished
765 silly CHANGE node_modules/express
766 silly ADD node_modules/express/node_modules/inherits
767 silly ADD node_modules/express/node_modules/statuses
768 silly ADD node_modules/express/node_modules/setprototypeof
769 silly ADD node_modules/express/node_modules/safe-buffer
770 silly ADD node_modules/express/node_modules/on-finished
771 silly ADD node_modules/express/node_modules/http-errors
772 silly ADD node_modules/express/node_modules/depd
773 silly CHANGE node_modules/express/node_modules/cookie
774 silly CHANGE node_modules/destroy
775 silly CHANGE node_modules/content-disposition
776 silly ADD node_modules/content-disposition/node_modules/safe-buffer
777 silly REMOVE node_modules/commander
778 silly CHANGE node_modules/clean-css
779 silly CHANGE node_modules/bytes
780 silly CHANGE node_modules/body-parser
781 silly ADD node_modules/body-parser/node_modules/statuses
782 silly ADD node_modules/body-parser/node_modules/setprototypeof
783 silly ADD node_modules/body-parser/node_modules/inherits
784 silly ADD node_modules/body-parser/node_modules/on-finished
785 silly ADD node_modules/body-parser/node_modules/http-errors
786 silly ADD node_modules/body-parser/node_modules/depd
787 silly REMOVE node_modules/amdefine
788 timing command:audit Completed in 2380ms
789 verbose exit 0
790 timing npm Completed in 2410ms
791 verbose code 1
