0 verbose cli /snap/node/6905/bin/node /usr/local/bin/npm
1 info using npm@9.2.0
2 info using node@v18.12.1
3 timing npm:load:whichnode Completed in 1ms
4 timing config:load:defaults Completed in 1ms
5 timing config:load:file:/usr/local/lib/node_modules/npm/npmrc Completed in 0ms
6 timing config:load:builtin Completed in 0ms
7 timing config:load:cli Completed in 0ms
8 timing config:load:env Completed in 1ms
9 timing config:load:file:/home/alan1/myapp/.npmrc Completed in 0ms
10 timing config:load:project Completed in 6ms
11 timing config:load:file:/home/alan1/.npmrc Completed in 1ms
12 timing config:load:user Completed in 1ms
13 timing config:load:file:/snap/node/6905/etc/npmrc Completed in 1ms
14 timing config:load:global Completed in 1ms
15 timing config:load:setEnvs Completed in 0ms
16 timing config:load Completed in 12ms
17 timing npm:load:configload Completed in 12ms
18 timing npm:load:mkdirpcache Completed in 0ms
19 timing npm:load:mkdirplogs Completed in 0ms
20 verbose title npm install
21 verbose argv "install"
22 timing npm:load:setTitle Completed in 1ms
23 timing config:load:flatten Completed in 2ms
24 timing npm:load:display Completed in 2ms
25 verbose logfile logs-max:10 dir:/home/alan1/.npm/_logs/2023-01-05T18_06_22_074Z-
26 verbose logfile /home/alan1/.npm/_logs/2023-01-05T18_06_22_074Z-debug-0.log
27 timing npm:load:logFile Completed in 338ms
28 timing npm:load:timers Completed in 0ms
29 timing npm:load:configScope Completed in 0ms
30 timing npm:load Completed in 354ms
31 silly logfile done cleaning log files
32 timing config:load:flatten Completed in 0ms
33 timing arborist:ctor Completed in 1ms
34 timing arborist:ctor Completed in 0ms
35 timing idealTree:init Completed in 10ms
36 timing idealTree:userRequests Completed in 1ms
37 silly idealTree buildDeps
38 silly fetch manifest cookie-parser@~1.4.4
39 http fetch GET 200 https://registry.npmjs.org/cookie-parser 190ms (cache miss)
40 silly fetch manifest debug@~2.6.9
41 http fetch GET 200 https://registry.npmjs.org/debug 69ms (cache miss)
42 silly fetch manifest express@~4.16.1
43 http fetch GET 200 https://registry.npmjs.org/express 89ms (cache miss)
44 silly fetch manifest http-errors@~1.6.3
45 http fetch GET 200 https://registry.npmjs.org/http-errors 47ms (cache miss)
46 silly fetch manifest morgan@~1.9.1
47 http fetch GET 200 https://registry.npmjs.org/morgan 45ms (cache miss)
48 silly fetch manifest pug@2.0.0-beta11
49 http fetch GET 200 https://registry.npmjs.org/pug 654ms (cache miss)
50 silly placeDep ROOT cookie-parser@1.4.6 OK for: myapp@0.0.0 want: ~1.4.4
51 silly placeDep ROOT debug@2.6.9 OK for: myapp@0.0.0 want: ~2.6.9
52 silly placeDep ROOT express@4.16.4 OK for: myapp@0.0.0 want: ~4.16.1
53 silly placeDep ROOT http-errors@1.6.3 OK for: myapp@0.0.0 want: ~1.6.3
54 silly placeDep ROOT morgan@1.9.1 OK for: myapp@0.0.0 want: ~1.9.1
55 silly placeDep ROOT pug@2.0.0-beta11 OK for: myapp@0.0.0 want: 2.0.0-beta11
56 silly fetch manifest cookie@0.4.1
57 silly fetch manifest cookie-signature@1.0.6
58 silly fetch manifest ms@2.0.0
59 silly fetch manifest accepts@~1.3.5
60 silly fetch manifest array-flatten@1.1.1
61 silly fetch manifest body-parser@1.18.3
62 silly fetch manifest content-disposition@0.5.2
63 silly fetch manifest content-type@~1.0.4
64 silly fetch manifest cookie@0.3.1
65 silly fetch manifest depd@~1.1.2
66 silly fetch manifest encodeurl@~1.0.2
67 silly fetch manifest escape-html@~1.0.3
68 silly fetch manifest etag@~1.8.1
69 silly fetch manifest finalhandler@1.1.1
70 silly fetch manifest fresh@0.5.2
71 silly fetch manifest merge-descriptors@1.0.1
72 silly fetch manifest methods@~1.1.2
73 silly fetch manifest on-finished@~2.3.0
74 silly fetch manifest parseurl@~1.3.2
75 silly fetch manifest path-to-regexp@0.1.7
76 silly fetch manifest proxy-addr@~2.0.4
77 silly fetch manifest qs@6.5.2
78 silly fetch manifest range-parser@~1.2.0
79 silly fetch manifest safe-buffer@5.1.2
80 silly fetch manifest send@0.16.2
81 silly fetch manifest serve-static@1.13.2
82 silly fetch manifest setprototypeof@1.1.0
83 silly fetch manifest statuses@~1.4.0
84 silly fetch manifest type-is@~1.6.16
85 silly fetch manifest utils-merge@1.0.1
86 silly fetch manifest vary@~1.1.2
87 silly fetch manifest inherits@2.0.3
88 silly fetch manifest statuses@>= 1.4.0 < 2
89 silly fetch manifest basic-auth@~2.0.0
90 silly fetch manifest on-headers@~1.0.1
91 silly fetch manifest pug-code-gen@^1.1.1
92 silly fetch manifest pug-filters@^2.1.1
93 silly fetch manifest pug-lexer@^3.0.0
94 silly fetch manifest pug-linker@^2.0.2
95 silly fetch manifest pug-load@^2.0.5
96 silly fetch manifest pug-parser@^2.0.2
97 silly fetch manifest pug-runtime@^2.0.3
98 silly fetch manifest pug-strip-comments@^1.0.2
99 http fetch GET 200 https://registry.npmjs.org/cookie 99ms (cache miss)
100 http fetch GET 200 https://registry.npmjs.org/merge-descriptors 137ms (cache miss)
101 http fetch GET 200 https://registry.npmjs.org/ms 158ms (cache miss)
102 http fetch GET 200 https://registry.npmjs.org/content-type 166ms (cache miss)
103 http fetch GET 200 https://registry.npmjs.org/accepts 171ms (cache miss)
104 http fetch GET 200 https://registry.npmjs.org/finalhandler 169ms (cache miss)
105 http fetch GET 200 https://registry.npmjs.org/etag 177ms (cache miss)
106 http fetch GET 200 https://registry.npmjs.org/fresh 182ms (cache miss)
107 http fetch GET 200 https://registry.npmjs.org/array-flatten 187ms (cache miss)
108 http fetch GET 200 https://registry.npmjs.org/encodeurl 195ms (cache miss)
109 http fetch GET 200 https://registry.npmjs.org/escape-html 195ms (cache miss)
110 http fetch GET 200 https://registry.npmjs.org/depd 198ms (cache miss)
111 http fetch GET 200 https://registry.npmjs.org/on-finished 196ms (cache miss)
112 http fetch GET 200 https://registry.npmjs.org/methods 198ms (cache miss)
113 http fetch GET 200 https://registry.npmjs.org/proxy-addr 226ms (cache miss)
114 http fetch GET 200 https://registry.npmjs.org/cookie 236ms (cache miss)
115 http fetch GET 200 https://registry.npmjs.org/parseurl 232ms (cache miss)
116 http fetch GET 200 https://registry.npmjs.org/range-parser 232ms (cache miss)
117 http fetch GET 200 https://registry.npmjs.org/path-to-regexp 254ms (cache miss)
118 http fetch GET 200 https://registry.npmjs.org/body-parser 263ms (cache miss)
119 http fetch GET 200 https://registry.npmjs.org/type-is 249ms (cache miss)
120 http fetch GET 200 https://registry.npmjs.org/safe-buffer 254ms (cache miss)
121 http fetch GET 200 https://registry.npmjs.org/setprototypeof 251ms (cache miss)
122 http fetch GET 200 https://registry.npmjs.org/statuses 251ms (cache miss)
123 http fetch GET 200 https://registry.npmjs.org/qs 257ms (cache miss)
124 http fetch GET 200 https://registry.npmjs.org/send 258ms (cache miss)
125 http fetch GET 200 https://registry.npmjs.org/utils-merge 267ms (cache miss)
126 http fetch GET 200 https://registry.npmjs.org/vary 273ms (cache miss)
127 http fetch GET 200 https://registry.npmjs.org/inherits 272ms (cache miss)
128 http fetch GET 200 https://registry.npmjs.org/serve-static 275ms (cache miss)
129 http fetch GET 200 https://registry.npmjs.org/on-headers 282ms (cache miss)
130 http fetch GET 200 https://registry.npmjs.org/statuses 284ms (cache miss)
131 http fetch GET 200 https://registry.npmjs.org/content-disposition 303ms (cache miss)
132 http fetch GET 200 https://registry.npmjs.org/pug-code-gen 316ms (cache miss)
133 http fetch GET 200 https://registry.npmjs.org/pug-runtime 314ms (cache miss)
134 http fetch GET 200 https://registry.npmjs.org/cookie-signature 818ms (cache miss)
135 http fetch GET 200 https://registry.npmjs.org/pug-lexer 883ms (cache miss)
136 http fetch GET 200 https://registry.npmjs.org/pug-parser 896ms (cache miss)
137 http fetch GET 200 https://registry.npmjs.org/pug-linker 901ms (cache miss)
138 http fetch GET 200 https://registry.npmjs.org/pug-load 903ms (cache miss)
139 http fetch GET 200 https://registry.npmjs.org/pug-strip-comments 924ms (cache miss)
140 http fetch GET 200 https://registry.npmjs.org/pug-filters 938ms (cache miss)
141 http fetch GET 200 https://registry.npmjs.org/basic-auth 940ms (cache miss)
142 timing idealTree:#root Completed in 2086ms
143 silly placeDep ROOT cookie@0.4.1 OK for: cookie-parser@1.4.6 want: 0.4.1
144 silly placeDep ROOT cookie-signature@1.0.6 OK for: cookie-parser@1.4.6 want: 1.0.6
145 timing idealTree:node_modules/cookie-parser Completed in 2ms
146 timing idealTree:node_modules/cookie Completed in 0ms
147 timing idealTree:node_modules/cookie-signature Completed in 0ms
148 silly placeDep ROOT ms@2.0.0 OK for: debug@2.6.9 want: 2.0.0
149 timing idealTree:node_modules/debug Completed in 2ms
150 silly placeDep ROOT accepts@1.3.8 OK for: express@4.16.4 want: ~1.3.5
151 silly placeDep ROOT array-flatten@1.1.1 OK for: express@4.16.4 want: 1.1.1
152 silly placeDep ROOT body-parser@1.18.3 OK for: express@4.16.4 want: 1.18.3
153 silly placeDep ROOT content-disposition@0.5.2 OK for: express@4.16.4 want: 0.5.2
154 silly placeDep ROOT content-type@1.0.4 OK for: express@4.16.4 want: ~1.0.4
155 silly placeDep node_modules/express cookie@0.3.1 OK for: express@4.16.4 want: 0.3.1
156 silly placeDep ROOT depd@1.1.2 OK for: express@4.16.4 want: ~1.1.2
157 silly placeDep ROOT encodeurl@1.0.2 OK for: express@4.16.4 want: ~1.0.2
158 silly placeDep ROOT escape-html@1.0.3 OK for: express@4.16.4 want: ~1.0.3
159 silly placeDep ROOT etag@1.8.1 OK for: express@4.16.4 want: ~1.8.1
160 silly placeDep ROOT finalhandler@1.1.1 OK for: express@4.16.4 want: 1.1.1
161 silly placeDep ROOT fresh@0.5.2 OK for: express@4.16.4 want: 0.5.2
162 silly placeDep ROOT merge-descriptors@1.0.1 OK for: express@4.16.4 want: 1.0.1
163 silly placeDep ROOT methods@1.1.2 OK for: express@4.16.4 want: ~1.1.2
164 silly placeDep ROOT on-finished@2.3.0 OK for: express@4.16.4 want: ~2.3.0
165 silly placeDep ROOT parseurl@1.3.3 OK for: express@4.16.4 want: ~1.3.2
166 silly placeDep ROOT path-to-regexp@0.1.7 OK for: express@4.16.4 want: 0.1.7
167 silly placeDep ROOT proxy-addr@2.0.7 OK for: express@4.16.4 want: ~2.0.4
168 silly placeDep ROOT qs@6.5.2 OK for: express@4.16.4 want: 6.5.2
169 silly placeDep ROOT range-parser@1.2.1 OK for: express@4.16.4 want: ~1.2.0
170 silly placeDep ROOT safe-buffer@5.1.2 OK for: express@4.16.4 want: 5.1.2
171 silly placeDep ROOT send@0.16.2 OK for: express@4.16.4 want: 0.16.2
172 silly placeDep ROOT serve-static@1.13.2 OK for: express@4.16.4 want: 1.13.2
173 silly placeDep ROOT setprototypeof@1.1.0 OK for: express@4.16.4 want: 1.1.0
174 silly placeDep ROOT statuses@1.4.0 OK for: express@4.16.4 want: ~1.4.0
175 silly placeDep ROOT type-is@1.6.18 OK for: express@4.16.4 want: ~1.6.16
176 silly placeDep ROOT utils-merge@1.0.1 OK for: express@4.16.4 want: 1.0.1
177 silly placeDep ROOT vary@1.1.2 OK for: express@4.16.4 want: ~1.1.2
178 silly fetch manifest mime-types@~2.1.34
179 silly fetch manifest negotiator@0.6.3
180 silly fetch manifest bytes@3.0.0
181 silly fetch manifest iconv-lite@0.4.23
182 silly fetch manifest raw-body@2.3.3
183 silly fetch manifest unpipe@~1.0.0
184 silly fetch manifest ee-first@1.1.1
185 silly fetch manifest forwarded@0.2.0
186 silly fetch manifest ipaddr.js@1.9.1
187 silly fetch manifest destroy@~1.0.4
188 silly fetch manifest mime@1.4.1
189 silly fetch manifest media-typer@0.3.0
190 silly fetch manifest mime-types@~2.1.24
191 http fetch GET 200 https://registry.npmjs.org/destroy 63ms (cache miss)
192 http fetch GET 200 https://registry.npmjs.org/mime 64ms (cache miss)
193 http fetch GET 200 https://registry.npmjs.org/unpipe 73ms (cache miss)
194 http fetch GET 200 https://registry.npmjs.org/forwarded 75ms (cache miss)
195 http fetch GET 200 https://registry.npmjs.org/negotiator 88ms (cache miss)
196 http fetch GET 200 https://registry.npmjs.org/ee-first 85ms (cache miss)
197 http fetch GET 200 https://registry.npmjs.org/raw-body 90ms (cache miss)
198 http fetch GET 200 https://registry.npmjs.org/media-typer 83ms (cache miss)
199 http fetch GET 200 https://registry.npmjs.org/iconv-lite 93ms (cache miss)
200 http fetch GET 200 https://registry.npmjs.org/mime-types 85ms (cache miss)
201 http fetch GET 200 https://registry.npmjs.org/mime-types 116ms (cache miss)
202 http fetch GET 200 https://registry.npmjs.org/bytes 119ms (cache miss)
203 http fetch GET 200 https://registry.npmjs.org/ipaddr.js 115ms (cache miss)
204 timing idealTree:node_modules/express Completed in 144ms
205 silly placeDep ROOT mime-types@2.1.35 OK for: accepts@1.3.8 want: ~2.1.34
206 silly placeDep ROOT negotiator@0.6.3 OK for: accepts@1.3.8 want: 0.6.3
207 silly fetch manifest mime-db@1.52.0
208 http fetch GET 200 https://registry.npmjs.org/mime-db 730ms (cache miss)
209 timing idealTree:node_modules/accepts Completed in 733ms
210 timing idealTree:node_modules/array-flatten Completed in 0ms
211 silly placeDep ROOT bytes@3.0.0 OK for: body-parser@1.18.3 want: 3.0.0
212 silly placeDep ROOT iconv-lite@0.4.23 OK for: body-parser@1.18.3 want: 0.4.23
213 silly placeDep ROOT raw-body@2.3.3 OK for: body-parser@1.18.3 want: 2.3.3
214 silly fetch manifest safer-buffer@>= 2.1.2 < 3
215 silly fetch manifest unpipe@1.0.0
216 http fetch GET 200 https://registry.npmjs.org/safer-buffer 59ms (cache miss)
217 timing idealTree:node_modules/body-parser Completed in 62ms
218 timing idealTree:node_modules/bytes Completed in 0ms
219 timing idealTree:node_modules/content-disposition Completed in 0ms
220 timing idealTree:node_modules/content-type Completed in 0ms
221 timing idealTree:node_modules/depd Completed in 0ms
222 timing idealTree:node_modules/encodeurl Completed in 0ms
223 timing idealTree:node_modules/escape-html Completed in 0ms
224 timing idealTree:node_modules/etag Completed in 0ms
225 silly placeDep ROOT unpipe@1.0.0 OK for: finalhandler@1.1.1 want: ~1.0.0
226 timing idealTree:node_modules/finalhandler Completed in 1ms
227 timing idealTree:node_modules/fresh Completed in 0ms
228 silly placeDep ROOT inherits@2.0.3 OK for: http-errors@1.6.3 want: 2.0.3
229 timing idealTree:node_modules/http-errors Completed in 1ms
230 silly placeDep ROOT safer-buffer@2.1.2 OK for: iconv-lite@0.4.23 want: >= 2.1.2 < 3
231 timing idealTree:node_modules/iconv-lite Completed in 0ms
232 timing idealTree:node_modules/inherits Completed in 0ms
233 timing idealTree:node_modules/merge-descriptors Completed in 0ms
234 timing idealTree:node_modules/methods Completed in 0ms
235 silly placeDep ROOT mime-db@1.52.0 OK for: mime-types@2.1.35 want: 1.52.0
236 timing idealTree:node_modules/mime-types Completed in 1ms
237 timing idealTree:node_modules/mime-db Completed in 0ms
238 silly placeDep ROOT basic-auth@2.0.1 OK for: morgan@1.9.1 want: ~2.0.0
239 silly placeDep ROOT on-headers@1.0.2 OK for: morgan@1.9.1 want: ~1.0.1
240 timing idealTree:node_modules/morgan Completed in 2ms
241 timing idealTree:node_modules/basic-auth Completed in 0ms
242 timing idealTree:node_modules/ms Completed in 0ms
243 timing idealTree:node_modules/negotiator Completed in 0ms
244 silly placeDep ROOT ee-first@1.1.1 OK for: on-finished@2.3.0 want: 1.1.1
245 timing idealTree:node_modules/on-finished Completed in 1ms
246 timing idealTree:node_modules/ee-first Completed in 0ms
247 timing idealTree:node_modules/on-headers Completed in 0ms
248 timing idealTree:node_modules/parseurl Completed in 0ms
249 timing idealTree:node_modules/path-to-regexp Completed in 0ms
250 silly placeDep ROOT forwarded@0.2.0 OK for: proxy-addr@2.0.7 want: 0.2.0
251 silly placeDep ROOT ipaddr.js@1.9.1 OK for: proxy-addr@2.0.7 want: 1.9.1
252 timing idealTree:node_modules/proxy-addr Completed in 1ms
253 timing idealTree:node_modules/forwarded Completed in 0ms
254 timing idealTree:node_modules/ipaddr.js Completed in 0ms
255 silly placeDep ROOT pug-code-gen@1.1.1 OK for: pug@2.0.0-beta11 want: ^1.1.1
256 silly placeDep ROOT pug-filters@2.1.5 OK for: pug@2.0.0-beta11 want: ^2.1.1
257 silly placeDep ROOT pug-lexer@3.1.0 OK for: pug@2.0.0-beta11 want: ^3.0.0
258 silly placeDep ROOT pug-linker@2.0.3 OK for: pug@2.0.0-beta11 want: ^2.0.2
259 silly placeDep ROOT pug-load@2.0.12 OK for: pug@2.0.0-beta11 want: ^2.0.5
260 silly placeDep ROOT pug-parser@2.0.2 OK for: pug@2.0.0-beta11 want: ^2.0.2
261 silly placeDep ROOT pug-runtime@2.0.5 OK for: pug@2.0.0-beta11 want: ^2.0.3
262 silly placeDep ROOT pug-strip-comments@1.0.4 OK for: pug@2.0.0-beta11 want: ^1.0.2
263 silly fetch manifest constantinople@^3.0.1
264 silly fetch manifest doctypes@^1.1.0
265 silly fetch manifest js-stringify@^1.0.1
266 silly fetch manifest pug-attrs@^2.0.2
267 silly fetch manifest pug-error@^1.3.2
268 silly fetch manifest void-elements@^2.0.1
269 silly fetch manifest with@^5.0.0
270 silly fetch manifest clean-css@^3.3.0
271 silly fetch manifest pug-walk@^1.1.5
272 silly fetch manifest jstransformer@1.0.0
273 silly fetch manifest resolve@^1.1.6
274 silly fetch manifest uglify-js@^2.6.1
275 silly fetch manifest character-parser@^2.1.1
276 silly fetch manifest is-expression@^3.0.0
277 silly fetch manifest pug-walk@^1.1.2
278 silly fetch manifest object-assign@^4.1.0
279 silly fetch manifest pug-walk@^1.1.8
280 silly fetch manifest token-stream@0.0.1
281 silly fetch manifest pug-error@^1.3.3
282 http fetch GET 200 https://registry.npmjs.org/void-elements 65ms (cache miss)
283 http fetch GET 200 https://registry.npmjs.org/js-stringify 82ms (cache miss)
284 http fetch GET 200 https://registry.npmjs.org/pug-error 86ms (cache miss)
285 http fetch GET 200 https://registry.npmjs.org/resolve 109ms (cache miss)
286 http fetch GET 200 https://registry.npmjs.org/clean-css 112ms (cache miss)
287 http fetch GET 200 https://registry.npmjs.org/object-assign 108ms (cache miss)
288 http fetch GET 200 https://registry.npmjs.org/uglify-js 154ms (cache miss)
289 http fetch GET 200 https://registry.npmjs.org/pug-error 167ms (cache miss)
290 http fetch GET 200 https://registry.npmjs.org/constantinople 234ms (cache miss)
291 http fetch GET 200 https://registry.npmjs.org/jstransformer 230ms (cache miss)
292 http fetch GET 200 https://registry.npmjs.org/pug-attrs 670ms (cache miss)
293 http fetch GET 200 https://registry.npmjs.org/doctypes 676ms (cache miss)
294 http fetch GET 200 https://registry.npmjs.org/pug-walk 667ms (cache miss)
295 http fetch GET 200 https://registry.npmjs.org/is-expression 678ms (cache miss)
296 http fetch GET 200 https://registry.npmjs.org/with 689ms (cache miss)
297 http fetch GET 200 https://registry.npmjs.org/character-parser 688ms (cache miss)
298 http fetch GET 200 https://registry.npmjs.org/pug-walk 706ms (cache miss)
299 http fetch GET 200 https://registry.npmjs.org/pug-walk 717ms (cache miss)
300 http fetch GET 200 https://registry.npmjs.org/token-stream 733ms (cache miss)
301 timing idealTree:node_modules/pug Completed in 752ms
302 silly placeDep ROOT constantinople@3.1.2 OK for: pug-code-gen@1.1.1 want: ^3.0.1
303 silly placeDep ROOT doctypes@1.1.0 OK for: pug-code-gen@1.1.1 want: ^1.1.0
304 silly placeDep ROOT js-stringify@1.0.2 OK for: pug-code-gen@1.1.1 want: ^1.0.1
305 silly placeDep ROOT pug-attrs@2.0.4 OK for: pug-code-gen@1.1.1 want: ^2.0.2
306 silly placeDep ROOT pug-error@1.3.3 OK for: pug-code-gen@1.1.1 want: ^1.3.2
307 silly placeDep ROOT void-elements@2.0.1 OK for: pug-code-gen@1.1.1 want: ^2.0.1
308 silly placeDep ROOT with@5.1.1 OK for: pug-code-gen@1.1.1 want: ^5.0.0
309 silly fetch manifest @types/babel-types@^7.0.0
310 silly fetch manifest @types/babylon@^6.16.2
311 silly fetch manifest babel-types@^6.26.0
312 silly fetch manifest babylon@^6.18.0
313 silly fetch manifest acorn@^3.1.0
314 silly fetch manifest acorn-globals@^3.0.0
315 http fetch GET 200 https://registry.npmjs.org/babel-types 57ms (cache miss)
316 http fetch GET 200 https://registry.npmjs.org/acorn-globals 71ms (cache miss)
317 http fetch GET 200 https://registry.npmjs.org/babylon 86ms (cache miss)
318 http fetch GET 200 https://registry.npmjs.org/@types%2fbabel-types 90ms (cache miss)
319 http fetch GET 200 https://registry.npmjs.org/@types%2fbabylon 92ms (cache miss)
320 http fetch GET 200 https://registry.npmjs.org/acorn 113ms (cache miss)
321 timing idealTree:node_modules/pug-code-gen Completed in 122ms
322 silly placeDep ROOT @types/babel-types@7.0.11 OK for: constantinople@3.1.2 want: ^7.0.0
323 silly placeDep ROOT @types/babylon@6.16.6 OK for: constantinople@3.1.2 want: ^6.16.2
324 silly placeDep ROOT babel-types@6.26.0 OK for: constantinople@3.1.2 want: ^6.26.0
325 silly placeDep ROOT babylon@6.18.0 OK for: constantinople@3.1.2 want: ^6.18.0
326 silly fetch manifest babel-runtime@^6.26.0
327 silly fetch manifest esutils@^2.0.2
328 silly fetch manifest lodash@^4.17.4
329 silly fetch manifest to-fast-properties@^1.0.3
330 http fetch GET 200 https://registry.npmjs.org/esutils 62ms (cache miss)
331 http fetch GET 200 https://registry.npmjs.org/to-fast-properties 62ms (cache miss)
332 http fetch GET 200 https://registry.npmjs.org/babel-runtime 65ms (cache miss)
333 http fetch GET 200 https://registry.npmjs.org/lodash 71ms (cache miss)
334 timing idealTree:node_modules/constantinople Completed in 76ms
335 timing idealTree:node_modules/@types/babel-types Completed in 0ms
336 timing idealTree:node_modules/@types/babylon Completed in 0ms
337 silly placeDep ROOT babel-runtime@6.26.0 OK for: babel-types@6.26.0 want: ^6.26.0
338 silly placeDep ROOT esutils@2.0.3 OK for: babel-types@6.26.0 want: ^2.0.2
339 silly placeDep ROOT lodash@4.17.21 OK for: babel-types@6.26.0 want: ^4.17.4
340 silly placeDep ROOT to-fast-properties@1.0.3 OK for: babel-types@6.26.0 want: ^1.0.3
341 silly fetch manifest core-js@^2.4.0
342 silly fetch manifest regenerator-runtime@^0.11.0
343 http fetch GET 200 https://registry.npmjs.org/regenerator-runtime 75ms (cache miss)
344 http fetch GET 200 https://registry.npmjs.org/core-js 106ms (cache miss)
345 timing idealTree:node_modules/babel-types Completed in 113ms
346 silly placeDep ROOT core-js@2.6.12 OK for: babel-runtime@6.26.0 want: ^2.4.0
347 silly placeDep ROOT regenerator-runtime@0.11.1 OK for: babel-runtime@6.26.0 want: ^0.11.0
348 timing idealTree:node_modules/babel-runtime Completed in 1ms
349 timing idealTree:node_modules/babylon Completed in 0ms
350 timing idealTree:node_modules/core-js Completed in 0ms
351 timing idealTree:node_modules/doctypes Completed in 0ms
352 timing idealTree:node_modules/esutils Completed in 0ms
353 timing idealTree:node_modules/js-stringify Completed in 0ms
354 timing idealTree:node_modules/lodash Completed in 0ms
355 timing idealTree:node_modules/pug-attrs Completed in 0ms
356 timing idealTree:node_modules/pug-error Completed in 0ms
357 silly placeDep ROOT clean-css@3.4.28 OK for: pug-filters@2.1.5 want: ^3.3.0
358 silly placeDep ROOT jstransformer@1.0.0 OK for: pug-filters@2.1.5 want: 1.0.0
359 silly placeDep ROOT pug-walk@1.1.8 OK for: pug-filters@2.1.5 want: ^1.1.5
360 silly placeDep ROOT resolve@1.22.1 OK for: pug-filters@2.1.5 want: ^1.1.6
361 silly placeDep ROOT uglify-js@2.8.29 OK for: pug-filters@2.1.5 want: ^2.6.1
362 silly fetch manifest commander@2.8.x
363 silly fetch manifest source-map@0.4.x
364 silly fetch manifest is-promise@^2.0.0
365 silly fetch manifest promise@^7.0.1
366 silly fetch manifest is-core-module@^2.9.0
367 silly fetch manifest path-parse@^1.0.7
368 silly fetch manifest supports-preserve-symlinks-flag@^1.0.0
369 silly fetch manifest source-map@~0.5.1
370 silly fetch manifest yargs@~3.10.0
371 silly fetch manifest uglify-to-browserify@~1.0.0
372 http fetch GET 200 https://registry.npmjs.org/is-promise 55ms (cache miss)
373 http fetch GET 200 https://registry.npmjs.org/source-map 57ms (cache miss)
374 http fetch GET 200 https://registry.npmjs.org/is-core-module 75ms (cache miss)
375 http fetch GET 200 https://registry.npmjs.org/promise 76ms (cache miss)
376 http fetch GET 200 https://registry.npmjs.org/commander 80ms (cache miss)
377 http fetch GET 200 https://registry.npmjs.org/source-map 83ms (cache miss)
378 http fetch GET 200 https://registry.npmjs.org/supports-preserve-symlinks-flag 91ms (cache miss)
379 http fetch GET 200 https://registry.npmjs.org/yargs 128ms (cache miss)
380 http fetch GET 200 https://registry.npmjs.org/path-parse 713ms (cache miss)
381 http fetch GET 200 https://registry.npmjs.org/uglify-to-browserify 720ms (cache miss)
382 timing idealTree:node_modules/pug-filters Completed in 729ms
383 silly placeDep ROOT commander@2.8.1 OK for: clean-css@3.4.28 want: 2.8.x
384 silly placeDep ROOT source-map@0.4.4 OK for: clean-css@3.4.28 want: 0.4.x
385 silly fetch manifest graceful-readlink@>= 1.0.0
386 silly fetch manifest amdefine@>=0.0.4
387 http fetch GET 200 https://registry.npmjs.org/amdefine 51ms (cache miss)
388 http fetch GET 200 https://registry.npmjs.org/graceful-readlink 52ms (cache miss)
389 timing idealTree:node_modules/clean-css Completed in 54ms
390 silly placeDep ROOT graceful-readlink@1.0.1 OK for: commander@2.8.1 want: >= 1.0.0
391 timing idealTree:node_modules/commander Completed in 1ms
392 timing idealTree:node_modules/graceful-readlink Completed in 0ms
393 silly placeDep ROOT is-promise@2.2.2 OK for: jstransformer@1.0.0 want: ^2.0.0
394 silly placeDep ROOT promise@7.3.1 OK for: jstransformer@1.0.0 want: ^7.0.1
395 silly fetch manifest asap@~2.0.3
396 http fetch GET 200 https://registry.npmjs.org/asap 44ms (cache miss)
397 timing idealTree:node_modules/jstransformer Completed in 45ms
398 timing idealTree:node_modules/is-promise Completed in 0ms
399 silly placeDep ROOT asap@2.0.6 OK for: promise@7.3.1 want: ~2.0.3
400 timing idealTree:node_modules/promise Completed in 1ms
401 timing idealTree:node_modules/asap Completed in 0ms
402 silly placeDep ROOT character-parser@2.2.0 OK for: pug-lexer@3.1.0 want: ^2.1.1
403 silly placeDep ROOT is-expression@3.0.0 OK for: pug-lexer@3.1.0 want: ^3.0.0
404 silly fetch manifest is-regex@^1.0.3
405 silly fetch manifest acorn@~4.0.2
406 silly fetch manifest object-assign@^4.0.1
407 http fetch GET 200 https://registry.npmjs.org/is-regex 694ms (cache miss)
408 timing idealTree:node_modules/pug-lexer Completed in 697ms
409 silly placeDep ROOT is-regex@1.1.4 OK for: character-parser@2.2.0 want: ^1.0.3
410 silly fetch manifest call-bind@^1.0.2
411 silly fetch manifest has-tostringtag@^1.0.0
412 http fetch GET 200 https://registry.npmjs.org/call-bind 43ms (cache miss)
413 http fetch GET 200 https://registry.npmjs.org/has-tostringtag 54ms (cache miss)
414 timing idealTree:node_modules/character-parser Completed in 57ms
415 silly placeDep ROOT acorn@4.0.13 OK for: is-expression@3.0.0 want: ~4.0.2
416 silly placeDep ROOT object-assign@4.1.1 OK for: is-expression@3.0.0 want: ^4.0.1
417 timing idealTree:node_modules/is-expression Completed in 2ms
418 timing idealTree:node_modules/acorn Completed in 0ms
419 silly placeDep ROOT call-bind@1.0.2 OK for: is-regex@1.1.4 want: ^1.0.2
420 silly placeDep ROOT has-tostringtag@1.0.0 OK for: is-regex@1.1.4 want: ^1.0.0
421 silly fetch manifest function-bind@^1.1.1
422 silly fetch manifest get-intrinsic@^1.0.2
423 silly fetch manifest has-symbols@^1.0.2
424 http fetch GET 200 https://registry.npmjs.org/get-intrinsic 47ms (cache miss)
425 http fetch GET 200 https://registry.npmjs.org/has-symbols 48ms (cache miss)
426 http fetch GET 200 https://registry.npmjs.org/function-bind 51ms (cache miss)
427 timing idealTree:node_modules/is-regex Completed in 52ms
428 silly placeDep ROOT function-bind@1.1.1 OK for: call-bind@1.0.2 want: ^1.1.1
429 silly placeDep ROOT get-intrinsic@1.1.3 OK for: call-bind@1.0.2 want: ^1.0.2
430 silly fetch manifest has@^1.0.3
431 silly fetch manifest has-symbols@^1.0.3
432 http fetch GET 200 https://registry.npmjs.org/has 49ms (cache miss)
433 timing idealTree:node_modules/call-bind Completed in 51ms
434 timing idealTree:node_modules/function-bind Completed in 0ms
435 silly placeDep ROOT has@1.0.3 OK for: get-intrinsic@1.1.3 want: ^1.0.3
436 silly placeDep ROOT has-symbols@1.0.3 OK for: get-intrinsic@1.1.3 want: ^1.0.3
437 timing idealTree:node_modules/get-intrinsic Completed in 1ms
438 timing idealTree:node_modules/has Completed in 0ms
439 timing idealTree:node_modules/has-symbols Completed in 0ms
440 timing idealTree:node_modules/has-tostringtag Completed in 0ms
441 timing idealTree:node_modules/object-assign Completed in 0ms
442 timing idealTree:node_modules/pug-linker Completed in 0ms
443 timing idealTree:node_modules/pug-load Completed in 0ms
444 silly placeDep ROOT token-stream@0.0.1 OK for: pug-parser@2.0.2 want: 0.0.1
445 timing idealTree:node_modules/pug-parser Completed in 1ms
446 timing idealTree:node_modules/pug-runtime Completed in 0ms
447 timing idealTree:node_modules/pug-strip-comments Completed in 0ms
448 timing idealTree:node_modules/pug-walk Completed in 0ms
449 timing idealTree:node_modules/qs Completed in 0ms
450 timing idealTree:node_modules/range-parser Completed in 0ms
451 timing idealTree:node_modules/raw-body Completed in 0ms
452 timing idealTree:node_modules/regenerator-runtime Completed in 0ms
453 silly placeDep ROOT is-core-module@2.11.0 OK for: resolve@1.22.1 want: ^2.9.0
454 silly placeDep ROOT path-parse@1.0.7 OK for: resolve@1.22.1 want: ^1.0.7
455 silly placeDep ROOT supports-preserve-symlinks-flag@1.0.0 OK for: resolve@1.22.1 want: ^1.0.0
456 timing idealTree:node_modules/resolve Completed in 2ms
457 timing idealTree:node_modules/is-core-module Completed in 0ms
458 timing idealTree:node_modules/path-parse Completed in 0ms
459 timing idealTree:node_modules/safe-buffer Completed in 0ms
460 timing idealTree:node_modules/safer-buffer Completed in 0ms
461 silly placeDep ROOT destroy@1.0.4 OK for: send@0.16.2 want: ~1.0.4
462 silly placeDep ROOT mime@1.4.1 OK for: send@0.16.2 want: 1.4.1
463 timing idealTree:node_modules/send Completed in 1ms
464 timing idealTree:node_modules/destroy Completed in 0ms
465 timing idealTree:node_modules/mime Completed in 0ms
466 timing idealTree:node_modules/serve-static Completed in 0ms
467 timing idealTree:node_modules/setprototypeof Completed in 0ms
468 silly placeDep ROOT amdefine@1.0.1 OK for: source-map@0.4.4 want: >=0.0.4
469 timing idealTree:node_modules/source-map Completed in 0ms
470 timing idealTree:node_modules/amdefine Completed in 0ms
471 timing idealTree:node_modules/statuses Completed in 0ms
472 timing idealTree:node_modules/supports-preserve-symlinks-flag Completed in 0ms
473 timing idealTree:node_modules/to-fast-properties Completed in 0ms
474 timing idealTree:node_modules/token-stream Completed in 0ms
475 silly placeDep ROOT media-typer@0.3.0 OK for: type-is@1.6.18 want: 0.3.0
476 timing idealTree:node_modules/type-is Completed in 0ms
477 timing idealTree:node_modules/media-typer Completed in 0ms
478 silly placeDep node_modules/uglify-js source-map@0.5.7 OK for: uglify-js@2.8.29 want: ~0.5.1
479 silly placeDep ROOT uglify-to-browserify@1.0.2 OK for: uglify-js@2.8.29 want: ~1.0.0
480 silly placeDep ROOT yargs@3.10.0 OK for: uglify-js@2.8.29 want: ~3.10.0
481 silly fetch manifest camelcase@^1.0.2
482 silly fetch manifest cliui@^2.1.0
483 silly fetch manifest decamelize@^1.0.0
484 silly fetch manifest window-size@0.1.0
485 http fetch GET 200 https://registry.npmjs.org/cliui 41ms (cache miss)
486 http fetch GET 200 https://registry.npmjs.org/decamelize 49ms (cache miss)
487 http fetch GET 200 https://registry.npmjs.org/camelcase 57ms (cache miss)
488 http fetch GET 200 https://registry.npmjs.org/window-size 658ms (cache miss)
489 timing idealTree:node_modules/uglify-js Completed in 662ms
490 timing idealTree:node_modules/uglify-to-browserify Completed in 0ms
491 timing idealTree:node_modules/unpipe Completed in 0ms
492 timing idealTree:node_modules/utils-merge Completed in 0ms
493 timing idealTree:node_modules/vary Completed in 0ms
494 timing idealTree:node_modules/void-elements Completed in 0ms
495 silly placeDep node_modules/with acorn@3.3.0 OK for: with@5.1.1 want: ^3.1.0
496 silly placeDep ROOT acorn-globals@3.1.0 OK for: with@5.1.1 want: ^3.0.0
497 timing idealTree:node_modules/with Completed in 2ms
498 timing idealTree:node_modules/acorn-globals Completed in 0ms
499 silly placeDep ROOT camelcase@1.2.1 OK for: yargs@3.10.0 want: ^1.0.2
500 silly placeDep ROOT cliui@2.1.0 OK for: yargs@3.10.0 want: ^2.1.0
501 silly placeDep ROOT decamelize@1.2.0 OK for: yargs@3.10.0 want: ^1.0.0
502 silly placeDep ROOT window-size@0.1.0 OK for: yargs@3.10.0 want: 0.1.0
503 silly fetch manifest center-align@^0.1.1
504 silly fetch manifest right-align@^0.1.1
505 silly fetch manifest wordwrap@0.0.2
506 http fetch GET 200 https://registry.npmjs.org/right-align 60ms (cache miss)
507 http fetch GET 200 https://registry.npmjs.org/wordwrap 694ms (cache miss)
508 http fetch GET 200 https://registry.npmjs.org/center-align 704ms (cache miss)
509 timing idealTree:node_modules/yargs Completed in 707ms
510 timing idealTree:node_modules/camelcase Completed in 0ms
511 silly placeDep ROOT center-align@0.1.3 OK for: cliui@2.1.0 want: ^0.1.1
512 silly placeDep ROOT right-align@0.1.3 OK for: cliui@2.1.0 want: ^0.1.1
513 silly placeDep ROOT wordwrap@0.0.2 OK for: cliui@2.1.0 want: 0.0.2
514 silly fetch manifest align-text@^0.1.3
515 silly fetch manifest lazy-cache@^1.0.3
516 silly fetch manifest align-text@^0.1.1
517 http fetch GET 200 https://registry.npmjs.org/align-text 49ms (cache miss)
518 http fetch GET 200 https://registry.npmjs.org/lazy-cache 71ms (cache miss)
519 http fetch GET 200 https://registry.npmjs.org/align-text 74ms (cache miss)
520 timing idealTree:node_modules/cliui Completed in 77ms
521 silly placeDep ROOT align-text@0.1.4 OK for: center-align@0.1.3 want: ^0.1.3
522 silly placeDep ROOT lazy-cache@1.0.4 OK for: center-align@0.1.3 want: ^1.0.3
523 silly fetch manifest kind-of@^3.0.2
524 silly fetch manifest longest@^1.0.1
525 silly fetch manifest repeat-string@^1.5.2
526 http fetch GET 200 https://registry.npmjs.org/longest 54ms (cache miss)
527 http fetch GET 200 https://registry.npmjs.org/kind-of 56ms (cache miss)
528 http fetch GET 200 https://registry.npmjs.org/repeat-string 245ms (cache miss)
529 timing idealTree:node_modules/center-align Completed in 250ms
530 silly placeDep ROOT kind-of@3.2.2 OK for: align-text@0.1.4 want: ^3.0.2
531 silly placeDep ROOT longest@1.0.1 OK for: align-text@0.1.4 want: ^1.0.1
532 silly placeDep ROOT repeat-string@1.6.1 OK for: align-text@0.1.4 want: ^1.5.2
533 silly fetch manifest is-buffer@^1.1.5
534 http fetch GET 200 https://registry.npmjs.org/is-buffer 45ms (cache miss)
535 timing idealTree:node_modules/align-text Completed in 48ms
536 timing idealTree:node_modules/decamelize Completed in 0ms
537 silly placeDep ROOT is-buffer@1.1.6 OK for: kind-of@3.2.2 want: ^1.1.5
538 timing idealTree:node_modules/kind-of Completed in 1ms
539 timing idealTree:node_modules/is-buffer Completed in 0ms
540 timing idealTree:node_modules/lazy-cache Completed in 0ms
541 timing idealTree:node_modules/longest Completed in 0ms
542 timing idealTree:node_modules/repeat-string Completed in 0ms
543 timing idealTree:node_modules/right-align Completed in 0ms
544 timing idealTree:node_modules/window-size Completed in 0ms
545 timing idealTree:node_modules/wordwrap Completed in 0ms
546 timing idealTree:node_modules/express/node_modules/cookie Completed in 0ms
547 timing idealTree:node_modules/uglify-js/node_modules/source-map Completed in 0ms
548 timing idealTree:node_modules/with/node_modules/acorn Completed in 0ms
549 timing idealTree:buildDeps Completed in 7547ms
550 timing idealTree:fixDepFlags Completed in 1ms
551 timing idealTree Completed in 7560ms
552 timing reify:loadTrees Completed in 7561ms
553 timing reify:diffTrees Completed in 2ms
554 silly reify moves {}
555 timing reify:retireShallow Completed in 0ms
556 timing reify:createSparse Completed in 14ms
557 timing reify:loadBundles Completed in 0ms
558 silly audit bulk request {
558 silly audit   'cookie-parser': [ '1.4.6' ],
558 silly audit   debug: [ '2.6.9' ],
558 silly audit   express: [ '4.16.4' ],
558 silly audit   'http-errors': [ '1.6.3' ],
558 silly audit   morgan: [ '1.9.1' ],
558 silly audit   pug: [ '2.0.0-beta11' ],
558 silly audit   cookie: [ '0.4.1', '0.3.1' ],
558 silly audit   'cookie-signature': [ '1.0.6' ],
558 silly audit   ms: [ '2.0.0' ],
558 silly audit   accepts: [ '1.3.8' ],
558 silly audit   'array-flatten': [ '1.1.1' ],
558 silly audit   'body-parser': [ '1.18.3' ],
558 silly audit   'content-disposition': [ '0.5.2' ],
558 silly audit   'content-type': [ '1.0.4' ],
558 silly audit   depd: [ '1.1.2' ],
558 silly audit   encodeurl: [ '1.0.2' ],
558 silly audit   'escape-html': [ '1.0.3' ],
558 silly audit   etag: [ '1.8.1' ],
558 silly audit   finalhandler: [ '1.1.1' ],
558 silly audit   fresh: [ '0.5.2' ],
558 silly audit   'merge-descriptors': [ '1.0.1' ],
558 silly audit   methods: [ '1.1.2' ],
558 silly audit   'on-finished': [ '2.3.0' ],
558 silly audit   parseurl: [ '1.3.3' ],
558 silly audit   'path-to-regexp': [ '0.1.7' ],
558 silly audit   'proxy-addr': [ '2.0.7' ],
558 silly audit   qs: [ '6.5.2' ],
558 silly audit   'range-parser': [ '1.2.1' ],
558 silly audit   'safe-buffer': [ '5.1.2' ],
558 silly audit   send: [ '0.16.2' ],
558 silly audit   'serve-static': [ '1.13.2' ],
558 silly audit   setprototypeof: [ '1.1.0' ],
558 silly audit   statuses: [ '1.4.0' ],
558 silly audit   'type-is': [ '1.6.18' ],
558 silly audit   'utils-merge': [ '1.0.1' ],
558 silly audit   vary: [ '1.1.2' ],
558 silly audit   'mime-types': [ '2.1.35' ],
558 silly audit   negotiator: [ '0.6.3' ],
558 silly audit   bytes: [ '3.0.0' ],
558 silly audit   'iconv-lite': [ '0.4.23' ],
558 silly audit   'raw-body': [ '2.3.3' ],
558 silly audit   unpipe: [ '1.0.0' ],
558 silly audit   inherits: [ '2.0.3' ],
558 silly audit   'safer-buffer': [ '2.1.2' ],
558 silly audit   'mime-db': [ '1.52.0' ],
558 silly audit   'basic-auth': [ '2.0.1' ],
558 silly audit   'on-headers': [ '1.0.2' ],
558 silly audit   'ee-first': [ '1.1.1' ],
558 silly audit   forwarded: [ '0.2.0' ],
558 silly audit   'ipaddr.js': [ '1.9.1' ],
558 silly audit   'pug-code-gen': [ '1.1.1' ],
558 silly audit   'pug-filters': [ '2.1.5' ],
558 silly audit   'pug-lexer': [ '3.1.0' ],
558 silly audit   'pug-linker': [ '2.0.3' ],
558 silly audit   'pug-load': [ '2.0.12' ],
558 silly audit   'pug-parser': [ '2.0.2' ],
558 silly audit   'pug-runtime': [ '2.0.5' ],
558 silly audit   'pug-strip-comments': [ '1.0.4' ],
558 silly audit   constantinople: [ '3.1.2' ],
558 silly audit   doctypes: [ '1.1.0' ],
558 silly audit   'js-stringify': [ '1.0.2' ],
558 silly audit   'pug-attrs': [ '2.0.4' ],
558 silly audit   'pug-error': [ '1.3.3' ],
558 silly audit   'void-elements': [ '2.0.1' ],
558 silly audit   with: [ '5.1.1' ],
558 silly audit   '@types/babel-types': [ '7.0.11' ],
558 silly audit   '@types/babylon': [ '6.16.6' ],
558 silly audit   'babel-types': [ '6.26.0' ],
558 silly audit   babylon: [ '6.18.0' ],
558 silly audit   'babel-runtime': [ '6.26.0' ],
558 silly audit   esutils: [ '2.0.3' ],
558 silly audit   lodash: [ '4.17.21' ],
558 silly audit   'to-fast-properties': [ '1.0.3' ],
558 silly audit   'core-js': [ '2.6.12' ],
558 silly audit   'regenerator-runtime': [ '0.11.1' ],
558 silly audit   'clean-css': [ '3.4.28' ],
558 silly audit   jstransformer: [ '1.0.0' ],
558 silly audit   'pug-walk': [ '1.1.8' ],
558 silly audit   resolve: [ '1.22.1' ],
558 silly audit   'uglify-js': [ '2.8.29' ],
558 silly audit   commander: [ '2.8.1' ],
558 silly audit   'source-map': [ '0.4.4', '0.5.7' ],
558 silly audit   'graceful-readlink': [ '1.0.1' ],
558 silly audit   'is-promise': [ '2.2.2' ],
558 silly audit   promise: [ '7.3.1' ],
558 silly audit   asap: [ '2.0.6' ],
558 silly audit   'character-parser': [ '2.2.0' ],
558 silly audit   'is-expression': [ '3.0.0' ],
558 silly audit   'is-regex': [ '1.1.4' ],
558 silly audit   acorn: [ '4.0.13', '3.3.0' ],
558 silly audit   'object-assign': [ '4.1.1' ],
558 silly audit   'call-bind': [ '1.0.2' ],
558 silly audit   'has-tostringtag': [ '1.0.0' ],
558 silly audit   'function-bind': [ '1.1.1' ],
558 silly audit   'get-intrinsic': [ '1.1.3' ],
558 silly audit   has: [ '1.0.3' ],
558 silly audit   'has-symbols': [ '1.0.3' ],
558 silly audit   'token-stream': [ '0.0.1' ],
558 silly audit   'is-core-module': [ '2.11.0' ],
558 silly audit   'path-parse': [ '1.0.7' ],
558 silly audit   'supports-preserve-symlinks-flag': [ '1.0.0' ],
558 silly audit   destroy: [ '1.0.4' ],
558 silly audit   mime: [ '1.4.1' ],
558 silly audit   amdefine: [ '1.0.1' ],
558 silly audit   'media-typer': [ '0.3.0' ],
558 silly audit   'uglify-to-browserify': [ '1.0.2' ],
558 silly audit   yargs: [ '3.10.0' ],
558 silly audit   'acorn-globals': [ '3.1.0' ],
558 silly audit   camelcase: [ '1.2.1' ],
558 silly audit   cliui: [ '2.1.0' ],
558 silly audit   decamelize: [ '1.2.0' ],
558 silly audit   'window-size': [ '0.1.0' ],
558 silly audit   'center-align': [ '0.1.3' ],
558 silly audit   'right-align': [ '0.1.3' ],
558 silly audit   wordwrap: [ '0.0.2' ],
558 silly audit   'align-text': [ '0.1.4' ],
558 silly audit   'lazy-cache': [ '1.0.4' ],
558 silly audit   'kind-of': [ '3.2.2' ],
558 silly audit   longest: [ '1.0.1' ],
558 silly audit   'repeat-string': [ '1.6.1' ],
558 silly audit   'is-buffer': [ '1.1.6' ]
558 silly audit }
559 silly tarball no local data for is-buffer@https://registry.npmjs.org/is-buffer/-/is-buffer-1.1.6.tgz. Extracting by manifest.
560 silly tarball no local data for kind-of@https://registry.npmjs.org/kind-of/-/kind-of-3.2.2.tgz. Extracting by manifest.
561 silly tarball no local data for lazy-cache@https://registry.npmjs.org/lazy-cache/-/lazy-cache-1.0.4.tgz. Extracting by manifest.
562 silly tarball no local data for right-align@https://registry.npmjs.org/right-align/-/right-align-0.1.3.tgz. Extracting by manifest.
563 silly tarball no local data for longest@https://registry.npmjs.org/longest/-/longest-1.0.1.tgz. Extracting by manifest.
564 silly tarball no local data for center-align@https://registry.npmjs.org/center-align/-/center-align-0.1.3.tgz. Extracting by manifest.
565 silly tarball no local data for window-size@https://registry.npmjs.org/window-size/-/window-size-0.1.0.tgz. Extracting by manifest.
566 silly tarball no local data for cliui@https://registry.npmjs.org/cliui/-/cliui-2.1.0.tgz. Extracting by manifest.
567 silly tarball no local data for wordwrap@https://registry.npmjs.org/wordwrap/-/wordwrap-0.0.2.tgz. Extracting by manifest.
568 silly tarball no local data for camelcase@https://registry.npmjs.org/camelcase/-/camelcase-1.2.1.tgz. Extracting by manifest.
569 silly tarball no local data for repeat-string@https://registry.npmjs.org/repeat-string/-/repeat-string-1.6.1.tgz. Extracting by manifest.
570 silly tarball no local data for acorn-globals@https://registry.npmjs.org/acorn-globals/-/acorn-globals-3.1.0.tgz. Extracting by manifest.
571 silly tarball no local data for align-text@https://registry.npmjs.org/align-text/-/align-text-0.1.4.tgz. Extracting by manifest.
572 silly tarball no local data for amdefine@https://registry.npmjs.org/amdefine/-/amdefine-1.0.1.tgz. Extracting by manifest.
573 silly tarball no local data for media-typer@https://registry.npmjs.org/media-typer/-/media-typer-0.3.0.tgz. Extracting by manifest.
574 silly tarball no local data for mime@https://registry.npmjs.org/mime/-/mime-1.4.1.tgz. Extracting by manifest.
575 silly tarball no local data for destroy@https://registry.npmjs.org/destroy/-/destroy-1.0.4.tgz. Extracting by manifest.
576 silly tarball no local data for supports-preserve-symlinks-flag@https://registry.npmjs.org/supports-preserve-symlinks-flag/-/supports-preserve-symlinks-flag-1.0.0.tgz. Extracting by manifest.
577 silly tarball no local data for is-core-module@https://registry.npmjs.org/is-core-module/-/is-core-module-2.11.0.tgz. Extracting by manifest.
578 silly tarball no local data for path-parse@https://registry.npmjs.org/path-parse/-/path-parse-1.0.7.tgz. Extracting by manifest.
579 silly tarball no local data for token-stream@https://registry.npmjs.org/token-stream/-/token-stream-0.0.1.tgz. Extracting by manifest.
580 silly tarball no local data for has-symbols@https://registry.npmjs.org/has-symbols/-/has-symbols-1.0.3.tgz. Extracting by manifest.
581 silly tarball no local data for has@https://registry.npmjs.org/has/-/has-1.0.3.tgz. Extracting by manifest.
582 silly tarball no local data for decamelize@https://registry.npmjs.org/decamelize/-/decamelize-1.2.0.tgz. Extracting by manifest.
583 silly tarball no local data for function-bind@https://registry.npmjs.org/function-bind/-/function-bind-1.1.1.tgz. Extracting by manifest.
584 silly tarball no local data for has-tostringtag@https://registry.npmjs.org/has-tostringtag/-/has-tostringtag-1.0.0.tgz. Extracting by manifest.
585 silly tarball no local data for call-bind@https://registry.npmjs.org/call-bind/-/call-bind-1.0.2.tgz. Extracting by manifest.
586 silly tarball no local data for uglify-to-browserify@https://registry.npmjs.org/uglify-to-browserify/-/uglify-to-browserify-1.0.2.tgz. Extracting by manifest.
587 silly tarball no local data for acorn@https://registry.npmjs.org/acorn/-/acorn-4.0.13.tgz. Extracting by manifest.
588 silly tarball no local data for yargs@https://registry.npmjs.org/yargs/-/yargs-3.10.0.tgz. Extracting by manifest.
589 silly tarball no local data for is-regex@https://registry.npmjs.org/is-regex/-/is-regex-1.1.4.tgz. Extracting by manifest.
590 silly tarball no local data for character-parser@https://registry.npmjs.org/character-parser/-/character-parser-2.2.0.tgz. Extracting by manifest.
591 silly tarball no local data for is-expression@https://registry.npmjs.org/is-expression/-/is-expression-3.0.0.tgz. Extracting by manifest.
592 silly tarball no local data for promise@https://registry.npmjs.org/promise/-/promise-7.3.1.tgz. Extracting by manifest.
593 silly tarball no local data for asap@https://registry.npmjs.org/asap/-/asap-2.0.6.tgz. Extracting by manifest.
594 silly tarball no local data for is-promise@https://registry.npmjs.org/is-promise/-/is-promise-2.2.2.tgz. Extracting by manifest.
595 silly tarball no local data for commander@https://registry.npmjs.org/commander/-/commander-2.8.1.tgz. Extracting by manifest.
596 silly tarball no local data for source-map@https://registry.npmjs.org/source-map/-/source-map-0.4.4.tgz. Extracting by manifest.
597 silly tarball no local data for graceful-readlink@https://registry.npmjs.org/graceful-readlink/-/graceful-readlink-1.0.1.tgz. Extracting by manifest.
598 silly tarball no local data for uglify-js@https://registry.npmjs.org/uglify-js/-/uglify-js-2.8.29.tgz. Extracting by manifest.
599 silly tarball no local data for pug-walk@https://registry.npmjs.org/pug-walk/-/pug-walk-1.1.8.tgz. Extracting by manifest.
600 silly tarball no local data for resolve@https://registry.npmjs.org/resolve/-/resolve-1.22.1.tgz. Extracting by manifest.
601 silly tarball no local data for jstransformer@https://registry.npmjs.org/jstransformer/-/jstransformer-1.0.0.tgz. Extracting by manifest.
602 silly tarball no local data for core-js@https://registry.npmjs.org/core-js/-/core-js-2.6.12.tgz. Extracting by manifest.
603 silly tarball no local data for to-fast-properties@https://registry.npmjs.org/to-fast-properties/-/to-fast-properties-1.0.3.tgz. Extracting by manifest.
604 silly tarball no local data for lodash@https://registry.npmjs.org/lodash/-/lodash-4.17.21.tgz. Extracting by manifest.
605 silly tarball no local data for clean-css@https://registry.npmjs.org/clean-css/-/clean-css-3.4.28.tgz. Extracting by manifest.
606 silly tarball no local data for babel-runtime@https://registry.npmjs.org/babel-runtime/-/babel-runtime-6.26.0.tgz. Extracting by manifest.
607 silly tarball no local data for esutils@https://registry.npmjs.org/esutils/-/esutils-2.0.3.tgz. Extracting by manifest.
608 silly tarball no local data for babylon@https://registry.npmjs.org/babylon/-/babylon-6.18.0.tgz. Extracting by manifest.
609 silly tarball no local data for babel-types@https://registry.npmjs.org/babel-types/-/babel-types-6.26.0.tgz. Extracting by manifest.
610 silly tarball no local data for @types/babylon@https://registry.npmjs.org/@types/babylon/-/babylon-6.16.6.tgz. Extracting by manifest.
611 silly tarball no local data for void-elements@https://registry.npmjs.org/void-elements/-/void-elements-2.0.1.tgz. Extracting by manifest.
612 silly tarball no local data for with@https://registry.npmjs.org/with/-/with-5.1.1.tgz. Extracting by manifest.
613 silly tarball no local data for pug-error@https://registry.npmjs.org/pug-error/-/pug-error-1.3.3.tgz. Extracting by manifest.
614 silly tarball no local data for pug-attrs@https://registry.npmjs.org/pug-attrs/-/pug-attrs-2.0.4.tgz. Extracting by manifest.
615 silly tarball no local data for @types/babel-types@https://registry.npmjs.org/@types/babel-types/-/babel-types-7.0.11.tgz. Extracting by manifest.
616 silly tarball no local data for doctypes@https://registry.npmjs.org/doctypes/-/doctypes-1.1.0.tgz. Extracting by manifest.
617 silly tarball no local data for js-stringify@https://registry.npmjs.org/js-stringify/-/js-stringify-1.0.2.tgz. Extracting by manifest.
618 silly tarball no local data for pug-strip-comments@https://registry.npmjs.org/pug-strip-comments/-/pug-strip-comments-1.0.4.tgz. Extracting by manifest.
619 silly tarball no local data for constantinople@https://registry.npmjs.org/constantinople/-/constantinople-3.1.2.tgz. Extracting by manifest.
620 silly tarball no local data for pug-runtime@https://registry.npmjs.org/pug-runtime/-/pug-runtime-2.0.5.tgz. Extracting by manifest.
621 silly tarball no local data for pug-parser@https://registry.npmjs.org/pug-parser/-/pug-parser-2.0.2.tgz. Extracting by manifest.
622 silly tarball no local data for pug-load@https://registry.npmjs.org/pug-load/-/pug-load-2.0.12.tgz. Extracting by manifest.
623 silly tarball no local data for pug-linker@https://registry.npmjs.org/pug-linker/-/pug-linker-2.0.3.tgz. Extracting by manifest.
624 silly tarball no local data for pug-lexer@https://registry.npmjs.org/pug-lexer/-/pug-lexer-3.1.0.tgz. Extracting by manifest.
625 silly tarball no local data for pug-code-gen@https://registry.npmjs.org/pug-code-gen/-/pug-code-gen-1.1.1.tgz. Extracting by manifest.
626 silly tarball no local data for pug-filters@https://registry.npmjs.org/pug-filters/-/pug-filters-2.1.5.tgz. Extracting by manifest.
627 silly tarball no local data for ipaddr.js@https://registry.npmjs.org/ipaddr.js/-/ipaddr.js-1.9.1.tgz. Extracting by manifest.
628 silly tarball no local data for forwarded@https://registry.npmjs.org/forwarded/-/forwarded-0.2.0.tgz. Extracting by manifest.
629 silly tarball no local data for ee-first@https://registry.npmjs.org/ee-first/-/ee-first-1.1.1.tgz. Extracting by manifest.
630 silly tarball no local data for basic-auth@https://registry.npmjs.org/basic-auth/-/basic-auth-2.0.1.tgz. Extracting by manifest.
631 silly tarball no local data for on-headers@https://registry.npmjs.org/on-headers/-/on-headers-1.0.2.tgz. Extracting by manifest.
632 silly tarball no local data for safer-buffer@https://registry.npmjs.org/safer-buffer/-/safer-buffer-2.1.2.tgz. Extracting by manifest.
633 silly tarball no local data for mime-db@https://registry.npmjs.org/mime-db/-/mime-db-1.52.0.tgz. Extracting by manifest.
634 silly tarball no local data for inherits@https://registry.npmjs.org/inherits/-/inherits-2.0.3.tgz. Extracting by manifest.
635 silly tarball no local data for unpipe@https://registry.npmjs.org/unpipe/-/unpipe-1.0.0.tgz. Extracting by manifest.
636 silly tarball no local data for get-intrinsic@https://registry.npmjs.org/get-intrinsic/-/get-intrinsic-1.1.3.tgz. Extracting by manifest.
637 silly tarball no local data for iconv-lite@https://registry.npmjs.org/iconv-lite/-/iconv-lite-0.4.23.tgz. Extracting by manifest.
638 silly tarball no local data for raw-body@https://registry.npmjs.org/raw-body/-/raw-body-2.3.3.tgz. Extracting by manifest.
639 silly tarball no local data for mime-types@https://registry.npmjs.org/mime-types/-/mime-types-2.1.35.tgz. Extracting by manifest.
640 silly tarball no local data for negotiator@https://registry.npmjs.org/negotiator/-/negotiator-0.6.3.tgz. Extracting by manifest.
641 silly tarball no local data for utils-merge@https://registry.npmjs.org/utils-merge/-/utils-merge-1.0.1.tgz. Extracting by manifest.
642 silly tarball no local data for bytes@https://registry.npmjs.org/bytes/-/bytes-3.0.0.tgz. Extracting by manifest.
643 silly tarball no local data for vary@https://registry.npmjs.org/vary/-/vary-1.1.2.tgz. Extracting by manifest.
644 silly tarball no local data for statuses@https://registry.npmjs.org/statuses/-/statuses-1.4.0.tgz. Extracting by manifest.
645 silly tarball no local data for setprototypeof@https://registry.npmjs.org/setprototypeof/-/setprototypeof-1.1.0.tgz. Extracting by manifest.
646 silly tarball no local data for type-is@https://registry.npmjs.org/type-is/-/type-is-1.6.18.tgz. Extracting by manifest.
647 silly tarball no local data for safe-buffer@https://registry.npmjs.org/safe-buffer/-/safe-buffer-5.1.2.tgz. Extracting by manifest.
648 silly tarball no local data for send@https://registry.npmjs.org/send/-/send-0.16.2.tgz. Extracting by manifest.
649 silly tarball no local data for serve-static@https://registry.npmjs.org/serve-static/-/serve-static-1.13.2.tgz. Extracting by manifest.
650 silly tarball no local data for range-parser@https://registry.npmjs.org/range-parser/-/range-parser-1.2.1.tgz. Extracting by manifest.
651 silly tarball no local data for proxy-addr@https://registry.npmjs.org/proxy-addr/-/proxy-addr-2.0.7.tgz. Extracting by manifest.
652 silly tarball no local data for path-to-regexp@https://registry.npmjs.org/path-to-regexp/-/path-to-regexp-0.1.7.tgz. Extracting by manifest.
653 silly tarball no local data for parseurl@https://registry.npmjs.org/parseurl/-/parseurl-1.3.3.tgz. Extracting by manifest.
654 silly tarball no local data for on-finished@https://registry.npmjs.org/on-finished/-/on-finished-2.3.0.tgz. Extracting by manifest.
655 silly tarball no local data for merge-descriptors@https://registry.npmjs.org/merge-descriptors/-/merge-descriptors-1.0.1.tgz. Extracting by manifest.
656 silly tarball no local data for finalhandler@https://registry.npmjs.org/finalhandler/-/finalhandler-1.1.1.tgz. Extracting by manifest.
657 silly tarball no local data for methods@https://registry.npmjs.org/methods/-/methods-1.1.2.tgz. Extracting by manifest.
658 silly tarball no local data for fresh@https://registry.npmjs.org/fresh/-/fresh-0.5.2.tgz. Extracting by manifest.
659 silly tarball no local data for qs@https://registry.npmjs.org/qs/-/qs-6.5.2.tgz. Extracting by manifest.
660 silly tarball no local data for etag@https://registry.npmjs.org/etag/-/etag-1.8.1.tgz. Extracting by manifest.
661 silly tarball no local data for escape-html@https://registry.npmjs.org/escape-html/-/escape-html-1.0.3.tgz. Extracting by manifest.
662 silly tarball no local data for content-type@https://registry.npmjs.org/content-type/-/content-type-1.0.4.tgz. Extracting by manifest.
663 silly tarball no local data for encodeurl@https://registry.npmjs.org/encodeurl/-/encodeurl-1.0.2.tgz. Extracting by manifest.
664 silly tarball no local data for depd@https://registry.npmjs.org/depd/-/depd-1.1.2.tgz. Extracting by manifest.
665 silly tarball no local data for content-disposition@https://registry.npmjs.org/content-disposition/-/content-disposition-0.5.2.tgz. Extracting by manifest.
666 silly tarball no local data for body-parser@https://registry.npmjs.org/body-parser/-/body-parser-1.18.3.tgz. Extracting by manifest.
667 silly tarball no local data for array-flatten@https://registry.npmjs.org/array-flatten/-/array-flatten-1.1.1.tgz. Extracting by manifest.
668 silly tarball no local data for cookie-signature@https://registry.npmjs.org/cookie-signature/-/cookie-signature-1.0.6.tgz. Extracting by manifest.
669 silly tarball no local data for accepts@https://registry.npmjs.org/accepts/-/accepts-1.3.8.tgz. Extracting by manifest.
670 silly tarball no local data for ms@https://registry.npmjs.org/ms/-/ms-2.0.0.tgz. Extracting by manifest.
671 silly tarball no local data for cookie@https://registry.npmjs.org/cookie/-/cookie-0.4.1.tgz. Extracting by manifest.
672 silly tarball no local data for morgan@https://registry.npmjs.org/morgan/-/morgan-1.9.1.tgz. Extracting by manifest.
673 silly tarball no local data for pug@https://registry.npmjs.org/pug/-/pug-2.0.0-beta11.tgz. Extracting by manifest.
674 silly tarball no local data for http-errors@https://registry.npmjs.org/http-errors/-/http-errors-1.6.3.tgz. Extracting by manifest.
675 silly tarball no local data for express@https://registry.npmjs.org/express/-/express-4.16.4.tgz. Extracting by manifest.
676 silly tarball no local data for debug@https://registry.npmjs.org/debug/-/debug-2.6.9.tgz. Extracting by manifest.
677 silly tarball no local data for cookie-parser@https://registry.npmjs.org/cookie-parser/-/cookie-parser-1.4.6.tgz. Extracting by manifest.
678 silly tarball no local data for cookie@https://registry.npmjs.org/cookie/-/cookie-0.3.1.tgz. Extracting by manifest.
679 silly tarball no local data for acorn@https://registry.npmjs.org/acorn/-/acorn-3.3.0.tgz. Extracting by manifest.
680 silly tarball no local data for source-map@https://registry.npmjs.org/source-map/-/source-map-0.5.7.tgz. Extracting by manifest.
681 silly tarball no local data for regenerator-runtime@https://registry.npmjs.org/regenerator-runtime/-/regenerator-runtime-0.11.1.tgz. Extracting by manifest.
682 silly tarball no local data for object-assign@https://registry.npmjs.org/object-assign/-/object-assign-4.1.1.tgz. Extracting by manifest.
683 http fetch POST 200 https://registry.npmjs.org/-/npm/v1/security/advisories/bulk 292ms
684 timing auditReport:getReport Completed in 295ms
685 silly audit report {
685 silly audit report   express: [
685 silly audit report     {
685 silly audit report       id: 1085141,
685 silly audit report       url: 'https://github.com/advisories/GHSA-hrpp-h998-j3pp',
685 silly audit report       title: 'qs vulnerable to Prototype Pollution',
685 silly audit report       severity: 'high',
685 silly audit report       vulnerable_versions: '<4.17.3',
685 silly audit report       cwe: [Array],
685 silly audit report       cvss: [Object]
685 silly audit report     }
685 silly audit report   ],
685 silly audit report   qs: [
685 silly audit report     {
685 silly audit report       id: 1085135,
685 silly audit report       url: 'https://github.com/advisories/GHSA-hrpp-h998-j3pp',
685 silly audit report       title: 'qs vulnerable to Prototype Pollution',
685 silly audit report       severity: 'high',
685 silly audit report       vulnerable_versions: '>=6.5.0 <6.5.3',
685 silly audit report       cwe: [Array],
685 silly audit report       cvss: [Object]
685 silly audit report     }
685 silly audit report   ],
685 silly audit report   'pug-code-gen': [
685 silly audit report     {
685 silly audit report       id: 1082382,
685 silly audit report       url: 'https://github.com/advisories/GHSA-p493-635q-r6gr',
685 silly audit report       title: 'Remote code execution via the `pretty` option.',
685 silly audit report       severity: 'high',
685 silly audit report       vulnerable_versions: '<2.0.3',
685 silly audit report       cwe: [Array],
685 silly audit report       cvss: [Object]
685 silly audit report     }
685 silly audit report   ],
685 silly audit report   'clean-css': [
685 silly audit report     {
685 silly audit report       id: 1070199,
685 silly audit report       url: 'https://github.com/advisories/GHSA-wxhq-pm8v-cw75',
685 silly audit report       title: 'Regular Expression Denial of Service in clean-css',
685 silly audit report       severity: 'low',
685 silly audit report       vulnerable_versions: '<4.1.11',
685 silly audit report       cwe: [],
685 silly audit report       cvss: [Object]
685 silly audit report     }
685 silly audit report   ]
685 silly audit report }
686 timing metavuln:packument:express Completed in 4ms
687 timing metavuln:packument:qs Completed in 1ms
688 timing metavuln:packument:pug-code-gen Completed in 1ms
689 timing metavuln:packument:clean-css Completed in 0ms
690 timing metavuln:cache:get:security-advisory:express:cu8dGVlPLmNDZacdM1VJ4SmP099XPxd9D6dH6mtHRwoG5ztKsy9vaP/sCmcnnpTDmfplL0RuhHYr75iR4HwmcA== Completed in 10ms
691 timing metavuln:load:security-advisory:express:1085141 Completed in 6ms
692 timing metavuln:cache:get:security-advisory:qs:rWY8FV+j/NIeDGpuc35mOpnEAnjLz2h9Ou9SzojE+VEnkIJT1HjUSIlZruVRRoB4ovTTv5P7E8dPAg4Au60VPg== Completed in 14ms
693 timing metavuln:load:security-advisory:qs:1085135 Completed in 2ms
694 timing metavuln:cache:get:security-advisory:pug-code-gen:BWg28WdGNBhMJQwqjYQVEBDBazJRAg0/3OUd+a2We/fioWQIhMDecqmklBuFIDg3nG+eCZgKh4aP23wg+7TYFA== Completed in 16ms
695 timing metavuln:load:security-advisory:pug-code-gen:1082382 Completed in 1ms
696 timing metavuln:cache:get:security-advisory:clean-css:ZQBOUe9WIdgEmUB0NceeEKXeR2cjHBlLAJMzCOqbKEPkZy+azLlrow+mwHlX2wpVusxSgSSYhPD/aYeusfx6fw== Completed in 17ms
697 timing metavuln:load:security-advisory:clean-css:1070199 Completed in 2ms
698 http fetch GET 200 https://registry.npmjs.org/kind-of/-/kind-of-3.2.2.tgz 293ms (cache miss)
699 timing reifyNode:node_modules/kind-of Completed in 351ms
700 http fetch GET 200 https://registry.npmjs.org/align-text/-/align-text-0.1.4.tgz 283ms (cache miss)
701 timing reifyNode:node_modules/align-text Completed in 354ms
702 http fetch GET 200 https://registry.npmjs.org/right-align/-/right-align-0.1.3.tgz 298ms (cache miss)
703 timing reifyNode:node_modules/right-align Completed in 358ms
704 http fetch GET 200 https://registry.npmjs.org/center-align/-/center-align-0.1.3.tgz 292ms (cache miss)
705 timing reifyNode:node_modules/center-align Completed in 358ms
706 http fetch GET 200 https://registry.npmjs.org/repeat-string/-/repeat-string-1.6.1.tgz 290ms (cache miss)
707 timing reifyNode:node_modules/repeat-string Completed in 359ms
708 http fetch GET 200 https://registry.npmjs.org/is-buffer/-/is-buffer-1.1.6.tgz 305ms (cache miss)
709 timing reifyNode:node_modules/is-buffer Completed in 362ms
710 http fetch GET 200 https://registry.npmjs.org/longest/-/longest-1.0.1.tgz 297ms (cache miss)
711 timing reifyNode:node_modules/longest Completed in 362ms
712 http fetch GET 200 https://registry.npmjs.org/cliui/-/cliui-2.1.0.tgz 295ms (cache miss)
713 http fetch GET 200 https://registry.npmjs.org/window-size/-/window-size-0.1.0.tgz 302ms (cache miss)
714 timing reifyNode:node_modules/window-size Completed in 368ms
715 http fetch GET 200 https://registry.npmjs.org/acorn-globals/-/acorn-globals-3.1.0.tgz 298ms (cache miss)
716 timing reifyNode:node_modules/acorn-globals Completed in 367ms
717 timing reifyNode:node_modules/cliui Completed in 367ms
718 timing metavuln:cache:put:security-advisory:clean-css:ZQBOUe9WIdgEmUB0NceeEKXeR2cjHBlLAJMzCOqbKEPkZy+azLlrow+mwHlX2wpVusxSgSSYhPD/aYeusfx6fw== Completed in 57ms
719 timing metavuln:calculate:security-advisory:clean-css:1070199 Completed in 76ms
720 http fetch GET 200 https://registry.npmjs.org/lazy-cache/-/lazy-cache-1.0.4.tgz 312ms (cache miss)
721 timing reifyNode:node_modules/lazy-cache Completed in 371ms
722 http fetch GET 200 https://registry.npmjs.org/media-typer/-/media-typer-0.3.0.tgz 302ms (cache miss)
723 timing reifyNode:node_modules/media-typer Completed in 373ms
724 http fetch GET 200 https://registry.npmjs.org/token-stream/-/token-stream-0.0.1.tgz 298ms (cache miss)
725 timing reifyNode:node_modules/token-stream Completed in 374ms
726 http fetch GET 200 https://registry.npmjs.org/decamelize/-/decamelize-1.2.0.tgz 297ms (cache miss)
727 timing reifyNode:node_modules/decamelize Completed in 375ms
728 http fetch GET 200 https://registry.npmjs.org/wordwrap/-/wordwrap-0.0.2.tgz 312ms (cache miss)
729 http fetch GET 200 https://registry.npmjs.org/amdefine/-/amdefine-1.0.1.tgz 308ms (cache miss)
730 timing reifyNode:node_modules/amdefine Completed in 379ms
731 timing metavuln:cache:put:security-advisory:express:cu8dGVlPLmNDZacdM1VJ4SmP099XPxd9D6dH6mtHRwoG5ztKsy9vaP/sCmcnnpTDmfplL0RuhHYr75iR4HwmcA== Completed in 72ms
732 timing metavuln:calculate:security-advisory:express:1085141 Completed in 89ms
733 timing metavuln:cache:put:security-advisory:pug-code-gen:BWg28WdGNBhMJQwqjYQVEBDBazJRAg0/3OUd+a2We/fioWQIhMDecqmklBuFIDg3nG+eCZgKh4aP23wg+7TYFA== Completed in 69ms
734 timing metavuln:calculate:security-advisory:pug-code-gen:1082382 Completed in 86ms
735 http fetch GET 200 https://registry.npmjs.org/path-parse/-/path-parse-1.0.7.tgz 305ms (cache miss)
736 timing reifyNode:node_modules/path-parse Completed in 380ms
737 http fetch GET 200 https://registry.npmjs.org/uglify-to-browserify/-/uglify-to-browserify-1.0.2.tgz 300ms (cache miss)
738 timing metavuln:cache:put:security-advisory:qs:rWY8FV+j/NIeDGpuc35mOpnEAnjLz2h9Ou9SzojE+VEnkIJT1HjUSIlZruVRRoB4ovTTv5P7E8dPAg4Au60VPg== Completed in 76ms
739 timing metavuln:calculate:security-advisory:qs:1085135 Completed in 92ms
740 timing metavuln:packument:body-parser Completed in 0ms
741 http fetch GET 200 https://registry.npmjs.org/is-core-module/-/is-core-module-2.11.0.tgz 315ms (cache miss)
742 http fetch GET 200 https://registry.npmjs.org/camelcase/-/camelcase-1.2.1.tgz 321ms (cache miss)
743 timing reifyNode:node_modules/camelcase Completed in 389ms
744 http fetch GET 200 https://registry.npmjs.org/has/-/has-1.0.3.tgz 313ms (cache miss)
745 timing reifyNode:node_modules/has Completed in 390ms
746 timing reifyNode:node_modules/uglify-to-browserify Completed in 390ms
747 timing reifyNode:node_modules/wordwrap Completed in 394ms
748 timing metavuln:cache:get:security-advisory:express:S7TzUoidFlsPSewIqlZasnkKifuFTNIsfjM9OFDI9ApCl3Z/noaIkXZp2APY68zRaBysx6xVKWz+44MpZ+vMCg== Completed in 5ms
749 timing metavuln:load:security-advisory:express:rWY8FV+j/NIeDGpuc35mOpnEAnjLz2h9Ou9SzojE+VEnkIJT1HjUSIlZruVRRoB4ovTTv5P7E8dPAg4Au60VPg== Completed in 16ms
750 timing metavuln:cache:get:security-advisory:body-parser:/ToyanuGoRYRStUThZRc4yQbDqEgiD6o+Khymy3rvfv8yAIFMyKtGDtLMKQxuBMveCnOT/KVC0H0jB0nm8eOTA== Completed in 21ms
751 timing metavuln:load:security-advisory:body-parser:rWY8FV+j/NIeDGpuc35mOpnEAnjLz2h9Ou9SzojE+VEnkIJT1HjUSIlZruVRRoB4ovTTv5P7E8dPAg4Au60VPg== Completed in 2ms
752 timing reifyNode:node_modules/is-core-module Completed in 411ms
753 http fetch GET 200 https://registry.npmjs.org/mime/-/mime-1.4.1.tgz 340ms (cache miss)
754 timing reifyNode:node_modules/mime Completed in 412ms
755 http fetch GET 200 https://registry.npmjs.org/has-symbols/-/has-symbols-1.0.3.tgz 335ms (cache miss)
756 http fetch GET 200 https://registry.npmjs.org/function-bind/-/function-bind-1.1.1.tgz 333ms (cache miss)
757 http fetch GET 200 https://registry.npmjs.org/supports-preserve-symlinks-flag/-/supports-preserve-symlinks-flag-1.0.0.tgz 344ms (cache miss)
758 timing reifyNode:node_modules/supports-preserve-symlinks-flag Completed in 418ms
759 http fetch GET 200 https://registry.npmjs.org/destroy/-/destroy-1.0.4.tgz 345ms (cache miss)
760 timing reifyNode:node_modules/destroy Completed in 418ms
761 http fetch GET 200 https://registry.npmjs.org/call-bind/-/call-bind-1.0.2.tgz 338ms (cache miss)
762 timing reifyNode:node_modules/function-bind Completed in 454ms
763 timing reifyNode:node_modules/call-bind Completed in 481ms
764 http fetch GET 200 https://registry.npmjs.org/asap/-/asap-2.0.6.tgz 396ms (cache miss)
765 http fetch GET 200 https://registry.npmjs.org/has-tostringtag/-/has-tostringtag-1.0.0.tgz 412ms (cache miss)
766 timing reifyNode:node_modules/has-symbols Completed in 495ms
767 http fetch GET 200 https://registry.npmjs.org/pug-walk/-/pug-walk-1.1.8.tgz 400ms (cache miss)
768 timing reifyNode:node_modules/pug-walk Completed in 494ms
769 timing reifyNode:node_modules/asap Completed in 498ms
770 http fetch GET 200 https://registry.npmjs.org/is-regex/-/is-regex-1.1.4.tgz 412ms (cache miss)
771 http fetch GET 200 https://registry.npmjs.org/character-parser/-/character-parser-2.2.0.tgz 411ms (cache miss)
772 timing reifyNode:node_modules/character-parser Completed in 499ms
773 timing reifyNode:node_modules/has-tostringtag Completed in 504ms
774 http fetch GET 200 https://registry.npmjs.org/is-promise/-/is-promise-2.2.2.tgz 417ms (cache miss)
775 timing reifyNode:node_modules/is-promise Completed in 507ms
776 http fetch GET 200 https://registry.npmjs.org/commander/-/commander-2.8.1.tgz 417ms (cache miss)
777 http fetch GET 200 https://registry.npmjs.org/is-expression/-/is-expression-3.0.0.tgz 423ms (cache miss)
778 timing reifyNode:node_modules/is-expression Completed in 511ms
779 timing metavuln:cache:put:security-advisory:express:S7TzUoidFlsPSewIqlZasnkKifuFTNIsfjM9OFDI9ApCl3Z/noaIkXZp2APY68zRaBysx6xVKWz+44MpZ+vMCg== Completed in 108ms
780 timing metavuln:calculate:security-advisory:express:rWY8FV+j/NIeDGpuc35mOpnEAnjLz2h9Ou9SzojE+VEnkIJT1HjUSIlZruVRRoB4ovTTv5P7E8dPAg4Au60VPg== Completed in 129ms
781 timing reifyNode:node_modules/is-regex Completed in 516ms
782 http fetch GET 200 https://registry.npmjs.org/graceful-readlink/-/graceful-readlink-1.0.1.tgz 423ms (cache miss)
783 timing reifyNode:node_modules/graceful-readlink Completed in 516ms
784 timing reifyNode:node_modules/commander Completed in 517ms
785 http fetch GET 200 https://registry.npmjs.org/to-fast-properties/-/to-fast-properties-1.0.3.tgz 410ms (cache miss)
786 timing reifyNode:node_modules/to-fast-properties Completed in 517ms
787 timing metavuln:cache:put:security-advisory:body-parser:/ToyanuGoRYRStUThZRc4yQbDqEgiD6o+Khymy3rvfv8yAIFMyKtGDtLMKQxuBMveCnOT/KVC0H0jB0nm8eOTA== Completed in 113ms
788 timing metavuln:calculate:security-advisory:body-parser:rWY8FV+j/NIeDGpuc35mOpnEAnjLz2h9Ou9SzojE+VEnkIJT1HjUSIlZruVRRoB4ovTTv5P7E8dPAg4Au60VPg== Completed in 136ms
789 timing metavuln:packument:pug Completed in 0ms
790 timing metavuln:cache:get:security-advisory:pug:hJ4XX1jR3eoPz55RnCUu+bCChZwAc5ihHDeyJXw8n3uLUzdwAPxXL1rbG4SQCMDz60FeYcKvltiyWCzSiRCBMw== Completed in 5ms
791 timing metavuln:load:security-advisory:pug:BWg28WdGNBhMJQwqjYQVEBDBazJRAg0/3OUd+a2We/fioWQIhMDecqmklBuFIDg3nG+eCZgKh4aP23wg+7TYFA== Completed in 2ms
792 http fetch GET 200 https://registry.npmjs.org/jstransformer/-/jstransformer-1.0.0.tgz 427ms (cache miss)
793 timing reifyNode:node_modules/jstransformer Completed in 532ms
794 http fetch GET 200 https://registry.npmjs.org/doctypes/-/doctypes-1.1.0.tgz 409ms (cache miss)
795 http fetch GET 200 https://registry.npmjs.org/void-elements/-/void-elements-2.0.1.tgz 420ms (cache miss)
796 timing reifyNode:node_modules/doctypes Completed in 536ms
797 http fetch GET 200 https://registry.npmjs.org/with/-/with-5.1.1.tgz 425ms (cache miss)
798 timing reifyNode:node_modules/with Completed in 542ms
799 timing reifyNode:node_modules/void-elements Completed in 542ms
800 http fetch GET 200 https://registry.npmjs.org/esutils/-/esutils-2.0.3.tgz 430ms (cache miss)
801 http fetch GET 200 https://registry.npmjs.org/pug-attrs/-/pug-attrs-2.0.4.tgz 430ms (cache miss)
802 timing reifyNode:node_modules/pug-attrs Completed in 550ms
803 http fetch GET 200 https://registry.npmjs.org/pug-strip-comments/-/pug-strip-comments-1.0.4.tgz 438ms (cache miss)
804 timing reifyNode:node_modules/pug-strip-comments Completed in 562ms
805 http fetch GET 200 https://registry.npmjs.org/yargs/-/yargs-3.10.0.tgz 480ms (cache miss)
806 timing reifyNode:node_modules/esutils Completed in 573ms
807 http fetch GET 200 https://registry.npmjs.org/pug-error/-/pug-error-1.3.3.tgz 453ms (cache miss)
808 timing reifyNode:node_modules/pug-error Completed in 572ms
809 http fetch GET 200 https://registry.npmjs.org/@types/babel-types/-/babel-types-7.0.11.tgz 452ms (cache miss)
810 timing reifyNode:node_modules/yargs Completed in 577ms
811 http fetch GET 200 https://registry.npmjs.org/pug-runtime/-/pug-runtime-2.0.5.tgz 456ms (cache miss)
812 http fetch GET 200 https://registry.npmjs.org/js-stringify/-/js-stringify-1.0.2.tgz 471ms (cache miss)
813 timing reifyNode:node_modules/js-stringify Completed in 594ms
814 timing reifyNode:node_modules/@types/babel-types Completed in 602ms
815 http fetch GET 200 https://registry.npmjs.org/forwarded/-/forwarded-0.2.0.tgz 455ms (cache miss)
816 timing reifyNode:node_modules/forwarded Completed in 601ms
817 timing reifyNode:node_modules/pug-runtime Completed in 604ms
818 timing metavuln:cache:put:security-advisory:pug:hJ4XX1jR3eoPz55RnCUu+bCChZwAc5ihHDeyJXw8n3uLUzdwAPxXL1rbG4SQCMDz60FeYcKvltiyWCzSiRCBMw== Completed in 80ms
819 timing metavuln:calculate:security-advisory:pug:BWg28WdGNBhMJQwqjYQVEBDBazJRAg0/3OUd+a2We/fioWQIhMDecqmklBuFIDg3nG+eCZgKh4aP23wg+7TYFA== Completed in 88ms
820 timing metavuln:packument:pug-filters Completed in 0ms
821 http fetch GET 200 https://registry.npmjs.org/pug-load/-/pug-load-2.0.12.tgz 484ms (cache miss)
822 timing reifyNode:node_modules/pug-load Completed in 612ms
823 http fetch GET 200 https://registry.npmjs.org/ipaddr.js/-/ipaddr.js-1.9.1.tgz 467ms (cache miss)
824 timing metavuln:cache:get:security-advisory:pug-filters:Xo/uuSvzVmOpHMWw0mMM3XRu8DW1AeLCm8vQkbHdxESCWAImzl+5H/uOdtUCR9MlKbOx7q5OmK0/fWklh/GaQQ== Completed in 5ms
825 timing metavuln:load:security-advisory:pug-filters:ZQBOUe9WIdgEmUB0NceeEKXeR2cjHBlLAJMzCOqbKEPkZy+azLlrow+mwHlX2wpVusxSgSSYhPD/aYeusfx6fw== Completed in 2ms
826 http fetch GET 200 https://registry.npmjs.org/on-headers/-/on-headers-1.0.2.tgz 470ms (cache miss)
827 timing reifyNode:node_modules/on-headers Completed in 619ms
828 http fetch GET 200 https://registry.npmjs.org/pug-filters/-/pug-filters-2.1.5.tgz 486ms (cache miss)
829 http fetch GET 200 https://registry.npmjs.org/basic-auth/-/basic-auth-2.0.1.tgz 480ms (cache miss)
830 timing reifyNode:node_modules/basic-auth Completed in 628ms
831 http fetch GET 200 https://registry.npmjs.org/babylon/-/babylon-6.18.0.tgz 519ms (cache miss)
832 http fetch GET 200 https://registry.npmjs.org/constantinople/-/constantinople-3.1.2.tgz 507ms (cache miss)
833 http fetch GET 200 https://registry.npmjs.org/ee-first/-/ee-first-1.1.1.tgz 485ms (cache miss)
834 timing reifyNode:node_modules/ee-first Completed in 632ms
835 timing reifyNode:node_modules/babylon Completed in 638ms
836 timing reifyNode:node_modules/ipaddr.js Completed in 637ms
837 http fetch GET 200 https://registry.npmjs.org/inherits/-/inherits-2.0.3.tgz 492ms (cache miss)
838 timing reifyNode:node_modules/inherits Completed in 644ms
839 http fetch GET 200 https://registry.npmjs.org/unpipe/-/unpipe-1.0.0.tgz 492ms (cache miss)
840 timing reifyNode:node_modules/unpipe Completed in 644ms
841 timing reifyNode:node_modules/constantinople Completed in 651ms
842 http fetch GET 200 https://registry.npmjs.org/pug-code-gen/-/pug-code-gen-1.1.1.tgz 515ms (cache miss)
843 timing reifyNode:node_modules/pug-code-gen Completed in 654ms
844 http fetch GET 200 https://registry.npmjs.org/get-intrinsic/-/get-intrinsic-1.1.3.tgz 509ms (cache miss)
845 http fetch GET 200 https://registry.npmjs.org/safer-buffer/-/safer-buffer-2.1.2.tgz 517ms (cache miss)
846 timing reifyNode:node_modules/safer-buffer Completed in 668ms
847 http fetch GET 200 https://registry.npmjs.org/raw-body/-/raw-body-2.3.3.tgz 513ms (cache miss)
848 timing reifyNode:node_modules/raw-body Completed in 667ms
849 http fetch GET 200 https://registry.npmjs.org/source-map/-/source-map-0.4.4.tgz 588ms (cache miss)
850 http fetch GET 200 https://registry.npmjs.org/utils-merge/-/utils-merge-1.0.1.tgz 523ms (cache miss)
851 timing reifyNode:node_modules/utils-merge Completed in 679ms
852 timing metavuln:cache:put:security-advisory:pug-filters:Xo/uuSvzVmOpHMWw0mMM3XRu8DW1AeLCm8vQkbHdxESCWAImzl+5H/uOdtUCR9MlKbOx7q5OmK0/fWklh/GaQQ== Completed in 68ms
853 timing metavuln:calculate:security-advisory:pug-filters:ZQBOUe9WIdgEmUB0NceeEKXeR2cjHBlLAJMzCOqbKEPkZy+azLlrow+mwHlX2wpVusxSgSSYhPD/aYeusfx6fw== Completed in 75ms
854 http fetch GET 200 https://registry.npmjs.org/bytes/-/bytes-3.0.0.tgz 529ms (cache miss)
855 timing reifyNode:node_modules/bytes Completed in 686ms
856 http fetch GET 200 https://registry.npmjs.org/setprototypeof/-/setprototypeof-1.1.0.tgz 527ms (cache miss)
857 timing reifyNode:node_modules/setprototypeof Completed in 686ms
858 timing metavuln:cache:get:security-advisory:express:GwiHstYz/EfovFqD5eCOUu17/J1tGnvhhrkpfPxuJ5DjffByTI2WlmYawLIZVDLd6qahtJp3Aw4qq/A6J1W0Mw== Completed in 5ms
859 timing metavuln:load:security-advisory:express:/ToyanuGoRYRStUThZRc4yQbDqEgiD6o+Khymy3rvfv8yAIFMyKtGDtLMKQxuBMveCnOT/KVC0H0jB0nm8eOTA== Completed in 7ms
860 timing reifyNode:node_modules/source-map Completed in 698ms
861 http fetch GET 200 https://registry.npmjs.org/babel-types/-/babel-types-6.26.0.tgz 584ms (cache miss)
862 http fetch GET 200 https://registry.npmjs.org/mime-types/-/mime-types-2.1.35.tgz 544ms (cache miss)
863 timing reifyNode:node_modules/mime-types Completed in 698ms
864 http fetch GET 200 https://registry.npmjs.org/type-is/-/type-is-1.6.18.tgz 539ms (cache miss)
865 timing reifyNode:node_modules/type-is Completed in 698ms
866 http fetch GET 200 https://registry.npmjs.org/vary/-/vary-1.1.2.tgz 541ms (cache miss)
867 timing reifyNode:node_modules/vary Completed in 698ms
868 timing reifyNode:node_modules/get-intrinsic Completed in 705ms
869 http fetch GET 200 https://registry.npmjs.org/statuses/-/statuses-1.4.0.tgz 544ms (cache miss)
870 timing reifyNode:node_modules/statuses Completed in 702ms
871 http fetch GET 200 https://registry.npmjs.org/serve-static/-/serve-static-1.13.2.tgz 549ms (cache miss)
872 timing reifyNode:node_modules/serve-static Completed in 711ms
873 timing reifyNode:node_modules/babel-types Completed in 723ms
874 http fetch GET 200 https://registry.npmjs.org/send/-/send-0.16.2.tgz 561ms (cache miss)
875 timing reifyNode:node_modules/send Completed in 722ms
876 http fetch GET 200 https://registry.npmjs.org/range-parser/-/range-parser-1.2.1.tgz 566ms (cache miss)
877 timing reifyNode:node_modules/range-parser Completed in 728ms
878 http fetch GET 200 https://registry.npmjs.org/safe-buffer/-/safe-buffer-5.1.2.tgz 568ms (cache miss)
879 timing reifyNode:node_modules/safe-buffer Completed in 728ms
880 http fetch GET 200 https://registry.npmjs.org/negotiator/-/negotiator-0.6.3.tgz 584ms (cache miss)
881 http fetch GET 200 https://registry.npmjs.org/proxy-addr/-/proxy-addr-2.0.7.tgz 576ms (cache miss)
882 timing reifyNode:node_modules/proxy-addr Completed in 739ms
883 timing reifyNode:node_modules/negotiator Completed in 759ms
884 http fetch GET 200 https://registry.npmjs.org/parseurl/-/parseurl-1.3.3.tgz 594ms (cache miss)
885 timing reifyNode:node_modules/parseurl Completed in 759ms
886 http fetch GET 200 https://registry.npmjs.org/merge-descriptors/-/merge-descriptors-1.0.1.tgz 593ms (cache miss)
887 timing reifyNode:node_modules/merge-descriptors Completed in 759ms
888 http fetch GET 200 https://registry.npmjs.org/path-to-regexp/-/path-to-regexp-0.1.7.tgz 601ms (cache miss)
889 timing reifyNode:node_modules/path-to-regexp Completed in 765ms
890 http fetch GET 200 https://registry.npmjs.org/on-finished/-/on-finished-2.3.0.tgz 601ms (cache miss)
891 timing reifyNode:node_modules/on-finished Completed in 766ms
892 http fetch GET 200 https://registry.npmjs.org/finalhandler/-/finalhandler-1.1.1.tgz 599ms (cache miss)
893 timing reifyNode:node_modules/finalhandler Completed in 766ms
894 http fetch GET 200 https://registry.npmjs.org/fresh/-/fresh-0.5.2.tgz 598ms (cache miss)
895 timing reifyNode:node_modules/fresh Completed in 766ms
896 http fetch GET 200 https://registry.npmjs.org/methods/-/methods-1.1.2.tgz 604ms (cache miss)
897 timing reifyNode:node_modules/methods Completed in 771ms
898 http fetch GET 200 https://registry.npmjs.org/content-type/-/content-type-1.0.4.tgz 610ms (cache miss)
899 timing reifyNode:node_modules/content-type Completed in 783ms
900 http fetch GET 200 https://registry.npmjs.org/body-parser/-/body-parser-1.18.3.tgz 606ms (cache miss)
901 http fetch GET 200 https://registry.npmjs.org/cookie-signature/-/cookie-signature-1.0.6.tgz 602ms (cache miss)
902 timing reifyNode:node_modules/cookie-signature Completed in 784ms
903 http fetch GET 200 https://registry.npmjs.org/promise/-/promise-7.3.1.tgz 700ms (cache miss)
904 http fetch GET 200 https://registry.npmjs.org/escape-html/-/escape-html-1.0.3.tgz 615ms (cache miss)
905 timing reifyNode:node_modules/escape-html Completed in 788ms
906 http fetch GET 200 https://registry.npmjs.org/content-disposition/-/content-disposition-0.5.2.tgz 611ms (cache miss)
907 timing reifyNode:node_modules/content-disposition Completed in 788ms
908 timing metavuln:cache:put:security-advisory:express:GwiHstYz/EfovFqD5eCOUu17/J1tGnvhhrkpfPxuJ5DjffByTI2WlmYawLIZVDLd6qahtJp3Aw4qq/A6J1W0Mw== Completed in 96ms
909 timing metavuln:calculate:security-advisory:express:/ToyanuGoRYRStUThZRc4yQbDqEgiD6o+Khymy3rvfv8yAIFMyKtGDtLMKQxuBMveCnOT/KVC0H0jB0nm8eOTA== Completed in 109ms
910 timing reifyNode:node_modules/promise Completed in 797ms
911 http fetch GET 200 https://registry.npmjs.org/encodeurl/-/encodeurl-1.0.2.tgz 621ms (cache miss)
912 timing reifyNode:node_modules/encodeurl Completed in 796ms
913 http fetch GET 200 https://registry.npmjs.org/depd/-/depd-1.1.2.tgz 620ms (cache miss)
914 http fetch GET 200 https://registry.npmjs.org/accepts/-/accepts-1.3.8.tgz 612ms (cache miss)
915 timing reifyNode:node_modules/accepts Completed in 795ms
916 timing metavuln:cache:get:security-advisory:pug:R69Fcjyp2U0UqjvV+MlqrCAyXRxEqhXWvb/1MhaWKnLJ28o0gYpsif21aVwnF/Xx7xxhn0Vg+nwn3BMd+OPs8A== Completed in 4ms
917 timing metavuln:load:security-advisory:pug:Xo/uuSvzVmOpHMWw0mMM3XRu8DW1AeLCm8vQkbHdxESCWAImzl+5H/uOdtUCR9MlKbOx7q5OmK0/fWklh/GaQQ== Completed in 1ms
918 http fetch GET 200 https://registry.npmjs.org/etag/-/etag-1.8.1.tgz 629ms (cache miss)
919 timing reifyNode:node_modules/etag Completed in 802ms
920 http fetch GET 200 https://registry.npmjs.org/array-flatten/-/array-flatten-1.1.1.tgz 620ms (cache miss)
921 timing reifyNode:node_modules/array-flatten Completed in 801ms
922 http fetch GET 200 https://registry.npmjs.org/ms/-/ms-2.0.0.tgz 628ms (cache miss)
923 timing reifyNode:node_modules/ms Completed in 813ms
924 http fetch GET 200 https://registry.npmjs.org/http-errors/-/http-errors-1.6.3.tgz 626ms (cache miss)
925 timing reifyNode:node_modules/http-errors Completed in 813ms
926 http fetch GET 200 https://registry.npmjs.org/morgan/-/morgan-1.9.1.tgz 632ms (cache miss)
927 timing reifyNode:node_modules/morgan Completed in 817ms
928 http fetch GET 200 https://registry.npmjs.org/mime-db/-/mime-db-1.52.0.tgz 670ms (cache miss)
929 http fetch GET 200 https://registry.npmjs.org/cookie/-/cookie-0.4.1.tgz 635ms (cache miss)
930 timing reifyNode:node_modules/cookie Completed in 820ms
931 http fetch GET 200 https://registry.npmjs.org/cookie-parser/-/cookie-parser-1.4.6.tgz 631ms (cache miss)
932 timing reifyNode:node_modules/cookie-parser Completed in 820ms
933 http fetch GET 200 https://registry.npmjs.org/cookie/-/cookie-0.3.1.tgz 632ms (cache miss)
934 timing reifyNode:node_modules/express/node_modules/cookie Completed in 822ms
935 timing reifyNode:node_modules/mime-db Completed in 826ms
936 timing reifyNode:node_modules/depd Completed in 826ms
937 timing reifyNode:node_modules/pug-filters Completed in 830ms
938 http fetch GET 200 https://registry.npmjs.org/uglify-js/-/uglify-js-2.8.29.tgz 740ms (cache miss)
939 http fetch GET 200 https://registry.npmjs.org/regenerator-runtime/-/regenerator-runtime-0.11.1.tgz 644ms (cache miss)
940 timing reifyNode:node_modules/regenerator-runtime Completed in 839ms
941 timing reifyNode:node_modules/uglify-js Completed in 851ms
942 timing reifyNode:node_modules/body-parser Completed in 852ms
943 timing metavuln:cache:put:security-advisory:pug:R69Fcjyp2U0UqjvV+MlqrCAyXRxEqhXWvb/1MhaWKnLJ28o0gYpsif21aVwnF/Xx7xxhn0Vg+nwn3BMd+OPs8A== Completed in 58ms
944 timing metavuln:calculate:security-advisory:pug:Xo/uuSvzVmOpHMWw0mMM3XRu8DW1AeLCm8vQkbHdxESCWAImzl+5H/uOdtUCR9MlKbOx7q5OmK0/fWklh/GaQQ== Completed in 63ms
945 timing auditReport:init Completed in 570ms
946 timing reify:audit Completed in 867ms
947 http fetch GET 200 https://registry.npmjs.org/debug/-/debug-2.6.9.tgz 671ms (cache miss)
948 http fetch GET 200 https://registry.npmjs.org/object-assign/-/object-assign-4.1.1.tgz 666ms (cache miss)
949 timing reifyNode:node_modules/object-assign Completed in 864ms
950 timing reifyNode:node_modules/debug Completed in 863ms
951 http fetch GET 200 https://registry.npmjs.org/acorn/-/acorn-4.0.13.tgz 797ms (cache miss)
952 http fetch GET 200 https://registry.npmjs.org/iconv-lite/-/iconv-lite-0.4.23.tgz 728ms (cache miss)
953 http fetch GET 200 https://registry.npmjs.org/express/-/express-4.16.4.tgz 693ms (cache miss)
954 timing reifyNode:node_modules/acorn Completed in 887ms
955 timing reifyNode:node_modules/iconv-lite Completed in 886ms
956 timing reifyNode:node_modules/express Completed in 885ms
957 http fetch GET 200 https://registry.npmjs.org/qs/-/qs-6.5.2.tgz 740ms (cache miss)
958 timing reifyNode:node_modules/qs Completed in 913ms
959 http fetch GET 200 https://registry.npmjs.org/clean-css/-/clean-css-3.4.28.tgz 810ms (cache miss)
960 timing reifyNode:node_modules/clean-css Completed in 923ms
961 http fetch GET 200 https://registry.npmjs.org/source-map/-/source-map-0.5.7.tgz 751ms (cache miss)
962 timing reifyNode:node_modules/uglify-js/node_modules/source-map Completed in 949ms
963 http fetch GET 200 https://registry.npmjs.org/pug-linker/-/pug-linker-2.0.3.tgz 843ms (cache miss)
964 timing reifyNode:node_modules/pug-linker Completed in 980ms
965 http fetch GET 200 https://registry.npmjs.org/acorn/-/acorn-3.3.0.tgz 794ms (cache miss)
966 timing reifyNode:node_modules/with/node_modules/acorn Completed in 989ms
967 http fetch GET 200 https://registry.npmjs.org/pug-parser/-/pug-parser-2.0.2.tgz 869ms (cache miss)
968 timing reifyNode:node_modules/pug-parser Completed in 999ms
969 http fetch GET 200 https://registry.npmjs.org/pug-lexer/-/pug-lexer-3.1.0.tgz 870ms (cache miss)
970 timing reifyNode:node_modules/pug-lexer Completed in 1009ms
971 http fetch GET 200 https://registry.npmjs.org/resolve/-/resolve-1.22.1.tgz 915ms (cache miss)
972 timing reifyNode:node_modules/resolve Completed in 1020ms
973 http fetch GET 200 https://registry.npmjs.org/babel-runtime/-/babel-runtime-6.26.0.tgz 930ms (cache miss)
974 timing reifyNode:node_modules/babel-runtime Completed in 1042ms
975 http fetch GET 200 https://registry.npmjs.org/@types/babylon/-/babylon-6.16.6.tgz 939ms (cache miss)
976 timing reifyNode:node_modules/@types/babylon Completed in 1055ms
977 http fetch GET 200 https://registry.npmjs.org/pug/-/pug-2.0.0-beta11.tgz 1056ms (cache miss)
978 timing reifyNode:node_modules/pug Completed in 1244ms
979 http fetch GET 200 https://registry.npmjs.org/lodash/-/lodash-4.17.21.tgz 1275ms (cache miss)
980 timing reifyNode:node_modules/lodash Completed in 1384ms
981 http fetch GET 200 https://registry.npmjs.org/core-js/-/core-js-2.6.12.tgz 1396ms (cache miss)
982 warn deprecated core-js@2.6.12: core-js@<3.23.3 is no longer maintained and not recommended for usage due to the number of issues. Because of the V8 engine whims, feature detection in old core-js versions could cause a slowdown up to 100x even if nothing is polyfilled. Some versions have web compatibility issues. Please, upgrade your dependencies to the actual version of core-js.
983 timing reifyNode:node_modules/core-js Completed in 1502ms
984 timing reify:unpack Completed in 1504ms
985 timing reify:unretire Completed in 0ms
986 timing build:queue Completed in 4ms
987 timing build:link:node_modules/acorn Completed in 3ms
988 timing build:link:node_modules/with/node_modules/acorn Completed in 2ms
989 timing build:link:node_modules/babylon Completed in 3ms
990 timing build:link:node_modules/clean-css Completed in 3ms
991 timing build:link:node_modules/mime Completed in 3ms
992 timing build:link:node_modules/resolve Completed in 3ms
993 timing build:link:node_modules/uglify-js Completed in 2ms
994 timing build:link Completed in 3ms
995 info run core-js@2.6.12 postinstall node_modules/core-js node -e "try{require('./postinstall')}catch(e){}"
996 info run core-js@2.6.12 postinstall { code: 0, signal: null }
997 timing build:run:postinstall:node_modules/core-js Completed in 117ms
998 timing build:run:postinstall Completed in 118ms
999 timing build:deps Completed in 126ms
1000 timing build Completed in 127ms
1001 timing reify:build Completed in 127ms
1002 timing reify:trash Completed in 1ms
1003 timing reify:save Completed in 32ms
1004 timing reify Completed in 9263ms
1005 silly ADD node_modules/is-buffer
1006 silly ADD node_modules/repeat-string
1007 silly ADD node_modules/longest
1008 silly ADD node_modules/kind-of
1009 silly ADD node_modules/lazy-cache
1010 silly ADD node_modules/align-text
1011 silly ADD node_modules/wordwrap
1012 silly ADD node_modules/right-align
1013 silly ADD node_modules/center-align
1014 silly ADD node_modules/window-size
1015 silly ADD node_modules/decamelize
1016 silly ADD node_modules/cliui
1017 silly ADD node_modules/camelcase
1018 silly ADD node_modules/acorn-globals
1019 silly ADD node_modules/yargs
1020 silly ADD node_modules/uglify-to-browserify
1021 silly ADD node_modules/media-typer
1022 silly ADD node_modules/amdefine
1023 silly ADD node_modules/mime
1024 silly ADD node_modules/destroy
1025 silly ADD node_modules/supports-preserve-symlinks-flag
1026 silly ADD node_modules/path-parse
1027 silly ADD node_modules/is-core-module
1028 silly ADD node_modules/token-stream
1029 silly ADD node_modules/has-symbols
1030 silly ADD node_modules/has
1031 silly ADD node_modules/get-intrinsic
1032 silly ADD node_modules/function-bind
1033 silly ADD node_modules/has-tostringtag
1034 silly ADD node_modules/call-bind
1035 silly ADD node_modules/object-assign
1036 silly ADD node_modules/acorn
1037 silly ADD node_modules/is-regex
1038 silly ADD node_modules/is-expression
1039 silly ADD node_modules/character-parser
1040 silly ADD node_modules/asap
1041 silly ADD node_modules/promise
1042 silly ADD node_modules/is-promise
1043 silly ADD node_modules/graceful-readlink
1044 silly ADD node_modules/source-map
1045 silly ADD node_modules/commander
1046 silly ADD node_modules/uglify-js
1047 silly ADD node_modules/uglify-js/node_modules/source-map
1048 silly ADD node_modules/resolve
1049 silly ADD node_modules/pug-walk
1050 silly ADD node_modules/jstransformer
1051 silly ADD node_modules/clean-css
1052 silly ADD node_modules/regenerator-runtime
1053 silly ADD node_modules/core-js
1054 silly ADD node_modules/to-fast-properties
1055 silly ADD node_modules/lodash
1056 silly ADD node_modules/esutils
1057 silly ADD node_modules/babel-runtime
1058 silly ADD node_modules/babylon
1059 silly ADD node_modules/babel-types
1060 silly ADD node_modules/@types/babylon
1061 silly ADD node_modules/@types/babel-types
1062 silly ADD node_modules/with
1063 silly ADD node_modules/with/node_modules/acorn
1064 silly ADD node_modules/void-elements
1065 silly ADD node_modules/pug-error
1066 silly ADD node_modules/pug-attrs
1067 silly ADD node_modules/js-stringify
1068 silly ADD node_modules/doctypes
1069 silly ADD node_modules/constantinople
1070 silly ADD node_modules/pug-strip-comments
1071 silly ADD node_modules/pug-runtime
1072 silly ADD node_modules/pug-parser
1073 silly ADD node_modules/pug-load
1074 silly ADD node_modules/pug-linker
1075 silly ADD node_modules/pug-lexer
1076 silly ADD node_modules/pug-filters
1077 silly ADD node_modules/pug-code-gen
1078 silly ADD node_modules/ipaddr.js
1079 silly ADD node_modules/forwarded
1080 silly ADD node_modules/ee-first
1081 silly ADD node_modules/on-headers
1082 silly ADD node_modules/basic-auth
1083 silly ADD node_modules/mime-db
1084 silly ADD node_modules/safer-buffer
1085 silly ADD node_modules/inherits
1086 silly ADD node_modules/unpipe
1087 silly ADD node_modules/raw-body
1088 silly ADD node_modules/iconv-lite
1089 silly ADD node_modules/bytes
1090 silly ADD node_modules/negotiator
1091 silly ADD node_modules/mime-types
1092 silly ADD node_modules/vary
1093 silly ADD node_modules/utils-merge
1094 silly ADD node_modules/type-is
1095 silly ADD node_modules/statuses
1096 silly ADD node_modules/setprototypeof
1097 silly ADD node_modules/serve-static
1098 silly ADD node_modules/send
1099 silly ADD node_modules/safe-buffer
1100 silly ADD node_modules/range-parser
1101 silly ADD node_modules/qs
1102 silly ADD node_modules/proxy-addr
1103 silly ADD node_modules/path-to-regexp
1104 silly ADD node_modules/parseurl
1105 silly ADD node_modules/on-finished
1106 silly ADD node_modules/methods
1107 silly ADD node_modules/merge-descriptors
1108 silly ADD node_modules/fresh
1109 silly ADD node_modules/finalhandler
1110 silly ADD node_modules/etag
1111 silly ADD node_modules/escape-html
1112 silly ADD node_modules/encodeurl
1113 silly ADD node_modules/depd
1114 silly ADD node_modules/content-type
1115 silly ADD node_modules/content-disposition
1116 silly ADD node_modules/body-parser
1117 silly ADD node_modules/array-flatten
1118 silly ADD node_modules/accepts
1119 silly ADD node_modules/ms
1120 silly ADD node_modules/cookie-signature
1121 silly ADD node_modules/cookie
1122 silly ADD node_modules/pug
1123 silly ADD node_modules/morgan
1124 silly ADD node_modules/http-errors
1125 silly ADD node_modules/express
1126 silly ADD node_modules/express/node_modules/cookie
1127 silly ADD node_modules/debug
1128 silly ADD node_modules/cookie-parser
1129 timing command:install Completed in 9286ms
1130 verbose exit 0
1131 timing npm Completed in 9650ms
1132 info ok
